#
# There is insufficient memory for the Java Runtime Environment to continue.
# Native memory allocation (malloc) failed to allocate 1288336 bytes. Error detail: Chunk::new
# Possible reasons:
#   The system is out of physical RAM or swap space
#   This process is running with CompressedOops enabled, and the Java Heap may be blocking the growth of the native heap
# Possible solutions:
#   Reduce memory load on the system
#   Increase physical memory or swap space
#   Check if swap backing store is full
#   Decrease Java heap size (-Xmx/-Xms)
#   Decrease number of Java threads
#   Decrease Java thread stack sizes (-Xss)
#   Set larger code cache with -XX:ReservedCodeCacheSize=
#   JVM is running with Zero Based Compressed Oops mode in which the Java heap is
#     placed in the first 32GB address space. The Java Heap base address is the
#     maximum limit for the native heap growth. Please use -XX:HeapBaseMinAddress
#     to set the Java Heap base and to place the Java Heap above 32GB virtual address.
# This output file may be truncated or incomplete.
#
#  Out of Memory Error (arena.cpp:168), pid=9396, tid=16972
#
# JRE version: OpenJDK Runtime Environment (21.0.7) (build 21.0.7+-13880790-b1038.58)
# Java VM: OpenJDK 64-Bit Server VM (21.0.7+-13880790-b1038.58, mixed mode, tiered, compressed oops, compressed class ptrs, g1 gc, windows-amd64)
# No core dump will be written. Minidumps are not enabled by default on client versions of Windows
#

---------------  S U M M A R Y ------------

Command Line: --add-opens=java.base/java.lang=ALL-UNNAMED --add-opens=java.base/java.lang.invoke=ALL-UNNAMED --add-opens=java.base/java.util=ALL-UNNAMED --add-opens=java.prefs/java.util.prefs=ALL-UNNAMED --add-exports=jdk.compiler/com.sun.tools.javac.api=ALL-UNNAMED --add-exports=jdk.compiler/com.sun.tools.javac.util=ALL-UNNAMED --add-opens=java.base/java.util=ALL-UNNAMED --add-opens=java.prefs/java.util.prefs=ALL-UNNAMED --add-opens=java.base/java.nio.charset=ALL-UNNAMED --add-opens=java.base/java.net=ALL-UNNAMED --add-opens=java.base/java.util.concurrent.atomic=ALL-UNNAMED --add-opens=java.xml/javax.xml.namespace=ALL-UNNAMED -Xmx4g -Dfile.encoding=UTF-8 -Duser.country=ID -Duser.language=en -Duser.variant -javaagent:C:\Users\ikhwa\.gradle\wrapper\dists\gradle-8.13-bin\5xuhj0ry160q40clulazy9h7d\gradle-8.13\lib\agents\gradle-instrumentation-agent-8.13.jar org.gradle.launcher.daemon.bootstrap.GradleDaemon 8.13

Host: AMD Ryzen 5 5625U with Radeon Graphics         , 12 cores, 7G,  Windows 11 , 64 bit Build 22621 (10.0.22621.5415)
Time: Sat Dec 20 22:06:44 2025 SE Asia Standard Time elapsed time: 9.745947 seconds (0d 0h 0m 9s)

---------------  T H R E A D  ---------------

Current thread (0x000002c605496f30):  JavaThread "C2 CompilerThread1" daemon [_thread_in_native, id=16972, stack(0x000000f414f00000,0x000000f415000000) (1024K)]


Current CompileTask:
C2:9746 9745       4       org.gradle.cache.internal.btree.CachingBlockStore::read (56 bytes)

Stack: [0x000000f414f00000,0x000000f415000000]
Native frames: (J=compiled Java code, j=interpreted, Vv=VM code, C=native code)
V  [jvm.dll+0x6d25c9]
V  [jvm.dll+0x860923]
V  [jvm.dll+0x862e7e]
V  [jvm.dll+0x863563]
V  [jvm.dll+0x27f156]
V  [jvm.dll+0xc002d]
V  [jvm.dll+0xc0563]
V  [jvm.dll+0x3b6d3b]
V  [jvm.dll+0x1de922]
V  [jvm.dll+0x247fc4]
V  [jvm.dll+0x247441]
V  [jvm.dll+0x1c5fb4]
V  [jvm.dll+0x256bac]
V  [jvm.dll+0x2550f6]
V  [jvm.dll+0x3f1d16]
V  [jvm.dll+0x808d08]
V  [jvm.dll+0x6d0e1d]
C  [ucrtbase.dll+0x29333]
C  [KERNEL32.DLL+0x1259d]
C  [ntdll.dll+0x5af78]


---------------  P R O C E S S  ---------------

Threads class SMR info:
_java_thread_list=0x000002c6096cba90, length=99, elements={
0x000002c6668fca30, 0x000002c605052720, 0x000002c605054c00, 0x000002c605055a20,
0x000002c60507c620, 0x000002c60508df10, 0x000002c60508e970, 0x000002c60508f3d0,
0x000002c60509c190, 0x000002c6050a2710, 0x000002c605371380, 0x000002c605496f30,
0x000002c606ab91c0, 0x000002c606ae0f60, 0x000002c606b880a0, 0x000002c606ef2de0,
0x000002c606d9abf0, 0x000002c606d45fc0, 0x000002c606d484a0, 0x000002c606e59c70,
0x000002c606e5b020, 0x000002c606e57ba0, 0x000002c606e5a990, 0x000002c606e58230,
0x000002c606e588c0, 0x000002c606e595e0, 0x000002c606e5a300, 0x000002c609eb6280,
0x000002c609eb89e0, 0x000002c609eb20e0, 0x000002c609eb4840, 0x000002c609eb6910,
0x000002c609eb9700, 0x000002c609eb2e00, 0x000002c609eb7cc0, 0x000002c609eb7630,
0x000002c609eb8350, 0x000002c609eb6fa0, 0x000002c609eb9070, 0x000002c609eb2770,
0x000002c609eb3b20, 0x000002c609eb3490, 0x000002c609eb4ed0, 0x000002c609eb5bf0,
0x000002c609eb5560, 0x000002c605efd9d0, 0x000002c605efd340, 0x000002c605efe6f0,
0x000002c605efccb0, 0x000002c605efabe0, 0x000002c605ef7df0, 0x000002c605eff410,
0x000002c605ef9ec0, 0x000002c605efed80, 0x000002c605efe060, 0x000002c605efbf90,
0x000002c605ef91a0, 0x000002c605ef8480, 0x000002c605ef8b10, 0x000002c605ef9830,
0x000002c605efb270, 0x000002c605efb900, 0x000002c605efc620, 0x000002c6056cba00,
0x000002c6056cf510, 0x000002c6056cee80, 0x000002c6056cc720, 0x000002c6056cd440,
0x000002c6056cdad0, 0x000002c6056d08c0, 0x000002c6056d15e0, 0x000002c6056d1c70,
0x000002c6056ce160, 0x000002c6056d2300, 0x000002c6056d3020, 0x000002c6056ccdb0,
0x000002c6056d2990, 0x000002c6085b0d80, 0x000002c6085b1aa0, 0x000002c6085b1410,
0x000002c6085b2130, 0x000002c6085b55b0, 0x000002c6085b3b70, 0x000002c6085b27c0,
0x000002c6085b5c40, 0x000002c6085b2e50, 0x000002c6085b34e0, 0x000002c6085b4200,
0x000002c6085b4f20, 0x000002c6085b6ff0, 0x000002c6085b0060, 0x000002c6085b7680,
0x000002c6085b06f0, 0x000002c6085901a0, 0x000002c608590830, 0x000002c60858e0d0,
0x000002c608592900, 0x000002c60858cd20, 0x000002c608590ec0
}

Java Threads: ( => current thread )
  0x000002c6668fca30 JavaThread "main"                              [_thread_blocked, id=12720, stack(0x000000f413d00000,0x000000f413e00000) (1024K)]
  0x000002c605052720 JavaThread "Common-Cleaner"             daemon [_thread_blocked, id=5696, stack(0x000000f414500000,0x000000f414600000) (1024K)]
  0x000002c605054c00 JavaThread "Reference Handler"          daemon [_thread_blocked, id=16000, stack(0x000000f414600000,0x000000f414700000) (1024K)]
  0x000002c605055a20 JavaThread "Finalizer"                  daemon [_thread_blocked, id=14664, stack(0x000000f414700000,0x000000f414800000) (1024K)]
  0x000002c60507c620 JavaThread "Signal Dispatcher"          daemon [_thread_blocked, id=3312, stack(0x000000f414800000,0x000000f414900000) (1024K)]
  0x000002c60508df10 JavaThread "Attach Listener"            daemon [_thread_blocked, id=16320, stack(0x000000f414900000,0x000000f414a00000) (1024K)]
  0x000002c60508e970 JavaThread "Service Thread"             daemon [_thread_blocked, id=16648, stack(0x000000f414a00000,0x000000f414b00000) (1024K)]
  0x000002c60508f3d0 JavaThread "Monitor Deflation Thread"   daemon [_thread_blocked, id=13644, stack(0x000000f414b00000,0x000000f414c00000) (1024K)]
  0x000002c60509c190 JavaThread "C2 CompilerThread0"         daemon [_thread_in_native, id=13452, stack(0x000000f414c00000,0x000000f414d00000) (1024K)]
  0x000002c6050a2710 JavaThread "C1 CompilerThread0"         daemon [_thread_in_vm, id=11000, stack(0x000000f414d00000,0x000000f414e00000) (1024K)]
  0x000002c605371380 JavaThread "Notification Thread"        daemon [_thread_blocked, id=12736, stack(0x000000f414e00000,0x000000f414f00000) (1024K)]
=>0x000002c605496f30 JavaThread "C2 CompilerThread1"         daemon [_thread_in_native, id=16972, stack(0x000000f414f00000,0x000000f415000000) (1024K)]
  0x000002c606ab91c0 JavaThread "Daemon health stats"               [_thread_blocked, id=1960, stack(0x000000f415400000,0x000000f415500000) (1024K)]
  0x000002c606ae0f60 JavaThread "Incoming local TCP Connector on port 30492"        [_thread_in_native, id=13788, stack(0x000000f415500000,0x000000f415600000) (1024K)]
  0x000002c606b880a0 JavaThread "Daemon periodic checks"            [_thread_blocked, id=12236, stack(0x000000f415600000,0x000000f415700000) (1024K)]
  0x000002c606ef2de0 JavaThread "Daemon"                            [_thread_blocked, id=13568, stack(0x000000f415c00000,0x000000f415d00000) (1024K)]
  0x000002c606d9abf0 JavaThread "Handler for socket connection from /127.0.0.1:30492 to /127.0.0.1:30493"        [_thread_in_native, id=17320, stack(0x000000f415d00000,0x000000f415e00000) (1024K)]
  0x000002c606d45fc0 JavaThread "Cancel handler"                    [_thread_blocked, id=10592, stack(0x000000f415e00000,0x000000f415f00000) (1024K)]
  0x000002c606d484a0 JavaThread "Daemon worker"                     [_thread_in_native, id=10868, stack(0x000000f415f00000,0x000000f416000000) (1024K)]
  0x000002c606e59c70 JavaThread "Asynchronous log dispatcher for DefaultDaemonConnection: socket connection from /127.0.0.1:30492 to /127.0.0.1:30493"        [_thread_blocked, id=4632, stack(0x000000f416000000,0x000000f416100000) (1024K)]
  0x000002c606e5b020 JavaThread "Stdin handler"                     [_thread_blocked, id=16504, stack(0x000000f416100000,0x000000f416200000) (1024K)]
  0x000002c606e57ba0 JavaThread "Daemon client event forwarder"        [_thread_blocked, id=13692, stack(0x000000f416400000,0x000000f416500000) (1024K)]
  0x000002c606e5a990 JavaThread "Cache worker for journal cache (C:\Users\ikhwa\.gradle\caches\journal-1)"        [_thread_blocked, id=4580, stack(0x000000f416500000,0x000000f416600000) (1024K)]
  0x000002c606e58230 JavaThread "File lock request listener"        [_thread_in_native, id=17312, stack(0x000000f416600000,0x000000f416700000) (1024K)]
  0x000002c606e588c0 JavaThread "Cache worker for file hash cache (C:\Users\ikhwa\.gradle\caches\8.13\fileHashes)"        [_thread_blocked, id=13492, stack(0x000000f416700000,0x000000f416800000) (1024K)]
  0x000002c606e595e0 JavaThread "Cache worker for file hash cache (D:\Andalib_PTB\.gradle\8.13\fileHashes)"        [_thread_blocked, id=1332, stack(0x000000f416800000,0x000000f416900000) (1024K)]
  0x000002c606e5a300 JavaThread "Cache worker for Build Output Cleanup Cache (D:\Andalib_PTB\.gradle\buildOutputCleanup)"        [_thread_blocked, id=7388, stack(0x000000f416900000,0x000000f416a00000) (1024K)]
  0x000002c609eb6280 JavaThread "File watcher server"        daemon [_thread_in_native, id=15284, stack(0x000000f416a00000,0x000000f416b00000) (1024K)]
  0x000002c609eb89e0 JavaThread "File watcher consumer"      daemon [_thread_blocked, id=3976, stack(0x000000f416b00000,0x000000f416c00000) (1024K)]
  0x000002c609eb20e0 JavaThread "jar transforms"                    [_thread_blocked, id=4372, stack(0x000000f416c00000,0x000000f416d00000) (1024K)]
  0x000002c609eb4840 JavaThread "jar transforms Thread 2"           [_thread_blocked, id=3932, stack(0x000000f416d00000,0x000000f416e00000) (1024K)]
  0x000002c609eb6910 JavaThread "jar transforms Thread 3"           [_thread_blocked, id=3644, stack(0x000000f416e00000,0x000000f416f00000) (1024K)]
  0x000002c609eb9700 JavaThread "jar transforms Thread 4"           [_thread_blocked, id=6960, stack(0x000000f416f00000,0x000000f417000000) (1024K)]
  0x000002c609eb2e00 JavaThread "jar transforms Thread 5"           [_thread_blocked, id=3168, stack(0x000000f417000000,0x000000f417100000) (1024K)]
  0x000002c609eb7cc0 JavaThread "jar transforms Thread 6"           [_thread_blocked, id=17208, stack(0x000000f417100000,0x000000f417200000) (1024K)]
  0x000002c609eb7630 JavaThread "jar transforms Thread 7"           [_thread_blocked, id=2060, stack(0x000000f417200000,0x000000f417300000) (1024K)]
  0x000002c609eb8350 JavaThread "jar transforms Thread 8"           [_thread_blocked, id=2044, stack(0x000000f417300000,0x000000f417400000) (1024K)]
  0x000002c609eb6fa0 JavaThread "jar transforms Thread 9"           [_thread_blocked, id=8480, stack(0x000000f417400000,0x000000f417500000) (1024K)]
  0x000002c609eb9070 JavaThread "jar transforms Thread 10"          [_thread_blocked, id=2032, stack(0x000000f417500000,0x000000f417600000) (1024K)]
  0x000002c609eb2770 JavaThread "jar transforms Thread 11"          [_thread_blocked, id=4368, stack(0x000000f417600000,0x000000f417700000) (1024K)]
  0x000002c609eb3b20 JavaThread "jar transforms Thread 12"          [_thread_blocked, id=1092, stack(0x000000f417700000,0x000000f417800000) (1024K)]
  0x000002c609eb3490 JavaThread "Cache worker for checksums cache (D:\Andalib_PTB\.gradle\8.13\checksums)"        [_thread_blocked, id=3776, stack(0x000000f417800000,0x000000f417900000) (1024K)]
  0x000002c609eb4ed0 JavaThread "Cache worker for file content cache (C:\Users\ikhwa\.gradle\caches\8.13\fileContent)"        [_thread_blocked, id=2264, stack(0x000000f417900000,0x000000f417a00000) (1024K)]
  0x000002c609eb5bf0 JavaThread "Cache worker for cache directory md-supplier (C:\Users\ikhwa\.gradle\caches\8.13\md-supplier)"        [_thread_blocked, id=6860, stack(0x000000f417a00000,0x000000f417b00000) (1024K)]
  0x000002c609eb5560 JavaThread "Cache worker for cache directory md-rule (C:\Users\ikhwa\.gradle\caches\8.13\md-rule)"        [_thread_blocked, id=9880, stack(0x000000f417b00000,0x000000f417c00000) (1024K)]
  0x000002c605efd9d0 JavaThread "Unconstrained build operations"        [_thread_blocked, id=4348, stack(0x000000f417c00000,0x000000f417d00000) (1024K)]
  0x000002c605efd340 JavaThread "Unconstrained build operations Thread 2"        [_thread_blocked, id=1820, stack(0x000000f417d00000,0x000000f417e00000) (1024K)]
  0x000002c605efe6f0 JavaThread "Unconstrained build operations Thread 3"        [_thread_blocked, id=5564, stack(0x000000f417e00000,0x000000f417f00000) (1024K)]
  0x000002c605efccb0 JavaThread "Unconstrained build operations Thread 4"        [_thread_blocked, id=15212, stack(0x000000f417f00000,0x000000f418000000) (1024K)]
  0x000002c605efabe0 JavaThread "Unconstrained build operations Thread 5"        [_thread_blocked, id=12608, stack(0x000000f418000000,0x000000f418100000) (1024K)]
  0x000002c605ef7df0 JavaThread "Unconstrained build operations Thread 6"        [_thread_blocked, id=13256, stack(0x000000f418100000,0x000000f418200000) (1024K)]
  0x000002c605eff410 JavaThread "Unconstrained build operations Thread 7"        [_thread_blocked, id=3548, stack(0x000000f418200000,0x000000f418300000) (1024K)]
  0x000002c605ef9ec0 JavaThread "Unconstrained build operations Thread 8"        [_thread_blocked, id=7152, stack(0x000000f418300000,0x000000f418400000) (1024K)]
  0x000002c605efed80 JavaThread "Unconstrained build operations Thread 9"        [_thread_blocked, id=16272, stack(0x000000f418400000,0x000000f418500000) (1024K)]
  0x000002c605efe060 JavaThread "Unconstrained build operations Thread 10"        [_thread_blocked, id=7620, stack(0x000000f418500000,0x000000f418600000) (1024K)]
  0x000002c605efbf90 JavaThread "Unconstrained build operations Thread 11"        [_thread_blocked, id=16416, stack(0x000000f418600000,0x000000f418700000) (1024K)]
  0x000002c605ef91a0 JavaThread "Unconstrained build operations Thread 12"        [_thread_blocked, id=3816, stack(0x000000f418700000,0x000000f418800000) (1024K)]
  0x000002c605ef8480 JavaThread "Unconstrained build operations Thread 13"        [_thread_blocked, id=11164, stack(0x000000f418800000,0x000000f418900000) (1024K)]
  0x000002c605ef8b10 JavaThread "Unconstrained build operations Thread 14"        [_thread_blocked, id=4012, stack(0x000000f418900000,0x000000f418a00000) (1024K)]
  0x000002c605ef9830 JavaThread "Unconstrained build operations Thread 15"        [_thread_blocked, id=6316, stack(0x000000f418a00000,0x000000f418b00000) (1024K)]
  0x000002c605efb270 JavaThread "Unconstrained build operations Thread 16"        [_thread_blocked, id=8412, stack(0x000000f418b00000,0x000000f418c00000) (1024K)]
  0x000002c605efb900 JavaThread "Unconstrained build operations Thread 17"        [_thread_blocked, id=14656, stack(0x000000f418c00000,0x000000f418d00000) (1024K)]
  0x000002c605efc620 JavaThread "Unconstrained build operations Thread 18"        [_thread_blocked, id=12860, stack(0x000000f418d00000,0x000000f418e00000) (1024K)]
  0x000002c6056cba00 JavaThread "Unconstrained build operations Thread 19"        [_thread_blocked, id=7236, stack(0x000000f418e00000,0x000000f418f00000) (1024K)]
  0x000002c6056cf510 JavaThread "Unconstrained build operations Thread 20"        [_thread_blocked, id=15684, stack(0x000000f418f00000,0x000000f419000000) (1024K)]
  0x000002c6056cee80 JavaThread "Unconstrained build operations Thread 21"        [_thread_blocked, id=2524, stack(0x000000f419000000,0x000000f419100000) (1024K)]
  0x000002c6056cc720 JavaThread "Unconstrained build operations Thread 22"        [_thread_blocked, id=6352, stack(0x000000f419100000,0x000000f419200000) (1024K)]
  0x000002c6056cd440 JavaThread "Unconstrained build operations Thread 23"        [_thread_blocked, id=17064, stack(0x000000f419200000,0x000000f419300000) (1024K)]
  0x000002c6056cdad0 JavaThread "Unconstrained build operations Thread 24"        [_thread_blocked, id=16332, stack(0x000000f419300000,0x000000f419400000) (1024K)]
  0x000002c6056d08c0 JavaThread "Unconstrained build operations Thread 25"        [_thread_blocked, id=15660, stack(0x000000f419400000,0x000000f419500000) (1024K)]
  0x000002c6056d15e0 JavaThread "Unconstrained build operations Thread 26"        [_thread_blocked, id=11544, stack(0x000000f419500000,0x000000f419600000) (1024K)]
  0x000002c6056d1c70 JavaThread "Unconstrained build operations Thread 27"        [_thread_blocked, id=4236, stack(0x000000f419600000,0x000000f419700000) (1024K)]
  0x000002c6056ce160 JavaThread "Unconstrained build operations Thread 28"        [_thread_blocked, id=6032, stack(0x000000f419700000,0x000000f419800000) (1024K)]
  0x000002c6056d2300 JavaThread "Unconstrained build operations Thread 29"        [_thread_blocked, id=7636, stack(0x000000f419800000,0x000000f419900000) (1024K)]
  0x000002c6056d3020 JavaThread "Unconstrained build operations Thread 30"        [_thread_blocked, id=9400, stack(0x000000f419900000,0x000000f419a00000) (1024K)]
  0x000002c6056ccdb0 JavaThread "Unconstrained build operations Thread 31"        [_thread_blocked, id=1324, stack(0x000000f419a00000,0x000000f419b00000) (1024K)]
  0x000002c6056d2990 JavaThread "Unconstrained build operations Thread 32"        [_thread_blocked, id=1668, stack(0x000000f419b00000,0x000000f419c00000) (1024K)]
  0x000002c6085b0d80 JavaThread "Unconstrained build operations Thread 33"        [_thread_blocked, id=4016, stack(0x000000f419c00000,0x000000f419d00000) (1024K)]
  0x000002c6085b1aa0 JavaThread "Unconstrained build operations Thread 34"        [_thread_blocked, id=3596, stack(0x000000f419d00000,0x000000f419e00000) (1024K)]
  0x000002c6085b1410 JavaThread "Unconstrained build operations Thread 35"        [_thread_blocked, id=9520, stack(0x000000f419e00000,0x000000f419f00000) (1024K)]
  0x000002c6085b2130 JavaThread "Unconstrained build operations Thread 36"        [_thread_blocked, id=13540, stack(0x000000f419f00000,0x000000f41a000000) (1024K)]
  0x000002c6085b55b0 JavaThread "Unconstrained build operations Thread 37"        [_thread_blocked, id=5420, stack(0x000000f41a000000,0x000000f41a100000) (1024K)]
  0x000002c6085b3b70 JavaThread "Unconstrained build operations Thread 38"        [_thread_blocked, id=2916, stack(0x000000f41a100000,0x000000f41a200000) (1024K)]
  0x000002c6085b27c0 JavaThread "Unconstrained build operations Thread 39"        [_thread_blocked, id=6308, stack(0x000000f41a200000,0x000000f41a300000) (1024K)]
  0x000002c6085b5c40 JavaThread "Unconstrained build operations Thread 40"        [_thread_blocked, id=13716, stack(0x000000f41a300000,0x000000f41a400000) (1024K)]
  0x000002c6085b2e50 JavaThread "Unconstrained build operations Thread 41"        [_thread_blocked, id=12184, stack(0x000000f41a400000,0x000000f41a500000) (1024K)]
  0x000002c6085b34e0 JavaThread "Unconstrained build operations Thread 42"        [_thread_blocked, id=11660, stack(0x000000f41a500000,0x000000f41a600000) (1024K)]
  0x000002c6085b4200 JavaThread "Unconstrained build operations Thread 43"        [_thread_blocked, id=16588, stack(0x000000f41a600000,0x000000f41a700000) (1024K)]
  0x000002c6085b4f20 JavaThread "Unconstrained build operations Thread 44"        [_thread_blocked, id=11776, stack(0x000000f41a700000,0x000000f41a800000) (1024K)]
  0x000002c6085b6ff0 JavaThread "Unconstrained build operations Thread 45"        [_thread_blocked, id=9632, stack(0x000000f41a800000,0x000000f41a900000) (1024K)]
  0x000002c6085b0060 JavaThread "Unconstrained build operations Thread 46"        [_thread_blocked, id=15988, stack(0x000000f41a900000,0x000000f41aa00000) (1024K)]
  0x000002c6085b7680 JavaThread "Unconstrained build operations Thread 47"        [_thread_blocked, id=11616, stack(0x000000f41aa00000,0x000000f41ab00000) (1024K)]
  0x000002c6085b06f0 JavaThread "Unconstrained build operations Thread 48"        [_thread_blocked, id=10808, stack(0x000000f41ab00000,0x000000f41ac00000) (1024K)]
  0x000002c6085901a0 JavaThread "Unconstrained build operations Thread 49"        [_thread_blocked, id=11252, stack(0x000000f41ac00000,0x000000f41ad00000) (1024K)]
  0x000002c608590830 JavaThread "Unconstrained build operations Thread 50"        [_thread_blocked, id=6956, stack(0x000000f41ad00000,0x000000f41ae00000) (1024K)]
  0x000002c60858e0d0 JavaThread "Unconstrained build operations Thread 51"        [_thread_blocked, id=16344, stack(0x000000f41ae00000,0x000000f41af00000) (1024K)]
  0x000002c608592900 JavaThread "Unconstrained build operations Thread 52"        [_thread_blocked, id=2872, stack(0x000000f41af00000,0x000000f41b000000) (1024K)]
  0x000002c60858cd20 JavaThread "Unconstrained build operations Thread 53"        [_thread_blocked, id=5628, stack(0x000000f41b000000,0x000000f41b100000) (1024K)]
  0x000002c608590ec0 JavaThread "Unconstrained build operations Thread 54"        [_thread_blocked, id=6784, stack(0x000000f41b100000,0x000000f41b200000) (1024K)]
Total: 99

Other Threads:
  0x000002c600c5c060 VMThread "VM Thread"                           [id=4576, stack(0x000000f414400000,0x000000f414500000) (1024K)]
  0x000002c600c17b00 WatcherThread "VM Periodic Task Thread"        [id=11532, stack(0x000000f414300000,0x000000f414400000) (1024K)]
  0x000002c666965a70 WorkerThread "GC Thread#0"                     [id=8084, stack(0x000000f413e00000,0x000000f413f00000) (1024K)]
  0x000002c6056e5d10 WorkerThread "GC Thread#1"                     [id=16268, stack(0x000000f415000000,0x000000f415100000) (1024K)]
  0x000002c60557e9c0 WorkerThread "GC Thread#2"                     [id=14892, stack(0x000000f415100000,0x000000f415200000) (1024K)]
  0x000002c605f85d70 WorkerThread "GC Thread#3"                     [id=16820, stack(0x000000f415200000,0x000000f415300000) (1024K)]
  0x000002c605f86110 WorkerThread "GC Thread#4"                     [id=4388, stack(0x000000f415300000,0x000000f415400000) (1024K)]
  0x000002c606049c60 WorkerThread "GC Thread#5"                     [id=13316, stack(0x000000f415700000,0x000000f415800000) (1024K)]
  0x000002c60604a000 WorkerThread "GC Thread#6"                     [id=9788, stack(0x000000f415800000,0x000000f415900000) (1024K)]
  0x000002c606110ea0 WorkerThread "GC Thread#7"                     [id=2496, stack(0x000000f415900000,0x000000f415a00000) (1024K)]
  0x000002c606f07360 WorkerThread "GC Thread#8"                     [id=15288, stack(0x000000f415a00000,0x000000f415b00000) (1024K)]
  0x000002c606f05a00 WorkerThread "GC Thread#9"                     [id=9680, stack(0x000000f415b00000,0x000000f415c00000) (1024K)]
  0x000002c666976bc0 ConcurrentGCThread "G1 Main Marker"            [id=3008, stack(0x000000f413f00000,0x000000f414000000) (1024K)]
  0x000002c6669776c0 WorkerThread "G1 Conc#0"                       [id=8400, stack(0x000000f414000000,0x000000f414100000) (1024K)]
  0x000002c606f05da0 WorkerThread "G1 Conc#1"                       [id=9692, stack(0x000000f416200000,0x000000f416300000) (1024K)]
  0x000002c606f06c20 WorkerThread "G1 Conc#2"                       [id=6964, stack(0x000000f416300000,0x000000f416400000) (1024K)]
  0x000002c6669be7a0 ConcurrentGCThread "G1 Refine#0"               [id=16672, stack(0x000000f414100000,0x000000f414200000) (1024K)]
  0x000002c600acb470 ConcurrentGCThread "G1 Service"                [id=12492, stack(0x000000f414200000,0x000000f414300000) (1024K)]
Total: 18

Threads with active compile tasks:
C2 CompilerThread0  9772 9843       4       org.gradle.cache.internal.btree.FreeListBlockStore::read (12 bytes)
C1 CompilerThread0  9772 10077       1       org.gradle.internal.fingerprint.classpath.impl.ClasspathFingerprintingStrategy::access$600 (5 bytes)
C2 CompilerThread1  9772 9745       4       org.gradle.cache.internal.btree.CachingBlockStore::read (56 bytes)
Total: 3

VM state: not at safepoint (normal execution)

VM Mutex/Monitor currently owned by a thread: None

Heap address: 0x0000000700000000, size: 4096 MB, Compressed Oops mode: Zero based, Oop shift amount: 3

CDS archive(s) not mapped
Compressed class space mapped at: 0x0000000800000000-0x0000000840000000, reserved size: 1073741824
Narrow klass base: 0x0000000800000000, Narrow klass shift: 0, Narrow klass range: 0x40000000

GC Precious Log:
 CardTable entry size: 512
 Card Set container configuration: InlinePtr #cards 4 size 8 Array Of Cards #cards 16 size 48 Howl #buckets 8 coarsen threshold 3686 Howl Bitmap #cards 512 size 80 coarsen threshold 460 Card regions per heap region 1 cards per card region 4096
 CPUs: 12 total, 12 available
 Memory: 7520M
 Large Page Support: Disabled
 NUMA Support: Disabled
 Compressed Oops: Enabled (Zero based)
 Heap Region Size: 2M
 Heap Min Capacity: 8M
 Heap Initial Capacity: 118M
 Heap Max Capacity: 4G
 Pre-touch: Disabled
 Parallel Workers: 10
 Concurrent Workers: 3
 Concurrent Refinement Workers: 10
 Periodic GC: Disabled

Heap:
 garbage-first heap   total 215040K, used 159057K [0x0000000700000000, 0x0000000800000000)
  region size 2048K, 28 young (57344K), 3 survivors (6144K)
 Metaspace       used 81201K, committed 83008K, reserved 1179648K
  class space    used 11226K, committed 12096K, reserved 1048576K

Heap Regions: E=young(eden), S=young(survivor), O=old, HS=humongous(starts), HC=humongous(continues), CS=collection set, F=free, TAMS=top-at-mark-start, PB=parsable bottom
|   0|0x0000000700000000, 0x0000000700200000, 0x0000000700200000|100%|HS|  |TAMS 0x0000000700000000| PB 0x0000000700000000| Complete 
|   1|0x0000000700200000, 0x0000000700400000, 0x0000000700400000|100%|HC|  |TAMS 0x0000000700200000| PB 0x0000000700200000| Complete 
|   2|0x0000000700400000, 0x0000000700600000, 0x0000000700600000|100%| O|  |TAMS 0x0000000700400000| PB 0x0000000700400000| Untracked 
|   3|0x0000000700600000, 0x0000000700800000, 0x0000000700800000|100%| O|  |TAMS 0x0000000700600000| PB 0x0000000700600000| Untracked 
|   4|0x0000000700800000, 0x0000000700a00000, 0x0000000700a00000|100%| O|  |TAMS 0x0000000700800000| PB 0x0000000700800000| Untracked 
|   5|0x0000000700a00000, 0x0000000700c00000, 0x0000000700c00000|100%| O|  |TAMS 0x0000000700a00000| PB 0x0000000700a00000| Untracked 
|   6|0x0000000700c00000, 0x0000000700e00000, 0x0000000700e00000|100%| O|  |TAMS 0x0000000700c00000| PB 0x0000000700c00000| Untracked 
|   7|0x0000000700e00000, 0x0000000701000000, 0x0000000701000000|100%| O|  |TAMS 0x0000000700e00000| PB 0x0000000700e00000| Untracked 
|   8|0x0000000701000000, 0x0000000701200000, 0x0000000701200000|100%| O|  |TAMS 0x0000000701000000| PB 0x0000000701000000| Untracked 
|   9|0x0000000701200000, 0x0000000701400000, 0x0000000701400000|100%| O|  |TAMS 0x0000000701200000| PB 0x0000000701200000| Untracked 
|  10|0x0000000701400000, 0x0000000701600000, 0x0000000701600000|100%| O|  |TAMS 0x0000000701400000| PB 0x0000000701400000| Untracked 
|  11|0x0000000701600000, 0x0000000701800000, 0x0000000701800000|100%|HS|  |TAMS 0x0000000701600000| PB 0x0000000701600000| Complete 
|  12|0x0000000701800000, 0x0000000701a00000, 0x0000000701a00000|100%|HC|  |TAMS 0x0000000701800000| PB 0x0000000701800000| Complete 
|  13|0x0000000701a00000, 0x0000000701c00000, 0x0000000701c00000|100%|HC|  |TAMS 0x0000000701a00000| PB 0x0000000701a00000| Complete 
|  14|0x0000000701c00000, 0x0000000701e00000, 0x0000000701e00000|100%|HS|  |TAMS 0x0000000701c00000| PB 0x0000000701c00000| Complete 
|  15|0x0000000701e00000, 0x0000000702000000, 0x0000000702000000|100%|HC|  |TAMS 0x0000000701e00000| PB 0x0000000701e00000| Complete 
|  16|0x0000000702000000, 0x0000000702200000, 0x0000000702200000|100%| O|  |TAMS 0x0000000702000000| PB 0x0000000702000000| Untracked 
|  17|0x0000000702200000, 0x0000000702400000, 0x0000000702400000|100%| O|  |TAMS 0x0000000702200000| PB 0x0000000702200000| Untracked 
|  18|0x0000000702400000, 0x0000000702600000, 0x0000000702600000|100%|HS|  |TAMS 0x0000000702400000| PB 0x0000000702400000| Complete 
|  19|0x0000000702600000, 0x0000000702800000, 0x0000000702800000|100%|HS|  |TAMS 0x0000000702600000| PB 0x0000000702600000| Complete 
|  20|0x0000000702800000, 0x0000000702a00000, 0x0000000702a00000|100%|HC|  |TAMS 0x0000000702800000| PB 0x0000000702800000| Complete 
|  21|0x0000000702a00000, 0x0000000702c00000, 0x0000000702c00000|100%|HC|  |TAMS 0x0000000702a00000| PB 0x0000000702a00000| Complete 
|  22|0x0000000702c00000, 0x0000000702e00000, 0x0000000702e00000|100%| O|  |TAMS 0x0000000702c00000| PB 0x0000000702c00000| Untracked 
|  23|0x0000000702e00000, 0x0000000703000000, 0x0000000703000000|100%|HS|  |TAMS 0x0000000702e00000| PB 0x0000000702e00000| Complete 
|  24|0x0000000703000000, 0x0000000703200000, 0x0000000703200000|100%| O|  |TAMS 0x0000000703000000| PB 0x0000000703000000| Untracked 
|  25|0x0000000703200000, 0x0000000703400000, 0x0000000703400000|100%|HS|  |TAMS 0x0000000703200000| PB 0x0000000703200000| Complete 
|  26|0x0000000703400000, 0x0000000703600000, 0x0000000703600000|100%|HC|  |TAMS 0x0000000703400000| PB 0x0000000703400000| Complete 
|  27|0x0000000703600000, 0x0000000703800000, 0x0000000703800000|100%|HS|  |TAMS 0x0000000703600000| PB 0x0000000703600000| Complete 
|  28|0x0000000703800000, 0x0000000703a00000, 0x0000000703a00000|100%| O|  |TAMS 0x0000000703800000| PB 0x0000000703800000| Untracked 
|  29|0x0000000703a00000, 0x0000000703c00000, 0x0000000703c00000|100%| O|  |TAMS 0x0000000703a00000| PB 0x0000000703a00000| Untracked 
|  30|0x0000000703c00000, 0x0000000703e00000, 0x0000000703e00000|100%| O|  |TAMS 0x0000000703c00000| PB 0x0000000703c00000| Untracked 
|  31|0x0000000703e00000, 0x0000000704000000, 0x0000000704000000|100%| O|  |TAMS 0x0000000703e00000| PB 0x0000000703e00000| Untracked 
|  32|0x0000000704000000, 0x0000000704200000, 0x0000000704200000|100%| O|  |TAMS 0x0000000704000000| PB 0x0000000704000000| Untracked 
|  33|0x0000000704200000, 0x0000000704400000, 0x0000000704400000|100%| O|  |TAMS 0x0000000704200000| PB 0x0000000704200000| Untracked 
|  34|0x0000000704400000, 0x0000000704600000, 0x0000000704600000|100%| O|  |TAMS 0x0000000704400000| PB 0x0000000704400000| Untracked 
|  35|0x0000000704600000, 0x0000000704800000, 0x0000000704800000|100%| O|Cm|TAMS 0x0000000704600000| PB 0x0000000704600000| Complete 
|  36|0x0000000704800000, 0x0000000704a00000, 0x0000000704a00000|100%| O|  |TAMS 0x0000000704800000| PB 0x0000000704800000| Untracked 
|  37|0x0000000704a00000, 0x0000000704c00000, 0x0000000704c00000|100%| O|  |TAMS 0x0000000704a00000| PB 0x0000000704a00000| Untracked 
|  38|0x0000000704c00000, 0x0000000704e00000, 0x0000000704e00000|100%|HS|  |TAMS 0x0000000704c00000| PB 0x0000000704c00000| Complete 
|  39|0x0000000704e00000, 0x0000000705000000, 0x0000000705000000|100%|HC|  |TAMS 0x0000000704e00000| PB 0x0000000704e00000| Complete 
|  40|0x0000000705000000, 0x0000000705200000, 0x0000000705200000|100%|HC|  |TAMS 0x0000000705000000| PB 0x0000000705000000| Complete 
|  41|0x0000000705200000, 0x0000000705400000, 0x0000000705400000|100%| O|  |TAMS 0x0000000705200000| PB 0x0000000705200000| Untracked 
|  42|0x0000000705400000, 0x0000000705400000, 0x0000000705600000|  0%| F|  |TAMS 0x0000000705400000| PB 0x0000000705400000| Untracked 
|  43|0x0000000705600000, 0x0000000705800000, 0x0000000705800000|100%| O|  |TAMS 0x0000000705600000| PB 0x0000000705600000| Untracked 
|  44|0x0000000705800000, 0x0000000705a00000, 0x0000000705a00000|100%| O|Cm|TAMS 0x0000000705800000| PB 0x0000000705800000| Complete 
|  45|0x0000000705a00000, 0x0000000705c00000, 0x0000000705c00000|100%|HS|  |TAMS 0x0000000705a00000| PB 0x0000000705a00000| Complete 
|  46|0x0000000705c00000, 0x0000000705e00000, 0x0000000705e00000|100%|HC|  |TAMS 0x0000000705c00000| PB 0x0000000705c00000| Complete 
|  47|0x0000000705e00000, 0x0000000706000000, 0x0000000706000000|100%|HC|  |TAMS 0x0000000705e00000| PB 0x0000000705e00000| Complete 
|  48|0x0000000706000000, 0x0000000706200000, 0x0000000706200000|100%| O|  |TAMS 0x0000000706000000| PB 0x0000000706000000| Untracked 
|  49|0x0000000706200000, 0x0000000706400000, 0x0000000706400000|100%| O|  |TAMS 0x0000000706200000| PB 0x0000000706200000| Untracked 
|  50|0x0000000706400000, 0x0000000706600000, 0x0000000706600000|100%| O|  |TAMS 0x0000000706400000| PB 0x0000000706400000| Untracked 
|  51|0x0000000706600000, 0x0000000706800000, 0x0000000706800000|100%| O|  |TAMS 0x0000000706600000| PB 0x0000000706600000| Untracked 
|  52|0x0000000706800000, 0x0000000706a00000, 0x0000000706a00000|100%| O|  |TAMS 0x0000000706800000| PB 0x0000000706800000| Untracked 
|  53|0x0000000706a00000, 0x0000000706a88200, 0x0000000706c00000| 26%| O|  |TAMS 0x0000000706a00000| PB 0x0000000706a00000| Untracked 
|  54|0x0000000706c00000, 0x0000000706c00000, 0x0000000706e00000|  0%| F|  |TAMS 0x0000000706c00000| PB 0x0000000706c00000| Untracked 
|  55|0x0000000706e00000, 0x0000000706e00000, 0x0000000707000000|  0%| F|  |TAMS 0x0000000706e00000| PB 0x0000000706e00000| Untracked 
|  56|0x0000000707000000, 0x0000000707000000, 0x0000000707200000|  0%| F|  |TAMS 0x0000000707000000| PB 0x0000000707000000| Untracked 
|  57|0x0000000707200000, 0x0000000707200000, 0x0000000707400000|  0%| F|  |TAMS 0x0000000707200000| PB 0x0000000707200000| Untracked 
|  58|0x0000000707400000, 0x0000000707400000, 0x0000000707600000|  0%| F|  |TAMS 0x0000000707400000| PB 0x0000000707400000| Untracked 
|  59|0x0000000707600000, 0x00000007076cc2e0, 0x0000000707800000| 39%| S|CS|TAMS 0x0000000707600000| PB 0x0000000707600000| Complete 
|  60|0x0000000707800000, 0x0000000707a00000, 0x0000000707a00000|100%| S|CS|TAMS 0x0000000707800000| PB 0x0000000707800000| Complete 
|  61|0x0000000707a00000, 0x0000000707c00000, 0x0000000707c00000|100%| S|CS|TAMS 0x0000000707a00000| PB 0x0000000707a00000| Complete 
|  62|0x0000000707c00000, 0x0000000707c00000, 0x0000000707e00000|  0%| F|  |TAMS 0x0000000707c00000| PB 0x0000000707c00000| Untracked 
|  63|0x0000000707e00000, 0x0000000707e00000, 0x0000000708000000|  0%| F|  |TAMS 0x0000000707e00000| PB 0x0000000707e00000| Untracked 
|  64|0x0000000708000000, 0x0000000708000000, 0x0000000708200000|  0%| F|  |TAMS 0x0000000708000000| PB 0x0000000708000000| Untracked 
|  65|0x0000000708200000, 0x0000000708200000, 0x0000000708400000|  0%| F|  |TAMS 0x0000000708200000| PB 0x0000000708200000| Untracked 
|  66|0x0000000708400000, 0x0000000708400000, 0x0000000708600000|  0%| F|  |TAMS 0x0000000708400000| PB 0x0000000708400000| Untracked 
|  67|0x0000000708600000, 0x0000000708600000, 0x0000000708800000|  0%| F|  |TAMS 0x0000000708600000| PB 0x0000000708600000| Untracked 
|  68|0x0000000708800000, 0x0000000708800000, 0x0000000708a00000|  0%| F|  |TAMS 0x0000000708800000| PB 0x0000000708800000| Untracked 
|  69|0x0000000708a00000, 0x0000000708a00000, 0x0000000708c00000|  0%| F|  |TAMS 0x0000000708a00000| PB 0x0000000708a00000| Untracked 
|  70|0x0000000708c00000, 0x0000000708c00000, 0x0000000708e00000|  0%| F|  |TAMS 0x0000000708c00000| PB 0x0000000708c00000| Untracked 
|  71|0x0000000708e00000, 0x0000000708e00000, 0x0000000709000000|  0%| F|  |TAMS 0x0000000708e00000| PB 0x0000000708e00000| Untracked 
|  72|0x0000000709000000, 0x0000000709000000, 0x0000000709200000|  0%| F|  |TAMS 0x0000000709000000| PB 0x0000000709000000| Untracked 
|  73|0x0000000709200000, 0x0000000709200000, 0x0000000709400000|  0%| F|  |TAMS 0x0000000709200000| PB 0x0000000709200000| Untracked 
|  74|0x0000000709400000, 0x0000000709400000, 0x0000000709600000|  0%| F|  |TAMS 0x0000000709400000| PB 0x0000000709400000| Untracked 
|  75|0x0000000709600000, 0x0000000709600000, 0x0000000709800000|  0%| F|  |TAMS 0x0000000709600000| PB 0x0000000709600000| Untracked 
|  76|0x0000000709800000, 0x0000000709800000, 0x0000000709a00000|  0%| F|  |TAMS 0x0000000709800000| PB 0x0000000709800000| Untracked 
|  77|0x0000000709a00000, 0x0000000709a00000, 0x0000000709c00000|  0%| F|  |TAMS 0x0000000709a00000| PB 0x0000000709a00000| Untracked 
|  78|0x0000000709c00000, 0x0000000709c00000, 0x0000000709e00000|  0%| F|  |TAMS 0x0000000709c00000| PB 0x0000000709c00000| Untracked 
|  79|0x0000000709e00000, 0x0000000709e00000, 0x000000070a000000|  0%| F|  |TAMS 0x0000000709e00000| PB 0x0000000709e00000| Untracked 
|  80|0x000000070a000000, 0x000000070a200000, 0x000000070a200000|100%| E|  |TAMS 0x000000070a000000| PB 0x000000070a000000| Complete 
|  81|0x000000070a200000, 0x000000070a400000, 0x000000070a400000|100%| E|CS|TAMS 0x000000070a200000| PB 0x000000070a200000| Complete 
|  82|0x000000070a400000, 0x000000070a600000, 0x000000070a600000|100%| E|CS|TAMS 0x000000070a400000| PB 0x000000070a400000| Complete 
|  83|0x000000070a600000, 0x000000070a800000, 0x000000070a800000|100%| E|CS|TAMS 0x000000070a600000| PB 0x000000070a600000| Complete 
|  84|0x000000070a800000, 0x000000070aa00000, 0x000000070aa00000|100%| E|CS|TAMS 0x000000070a800000| PB 0x000000070a800000| Complete 
|  85|0x000000070aa00000, 0x000000070ac00000, 0x000000070ac00000|100%| E|CS|TAMS 0x000000070aa00000| PB 0x000000070aa00000| Complete 
|  86|0x000000070ac00000, 0x000000070ae00000, 0x000000070ae00000|100%| E|CS|TAMS 0x000000070ac00000| PB 0x000000070ac00000| Complete 
|  87|0x000000070ae00000, 0x000000070b000000, 0x000000070b000000|100%| E|CS|TAMS 0x000000070ae00000| PB 0x000000070ae00000| Complete 
|  88|0x000000070b000000, 0x000000070b200000, 0x000000070b200000|100%| E|CS|TAMS 0x000000070b000000| PB 0x000000070b000000| Complete 
|  89|0x000000070b200000, 0x000000070b400000, 0x000000070b400000|100%| E|CS|TAMS 0x000000070b200000| PB 0x000000070b200000| Complete 
|  90|0x000000070b400000, 0x000000070b600000, 0x000000070b600000|100%| E|CS|TAMS 0x000000070b400000| PB 0x000000070b400000| Complete 
|  91|0x000000070b600000, 0x000000070b800000, 0x000000070b800000|100%| E|CS|TAMS 0x000000070b600000| PB 0x000000070b600000| Complete 
|  92|0x000000070b800000, 0x000000070ba00000, 0x000000070ba00000|100%| E|CS|TAMS 0x000000070b800000| PB 0x000000070b800000| Complete 
|  93|0x000000070ba00000, 0x000000070bc00000, 0x000000070bc00000|100%| E|CS|TAMS 0x000000070ba00000| PB 0x000000070ba00000| Complete 
|  94|0x000000070bc00000, 0x000000070be00000, 0x000000070be00000|100%| E|CS|TAMS 0x000000070bc00000| PB 0x000000070bc00000| Complete 
|  95|0x000000070be00000, 0x000000070c000000, 0x000000070c000000|100%| E|CS|TAMS 0x000000070be00000| PB 0x000000070be00000| Complete 
|  96|0x000000070c000000, 0x000000070c200000, 0x000000070c200000|100%| E|CS|TAMS 0x000000070c000000| PB 0x000000070c000000| Complete 
|  97|0x000000070c200000, 0x000000070c400000, 0x000000070c400000|100%| E|CS|TAMS 0x000000070c200000| PB 0x000000070c200000| Complete 
|  98|0x000000070c400000, 0x000000070c600000, 0x000000070c600000|100%| E|CS|TAMS 0x000000070c400000| PB 0x000000070c400000| Complete 
|  99|0x000000070c600000, 0x000000070c800000, 0x000000070c800000|100%| E|CS|TAMS 0x000000070c600000| PB 0x000000070c600000| Complete 
| 100|0x000000070c800000, 0x000000070ca00000, 0x000000070ca00000|100%| E|  |TAMS 0x000000070c800000| PB 0x000000070c800000| Complete 
| 101|0x000000070ca00000, 0x000000070cc00000, 0x000000070cc00000|100%| E|CS|TAMS 0x000000070ca00000| PB 0x000000070ca00000| Complete 
| 102|0x000000070cc00000, 0x000000070ce00000, 0x000000070ce00000|100%| E|CS|TAMS 0x000000070cc00000| PB 0x000000070cc00000| Complete 
| 103|0x000000070ce00000, 0x000000070d000000, 0x000000070d000000|100%| E|CS|TAMS 0x000000070ce00000| PB 0x000000070ce00000| Complete 
| 104|0x000000070d000000, 0x000000070d200000, 0x000000070d200000|100%| E|CS|TAMS 0x000000070d000000| PB 0x000000070d000000| Complete 

Card table byte_map: [0x000002c6797a0000,0x000002c679fa0000] _byte_map_base: 0x000002c675fa0000

Marking Bits: (CMBitMap*) 0x000002c666966170
 Bits: [0x000002c679fa0000, 0x000002c67dfa0000)

Polling page: 0x000002c664790000

Metaspace:

Usage:
  Non-class:     68.34 MB used.
      Class:     10.96 MB used.
       Both:     79.30 MB used.

Virtual space:
  Non-class space:      128.00 MB reserved,      69.25 MB ( 54%) committed,  2 nodes.
      Class space:        1.00 GB reserved,      11.81 MB (  1%) committed,  1 nodes.
             Both:        1.12 GB reserved,      81.06 MB (  7%) committed. 

Chunk freelists:
   Non-Class:  10.48 MB
       Class:  4.01 MB
        Both:  14.50 MB

MaxMetaspaceSize: unlimited
CompressedClassSpaceSize: 1.00 GB
Initial GC threshold: 21.00 MB
Current GC threshold: 134.94 MB
CDS: off
 - commit_granule_bytes: 65536.
 - commit_granule_words: 8192.
 - virtual_space_node_default_size: 8388608.
 - enlarge_chunks_in_place: 1.
 - use_allocation_guard: 0.


Internal statistics:

num_allocs_failed_limit: 6.
num_arena_births: 3388.
num_arena_deaths: 4.
num_vsnodes_births: 3.
num_vsnodes_deaths: 0.
num_space_committed: 1297.
num_space_uncommitted: 0.
num_chunks_returned_to_freelist: 15.
num_chunks_taken_from_freelist: 6815.
num_chunk_merges: 6.
num_chunk_splits: 4415.
num_chunks_enlarged: 2709.
num_inconsistent_stats: 0.

CodeHeap 'non-profiled nmethods': size=120000Kb used=4640Kb max_used=4875Kb free=115359Kb
 bounds [0x000002c671520000, 0x000002c6719f0000, 0x000002c678a50000]
CodeHeap 'profiled nmethods': size=120000Kb used=16210Kb max_used=16366Kb free=103789Kb
 bounds [0x000002c669a50000, 0x000002c66aa50000, 0x000002c670f80000]
CodeHeap 'non-nmethods': size=5760Kb used=2778Kb max_used=2825Kb free=2981Kb
 bounds [0x000002c670f80000, 0x000002c671260000, 0x000002c671520000]
 total_blobs=9540 nmethods=8629 adapters=815
 compilation: enabled
              stopped_count=0, restarted_count=0
 full_count=0

Compilation events (20 events):
Event: 9.700 Thread 0x000002c6050a2710 10015       3       java.util.Collections::singletonSpliterator (9 bytes)
Event: 9.700 Thread 0x000002c6050a2710 nmethod 10015 0x000002c669c2ab10 code [0x000002c669c2acc0, 0x000002c669c2af38]
Event: 9.700 Thread 0x000002c6050a2710 10017       3       java.util.Collections$2::forEachRemaining (7 bytes)
Event: 9.700 Thread 0x000002c6050a2710 nmethod 10017 0x000002c669ef6b90 code [0x000002c669ef6d40, 0x000002c669ef6e98]
Event: 9.700 Thread 0x000002c6050a2710 10016       3       java.util.Collections$2::<init> (15 bytes)
Event: 9.700 Thread 0x000002c6050a2710 nmethod 10016 0x000002c669ffcb90 code [0x000002c669ffcd40, 0x000002c669ffcf18]
Event: 9.700 Thread 0x000002c6050a2710 10018       3       java.util.Collections$2::tryAdvance (38 bytes)
Event: 9.701 Thread 0x000002c6050a2710 nmethod 10018 0x000002c669eb9810 code [0x000002c669eb99e0, 0x000002c669eb9da0]
Event: 9.702 Thread 0x000002c6050a2710 10019       3       java.util.Collections$SingletonSet::spliterator (8 bytes)
Event: 9.702 Thread 0x000002c6050a2710 nmethod 10019 0x000002c669a53510 code [0x000002c669a536c0, 0x000002c669a539b8]
Event: 9.703 Thread 0x000002c6050a2710 10020       3       org.gradle.api.internal.artifacts.transform.TransformExecutionResult$Builder$ProducedOutputOnlyResult::resolveForWorkspace (54 bytes)
Event: 9.704 Thread 0x000002c6050a2710 nmethod 10020 0x000002c669c84590 code [0x000002c669c848e0, 0x000002c669c85f98]
Event: 9.704 Thread 0x000002c6050a2710 10021       3       org.gradle.api.internal.artifacts.transform.TransformExecutionResult$Builder$ProducedOutputOnlyResult$$Lambda/0x0000000800855f28::<init> (10 bytes)
Event: 9.704 Thread 0x000002c6050a2710 nmethod 10021 0x000002c66a04b290 code [0x000002c66a04b440, 0x000002c66a04b600]
Event: 9.704 Thread 0x000002c6050a2710 10022       3       org.gradle.api.internal.artifacts.transform.TransformExecutionResult$Builder$ProducedOutputOnlyResult$$Lambda/0x0000000800856190::<init> (10 bytes)
Event: 9.704 Thread 0x000002c6050a2710 nmethod 10022 0x000002c66a65ee10 code [0x000002c66a65efc0, 0x000002c66a65f180]
Event: 9.704 Thread 0x000002c6050a2710 10023       3       org.gradle.api.internal.artifacts.transform.TransformExecutionResult$Builder$ProducedOutputOnlyResult$$Lambda/0x00000008008563f8::<init> (10 bytes)
Event: 9.704 Thread 0x000002c6050a2710 nmethod 10023 0x000002c669c84090 code [0x000002c669c84240, 0x000002c669c84400]
Event: 9.734 Thread 0x000002c6050a2710 10025       3       org.gradle.api.internal.artifacts.transform.TransformStep::doTransform (112 bytes)
Event: 9.735 Thread 0x000002c6050a2710 nmethod 10025 0x000002c66a4b5310 code [0x000002c66a4b5640, 0x000002c66a4b6bd8]

GC Heap History (20 events):
Event: 6.457 GC heap before
{Heap before GC invocations=24 (full 0):
 garbage-first heap   total 135168K, used 115865K [0x0000000700000000, 0x0000000800000000)
  region size 2048K, 21 young (43008K), 2 survivors (4096K)
 Metaspace       used 60400K, committed 61888K, reserved 1114112K
  class space    used 8456K, committed 9152K, reserved 1048576K
}
Event: 6.459 GC heap after
{Heap after GC invocations=25 (full 0):
 garbage-first heap   total 135168K, used 77297K [0x0000000700000000, 0x0000000800000000)
  region size 2048K, 2 young (4096K), 2 survivors (4096K)
 Metaspace       used 60400K, committed 61888K, reserved 1114112K
  class space    used 8456K, committed 9152K, reserved 1048576K
}
Event: 6.581 GC heap before
{Heap before GC invocations=26 (full 0):
 garbage-first heap   total 135168K, used 118257K [0x0000000700000000, 0x0000000800000000)
  region size 2048K, 22 young (45056K), 2 survivors (4096K)
 Metaspace       used 60490K, committed 61952K, reserved 1114112K
  class space    used 8475K, committed 9152K, reserved 1048576K
}
Event: 6.584 GC heap after
{Heap after GC invocations=27 (full 0):
 garbage-first heap   total 163840K, used 78417K [0x0000000700000000, 0x0000000800000000)
  region size 2048K, 2 young (4096K), 2 survivors (4096K)
 Metaspace       used 60490K, committed 61952K, reserved 1114112K
  class space    used 8475K, committed 9152K, reserved 1048576K
}
Event: 7.104 GC heap before
{Heap before GC invocations=27 (full 0):
 garbage-first heap   total 163840K, used 146001K [0x0000000700000000, 0x0000000800000000)
  region size 2048K, 33 young (67584K), 2 survivors (4096K)
 Metaspace       used 63858K, committed 65408K, reserved 1114112K
  class space    used 8856K, committed 9600K, reserved 1048576K
}
Event: 7.111 GC heap after
{Heap after GC invocations=28 (full 0):
 garbage-first heap   total 163840K, used 90684K [0x0000000700000000, 0x0000000800000000)
  region size 2048K, 5 young (10240K), 5 survivors (10240K)
 Metaspace       used 63858K, committed 65408K, reserved 1114112K
  class space    used 8856K, committed 9600K, reserved 1048576K
}
Event: 7.419 GC heap before
{Heap before GC invocations=28 (full 0):
 garbage-first heap   total 163840K, used 137788K [0x0000000700000000, 0x0000000800000000)
  region size 2048K, 29 young (59392K), 5 survivors (10240K)
 Metaspace       used 64534K, committed 66176K, reserved 1114112K
  class space    used 8934K, committed 9728K, reserved 1048576K
}
Event: 7.425 GC heap after
{Heap after GC invocations=29 (full 0):
 garbage-first heap   total 163840K, used 91586K [0x0000000700000000, 0x0000000800000000)
  region size 2048K, 1 young (2048K), 1 survivors (2048K)
 Metaspace       used 64534K, committed 66176K, reserved 1114112K
  class space    used 8934K, committed 9728K, reserved 1048576K
}
Event: 7.920 GC heap before
{Heap before GC invocations=30 (full 0):
 garbage-first heap   total 163840K, used 150978K [0x0000000700000000, 0x0000000800000000)
  region size 2048K, 28 young (57344K), 1 survivors (2048K)
 Metaspace       used 68647K, committed 70400K, reserved 1114112K
  class space    used 9405K, committed 10240K, reserved 1048576K
}
Event: 7.923 GC heap after
{Heap after GC invocations=31 (full 0):
 garbage-first heap   total 163840K, used 100252K [0x0000000700000000, 0x0000000800000000)
  region size 2048K, 3 young (6144K), 3 survivors (6144K)
 Metaspace       used 68647K, committed 70400K, reserved 1114112K
  class space    used 9405K, committed 10240K, reserved 1048576K
}
Event: 8.453 GC heap before
{Heap before GC invocations=31 (full 0):
 garbage-first heap   total 163840K, used 145308K [0x0000000700000000, 0x0000000800000000)
  region size 2048K, 26 young (53248K), 3 survivors (6144K)
 Metaspace       used 74977K, committed 76736K, reserved 1179648K
  class space    used 10344K, committed 11200K, reserved 1048576K
}
Event: 8.458 GC heap after
{Heap after GC invocations=32 (full 0):
 garbage-first heap   total 163840K, used 102407K [0x0000000700000000, 0x0000000800000000)
  region size 2048K, 3 young (6144K), 3 survivors (6144K)
 Metaspace       used 74977K, committed 76736K, reserved 1179648K
  class space    used 10344K, committed 11200K, reserved 1048576K
}
Event: 8.912 GC heap before
{Heap before GC invocations=32 (full 0):
 garbage-first heap   total 163840K, used 147463K [0x0000000700000000, 0x0000000800000000)
  region size 2048K, 25 young (51200K), 3 survivors (6144K)
 Metaspace       used 79441K, committed 81280K, reserved 1179648K
  class space    used 11076K, committed 11968K, reserved 1048576K
}
Event: 8.918 GC heap after
{Heap after GC invocations=33 (full 0):
 garbage-first heap   total 163840K, used 105059K [0x0000000700000000, 0x0000000800000000)
  region size 2048K, 3 young (6144K), 3 survivors (6144K)
 Metaspace       used 79441K, committed 81280K, reserved 1179648K
  class space    used 11076K, committed 11968K, reserved 1048576K
}
Event: 9.413 GC heap before
{Heap before GC invocations=34 (full 0):
 garbage-first heap   total 178176K, used 143971K [0x0000000700000000, 0x0000000800000000)
  region size 2048K, 23 young (47104K), 3 survivors (6144K)
 Metaspace       used 80736K, committed 82496K, reserved 1179648K
  class space    used 11208K, committed 12096K, reserved 1048576K
}
Event: 9.419 GC heap after
{Heap after GC invocations=35 (full 0):
 garbage-first heap   total 178176K, used 109964K [0x0000000700000000, 0x0000000800000000)
  region size 2048K, 3 young (6144K), 3 survivors (6144K)
 Metaspace       used 80736K, committed 82496K, reserved 1179648K
  class space    used 11208K, committed 12096K, reserved 1048576K
}
Event: 9.554 GC heap before
{Heap before GC invocations=35 (full 0):
 garbage-first heap   total 178176K, used 161164K [0x0000000700000000, 0x0000000800000000)
  region size 2048K, 28 young (57344K), 3 survivors (6144K)
 Metaspace       used 81010K, committed 82816K, reserved 1179648K
  class space    used 11209K, committed 12096K, reserved 1048576K
}
Event: 9.558 GC heap after
{Heap after GC invocations=36 (full 0):
 garbage-first heap   total 178176K, used 111136K [0x0000000700000000, 0x0000000800000000)
  region size 2048K, 2 young (4096K), 2 survivors (4096K)
 Metaspace       used 81010K, committed 82816K, reserved 1179648K
  class space    used 11209K, committed 12096K, reserved 1048576K
}
Event: 9.645 GC heap before
{Heap before GC invocations=36 (full 0):
 garbage-first heap   total 178176K, used 160288K [0x0000000700000000, 0x0000000800000000)
  region size 2048K, 27 young (55296K), 2 survivors (4096K)
 Metaspace       used 81094K, committed 82880K, reserved 1179648K
  class space    used 11209K, committed 12096K, reserved 1048576K
}
Event: 9.648 GC heap after
{Heap after GC invocations=37 (full 0):
 garbage-first heap   total 215040K, used 111953K [0x0000000700000000, 0x0000000800000000)
  region size 2048K, 3 young (6144K), 3 survivors (6144K)
 Metaspace       used 81094K, committed 82880K, reserved 1179648K
  class space    used 11209K, committed 12096K, reserved 1048576K
}

Dll operation events (3 events):
Event: 0.010 Loaded shared library D:\Android Studio\jbr\bin\java.dll
Event: 0.016 Loaded shared library D:\Android Studio\jbr\bin\zip.dll
Event: 0.591 Loaded shared library D:\Android Studio\jbr\bin\verify.dll

Deoptimization events (20 events):
Event: 9.571 Thread 0x000002c608590830 DEOPT UNPACKING pc=0x000002c670fd46a2 sp=0x000000f41adfe198 mode 2
Event: 9.571 Thread 0x000002c60858cd20 DEOPT UNPACKING pc=0x000002c670fd46a2 sp=0x000000f41b0fdcc8 mode 2
Event: 9.571 Thread 0x000002c6085b0060 Uncommon trap: trap_request=0xffffffde fr.pc=0x000002c6717e47b0 relative=0x00000000000002f0
Event: 9.571 Thread 0x000002c6085b0060 Uncommon trap: reason=class_check action=maybe_recompile pc=0x000002c6717e47b0 method=java.util.concurrent.ConcurrentHashMap.get(Ljava/lang/Object;)Ljava/lang/Object; @ 93 c2
Event: 9.571 Thread 0x000002c6085b0060 DEOPT PACKING pc=0x000002c6717e47b0 sp=0x000000f41a9fdbd0
Event: 9.571 Thread 0x000002c60858e0d0 Uncommon trap: trap_request=0xffffffde fr.pc=0x000002c6717e47b0 relative=0x00000000000002f0
Event: 9.571 Thread 0x000002c60858e0d0 Uncommon trap: reason=class_check action=maybe_recompile pc=0x000002c6717e47b0 method=java.util.concurrent.ConcurrentHashMap.get(Ljava/lang/Object;)Ljava/lang/Object; @ 93 c2
Event: 9.571 Thread 0x000002c60858e0d0 DEOPT PACKING pc=0x000002c6717e47b0 sp=0x000000f41aefdd00
Event: 9.571 Thread 0x000002c6085b0060 DEOPT UNPACKING pc=0x000002c670fd46a2 sp=0x000000f41a9fdb38 mode 2
Event: 9.571 Thread 0x000002c60858e0d0 DEOPT UNPACKING pc=0x000002c670fd46a2 sp=0x000000f41aefdc68 mode 2
Event: 9.572 Thread 0x000002c6085b06f0 Uncommon trap: trap_request=0xffffff45 fr.pc=0x000002c67169e7ec relative=0x00000000000013ac
Event: 9.572 Thread 0x000002c6085b06f0 Uncommon trap: reason=unstable_if action=reinterpret pc=0x000002c67169e7ec method=java.util.concurrent.ConcurrentHashMap.transfer([Ljava/util/concurrent/ConcurrentHashMap$Node;[Ljava/util/concurrent/ConcurrentHashMap$Node;)V @ 347 c2
Event: 9.572 Thread 0x000002c6085b06f0 DEOPT PACKING pc=0x000002c67169e7ec sp=0x000000f41abfe0c0
Event: 9.572 Thread 0x000002c6085b06f0 DEOPT UNPACKING pc=0x000002c670fd46a2 sp=0x000000f41abfe050 mode 2
Event: 9.572 Thread 0x000002c6085b06f0 Uncommon trap: trap_request=0xffffff45 fr.pc=0x000002c6717d9360 relative=0x0000000000000280
Event: 9.572 Thread 0x000002c6085b06f0 Uncommon trap: reason=unstable_if action=reinterpret pc=0x000002c6717d9360 method=java.util.concurrent.ConcurrentHashMap.addCount(JI)V @ 171 c2
Event: 9.572 Thread 0x000002c6085b06f0 DEOPT PACKING pc=0x000002c6717d9360 sp=0x000000f41abfe1d0
Event: 9.572 Thread 0x000002c6085b06f0 DEOPT UNPACKING pc=0x000002c670fd46a2 sp=0x000000f41abfe110 mode 2
Event: 9.710 Thread 0x000002c6085b06f0 DEOPT PACKING pc=0x000002c66a9dc54d sp=0x000000f41abfe030
Event: 9.710 Thread 0x000002c6085b06f0 DEOPT UNPACKING pc=0x000002c670fd4e42 sp=0x000000f41abfd540 mode 0

Classes loaded (20 events):
Event: 8.571 Loading class java/util/IdentityHashMap$IdentityHashMapIterator done
Event: 8.571 Loading class java/util/IdentityHashMap$EntryIterator done
Event: 8.571 Loading class java/util/IdentityHashMap$EntryIterator$Entry
Event: 8.571 Loading class java/util/IdentityHashMap$EntryIterator$Entry done
Event: 8.603 Loading class java/lang/invoke/SerializedLambda$1
Event: 8.603 Loading class java/lang/invoke/SerializedLambda$1 done
Event: 8.618 Loading class org/xml/sax/Locator
Event: 8.618 Loading class org/xml/sax/Locator done
Event: 8.619 Loading class org/xml/sax/SAXParseException
Event: 8.619 Loading class org/xml/sax/SAXParseException done
Event: 8.619 Loading class org/xml/sax/Attributes
Event: 8.620 Loading class org/xml/sax/Attributes done
Event: 8.720 Loading class java/util/function/LongUnaryOperator
Event: 8.720 Loading class java/util/function/LongUnaryOperator done
Event: 9.197 Loading class java/util/Collections$ReverseComparator
Event: 9.197 Loading class java/util/Collections$ReverseComparator done
Event: 9.197 Loading class java/util/Collections$ReverseComparator2
Event: 9.197 Loading class java/util/Collections$ReverseComparator2 done
Event: 9.472 Loading class java/lang/foreign/MemorySegment
Event: 9.473 Loading class java/lang/foreign/MemorySegment done

Classes unloaded (12 events):
Event: 8.945 Thread 0x000002c600c5c060 Unloading class 0x00000008009959a8 '_BuildScript_$_run_closure1$_closure3'
Event: 8.945 Thread 0x000002c600c5c060 Unloading class 0x0000000800995598 '_BuildScript_$_run_closure1$_closure2'
Event: 8.945 Thread 0x000002c600c5c060 Unloading class 0x0000000800995188 '_BuildScript_$_run_closure1'
Event: 8.945 Thread 0x000002c600c5c060 Unloading class 0x0000000800994c30 '_BuildScript_'
Event: 8.945 Thread 0x000002c600c5c060 Unloading class 0x0000000800994820 'JetGradlePlugin$_apply_closure1$_closure2$_closure3'
Event: 8.945 Thread 0x000002c600c5c060 Unloading class 0x0000000800994410 'JetGradlePlugin$_apply_closure1$_closure2'
Event: 8.945 Thread 0x000002c600c5c060 Unloading class 0x0000000800994000 'JetGradlePlugin$_apply_closure1'
Event: 8.945 Thread 0x000002c600c5c060 Unloading class 0x000000080098d2f0 'JetGradlePlugin'
Event: 8.945 Thread 0x000002c600c5c060 Unloading class 0x000000080098d000 'RegistryProcessor'
Event: 8.945 Thread 0x000002c600c5c060 Unloading class 0x000000080092c968 '_BuildScript_$_run_closure1$_closure2'
Event: 8.945 Thread 0x000002c600c5c060 Unloading class 0x000000080092c558 '_BuildScript_$_run_closure1'
Event: 8.945 Thread 0x000002c600c5c060 Unloading class 0x000000080092c000 '_BuildScript_'

Classes redefined (0 events):
No events

Internal exceptions (20 events):
Event: 8.613 Thread 0x000002c606d484a0 Exception <a 'java/lang/ClassNotFoundException'{0x0000000708d4d970}: org/gradle/api/internal/project/DefaultProject_DecoratedBeanInfo> (0x0000000708d4d970) 
thrown [s\src\hotspot\share\classfile\systemDictionary.cpp, line 312]
Event: 8.614 Thread 0x000002c606d484a0 Exception <a 'java/lang/ClassNotFoundException'{0x0000000708d59b90}: org/gradle/api/internal/project/DefaultProjectBeanInfo> (0x0000000708d59b90) 
thrown [s\src\hotspot\share\classfile\systemDictionary.cpp, line 312]
Event: 8.614 Thread 0x000002c606d484a0 Exception <a 'java/lang/ClassNotFoundException'{0x0000000708d65e68}: org/gradle/api/internal/project/DefaultProjectCustomizer> (0x0000000708d65e68) 
thrown [s\src\hotspot\share\classfile\systemDictionary.cpp, line 312]
Event: 8.617 Thread 0x000002c606d484a0 Exception <a 'java/lang/ClassNotFoundException'{0x0000000708a54710}: org/gradle/api/internal/project/DefaultProject_DecoratedCustomizer> (0x0000000708a54710) 
thrown [s\src\hotspot\share\classfile\systemDictionary.cpp, line 312]
Event: 8.720 Thread 0x000002c606d484a0 Exception <a 'java/lang/NoSuchMethodError'{0x0000000708385d10}: 'long java.lang.invoke.DirectMethodHandle$Holder.invokeStatic(java.lang.Object, long)'> (0x0000000708385d10) 
thrown [s\src\hotspot\share\interpreter\linkResolver.cpp, line 784]
Event: 8.765 Thread 0x000002c606d484a0 Exception <a 'java/lang/NoSuchMethodError'{0x0000000707c0f418}: 'java.lang.Object java.lang.invoke.DirectMethodHandle$Holder.invokeVirtual(java.lang.Object, java.lang.Object, java.lang.Object, java.lang.Object, java.lang.Object, java.lang.Object, java.lang.Object, java.lang.Object, java.lang.Object, java.lang.Object, java.lang.Object, java.lang.Object, java.lang.Object, java.lang.Object, java.lang.Object, java.lang.Object, java.lang.Object)'> (0x0000000707c0f418) 
thrown [s\src\hotspot\share\interpreter\li
Event: 8.765 Thread 0x000002c606d484a0 Exception <a 'java/lang/NoSuchMethodError'{0x0000000707c15588}: 'java.lang.Object java.lang.invoke.DirectMethodHandle$Holder.invokeSpecial(java.lang.Object, java.lang.Object, java.lang.Object, java.lang.Object, java.lang.Object, java.lang.Object, java.lang.Object, java.lang.Object, java.lang.Object, java.lang.Object, java.lang.Object, java.lang.Object, java.lang.Object, java.lang.Object, java.lang.Object, java.lang.Object, java.lang.Object, java.lang.Object)'> (0x0000000707c15588) 
thrown [s\src\hotspot\sh
Event: 8.765 Thread 0x000002c606d484a0 Exception <a 'java/lang/NoSuchMethodError'{0x0000000707c1ad90}: 'java.lang.Object java.lang.invoke.DelegatingMethodHandle$Holder.reinvoke_L(java.lang.Object, java.lang.Object, java.lang.Object, java.lang.Object, java.lang.Object, java.lang.Object, java.lang.Object, java.lang.Object, java.lang.Object, java.lang.Object, java.lang.Object, java.lang.Object, java.lang.Object, java.lang.Object, java.lang.Object, java.lang.Object, java.lang.Object)'> (0x0000000707c1ad90) 
thrown [s\src\hotspot\share\interpreter\l
Event: 8.840 Thread 0x000002c606d484a0 Exception <a 'java/lang/NoSuchMethodError'{0x00000007078f29a0}: static Lorg/gradle/api/internal/catalog/DefaultVersionCatalog;.<clinit>()V> (0x00000007078f29a0) 
thrown [s\src\hotspot\share\prims\jni.cpp, line 1144]
Event: 8.843 Thread 0x000002c606d484a0 Exception <a 'java/lang/NoSuchMethodError'{0x000000070792fa50}: static [Ljava/lang/Object;.<clinit>()V> (0x000000070792fa50) 
thrown [s\src\hotspot\share\prims\jni.cpp, line 1144]
Event: 8.844 Thread 0x000002c606d484a0 Exception <a 'java/lang/NoSuchMethodError'{0x000000070795a5c0}: static Lorg/gradle/api/internal/catalog/DependencyModel;.<clinit>()V> (0x000000070795a5c0) 
thrown [s\src\hotspot\share\prims\jni.cpp, line 1144]
Event: 8.844 Thread 0x000002c606d484a0 Exception <a 'java/lang/NoSuchMethodError'{0x000000070795e5e0}: static Lorg/gradle/api/internal/catalog/AbstractContextAwareModel;.<clinit>()V> (0x000000070795e5e0) 
thrown [s\src\hotspot\share\prims\jni.cpp, line 1144]
Event: 8.845 Thread 0x000002c606d484a0 Exception <a 'java/lang/NoSuchMethodError'{0x0000000707979d68}: static Lorg/gradle/api/internal/artifacts/dependencies/AbstractVersionConstraint;.<clinit>()V> (0x0000000707979d68) 
thrown [s\src\hotspot\share\prims\jni.cpp, line 1144]
Event: 8.849 Thread 0x000002c606d484a0 Exception <a 'java/lang/NoSuchMethodError'{0x00000007079d0950}: static Lorg/gradle/api/internal/catalog/PluginModel;.<clinit>()V> (0x00000007079d0950) 
thrown [s\src\hotspot\share\prims\jni.cpp, line 1144]
Event: 8.850 Thread 0x000002c606d484a0 Exception <a 'java/lang/NoSuchMethodError'{0x00000007079e9d28}: static Lorg/gradle/api/internal/catalog/VersionModel;.<clinit>()V> (0x00000007079e9d28) 
thrown [s\src\hotspot\share\prims\jni.cpp, line 1144]
Event: 8.911 Thread 0x000002c606d484a0 Exception <a 'java/lang/NoSuchMethodError'{0x00000007075f52c8}: 'int java.lang.invoke.DirectMethodHandle$Holder.invokeSpecialIFC(java.lang.Object, java.lang.Object, java.lang.Object)'> (0x00000007075f52c8) 
thrown [s\src\hotspot\share\interpreter\linkResolver.cpp, line 784]
Event: 8.979 Thread 0x000002c606d484a0 Exception <a 'java/lang/NoSuchMethodError'{0x000000070ad947b8}: 'void java.lang.invoke.DirectMethodHandle$Holder.invokeStatic(java.lang.Object, java.lang.Object, java.lang.Object, int, java.lang.Object)'> (0x000000070ad947b8) 
thrown [s\src\hotspot\share\interpreter\linkResolver.cpp, line 784]
Event: 8.986 Thread 0x000002c606d484a0 Implicit null exception at 0x000002c6718ffd1d to 0x000002c6718fff98
Event: 9.271 Thread 0x000002c606d484a0 Exception <a 'java/lang/IncompatibleClassChangeError'{0x0000000709d95470}: Found class java.lang.Object, but interface was expected> (0x0000000709d95470) 
thrown [s\src\hotspot\share\interpreter\linkResolver.cpp, line 851]
Event: 9.559 Thread 0x000002c605052720 Implicit null exception at 0x000002c6719bc2c8 to 0x000002c6719bc6d4

ZGC Phase Switch (0 events):
No events

VM Operations (20 events):
Event: 8.989 Executing VM operation: HandshakeAllThreads (Deoptimize)
Event: 8.989 Executing VM operation: HandshakeAllThreads (Deoptimize) done
Event: 9.141 Executing VM operation: ICBufferFull
Event: 9.141 Executing VM operation: ICBufferFull done
Event: 9.225 Executing VM operation: HandshakeAllThreads (Deoptimize)
Event: 9.226 Executing VM operation: HandshakeAllThreads (Deoptimize) done
Event: 9.324 Executing VM operation: ICBufferFull
Event: 9.324 Executing VM operation: ICBufferFull done
Event: 9.413 Executing VM operation: G1CollectForAllocation (G1 Evacuation Pause)
Event: 9.419 Executing VM operation: G1CollectForAllocation (G1 Evacuation Pause) done
Event: 9.532 Executing VM operation: ICBufferFull
Event: 9.532 Executing VM operation: ICBufferFull done
Event: 9.554 Executing VM operation: G1CollectForAllocation (G1 Evacuation Pause)
Event: 9.558 Executing VM operation: G1CollectForAllocation (G1 Evacuation Pause) done
Event: 9.644 Executing VM operation: G1CollectForAllocation (G1 Evacuation Pause)
Event: 9.648 Executing VM operation: G1CollectForAllocation (G1 Evacuation Pause) done
Event: 9.689 Executing VM operation: G1PauseRemark
Event: 9.692 Executing VM operation: G1PauseRemark done
Event: 9.706 Executing VM operation: G1PauseCleanup
Event: 9.706 Executing VM operation: G1PauseCleanup done

Memory protections (0 events):
No events

Nmethod flushes (20 events):
Event: 9.692 Thread 0x000002c600c5c060 flushing  nmethod 0x000002c671732110
Event: 9.692 Thread 0x000002c600c5c060 flushing  nmethod 0x000002c67191b310
Event: 9.692 Thread 0x000002c600c5c060 flushing  nmethod 0x000002c669a6c910
Event: 9.692 Thread 0x000002c600c5c060 flushing  nmethod 0x000002c669abbb90
Event: 9.692 Thread 0x000002c600c5c060 flushing  nmethod 0x000002c669abc990
Event: 9.692 Thread 0x000002c600c5c060 flushing  nmethod 0x000002c669c7f110
Event: 9.692 Thread 0x000002c600c5c060 flushing  nmethod 0x000002c669e2e890
Event: 9.692 Thread 0x000002c600c5c060 flushing  nmethod 0x000002c669e2f590
Event: 9.692 Thread 0x000002c600c5c060 flushing  nmethod 0x000002c669ef6b90
Event: 9.692 Thread 0x000002c600c5c060 flushing  nmethod 0x000002c669f7ca90
Event: 9.692 Thread 0x000002c600c5c060 flushing  nmethod 0x000002c66a2bba10
Event: 9.692 Thread 0x000002c600c5c060 flushing  nmethod 0x000002c66a4c4010
Event: 9.692 Thread 0x000002c600c5c060 flushing  nmethod 0x000002c6715d1590
Event: 9.692 Thread 0x000002c600c5c060 flushing  nmethod 0x000002c669bfe390
Event: 9.692 Thread 0x000002c600c5c060 flushing  nmethod 0x000002c669d3b010
Event: 9.692 Thread 0x000002c600c5c060 flushing  nmethod 0x000002c669d43e10
Event: 9.692 Thread 0x000002c600c5c060 flushing  nmethod 0x000002c66a095010
Event: 9.692 Thread 0x000002c600c5c060 flushing  nmethod 0x000002c66a65ee10
Event: 9.692 Thread 0x000002c600c5c060 flushing  nmethod 0x000002c66a65f790
Event: 9.692 Thread 0x000002c600c5c060 flushing  nmethod 0x000002c66a666310

Events (20 events):
Event: 9.344 Thread 0x000002c606d484a0 Thread added: 0x000002c6085b1410
Event: 9.345 Thread 0x000002c606d484a0 Thread added: 0x000002c6085b2130
Event: 9.346 Thread 0x000002c606d484a0 Thread added: 0x000002c6085b55b0
Event: 9.347 Thread 0x000002c606d484a0 Thread added: 0x000002c6085b3b70
Event: 9.349 Thread 0x000002c606d484a0 Thread added: 0x000002c6085b27c0
Event: 9.350 Thread 0x000002c606d484a0 Thread added: 0x000002c6085b5c40
Event: 9.352 Thread 0x000002c606d484a0 Thread added: 0x000002c6085b2e50
Event: 9.354 Thread 0x000002c606d484a0 Thread added: 0x000002c6085b34e0
Event: 9.355 Thread 0x000002c606d484a0 Thread added: 0x000002c6085b4200
Event: 9.496 Thread 0x000002c606d484a0 Thread added: 0x000002c6085b4f20
Event: 9.496 Thread 0x000002c606d484a0 Thread added: 0x000002c6085b6ff0
Event: 9.496 Thread 0x000002c606d484a0 Thread added: 0x000002c6085b0060
Event: 9.497 Thread 0x000002c606d484a0 Thread added: 0x000002c6085b7680
Event: 9.497 Thread 0x000002c606d484a0 Thread added: 0x000002c6085b06f0
Event: 9.497 Thread 0x000002c606d484a0 Thread added: 0x000002c6085901a0
Event: 9.498 Thread 0x000002c606d484a0 Thread added: 0x000002c608590830
Event: 9.498 Thread 0x000002c606d484a0 Thread added: 0x000002c60858e0d0
Event: 9.498 Thread 0x000002c606d484a0 Thread added: 0x000002c608592900
Event: 9.498 Thread 0x000002c606d484a0 Thread added: 0x000002c60858cd20
Event: 9.499 Thread 0x000002c606d484a0 Thread added: 0x000002c608590ec0


Dynamic libraries:
0x00007ff6d7e80000 - 0x00007ff6d7e8a000 	D:\Android Studio\jbr\bin\java.exe
0x00007fff4a350000 - 0x00007fff4a567000 	C:\windows\SYSTEM32\ntdll.dll
0x00007fff48b80000 - 0x00007fff48c44000 	C:\windows\System32\KERNEL32.DLL
0x00007fff47440000 - 0x00007fff47812000 	C:\windows\System32\KERNELBASE.dll
0x00007fff478a0000 - 0x00007fff479b1000 	C:\windows\System32\ucrtbase.dll
0x00007fff421a0000 - 0x00007fff421b8000 	D:\Android Studio\jbr\bin\jli.dll
0x00007fff0b650000 - 0x00007fff0b66b000 	D:\Android Studio\jbr\bin\VCRUNTIME140.dll
0x00007fff48120000 - 0x00007fff482d1000 	C:\windows\System32\USER32.dll
0x00007fff2bd60000 - 0x00007fff2bffb000 	C:\windows\WinSxS\amd64_microsoft.windows.common-controls_6595b64144ccf1df_6.0.22621.5547_none_27104afb73855772\COMCTL32.dll
0x00007fff47d20000 - 0x00007fff47d46000 	C:\windows\System32\win32u.dll
0x00007fff48910000 - 0x00007fff489b7000 	C:\windows\System32\msvcrt.dll
0x00007fff47fe0000 - 0x00007fff48009000 	C:\windows\System32\GDI32.dll
0x00007fff47bf0000 - 0x00007fff47d13000 	C:\windows\System32\gdi32full.dll
0x00007fff47d50000 - 0x00007fff47dea000 	C:\windows\System32\msvcp_win.dll
0x00007fff48010000 - 0x00007fff48041000 	C:\windows\System32\IMM32.DLL
0x00007fff0b640000 - 0x00007fff0b64c000 	D:\Android Studio\jbr\bin\vcruntime140_1.dll
0x00007fff42110000 - 0x00007fff4219d000 	D:\Android Studio\jbr\bin\msvcp140.dll
0x00007ffefd9b0000 - 0x00007ffefe63e000 	D:\Android Studio\jbr\bin\server\jvm.dll
0x00007fff49bd0000 - 0x00007fff49c81000 	C:\windows\System32\ADVAPI32.dll
0x00007fff49aa0000 - 0x00007fff49b48000 	C:\windows\System32\sechost.dll
0x00007fff479c0000 - 0x00007fff479e8000 	C:\windows\System32\bcrypt.dll
0x00007fff482e0000 - 0x00007fff483f4000 	C:\windows\System32\RPCRT4.dll
0x00007fff49990000 - 0x00007fff49a01000 	C:\windows\System32\WS2_32.dll
0x00007fff46cb0000 - 0x00007fff46cfd000 	C:\windows\SYSTEM32\POWRPROF.dll
0x00007fff42950000 - 0x00007fff42984000 	C:\windows\SYSTEM32\WINMM.dll
0x00007fff3dde0000 - 0x00007fff3ddea000 	C:\windows\SYSTEM32\VERSION.dll
0x00007fff46c90000 - 0x00007fff46ca3000 	C:\windows\SYSTEM32\UMPDC.dll
0x00007fff46440000 - 0x00007fff46458000 	C:\windows\SYSTEM32\kernel.appcore.dll
0x00007fff0b630000 - 0x00007fff0b63a000 	D:\Android Studio\jbr\bin\jimage.dll
0x00007fff44ed0000 - 0x00007fff45103000 	C:\windows\SYSTEM32\DBGHELP.DLL
0x00007fff48570000 - 0x00007fff48903000 	C:\windows\System32\combase.dll
0x00007fff4a230000 - 0x00007fff4a307000 	C:\windows\System32\OLEAUT32.dll
0x00007fff2a210000 - 0x00007fff2a242000 	C:\windows\SYSTEM32\dbgcore.DLL
0x00007fff47f60000 - 0x00007fff47fdb000 	C:\windows\System32\bcryptPrimitives.dll
0x00007fff30cc0000 - 0x00007fff30cce000 	D:\Android Studio\jbr\bin\instrument.dll
0x00007fff0b340000 - 0x00007fff0b360000 	D:\Android Studio\jbr\bin\java.dll
0x00007fff0b320000 - 0x00007fff0b338000 	D:\Android Studio\jbr\bin\zip.dll
0x00007fff490e0000 - 0x00007fff49982000 	C:\windows\System32\SHELL32.dll
0x00007fff47ab0000 - 0x00007fff47bef000 	C:\windows\System32\wintypes.dll
0x00007fff45320000 - 0x00007fff45c3d000 	C:\windows\SYSTEM32\windows.storage.dll
0x00007fff49ca0000 - 0x00007fff49dac000 	C:\windows\System32\SHCORE.dll
0x00007fff480a0000 - 0x00007fff48109000 	C:\windows\System32\shlwapi.dll
0x00007fff47370000 - 0x00007fff4739b000 	C:\windows\SYSTEM32\profapi.dll
0x00007fff0b310000 - 0x00007fff0b320000 	D:\Android Studio\jbr\bin\net.dll
0x00007fff43ed0000 - 0x00007fff43ffc000 	C:\windows\SYSTEM32\WINHTTP.dll
0x00007fff46930000 - 0x00007fff46999000 	C:\windows\system32\mswsock.dll
0x00007fff0b2f0000 - 0x00007fff0b306000 	D:\Android Studio\jbr\bin\nio.dll
0x00007ffeffbb0000 - 0x00007ffeffbc0000 	D:\Android Studio\jbr\bin\verify.dll
0x00007fff313f0000 - 0x00007fff31417000 	C:\Users\ikhwa\.gradle\native\1def1411415f61bf3af743bc5b6707747c0891f09f0c88961ee8f79bc544acac\windows-amd64\native-platform.dll
0x00007fff27080000 - 0x00007fff270f8000 	C:\Users\ikhwa\.gradle\native\0.2.7\x86_64-windows-gnu\gradle-fileevents.dll
0x00007fff025f0000 - 0x00007fff025f9000 	D:\Android Studio\jbr\bin\management.dll
0x00007fff025e0000 - 0x00007fff025eb000 	D:\Android Studio\jbr\bin\management_ext.dll
0x00007fff48c50000 - 0x00007fff48c58000 	C:\windows\System32\PSAPI.DLL
0x00007fff45e90000 - 0x00007fff45ebd000 	C:\windows\SYSTEM32\IPHLPAPI.DLL
0x00007fff48110000 - 0x00007fff48119000 	C:\windows\System32\NSI.dll
0x00007fff0b2e0000 - 0x00007fff0b2e9000 	D:\Android Studio\jbr\bin\extnet.dll
0x00007fff46b90000 - 0x00007fff46bab000 	C:\windows\SYSTEM32\CRYPTSP.dll
0x00007fff463a0000 - 0x00007fff463d7000 	C:\windows\system32\rsaenh.dll
0x00007fff46a30000 - 0x00007fff46a58000 	C:\windows\SYSTEM32\USERENV.dll
0x00007fff46bb0000 - 0x00007fff46bbc000 	C:\windows\SYSTEM32\CRYPTBASE.dll
0x00007ffee2c50000 - 0x00007ffee2c58000 	C:\windows\system32\wshunix.dll

dbghelp: loaded successfully - version: 4.0.5 - missing functions: none
symbol engine: initialized successfully - sym options: 0x614 - pdb path: .;D:\Android Studio\jbr\bin;C:\windows\SYSTEM32;C:\windows\WinSxS\amd64_microsoft.windows.common-controls_6595b64144ccf1df_6.0.22621.5547_none_27104afb73855772;D:\Android Studio\jbr\bin\server;C:\Users\ikhwa\.gradle\native\1def1411415f61bf3af743bc5b6707747c0891f09f0c88961ee8f79bc544acac\windows-amd64;C:\Users\ikhwa\.gradle\native\0.2.7\x86_64-windows-gnu

VM Arguments:
jvm_args: --add-opens=java.base/java.lang=ALL-UNNAMED --add-opens=java.base/java.lang.invoke=ALL-UNNAMED --add-opens=java.base/java.util=ALL-UNNAMED --add-opens=java.prefs/java.util.prefs=ALL-UNNAMED --add-exports=jdk.compiler/com.sun.tools.javac.api=ALL-UNNAMED --add-exports=jdk.compiler/com.sun.tools.javac.util=ALL-UNNAMED --add-opens=java.base/java.util=ALL-UNNAMED --add-opens=java.prefs/java.util.prefs=ALL-UNNAMED --add-opens=java.base/java.nio.charset=ALL-UNNAMED --add-opens=java.base/java.net=ALL-UNNAMED --add-opens=java.base/java.util.concurrent.atomic=ALL-UNNAMED --add-opens=java.xml/javax.xml.namespace=ALL-UNNAMED -Xmx4g -Dfile.encoding=UTF-8 -Duser.country=ID -Duser.language=en -Duser.variant -javaagent:C:\Users\ikhwa\.gradle\wrapper\dists\gradle-8.13-bin\5xuhj0ry160q40clulazy9h7d\gradle-8.13\lib\agents\gradle-instrumentation-agent-8.13.jar 
java_command: org.gradle.launcher.daemon.bootstrap.GradleDaemon 8.13
java_class_path (initial): C:\Users\ikhwa\.gradle\wrapper\dists\gradle-8.13-bin\5xuhj0ry160q40clulazy9h7d\gradle-8.13\lib\gradle-daemon-main-8.13.jar
Launcher Type: SUN_STANDARD

[Global flags]
     intx CICompilerCount                          = 4                                         {product} {ergonomic}
     uint ConcGCThreads                            = 3                                         {product} {ergonomic}
     uint G1ConcRefinementThreads                  = 10                                        {product} {ergonomic}
   size_t G1HeapRegionSize                         = 2097152                                   {product} {ergonomic}
    uintx GCDrainStackTargetSize                   = 64                                        {product} {ergonomic}
   size_t InitialHeapSize                          = 123731968                                 {product} {ergonomic}
   size_t MarkStackSize                            = 4194304                                   {product} {ergonomic}
   size_t MaxHeapSize                              = 4294967296                                {product} {command line}
   size_t MaxNewSize                               = 2575302656                                {product} {ergonomic}
   size_t MinHeapDeltaBytes                        = 2097152                                   {product} {ergonomic}
   size_t MinHeapSize                              = 8388608                                   {product} {ergonomic}
    uintx NonNMethodCodeHeapSize                   = 5839372                                {pd product} {ergonomic}
    uintx NonProfiledCodeHeapSize                  = 122909434                              {pd product} {ergonomic}
    uintx ProfiledCodeHeapSize                     = 122909434                              {pd product} {ergonomic}
    uintx ReservedCodeCacheSize                    = 251658240                              {pd product} {ergonomic}
     bool SegmentedCodeCache                       = true                                      {product} {ergonomic}
   size_t SoftMaxHeapSize                          = 4294967296                             {manageable} {ergonomic}
     bool UseCompressedOops                        = true                           {product lp64_product} {ergonomic}
     bool UseG1GC                                  = true                                      {product} {ergonomic}
     bool UseLargePagesIndividualAllocation        = false                                  {pd product} {ergonomic}

Logging:
Log output configuration:
 #0: stdout all=warning uptime,level,tags foldmultilines=false
 #1: stderr all=off uptime,level,tags foldmultilines=false

Environment Variables:
PATH=C:\Program Files (x86)\Common Files\Oracle\Java\java8path;C:\Program Files (x86)\Common Files\Oracle\Java\javapath;C:\Python313\Scripts\;C:\Python313\;C:\PROGRA~2\Borland\CBuilder6\Bin;C:\PROGRA~2\Borland\CBuilder6\Projects\Bpl;C:\windows\system32;C:\windows;C:\windows\System32\Wbem;C:\windows\System32\WindowsPowerShell\v1.0\;C:\windows\System32\OpenSSH\;C:\Program Files\nodejs\;C:\ProgramData\chocolatey\bin;E:\Git\cmd;C:\Users\ikhwa\AppData\Local\Programs\Python\Python311\Scripts\;C:\Users\ikhwa\AppData\Local\Programs\Python\Python311\;C:\Users\ikhwa\AppData\Local\Programs\Python\Launcher\;C:\Users\ikhwa\AppData\Local\Microsoft\WindowsApps;;C:\Users\ikhwa\AppData\Local\Programs\Microsoft VS Code\bin;C:\Users\ikhwa\AppData\Roaming\npm
USERNAME=ikhwa
OS=Windows_NT
PROCESSOR_IDENTIFIER=AMD64 Family 25 Model 80 Stepping 0, AuthenticAMD
TMP=C:\Users\ikhwa\AppData\Local\Temp
TEMP=C:\Users\ikhwa\AppData\Local\Temp




Periodic native trim disabled

JNI global refs:
JNI global refs: 29, weak refs: 12

JNI global refs memory usage: 835, weak refs: 833

Process memory usage:
Resident Set Size: 461444K (5% of 7701124K total physical memory with 303372K free physical memory)

OOME stack traces (most recent first):
Classloader memory used:
Loader org.gradle.internal.classloader.VisitableURLClassLoader                         : 43564K
Loader bootstrap                                                                       : 23862K
Loader org.gradle.initialization.MixInLegacyTypesClassLoader                           : 10940K
Loader org.gradle.internal.classloader.VisitableURLClassLoader                         : 978K
Loader org.gradle.internal.classloader.VisitableURLClassLoader$InstrumentingVisitableURLClassLoader: 737K
Loader jdk.internal.loader.ClassLoaders$PlatformClassLoader                            : 498K
Loader jdk.internal.reflect.DelegatingClassLoader                                      : 259K
Loader jdk.internal.loader.ClassLoaders$AppClassLoader                                 : 235K
Loader org.gradle.groovy.scripts.internal.DefaultScriptCompilationHandler$ScriptClassLoader: 89336B
Loader org.codehaus.groovy.runtime.callsite.CallSiteClassLoader                        : 47976B

Classes loaded by more than one classloader:
Class org.gradle.api.GradleException                                                  : loaded 3 times (x 80B)
Class Program                                                                         : loaded 3 times (x 70B)
Class org.gradle.internal.classloader.ClassLoaderHierarchy                            : loaded 2 times (x 68B)
Class org.gradle.api.internal.classpath.ManifestUtil                                  : loaded 2 times (x 69B)
Class org.jetbrains.plugins.gradle.model.GradleExtensions                             : loaded 2 times (x 68B)
Class org.jetbrains.plugins.gradle.model.AnnotationProcessingModel                    : loaded 2 times (x 68B)
Class org.gradle.internal.operations.MultipleBuildOperationFailures                   : loaded 2 times (x 93B)
Class org.gradle.internal.classloader.DefaultClassLoaderFactory                       : loaded 2 times (x 80B)
Class kotlin.collections.AbstractList$Companion                                       : loaded 2 times (x 69B)
Class org.gradle.internal.classloader.ClassLoaderVisitor                              : loaded 2 times (x 74B)
Class org.gradle.api.internal.classpath.EffectiveClassPath                            : loaded 2 times (x 88B)
Class org.gradle.tooling.internal.gradle.DefaultProjectIdentifier                     : loaded 2 times (x 84B)
Class org.gradle.api.internal.DefaultClassPathProvider                                : loaded 2 times (x 74B)
Class [Lorg.gradle.api.internal.ClassPathProvider;                                    : loaded 2 times (x 67B)
Class org.gradle.api.internal.ClassPathProvider                                       : loaded 2 times (x 68B)
Class org.gradle.internal.service.UnknownServiceException                             : loaded 2 times (x 81B)
Class org.jetbrains.kotlin.idea.gradleTooling.KotlinDslScriptAdditionalTask           : loaded 2 times (x 68B)
Class org.gradle.internal.classpath.TransformedClassPath                              : loaded 2 times (x 94B)
Class org.gradle.internal.classloader.InstrumentingClassLoader                        : loaded 2 times (x 68B)
Class kotlin.enums.EnumEntriesList                                                    : loaded 2 times (x 221B)
Class org.gradle.internal.classloader.FilteringClassLoader                            : loaded 2 times (x 103B)
Class org.jetbrains.plugins.gradle.model.IntelliJSettings                             : loaded 2 times (x 68B)
Class org.gradle.internal.service.ServiceLocator                                      : loaded 2 times (x 68B)
Class org.gradle.tooling.model.UnsupportedMethodException                             : loaded 2 times (x 80B)
Class ijInit2_xpv0eaknhztxt7on4q1p6fiz                                                : loaded 2 times (x 177B)
Class com.intellij.compose.ide.plugin.gradleTooling.rt.ComposeResourcesModel          : loaded 2 times (x 68B)
Class org.gradle.internal.InternalTransformer                                         : loaded 2 times (x 68B)
Class org.gradle.internal.time.DefaultTimer                                           : loaded 2 times (x 78B)
Class org.gradle.internal.classloader.ClasspathUtil$1                                 : loaded 2 times (x 74B)
Class org.gradle.api.internal.classpath.DefaultModuleRegistry$DefaultModule           : loaded 2 times (x 84B)
Class org.gradle.internal.time.DefaultCountdownTimer                                  : loaded 2 times (x 86B)
Class org.gradle.tooling.internal.gradle.DefaultBuildIdentifier                       : loaded 2 times (x 77B)
Class kotlin.Function                                                                 : loaded 2 times (x 68B)
Class org.gradle.api.internal.classpath.Module                                        : loaded 2 times (x 68B)
Class org.gradle.api.internal.classpath.UnknownModuleException                        : loaded 2 times (x 80B)
Class com.intellij.openapi.externalSystem.model.project.dependencies.ProjectDependencies: loaded 2 times (x 68B)
Class org.gradle.tooling.internal.gradle.GradleProjectIdentity                        : loaded 2 times (x 68B)
Class org.gradle.api.internal.DefaultClassPathRegistry                                : loaded 2 times (x 74B)
Class org.gradle.api.internal.ClassPathRegistry                                       : loaded 2 times (x 68B)
Class org.gradle.internal.classpath.DefaultClassPath$ImmutableUniqueList              : loaded 2 times (x 197B)
Class org.jetbrains.kotlin.idea.gradleTooling.KotlinSourceSetContainer                : loaded 2 times (x 68B)
Class Settings_gradle$1                                                               : loaded 2 times (x 72B)
Class org.gradle.internal.classpath.ClassPath                                         : loaded 2 times (x 68B)
Class org.gradle.api.UncheckedIOException                                             : loaded 2 times (x 80B)
Class org.jetbrains.kotlin.idea.gradleTooling.KotlinGradleModel                       : loaded 2 times (x 68B)
Class org.gradle.tooling.model.Model                                                  : loaded 2 times (x 68B)
Class kotlin.UninitializedPropertyAccessException                                     : loaded 2 times (x 80B)
Class org.jetbrains.plugins.gradle.model.IntelliJProjectSettings                      : loaded 2 times (x 68B)
Class org.gradle.internal.installation.GradleInstallation$1                           : loaded 2 times (x 73B)
Class org.gradle.api.internal.classpath.ModuleRegistry                                : loaded 2 times (x 68B)
Class org.jetbrains.plugins.gradle.model.VersionCatalogsModel                         : loaded 2 times (x 68B)
Class org.gradle.api.internal.classpath.DefaultModuleRegistry                         : loaded 2 times (x 84B)
Class org.gradle.internal.time.MonotonicClock                                         : loaded 2 times (x 75B)
Class org.gradle.internal.service.ServiceLookupException                              : loaded 2 times (x 80B)
Class org.gradle.internal.classloader.ClassLoaderFactory                              : loaded 2 times (x 68B)
Class org.gradle.internal.service.CachingServiceLocator                               : loaded 2 times (x 80B)
Class org.jetbrains.plugins.gradle.model.RepositoryModels                             : loaded 2 times (x 68B)
Class org.gradle.internal.time.TimeSource                                             : loaded 2 times (x 68B)
Class org.gradle.tooling.internal.gradle.GradleBuildIdentity                          : loaded 2 times (x 68B)
Class kotlin.enums.EnumEntries                                                        : loaded 2 times (x 68B)
Class org.gradle.internal.exceptions.ResolutionProvider                               : loaded 2 times (x 68B)
Class org.gradle.tooling.model.ProjectIdentifier                                      : loaded 2 times (x 68B)
Class org.gradle.internal.classloader.ClasspathUtil                                   : loaded 2 times (x 69B)
Class org.gradle.internal.time.TimeSource$1                                           : loaded 2 times (x 75B)
Class kotlin.jvm.internal.DefaultConstructorMarker                                    : loaded 2 times (x 69B)
Class org.gradle.api.specs.Spec                                                       : loaded 2 times (x 68B)
Class org.gradle.internal.time.Clock                                                  : loaded 2 times (x 68B)
Class kotlin.collections.AbstractList                                                 : loaded 2 times (x 195B)
Class kotlin.collections.AbstractCollection                                           : loaded 2 times (x 115B)
Class sync_studio_tooling1_1z2w1kf6rs57ilskmu0kvshkc                                  : loaded 2 times (x 177B)
Class org.gradle.internal.classloader.VisitableURLClassLoader$InstrumentingVisitableURLClassLoader: loaded 2 times (x 121B)
Class org.gradle.internal.classloader.VisitableURLClassLoader$Spec                    : loaded 2 times (x 72B)
Class org.gradle.internal.classpath.DefaultClassPath                                  : loaded 2 times (x 88B)
Class org.gradle.internal.classloader.ClassLoaderSpec                                 : loaded 2 times (x 69B)
Class Settings_gradle$1$1                                                             : loaded 2 times (x 72B)
Class kotlin.Unit                                                                     : loaded 2 times (x 69B)
Class org.gradle.internal.classloader.VisitableURLClassLoader                         : loaded 2 times (x 115B)
Class Settings_gradle                                                                 : loaded 2 times (x 126B)
Class org.gradle.internal.Cast                                                        : loaded 2 times (x 69B)
Class org.gradle.api.Action                                                           : loaded 2 times (x 68B)
Class kotlin.jvm.functions.Function1                                                  : loaded 2 times (x 68B)
Class org.gradle.internal.classpath.DefaultClassPath$ImmutableUniqueList$Builder      : loaded 2 times (x 73B)
Class kotlin.NotImplementedError                                                      : loaded 2 times (x 80B)
Class org.gradle.internal.exceptions.NonGradleCauseExceptionsHolder                   : loaded 2 times (x 68B)
Class org.jetbrains.plugins.gradle.tooling.ModelBuilderService$Parameter              : loaded 2 times (x 68B)
Class kotlin.enums.EnumEntriesKt                                                      : loaded 2 times (x 69B)
Class org.gradle.internal.IoActions                                                   : loaded 2 times (x 69B)
Class org.gradle.internal.classloader.SystemClassLoaderSpec                           : loaded 2 times (x 69B)
Class org.gradle.internal.exceptions.MultiCauseException                              : loaded 2 times (x 68B)
Class org.gradle.internal.time.CountdownTimer                                         : loaded 2 times (x 68B)
Class kotlin.jvm.internal.Intrinsics                                                  : loaded 2 times (x 69B)
Class org.gradle.tooling.model.ProjectModel                                           : loaded 2 times (x 68B)
Class kotlin.KotlinNullPointerException                                               : loaded 2 times (x 81B)
Class org.jetbrains.plugins.gradle.model.tests.ExternalTestsModel                     : loaded 2 times (x 68B)
Class org.gradle.internal.exceptions.DefaultMultiCauseException                       : loaded 2 times (x 93B)
Class org.gradle.internal.time.Time                                                   : loaded 2 times (x 69B)
Class org.jetbrains.plugins.gradle.model.DependencyAccessorsModel                     : loaded 2 times (x 68B)
Class org.gradle.api.internal.classpath.GlobalCacheRootsProvider                      : loaded 2 times (x 68B)
Class org.jetbrains.kotlin.idea.gradleTooling.KotlinMPPGradleModel                    : loaded 2 times (x 68B)
Class org.gradle.tooling.model.BuildIdentifier                                        : loaded 2 times (x 68B)
Class org.jetbrains.kotlin.idea.gradleTooling.PrepareKotlinIdeImportTaskModel         : loaded 2 times (x 68B)
Class org.gradle.internal.time.Timer                                                  : loaded 2 times (x 68B)
Class kotlin.jvm.internal.markers.KMappedMarker                                       : loaded 2 times (x 68B)
Class org.gradle.internal.installation.CurrentGradleInstallationLocator               : loaded 2 times (x 69B)
Class org.gradle.internal.service.DefaultServiceLocator                               : loaded 2 times (x 81B)
Class org.gradle.util.GradleVersion                                                   : loaded 2 times (x 77B)
Class org.gradle.internal.installation.CurrentGradleInstallation                      : loaded 2 times (x 71B)
Class org.jetbrains.plugins.gradle.javaModel.JavaGradleManifestModel                  : loaded 2 times (x 68B)
Class org.gradle.util.internal.GUtil                                                  : loaded 2 times (x 69B)
Class org.gradle.internal.installation.GradleInstallation                             : loaded 2 times (x 73B)

---------------  S Y S T E M  ---------------

OS:
 Windows 11 , 64 bit Build 22621 (10.0.22621.5415)
OS uptime: 0 days 1:19 hours
Hyper-V role detected

CPU: total 12 (initial active 12) (12 cores per cpu, 2 threads per core) family 25 model 80 stepping 0 microcode 0x0, cx8, cmov, fxsr, ht, mmx, 3dnowpref, sse, sse2, sse3, ssse3, sse4a, sse4.1, sse4.2, popcnt, lzcnt, tsc, tscinvbit, avx, avx2, aes, erms, clmul, bmi1, bmi2, adx, sha, fma, vzeroupper, clflush, clflushopt, hv, rdtscp, rdpid, fsrm, f16c, cet_ss
Processor Information for processor 0
  Max Mhz: 2301, Current Mhz: 1798, Mhz Limit: 2301
Processor Information for processor 1
  Max Mhz: 2301, Current Mhz: 2301, Mhz Limit: 2301
Processor Information for processor 2
  Max Mhz: 2301, Current Mhz: 1798, Mhz Limit: 2301
Processor Information for processor 3
  Max Mhz: 2301, Current Mhz: 2301, Mhz Limit: 2301
Processor Information for processor 4
  Max Mhz: 2301, Current Mhz: 1798, Mhz Limit: 2301
Processor Information for processor 5
  Max Mhz: 2301, Current Mhz: 1798, Mhz Limit: 2301
Processor Information for processor 6
  Max Mhz: 2301, Current Mhz: 1798, Mhz Limit: 2301
Processor Information for processor 7
  Max Mhz: 2301, Current Mhz: 1798, Mhz Limit: 2301
Processor Information for processor 8
  Max Mhz: 2301, Current Mhz: 1798, Mhz Limit: 2301
Processor Information for processor 9
  Max Mhz: 2301, Current Mhz: 1798, Mhz Limit: 2301
Processor Information for processor 10
  Max Mhz: 2301, Current Mhz: 1798, Mhz Limit: 2301
Processor Information for processor 11
  Max Mhz: 2301, Current Mhz: 2301, Mhz Limit: 2301

Memory: 4k page, system-wide physical 7520M (304M free)
TotalPageFile size 17269M (AvailPageFile size 6M)
current process WorkingSet (physical memory assigned to process): 450M, peak: 452M
current process commit charge ("private bytes"): 494M, peak: 497M

vm_info: OpenJDK 64-Bit Server VM (21.0.7+-13880790-b1038.58) for windows-amd64 JRE (21.0.7+-13880790-b1038.58), built on 2025-08-04T20:56:21Z by "builder" with MS VC++ 16.10 / 16.11 (VS2019)

END.
