#
# There is insufficient memory for the Java Runtime Environment to continue.
# Native memory allocation (mmap) failed to map 25165824 bytes. Error detail: G1 virtual space
# Possible reasons:
#   The system is out of physical RAM or swap space
#   This process is running with CompressedOops enabled, and the Java Heap may be blocking the growth of the native heap
# Possible solutions:
#   Reduce memory load on the system
#   Increase physical memory or swap space
#   Check if swap backing store is full
#   Decrease Java heap size (-Xmx/-Xms)
#   Decrease number of Java threads
#   Decrease Java thread stack sizes (-Xss)
#   Set larger code cache with -XX:ReservedCodeCacheSize=
#   JVM is running with Zero Based Compressed Oops mode in which the Java heap is
#     placed in the first 32GB address space. The Java Heap base address is the
#     maximum limit for the native heap growth. Please use -XX:HeapBaseMinAddress
#     to set the Java Heap base and to place the Java Heap above 32GB virtual address.
# This output file may be truncated or incomplete.
#
#  Out of Memory Error (os_windows.cpp:3898), pid=1052, tid=11956
#
# JRE version: OpenJDK Runtime Environment (21.0.7) (build 21.0.7+-13880790-b1038.58)
# Java VM: OpenJDK 64-Bit Server VM (21.0.7+-13880790-b1038.58, mixed mode, tiered, compressed oops, compressed class ptrs, g1 gc, windows-amd64)
# No core dump will be written. Minidumps are not enabled by default on client versions of Windows
#

---------------  S U M M A R Y ------------

Command Line: --add-opens=java.base/java.lang=ALL-UNNAMED --add-opens=java.base/java.lang.invoke=ALL-UNNAMED --add-opens=java.base/java.util=ALL-UNNAMED --add-opens=java.prefs/java.util.prefs=ALL-UNNAMED --add-exports=jdk.compiler/com.sun.tools.javac.api=ALL-UNNAMED --add-exports=jdk.compiler/com.sun.tools.javac.util=ALL-UNNAMED --add-opens=java.base/java.util=ALL-UNNAMED --add-opens=java.prefs/java.util.prefs=ALL-UNNAMED --add-opens=java.base/java.nio.charset=ALL-UNNAMED --add-opens=java.base/java.net=ALL-UNNAMED --add-opens=java.base/java.util.concurrent.atomic=ALL-UNNAMED --add-opens=java.xml/javax.xml.namespace=ALL-UNNAMED -Xmx4g -Dfile.encoding=UTF-8 -Duser.country=ID -Duser.language=en -Duser.variant -javaagent:C:\Users\ikhwa\.gradle\wrapper\dists\gradle-8.13-bin\5xuhj0ry160q40clulazy9h7d\gradle-8.13\lib\agents\gradle-instrumentation-agent-8.13.jar org.gradle.launcher.daemon.bootstrap.GradleDaemon 8.13

Host: AMD Ryzen 5 5625U with Radeon Graphics         , 12 cores, 7G,  Windows 11 , 64 bit Build 22621 (10.0.22621.5415)
Time: Thu Dec 18 23:24:27 2025 SE Asia Standard Time elapsed time: 6.124297 seconds (0d 0h 0m 6s)

---------------  T H R E A D  ---------------

Current thread (0x000002d3d409b9d0):  VMThread "VM Thread"          [id=11956, stack(0x000000eeb8900000,0x000000eeb8a00000) (1024K)]

Stack: [0x000000eeb8900000,0x000000eeb8a00000]
Native frames: (J=compiled Java code, j=interpreted, Vv=VM code, C=native code)
V  [jvm.dll+0x6d25c9]
V  [jvm.dll+0x860923]
V  [jvm.dll+0x862e7e]
V  [jvm.dll+0x863563]
V  [jvm.dll+0x27f156]
V  [jvm.dll+0x6ceee5]
V  [jvm.dll+0x6c29aa]
V  [jvm.dll+0x355ebb]
V  [jvm.dll+0x35db16]
V  [jvm.dll+0x3afb16]
V  [jvm.dll+0x3afde8]
V  [jvm.dll+0x32855c]
V  [jvm.dll+0x3285e7]
V  [jvm.dll+0x36e47c]
V  [jvm.dll+0x36cc2e]
V  [jvm.dll+0x327cb1]
V  [jvm.dll+0x36c65b]
V  [jvm.dll+0x8692e8]
V  [jvm.dll+0x86a664]
V  [jvm.dll+0x86aba0]
V  [jvm.dll+0x86ae33]
V  [jvm.dll+0x808d08]
V  [jvm.dll+0x6d0e1d]
C  [ucrtbase.dll+0x29333]
C  [KERNEL32.DLL+0x1259d]
C  [ntdll.dll+0x5af78]

VM_Operation (0x000000eeba5f6550): G1TryInitiateConcMark, mode: safepoint, requested by thread 0x000002d3dadd5770


---------------  P R O C E S S  ---------------

Threads class SMR info:
_java_thread_list=0x000002d3d49c8d30, length=50, elements={
0x000002d3b7912c30, 0x000002d3d4246a60, 0x000002d3d425aed0, 0x000002d3d425dd00,
0x000002d3d4267ea0, 0x000002d3d4270c20, 0x000002d3d4279690, 0x000002d3d427a0f0,
0x000002d3d4283610, 0x000002d3d4287810, 0x000002d3d4601a90, 0x000002d3d4639c60,
0x000002d3d4639590, 0x000002d3da854220, 0x000002d3daa3ab00, 0x000002d3daac8870,
0x000002d3dadac420, 0x000002d3dad7b5a0, 0x000002d3dade20e0, 0x000002d3dadd5770,
0x000002d3dadd8090, 0x000002d3dadd7370, 0x000002d3dadd8720, 0x000002d3dadd9440,
0x000002d3dadd7a00, 0x000002d3dadd8db0, 0x000002d3dadd6650, 0x000002d3dadd6ce0,
0x000002d3dc6ab100, 0x000002d3dc6abe20, 0x000002d3dc6adef0, 0x000002d3dc6ad860,
0x000002d3dc6ac4b0, 0x000002d3dc6ab790, 0x000002d3dc6ae580, 0x000002d3dc6acb40,
0x000002d3dc6ad1d0, 0x000002d3dd4896a0, 0x000002d3dd4882f0, 0x000002d3dd483ac0,
0x000002d3dd488980, 0x000002d3dd4847e0, 0x000002d3dd484e70, 0x000002d3dd484150,
0x000002d3dd4875d0, 0x000002d3dd485b90, 0x000002d3dd4868b0, 0x000002d3dd486220,
0x000002d3dd486f40, 0x000002d3dd483430
}

Java Threads: ( => current thread )
  0x000002d3b7912c30 JavaThread "main"                              [_thread_blocked, id=20104, stack(0x000000eeb8200000,0x000000eeb8300000) (1024K)]
  0x000002d3d4246a60 JavaThread "Common-Cleaner"             daemon [_thread_blocked, id=19888, stack(0x000000eeb8a00000,0x000000eeb8b00000) (1024K)]
  0x000002d3d425aed0 JavaThread "Reference Handler"          daemon [_thread_blocked, id=20352, stack(0x000000eeb8b00000,0x000000eeb8c00000) (1024K)]
  0x000002d3d425dd00 JavaThread "Finalizer"                  daemon [_thread_blocked, id=19604, stack(0x000000eeb8c00000,0x000000eeb8d00000) (1024K)]
  0x000002d3d4267ea0 JavaThread "Signal Dispatcher"          daemon [_thread_blocked, id=13848, stack(0x000000eeb8d00000,0x000000eeb8e00000) (1024K)]
  0x000002d3d4270c20 JavaThread "Attach Listener"            daemon [_thread_blocked, id=16872, stack(0x000000eeb8e00000,0x000000eeb8f00000) (1024K)]
  0x000002d3d4279690 JavaThread "Service Thread"             daemon [_thread_blocked, id=20304, stack(0x000000eeb8f00000,0x000000eeb9000000) (1024K)]
  0x000002d3d427a0f0 JavaThread "Monitor Deflation Thread"   daemon [_thread_blocked, id=20012, stack(0x000000eeb9000000,0x000000eeb9100000) (1024K)]
  0x000002d3d4283610 JavaThread "C2 CompilerThread0"         daemon [_thread_blocked, id=19892, stack(0x000000eeb9100000,0x000000eeb9200000) (1024K)]
  0x000002d3d4287810 JavaThread "C1 CompilerThread0"         daemon [_thread_blocked, id=11208, stack(0x000000eeb9200000,0x000000eeb9300000) (1024K)]
  0x000002d3d4601a90 JavaThread "Notification Thread"        daemon [_thread_blocked, id=7836, stack(0x000000eeb9300000,0x000000eeb9400000) (1024K)]
  0x000002d3d4639c60 JavaThread "C2 CompilerThread1"         daemon [_thread_blocked, id=14324, stack(0x000000eeb9400000,0x000000eeb9500000) (1024K)]
  0x000002d3d4639590 JavaThread "C2 CompilerThread2"         daemon [_thread_blocked, id=17176, stack(0x000000eeb9500000,0x000000eeb9600000) (1024K)]
  0x000002d3da854220 JavaThread "Daemon health stats"               [_thread_blocked, id=19608, stack(0x000000eeb9a00000,0x000000eeb9b00000) (1024K)]
  0x000002d3daa3ab00 JavaThread "Incoming local TCP Connector on port 18155"        [_thread_in_native, id=10296, stack(0x000000eeb9b00000,0x000000eeb9c00000) (1024K)]
  0x000002d3daac8870 JavaThread "Daemon periodic checks"            [_thread_blocked, id=19620, stack(0x000000eeb9c00000,0x000000eeb9d00000) (1024K)]
  0x000002d3dadac420 JavaThread "Daemon"                            [_thread_blocked, id=16292, stack(0x000000eeb9d00000,0x000000eeb9e00000) (1024K)]
  0x000002d3dad7b5a0 JavaThread "Handler for socket connection from /127.0.0.1:18155 to /127.0.0.1:18156"        [_thread_in_native, id=20224, stack(0x000000eeb9e00000,0x000000eeb9f00000) (1024K)]
  0x000002d3dade20e0 JavaThread "Cancel handler"                    [_thread_blocked, id=8232, stack(0x000000eeba400000,0x000000eeba500000) (1024K)]
  0x000002d3dadd5770 JavaThread "Daemon worker"                     [_thread_blocked, id=20148, stack(0x000000eeba500000,0x000000eeba600000) (1024K)]
  0x000002d3dadd8090 JavaThread "Asynchronous log dispatcher for DefaultDaemonConnection: socket connection from /127.0.0.1:18155 to /127.0.0.1:18156"        [_thread_blocked, id=20004, stack(0x000000eeba600000,0x000000eeba700000) (1024K)]
  0x000002d3dadd7370 JavaThread "Stdin handler"                     [_thread_blocked, id=19716, stack(0x000000eeba700000,0x000000eeba800000) (1024K)]
  0x000002d3dadd8720 JavaThread "Daemon client event forwarder"        [_thread_blocked, id=11376, stack(0x000000eeba800000,0x000000eeba900000) (1024K)]
  0x000002d3dadd9440 JavaThread "Cache worker for journal cache (C:\Users\ikhwa\.gradle\caches\journal-1)"        [_thread_blocked, id=8816, stack(0x000000eebab00000,0x000000eebac00000) (1024K)]
  0x000002d3dadd7a00 JavaThread "File lock request listener"        [_thread_in_native, id=11920, stack(0x000000eebac00000,0x000000eebad00000) (1024K)]
  0x000002d3dadd8db0 JavaThread "Cache worker for file hash cache (C:\Users\ikhwa\.gradle\caches\8.13\fileHashes)"        [_thread_blocked, id=21472, stack(0x000000eebad00000,0x000000eebae00000) (1024K)]
  0x000002d3dadd6650 JavaThread "Cache worker for file hash cache (D:\Andalib_PTB\.gradle\8.13\fileHashes)"        [_thread_blocked, id=19372, stack(0x000000eebae00000,0x000000eebaf00000) (1024K)]
  0x000002d3dadd6ce0 JavaThread "Cache worker for Build Output Cleanup Cache (D:\Andalib_PTB\.gradle\buildOutputCleanup)"        [_thread_blocked, id=20356, stack(0x000000eebaf00000,0x000000eebb000000) (1024K)]
  0x000002d3dc6ab100 JavaThread "File watcher server"        daemon [_thread_in_native, id=7640, stack(0x000000eebb000000,0x000000eebb100000) (1024K)]
  0x000002d3dc6abe20 JavaThread "File watcher consumer"      daemon [_thread_blocked, id=20116, stack(0x000000eebb100000,0x000000eebb200000) (1024K)]
  0x000002d3dc6adef0 JavaThread "jar transforms"                    [_thread_blocked, id=18620, stack(0x000000eebb200000,0x000000eebb300000) (1024K)]
  0x000002d3dc6ad860 JavaThread "jar transforms Thread 2"           [_thread_blocked, id=19780, stack(0x000000eebb300000,0x000000eebb400000) (1024K)]
  0x000002d3dc6ac4b0 JavaThread "jar transforms Thread 3"           [_thread_blocked, id=17532, stack(0x000000eebb400000,0x000000eebb500000) (1024K)]
  0x000002d3dc6ab790 JavaThread "jar transforms Thread 4"           [_thread_blocked, id=19540, stack(0x000000eebb500000,0x000000eebb600000) (1024K)]
  0x000002d3dc6ae580 JavaThread "jar transforms Thread 5"           [_thread_blocked, id=13672, stack(0x000000eebb600000,0x000000eebb700000) (1024K)]
  0x000002d3dc6acb40 JavaThread "jar transforms Thread 6"           [_thread_blocked, id=20164, stack(0x000000eebb700000,0x000000eebb800000) (1024K)]
  0x000002d3dc6ad1d0 JavaThread "jar transforms Thread 7"           [_thread_blocked, id=20244, stack(0x000000eebb800000,0x000000eebb900000) (1024K)]
  0x000002d3dd4896a0 JavaThread "jar transforms Thread 8"           [_thread_blocked, id=19876, stack(0x000000eebb900000,0x000000eebba00000) (1024K)]
  0x000002d3dd4882f0 JavaThread "jar transforms Thread 9"           [_thread_blocked, id=18904, stack(0x000000eebba00000,0x000000eebbb00000) (1024K)]
  0x000002d3dd483ac0 JavaThread "jar transforms Thread 10"          [_thread_blocked, id=17112, stack(0x000000eebbb00000,0x000000eebbc00000) (1024K)]
  0x000002d3dd488980 JavaThread "jar transforms Thread 11"          [_thread_blocked, id=19684, stack(0x000000eebbc00000,0x000000eebbd00000) (1024K)]
  0x000002d3dd4847e0 JavaThread "jar transforms Thread 12"          [_thread_blocked, id=20020, stack(0x000000eebbd00000,0x000000eebbe00000) (1024K)]
  0x000002d3dd484e70 JavaThread "Cache worker for checksums cache (D:\Andalib_PTB\.gradle\8.13\checksums)"        [_thread_blocked, id=6036, stack(0x000000eebbe00000,0x000000eebbf00000) (1024K)]
  0x000002d3dd484150 JavaThread "Cache worker for file content cache (C:\Users\ikhwa\.gradle\caches\8.13\fileContent)"        [_thread_blocked, id=14304, stack(0x000000eebbf00000,0x000000eebc000000) (1024K)]
  0x000002d3dd4875d0 JavaThread "Cache worker for cache directory md-supplier (C:\Users\ikhwa\.gradle\caches\8.13\md-supplier)"        [_thread_blocked, id=19492, stack(0x000000eebc000000,0x000000eebc100000) (1024K)]
  0x000002d3dd485b90 JavaThread "Cache worker for cache directory md-rule (C:\Users\ikhwa\.gradle\caches\8.13\md-rule)"        [_thread_blocked, id=9668, stack(0x000000eebc100000,0x000000eebc200000) (1024K)]
  0x000002d3dd4868b0 JavaThread "Unconstrained build operations"        [_thread_blocked, id=20212, stack(0x000000eebc200000,0x000000eebc300000) (1024K)]
  0x000002d3dd486220 JavaThread "Unconstrained build operations Thread 2"        [_thread_blocked, id=19828, stack(0x000000eebc300000,0x000000eebc400000) (1024K)]
  0x000002d3dd486f40 JavaThread "Unconstrained build operations Thread 3"        [_thread_blocked, id=8296, stack(0x000000eebc400000,0x000000eebc500000) (1024K)]
  0x000002d3dd483430 JavaThread "Unconstrained build operations Thread 4"        [_thread_blocked, id=19924, stack(0x000000eebc500000,0x000000eebc600000) (1024K)]
Total: 50

Other Threads:
=>0x000002d3d409b9d0 VMThread "VM Thread"                           [id=11956, stack(0x000000eeb8900000,0x000000eeb8a00000) (1024K)]
  0x000002d3d403bd10 WatcherThread "VM Periodic Task Thread"        [id=19696, stack(0x000000eeb8800000,0x000000eeb8900000) (1024K)]
  0x000002d3b9e05ae0 WorkerThread "GC Thread#0"                     [id=19912, stack(0x000000eeb8300000,0x000000eeb8400000) (1024K)]
  0x000002d3d462bc00 WorkerThread "GC Thread#1"                     [id=20056, stack(0x000000eeb9600000,0x000000eeb9700000) (1024K)]
  0x000002d3d46615d0 WorkerThread "GC Thread#2"                     [id=9472, stack(0x000000eeb9700000,0x000000eeb9800000) (1024K)]
  0x000002d3d93d8430 WorkerThread "GC Thread#3"                     [id=19936, stack(0x000000eeb9800000,0x000000eeb9900000) (1024K)]
  0x000002d3d96703f0 WorkerThread "GC Thread#4"                     [id=11328, stack(0x000000eeb9900000,0x000000eeb9a00000) (1024K)]
  0x000002d3dad71dd0 WorkerThread "GC Thread#5"                     [id=12916, stack(0x000000eeb9f00000,0x000000eeba000000) (1024K)]
  0x000002d3dad72510 WorkerThread "GC Thread#6"                     [id=20176, stack(0x000000eeba000000,0x000000eeba100000) (1024K)]
  0x000002d3dad72ff0 WorkerThread "GC Thread#7"                     [id=20320, stack(0x000000eeba100000,0x000000eeba200000) (1024K)]
  0x000002d3dad728b0 WorkerThread "GC Thread#8"                     [id=10952, stack(0x000000eeba200000,0x000000eeba300000) (1024K)]
  0x000002d3dad72170 WorkerThread "GC Thread#9"                     [id=20196, stack(0x000000eeba300000,0x000000eeba400000) (1024K)]
  0x000002d3b9e16ac0 ConcurrentGCThread "G1 Main Marker"            [id=20200, stack(0x000000eeb8400000,0x000000eeb8500000) (1024K)]
  0x000002d3b9e17730 WorkerThread "G1 Conc#0"                       [id=20344, stack(0x000000eeb8500000,0x000000eeb8600000) (1024K)]
  0x000002d3dad72c50 WorkerThread "G1 Conc#1"                       [id=18936, stack(0x000000eeba900000,0x000000eebaa00000) (1024K)]
  0x000002d3dad71690 WorkerThread "G1 Conc#2"                       [id=3280, stack(0x000000eebaa00000,0x000000eebab00000) (1024K)]
  0x000002d3b9e5ea30 ConcurrentGCThread "G1 Refine#0"               [id=19600, stack(0x000000eeb8600000,0x000000eeb8700000) (1024K)]
  0x000002d3d3f0f760 ConcurrentGCThread "G1 Service"                [id=20080, stack(0x000000eeb8700000,0x000000eeb8800000) (1024K)]
Total: 18

Threads with active compile tasks:
C2 CompilerThread1  6152 5174       4       java.lang.invoke.MethodType::makeImpl (109 bytes)
Total: 1

VM state: at safepoint (normal execution)

VM Mutex/Monitor currently owned by a thread:  ([mutex/lock_event])
[0x00007ffac1a01468] Threads_lock - owner thread: 0x000002d3d409b9d0
[0x00007ffac1a01568] Heap_lock - owner thread: 0x000002d3dadd5770

Heap address: 0x0000000700000000, size: 4096 MB, Compressed Oops mode: Zero based, Oop shift amount: 3

CDS archive(s) not mapped
Compressed class space mapped at: 0x0000000800000000-0x0000000840000000, reserved size: 1073741824
Narrow klass base: 0x0000000800000000, Narrow klass shift: 0, Narrow klass range: 0x40000000

GC Precious Log:
 CardTable entry size: 512
 Card Set container configuration: InlinePtr #cards 4 size 8 Array Of Cards #cards 16 size 48 Howl #buckets 8 coarsen threshold 3686 Howl Bitmap #cards 512 size 80 coarsen threshold 460 Card regions per heap region 1 cards per card region 4096
 CPUs: 12 total, 12 available
 Memory: 7520M
 Large Page Support: Disabled
 NUMA Support: Disabled
 Compressed Oops: Enabled (Zero based)
 Heap Region Size: 2M
 Heap Min Capacity: 8M
 Heap Initial Capacity: 118M
 Heap Max Capacity: 4G
 Pre-touch: Disabled
 Parallel Workers: 10
 Concurrent Workers: 3
 Concurrent Refinement Workers: 10
 Periodic GC: Disabled

Heap:
 garbage-first heap   total 122880K, used 70895K [0x0000000700000000, 0x0000000800000000)
  region size 2048K, 2 young (4096K), 2 survivors (4096K)
 Metaspace       used 56979K, committed 58496K, reserved 1114112K
  class space    used 7920K, committed 8640K, reserved 1048576K

Heap Regions: E=young(eden), S=young(survivor), O=old, HS=humongous(starts), HC=humongous(continues), CS=collection set, F=free, TAMS=top-at-mark-start, PB=parsable bottom
|   0|0x0000000700000000, 0x0000000700200000, 0x0000000700200000|100%|HS|  |TAMS 0x0000000700200000| PB 0x0000000700000000| Complete 
|   1|0x0000000700200000, 0x0000000700400000, 0x0000000700400000|100%|HC|  |TAMS 0x0000000700400000| PB 0x0000000700200000| Complete 
|   2|0x0000000700400000, 0x0000000700600000, 0x0000000700600000|100%| O|  |TAMS 0x0000000700600000| PB 0x0000000700400000| Untracked 
|   3|0x0000000700600000, 0x0000000700800000, 0x0000000700800000|100%| O|  |TAMS 0x0000000700800000| PB 0x0000000700600000| Untracked 
|   4|0x0000000700800000, 0x0000000700a00000, 0x0000000700a00000|100%| O|  |TAMS 0x0000000700a00000| PB 0x0000000700800000| Untracked 
|   5|0x0000000700a00000, 0x0000000700c00000, 0x0000000700c00000|100%| O|  |TAMS 0x0000000700c00000| PB 0x0000000700a00000| Untracked 
|   6|0x0000000700c00000, 0x0000000700e00000, 0x0000000700e00000|100%| O|  |TAMS 0x0000000700e00000| PB 0x0000000700c00000| Untracked 
|   7|0x0000000700e00000, 0x0000000701000000, 0x0000000701000000|100%| O|  |TAMS 0x0000000701000000| PB 0x0000000700e00000| Untracked 
|   8|0x0000000701000000, 0x0000000701200000, 0x0000000701200000|100%| O|  |TAMS 0x0000000701200000| PB 0x0000000701000000| Untracked 
|   9|0x0000000701200000, 0x0000000701400000, 0x0000000701400000|100%|HS|  |TAMS 0x0000000701400000| PB 0x0000000701200000| Complete 
|  10|0x0000000701400000, 0x0000000701600000, 0x0000000701600000|100%| O|  |TAMS 0x0000000701600000| PB 0x0000000701400000| Untracked 
|  11|0x0000000701600000, 0x0000000701800000, 0x0000000701800000|100%|HS|  |TAMS 0x0000000701800000| PB 0x0000000701600000| Complete 
|  12|0x0000000701800000, 0x0000000701a00000, 0x0000000701a00000|100%|HC|  |TAMS 0x0000000701a00000| PB 0x0000000701800000| Complete 
|  13|0x0000000701a00000, 0x0000000701c00000, 0x0000000701c00000|100%|HC|  |TAMS 0x0000000701c00000| PB 0x0000000701a00000| Complete 
|  14|0x0000000701c00000, 0x0000000701e00000, 0x0000000701e00000|100%| O|  |TAMS 0x0000000701e00000| PB 0x0000000701c00000| Untracked 
|  15|0x0000000701e00000, 0x0000000702000000, 0x0000000702000000|100%| O|  |TAMS 0x0000000702000000| PB 0x0000000701e00000| Untracked 
|  16|0x0000000702000000, 0x0000000702200000, 0x0000000702200000|100%| O|  |TAMS 0x0000000702200000| PB 0x0000000702000000| Untracked 
|  17|0x0000000702200000, 0x0000000702400000, 0x0000000702400000|100%|HS|  |TAMS 0x0000000702400000| PB 0x0000000702200000| Complete 
|  18|0x0000000702400000, 0x0000000702600000, 0x0000000702600000|100%|HC|  |TAMS 0x0000000702600000| PB 0x0000000702400000| Complete 
|  19|0x0000000702600000, 0x0000000702800000, 0x0000000702800000|100%| O|  |TAMS 0x0000000702800000| PB 0x0000000702600000| Untracked 
|  20|0x0000000702800000, 0x0000000702a00000, 0x0000000702a00000|100%| O|  |TAMS 0x0000000702a00000| PB 0x0000000702800000| Untracked 
|  21|0x0000000702a00000, 0x0000000702c00000, 0x0000000702c00000|100%|HS|  |TAMS 0x0000000702c00000| PB 0x0000000702a00000| Complete 
|  22|0x0000000702c00000, 0x0000000702e00000, 0x0000000702e00000|100%|HC|  |TAMS 0x0000000702e00000| PB 0x0000000702c00000| Complete 
|  23|0x0000000702e00000, 0x0000000703000000, 0x0000000703000000|100%|HC|  |TAMS 0x0000000703000000| PB 0x0000000702e00000| Complete 
|  24|0x0000000703000000, 0x0000000703200000, 0x0000000703200000|100%|HS|  |TAMS 0x0000000703200000| PB 0x0000000703000000| Complete 
|  25|0x0000000703200000, 0x0000000703400000, 0x0000000703400000|100%|HC|  |TAMS 0x0000000703400000| PB 0x0000000703200000| Complete 
|  26|0x0000000703400000, 0x0000000703600000, 0x0000000703600000|100%| O|  |TAMS 0x0000000703600000| PB 0x0000000703400000| Untracked 
|  27|0x0000000703600000, 0x0000000703800000, 0x0000000703800000|100%|HS|  |TAMS 0x0000000703800000| PB 0x0000000703600000| Complete 
|  28|0x0000000703800000, 0x0000000703a00000, 0x0000000703a00000|100%| O|  |TAMS 0x0000000703a00000| PB 0x0000000703800000| Untracked 
|  29|0x0000000703a00000, 0x0000000703c00000, 0x0000000703c00000|100%| O|  |TAMS 0x0000000703c00000| PB 0x0000000703a00000| Untracked 
|  30|0x0000000703c00000, 0x0000000703e00000, 0x0000000703e00000|100%| O|  |TAMS 0x0000000703e00000| PB 0x0000000703c00000| Untracked 
|  31|0x0000000703e00000, 0x0000000704000000, 0x0000000704000000|100%| O|  |TAMS 0x0000000703f855b8| PB 0x0000000703e00000| Untracked 
|  32|0x0000000704000000, 0x000000070416af68, 0x0000000704200000| 70%| O|  |TAMS 0x0000000704000000| PB 0x0000000704000000| Untracked 
|  33|0x0000000704200000, 0x0000000704200000, 0x0000000704400000|  0%| F|  |TAMS 0x0000000704200000| PB 0x0000000704200000| Untracked 
|  34|0x0000000704400000, 0x0000000704400000, 0x0000000704600000|  0%| F|  |TAMS 0x0000000704400000| PB 0x0000000704400000| Untracked 
|  35|0x0000000704600000, 0x0000000704600000, 0x0000000704800000|  0%| F|  |TAMS 0x0000000704600000| PB 0x0000000704600000| Untracked 
|  36|0x0000000704800000, 0x0000000704800000, 0x0000000704a00000|  0%| F|  |TAMS 0x0000000704800000| PB 0x0000000704800000| Untracked 
|  37|0x0000000704a00000, 0x0000000704a00000, 0x0000000704c00000|  0%| F|  |TAMS 0x0000000704a00000| PB 0x0000000704a00000| Untracked 
|  38|0x0000000704c00000, 0x0000000704c00000, 0x0000000704e00000|  0%| F|  |TAMS 0x0000000704c00000| PB 0x0000000704c00000| Untracked 
|  39|0x0000000704e00000, 0x0000000704e00000, 0x0000000705000000|  0%| F|  |TAMS 0x0000000704e00000| PB 0x0000000704e00000| Untracked 
|  40|0x0000000705000000, 0x0000000705000000, 0x0000000705200000|  0%| F|  |TAMS 0x0000000705000000| PB 0x0000000705000000| Untracked 
|  41|0x0000000705200000, 0x0000000705200000, 0x0000000705400000|  0%| F|  |TAMS 0x0000000705200000| PB 0x0000000705200000| Untracked 
|  42|0x0000000705400000, 0x0000000705400000, 0x0000000705600000|  0%| F|  |TAMS 0x0000000705400000| PB 0x0000000705400000| Untracked 
|  43|0x0000000705600000, 0x0000000705600000, 0x0000000705800000|  0%| F|  |TAMS 0x0000000705600000| PB 0x0000000705600000| Untracked 
|  44|0x0000000705800000, 0x0000000705800000, 0x0000000705a00000|  0%| F|  |TAMS 0x0000000705800000| PB 0x0000000705800000| Untracked 
|  45|0x0000000705a00000, 0x0000000705a00000, 0x0000000705c00000|  0%| F|  |TAMS 0x0000000705a00000| PB 0x0000000705a00000| Untracked 
|  46|0x0000000705c00000, 0x0000000705c00000, 0x0000000705e00000|  0%| F|  |TAMS 0x0000000705c00000| PB 0x0000000705c00000| Untracked 
|  47|0x0000000705e00000, 0x0000000705fd0f00, 0x0000000706000000| 90%| S|CS|TAMS 0x0000000705e00000| PB 0x0000000705e00000| Complete 
|  48|0x0000000706000000, 0x0000000706200000, 0x0000000706200000|100%| S|CS|TAMS 0x0000000706000000| PB 0x0000000706000000| Complete 
|  49|0x0000000706200000, 0x0000000706200000, 0x0000000706400000|  0%| F|  |TAMS 0x0000000706200000| PB 0x0000000706200000| Untracked 
|  50|0x0000000706400000, 0x0000000706400000, 0x0000000706600000|  0%| F|  |TAMS 0x0000000706400000| PB 0x0000000706400000| Untracked 
|  51|0x0000000706600000, 0x0000000706600000, 0x0000000706800000|  0%| F|  |TAMS 0x0000000706600000| PB 0x0000000706600000| Untracked 
|  52|0x0000000706800000, 0x0000000706800000, 0x0000000706a00000|  0%| F|  |TAMS 0x0000000706800000| PB 0x0000000706800000| Untracked 
|  53|0x0000000706a00000, 0x0000000706a00000, 0x0000000706c00000|  0%| F|  |TAMS 0x0000000706a00000| PB 0x0000000706a00000| Untracked 
|  54|0x0000000706c00000, 0x0000000706c00000, 0x0000000706e00000|  0%| F|  |TAMS 0x0000000706c00000| PB 0x0000000706c00000| Untracked 
|  55|0x0000000706e00000, 0x0000000706e00000, 0x0000000707000000|  0%| F|  |TAMS 0x0000000706e00000| PB 0x0000000706e00000| Untracked 
|  56|0x0000000707000000, 0x0000000707000000, 0x0000000707200000|  0%| F|  |TAMS 0x0000000707000000| PB 0x0000000707000000| Untracked 
|  57|0x0000000707200000, 0x0000000707200000, 0x0000000707400000|  0%| F|  |TAMS 0x0000000707200000| PB 0x0000000707200000| Untracked 
|  58|0x0000000707400000, 0x0000000707400000, 0x0000000707600000|  0%| F|  |TAMS 0x0000000707400000| PB 0x0000000707400000| Untracked 
|  59|0x0000000707600000, 0x0000000707600000, 0x0000000707800000|  0%| F|  |TAMS 0x0000000707600000| PB 0x0000000707600000| Untracked 

Card table byte_map: [0x000002d3ccc40000,0x000002d3cd440000] _byte_map_base: 0x000002d3c9440000

Marking Bits: (CMBitMap*) 0x000002d3b9e061e0
 Bits: [0x000002d3cd440000, 0x000002d3d1440000)

Polling page: 0x000002d3b7bb0000

Metaspace:

Usage:
  Non-class:     47.91 MB used.
      Class:      7.74 MB used.
       Both:     55.64 MB used.

Virtual space:
  Non-class space:       64.00 MB reserved,      48.69 MB ( 76%) committed,  1 nodes.
      Class space:        1.00 GB reserved,       8.44 MB ( <1%) committed,  1 nodes.
             Both:        1.06 GB reserved,      57.12 MB (  5%) committed. 

Chunk freelists:
   Non-Class:  15.15 MB
       Class:  7.60 MB
        Both:  22.75 MB

MaxMetaspaceSize: unlimited
CompressedClassSpaceSize: 1.00 GB
Initial GC threshold: 21.00 MB
Current GC threshold: 92.00 MB
CDS: off
 - commit_granule_bytes: 65536.
 - commit_granule_words: 8192.
 - virtual_space_node_default_size: 8388608.
 - enlarge_chunks_in_place: 1.
 - use_allocation_guard: 0.


Internal statistics:

num_allocs_failed_limit: 9.
num_arena_births: 2804.
num_arena_deaths: 0.
num_vsnodes_births: 2.
num_vsnodes_deaths: 0.
num_space_committed: 914.
num_space_uncommitted: 0.
num_chunks_returned_to_freelist: 9.
num_chunks_taken_from_freelist: 5088.
num_chunk_merges: 9.
num_chunk_splits: 3252.
num_chunks_enlarged: 1917.
num_inconsistent_stats: 0.

CodeHeap 'non-profiled nmethods': size=120000Kb used=2685Kb max_used=2685Kb free=117314Kb
 bounds [0x000002d3c49c0000, 0x000002d3c4c60000, 0x000002d3cbef0000]
CodeHeap 'profiled nmethods': size=120000Kb used=8571Kb max_used=8571Kb free=111428Kb
 bounds [0x000002d3bcef0000, 0x000002d3bd750000, 0x000002d3c4420000]
CodeHeap 'non-nmethods': size=5760Kb used=2696Kb max_used=2734Kb free=3063Kb
 bounds [0x000002d3c4420000, 0x000002d3c46d0000, 0x000002d3c49c0000]
 total_blobs=5387 nmethods=4539 adapters=751
 compilation: enabled
              stopped_count=0, restarted_count=0
 full_count=0

Compilation events (20 events):
Event: 6.109 Thread 0x000002d3d4283610 5342       4       java.util.Arrays::binarySearch (10 bytes)
Event: 6.109 Thread 0x000002d3d4639590 5343       4       java.util.Arrays::binarySearch0 (95 bytes)
Event: 6.111 Thread 0x000002d3d4287810 5344       3       java.util.AbstractList::listIterator (6 bytes)
Event: 6.111 Thread 0x000002d3d4287810 nmethod 5344 0x000002d3bd74ad10 code [0x000002d3bd74aec0, 0x000002d3bd74b098]
Event: 6.111 Thread 0x000002d3d4639590 nmethod 5343 0x000002d3c4c5e910 code [0x000002d3c4c5eac0, 0x000002d3c4c5ec98]
Event: 6.111 Thread 0x000002d3d4287810 5345       3       org.codehaus.groovy.runtime.metaclass.MetaMethodIndex::getMethods (82 bytes)
Event: 6.111 Thread 0x000002d3d4283610 nmethod 5342 0x000002d3c4c5ee90 code [0x000002d3c4c5f040, 0x000002d3c4c5f228]
Event: 6.112 Thread 0x000002d3d4287810 nmethod 5345 0x000002d3bd74b110 code [0x000002d3bd74b320, 0x000002d3bd74b910]
Event: 6.112 Thread 0x000002d3d4287810 5346       3       groovy.lang.MetaClassImpl::getMethods (173 bytes)
Event: 6.113 Thread 0x000002d3d4287810 nmethod 5346 0x000002d3bd74bb90 code [0x000002d3bd74bec0, 0x000002d3bd74d2d8]
Event: 6.113 Thread 0x000002d3d4287810 5348       3       org.codehaus.groovy.util.ComplexKeyHashMap::<init> (11 bytes)
Event: 6.113 Thread 0x000002d3d4287810 nmethod 5348 0x000002d3bd74d910 code [0x000002d3bd74dac0, 0x000002d3bd74de10]
Event: 6.113 Thread 0x000002d3d4287810 5349       3       org.codehaus.groovy.util.ComplexKeyHashMap::init (20 bytes)
Event: 6.113 Thread 0x000002d3d4287810 nmethod 5349 0x000002d3bd74df10 code [0x000002d3bd74e0c0, 0x000002d3bd74e2f0]
Event: 6.113 Thread 0x000002d3d4287810 5347       3       org.codehaus.groovy.util.SingleKeyHashMap::<init> (5 bytes)
Event: 6.113 Thread 0x000002d3d4287810 nmethod 5347 0x000002d3bd74e410 code [0x000002d3bd74e5c0, 0x000002d3bd74e968]
Event: 6.113 Thread 0x000002d3d4287810 5350       1       com.google.common.collect.MapMakerInternalMap$AbstractStrongKeyEntry::getHash (5 bytes)
Event: 6.113 Thread 0x000002d3d4287810 nmethod 5350 0x000002d3c4c5f410 code [0x000002d3c4c5f5a0, 0x000002d3c4c5f668]
Event: 6.113 Thread 0x000002d3d4287810 5351       3       org.codehaus.groovy.runtime.metaclass.ReflectionMetaMethod::getName (8 bytes)
Event: 6.113 Thread 0x000002d3d4287810 nmethod 5351 0x000002d3bd74ea90 code [0x000002d3bd74ec40, 0x000002d3bd74edf0]

GC Heap History (20 events):
Event: 3.541 GC heap after
{Heap after GC invocations=7 (full 0):
 garbage-first heap   total 79872K, used 25866K [0x0000000700000000, 0x0000000800000000)
  region size 2048K, 3 young (6144K), 3 survivors (6144K)
 Metaspace       used 35152K, committed 35968K, reserved 1114112K
  class space    used 4792K, committed 5184K, reserved 1048576K
}
Event: 3.627 GC heap before
{Heap before GC invocations=7 (full 0):
 garbage-first heap   total 79872K, used 44298K [0x0000000700000000, 0x0000000800000000)
  region size 2048K, 7 young (14336K), 3 survivors (6144K)
 Metaspace       used 35497K, committed 36288K, reserved 1114112K
  class space    used 4850K, committed 5248K, reserved 1048576K
}
Event: 3.632 GC heap after
{Heap after GC invocations=8 (full 0):
 garbage-first heap   total 79872K, used 40584K [0x0000000700000000, 0x0000000800000000)
  region size 2048K, 3 young (6144K), 3 survivors (6144K)
 Metaspace       used 35497K, committed 36288K, reserved 1114112K
  class space    used 4850K, committed 5248K, reserved 1048576K
}
Event: 3.743 GC heap before
{Heap before GC invocations=9 (full 0):
 garbage-first heap   total 79872K, used 48776K [0x0000000700000000, 0x0000000800000000)
  region size 2048K, 8 young (16384K), 3 survivors (6144K)
 Metaspace       used 36255K, committed 37120K, reserved 1114112K
  class space    used 4988K, committed 5376K, reserved 1048576K
}
Event: 3.747 GC heap after
{Heap after GC invocations=10 (full 0):
 garbage-first heap   total 79872K, used 44001K [0x0000000700000000, 0x0000000800000000)
  region size 2048K, 2 young (4096K), 2 survivors (4096K)
 Metaspace       used 36255K, committed 37120K, reserved 1114112K
  class space    used 4988K, committed 5376K, reserved 1048576K
}
Event: 3.764 GC heap before
{Heap before GC invocations=11 (full 0):
 garbage-first heap   total 92160K, used 54241K [0x0000000700000000, 0x0000000800000000)
  region size 2048K, 3 young (6144K), 2 survivors (4096K)
 Metaspace       used 36255K, committed 37120K, reserved 1114112K
  class space    used 4988K, committed 5376K, reserved 1048576K
}
Event: 3.766 GC heap after
{Heap after GC invocations=12 (full 0):
 garbage-first heap   total 92160K, used 54558K [0x0000000700000000, 0x0000000800000000)
  region size 2048K, 1 young (2048K), 1 survivors (2048K)
 Metaspace       used 36255K, committed 37120K, reserved 1114112K
  class space    used 4988K, committed 5376K, reserved 1048576K
}
Event: 3.992 GC heap before
{Heap before GC invocations=13 (full 0):
 garbage-first heap   total 100352K, used 72990K [0x0000000700000000, 0x0000000800000000)
  region size 2048K, 10 young (20480K), 1 survivors (2048K)
 Metaspace       used 38373K, committed 39232K, reserved 1114112K
  class space    used 5287K, committed 5696K, reserved 1048576K
}
Event: 3.996 GC heap after
{Heap after GC invocations=14 (full 0):
 garbage-first heap   total 120832K, used 59469K [0x0000000700000000, 0x0000000800000000)
  region size 2048K, 2 young (4096K), 2 survivors (4096K)
 Metaspace       used 38373K, committed 39232K, reserved 1114112K
  class space    used 5287K, committed 5696K, reserved 1048576K
}
Event: 4.497 GC heap before
{Heap before GC invocations=14 (full 0):
 garbage-first heap   total 120832K, used 86093K [0x0000000700000000, 0x0000000800000000)
  region size 2048K, 16 young (32768K), 2 survivors (4096K)
 Metaspace       used 44445K, committed 45440K, reserved 1114112K
  class space    used 6042K, committed 6528K, reserved 1048576K
}
Event: 4.501 GC heap after
{Heap after GC invocations=15 (full 0):
 garbage-first heap   total 120832K, used 61810K [0x0000000700000000, 0x0000000800000000)
  region size 2048K, 2 young (4096K), 2 survivors (4096K)
 Metaspace       used 44445K, committed 45440K, reserved 1114112K
  class space    used 6042K, committed 6528K, reserved 1048576K
}
Event: 4.709 GC heap before
{Heap before GC invocations=15 (full 0):
 garbage-first heap   total 120832K, used 88434K [0x0000000700000000, 0x0000000800000000)
  region size 2048K, 16 young (32768K), 2 survivors (4096K)
 Metaspace       used 46048K, committed 47040K, reserved 1114112K
  class space    used 6212K, committed 6720K, reserved 1048576K
}
Event: 4.713 GC heap after
{Heap after GC invocations=16 (full 0):
 garbage-first heap   total 120832K, used 64282K [0x0000000700000000, 0x0000000800000000)
  region size 2048K, 2 young (4096K), 2 survivors (4096K)
 Metaspace       used 46048K, committed 47040K, reserved 1114112K
  class space    used 6212K, committed 6720K, reserved 1048576K
}
Event: 4.899 GC heap before
{Heap before GC invocations=17 (full 0):
 garbage-first heap   total 120832K, used 74522K [0x0000000700000000, 0x0000000800000000)
  region size 2048K, 9 young (18432K), 2 survivors (4096K)
 Metaspace       used 47058K, committed 48064K, reserved 1114112K
  class space    used 6360K, committed 6848K, reserved 1048576K
}
Event: 4.902 GC heap after
{Heap after GC invocations=18 (full 0):
 garbage-first heap   total 120832K, used 66085K [0x0000000700000000, 0x0000000800000000)
  region size 2048K, 2 young (4096K), 2 survivors (4096K)
 Metaspace       used 47058K, committed 48064K, reserved 1114112K
  class space    used 6360K, committed 6848K, reserved 1048576K
}
Event: 5.349 GC heap before
{Heap before GC invocations=19 (full 0):
 garbage-first heap   total 122880K, used 98853K [0x0000000700000000, 0x0000000800000000)
  region size 2048K, 16 young (32768K), 2 survivors (4096K)
 Metaspace       used 50931K, committed 52160K, reserved 1114112K
  class space    used 6875K, committed 7488K, reserved 1048576K
}
Event: 5.352 GC heap after
{Heap after GC invocations=20 (full 0):
 garbage-first heap   total 122880K, used 67000K [0x0000000700000000, 0x0000000800000000)
  region size 2048K, 1 young (2048K), 1 survivors (2048K)
 Metaspace       used 50931K, committed 52160K, reserved 1114112K
  class space    used 6875K, committed 7488K, reserved 1048576K
}
Event: 5.767 GC heap before
{Heap before GC invocations=20 (full 0):
 garbage-first heap   total 122880K, used 99768K [0x0000000700000000, 0x0000000800000000)
  region size 2048K, 17 young (34816K), 1 survivors (2048K)
 Metaspace       used 54851K, committed 56320K, reserved 1114112K
  class space    used 7537K, committed 8256K, reserved 1048576K
}
Event: 5.771 GC heap after
{Heap after GC invocations=21 (full 0):
 garbage-first heap   total 122880K, used 69006K [0x0000000700000000, 0x0000000800000000)
  region size 2048K, 2 young (4096K), 2 survivors (4096K)
 Metaspace       used 54851K, committed 56320K, reserved 1114112K
  class space    used 7537K, committed 8256K, reserved 1048576K
}
Event: 6.118 GC heap before
{Heap before GC invocations=22 (full 0):
 garbage-first heap   total 122880K, used 89486K [0x0000000700000000, 0x0000000800000000)
  region size 2048K, 13 young (26624K), 2 survivors (4096K)
 Metaspace       used 56979K, committed 58496K, reserved 1114112K
  class space    used 7920K, committed 8640K, reserved 1048576K
}

Dll operation events (3 events):
Event: 0.010 Loaded shared library D:\Android Studio\jbr\bin\java.dll
Event: 0.016 Loaded shared library D:\Android Studio\jbr\bin\zip.dll
Event: 0.610 Loaded shared library D:\Android Studio\jbr\bin\verify.dll

Deoptimization events (20 events):
Event: 5.996 Thread 0x000002d3dd4868b0 DEOPT UNPACKING pc=0x000002d3c44746a2 sp=0x000000eebc2fccb0 mode 2
Event: 5.996 Thread 0x000002d3dadd5770 DEOPT UNPACKING pc=0x000002d3c44746a2 sp=0x000000eeba5f3488 mode 2
Event: 6.003 Thread 0x000002d3dadd5770 Uncommon trap: trap_request=0xffffffde fr.pc=0x000002d3c4b02da8 relative=0x00000000000002c8
Event: 6.003 Thread 0x000002d3dadd5770 Uncommon trap: reason=class_check action=maybe_recompile pc=0x000002d3c4b02da8 method=java.util.Collections$SetFromMap.remove(Ljava/lang/Object;)Z @ 5 c2
Event: 6.003 Thread 0x000002d3dadd5770 DEOPT PACKING pc=0x000002d3c4b02da8 sp=0x000000eeba5f5590
Event: 6.003 Thread 0x000002d3dadd5770 DEOPT UNPACKING pc=0x000002d3c44746a2 sp=0x000000eeba5f5578 mode 2
Event: 6.020 Thread 0x000002d3dadd5770 Uncommon trap: trap_request=0xffffff45 fr.pc=0x000002d3c4b227fc relative=0x00000000000002bc
Event: 6.020 Thread 0x000002d3dadd5770 Uncommon trap: reason=unstable_if action=reinterpret pc=0x000002d3c4b227fc method=java.util.concurrent.ConcurrentHashMap.get(Ljava/lang/Object;)Ljava/lang/Object; @ 86 c2
Event: 6.020 Thread 0x000002d3dadd5770 DEOPT PACKING pc=0x000002d3c4b227fc sp=0x000000eeba5f6cf0
Event: 6.020 Thread 0x000002d3dadd5770 DEOPT UNPACKING pc=0x000002d3c44746a2 sp=0x000000eeba5f6c68 mode 2
Event: 6.056 Thread 0x000002d3dd486f40 DEOPT PACKING pc=0x000002d3bcf46f56 sp=0x000000eebc4fc690
Event: 6.056 Thread 0x000002d3dd486f40 DEOPT UNPACKING pc=0x000002d3c4474e42 sp=0x000000eebc4fbbd8 mode 0
Event: 6.073 Thread 0x000002d3dadd5770 Uncommon trap: trap_request=0xffffffde fr.pc=0x000002d3c4b02da8 relative=0x00000000000002c8
Event: 6.073 Thread 0x000002d3dadd5770 Uncommon trap: reason=class_check action=maybe_recompile pc=0x000002d3c4b02da8 method=java.util.Collections$SetFromMap.remove(Ljava/lang/Object;)Z @ 5 c2
Event: 6.073 Thread 0x000002d3dadd5770 DEOPT PACKING pc=0x000002d3c4b02da8 sp=0x000000eeba5f7cc0
Event: 6.073 Thread 0x000002d3dadd5770 DEOPT UNPACKING pc=0x000002d3c44746a2 sp=0x000000eeba5f7ca8 mode 2
Event: 6.100 Thread 0x000002d3dc6ad860 Uncommon trap: trap_request=0xffffffcc fr.pc=0x000002d3c4c298d0 relative=0x0000000000000290
Event: 6.100 Thread 0x000002d3dc6ad860 Uncommon trap: reason=intrinsic_or_type_checked_inlining action=make_not_entrant pc=0x000002d3c4c298d0 method=java.util.Arrays.copyOfRange([Ljava/lang/Object;IILjava/lang/Class;)[Ljava/lang/Object; @ 84 c2
Event: 6.100 Thread 0x000002d3dc6ad860 DEOPT PACKING pc=0x000002d3c4c298d0 sp=0x000000eebb3fde20
Event: 6.100 Thread 0x000002d3dc6ad860 DEOPT UNPACKING pc=0x000002d3c44746a2 sp=0x000000eebb3fddc0 mode 2

Classes loaded (20 events):
Event: 5.939 Loading class java/util/stream/DistinctOps$1$2
Event: 5.939 Loading class java/util/stream/DistinctOps$1$2 done
Event: 5.953 Loading class sun/reflect/ReflectionFactory
Event: 5.953 Loading class sun/reflect/ReflectionFactory done
Event: 5.953 Loading class sun/reflect/ReflectionFactory$1
Event: 5.953 Loading class sun/reflect/ReflectionFactory$1 done
Event: 5.993 Loading class java/nio/channels/Channels
Event: 5.993 Loading class java/nio/channels/Channels done
Event: 5.993 Loading class sun/nio/ch/Streams
Event: 5.994 Loading class sun/nio/ch/Streams done
Event: 5.994 Loading class sun/nio/ch/ChannelInputStream
Event: 5.994 Loading class sun/nio/ch/ChannelInputStream done
Event: 6.075 Loading class java/util/stream/SortedOps
Event: 6.076 Loading class java/util/stream/SortedOps done
Event: 6.076 Loading class java/util/stream/SortedOps$OfRef
Event: 6.076 Loading class java/util/stream/SortedOps$OfRef done
Event: 6.077 Loading class java/util/stream/SortedOps$SizedRefSortingSink
Event: 6.077 Loading class java/util/stream/SortedOps$AbstractRefSortingSink
Event: 6.077 Loading class java/util/stream/SortedOps$AbstractRefSortingSink done
Event: 6.077 Loading class java/util/stream/SortedOps$SizedRefSortingSink done

Classes unloaded (0 events):
No events

Classes redefined (0 events):
No events

Internal exceptions (20 events):
Event: 5.615 Thread 0x000002d3dadd5770 Exception <a 'java/lang/NoSuchMethodError'{0x000000070628b158}: 'java.lang.Object java.lang.invoke.Invokers$Holder.linkToTargetMethod(java.lang.Object, java.lang.Object, java.lang.Object, java.lang.Object, long, java.lang.Object, java.lang.Object)'> (0x000000070628b158) 
thrown [s\src\hotspot\share\interpreter\linkResolver.cpp, line 784]
Event: 5.619 Thread 0x000002d3dadd5770 Exception <a 'java/lang/NoSuchMethodError'{0x00000007062d0fa0}: 'java.lang.Object java.lang.invoke.DirectMethodHandle$Holder.newInvokeSpecial(java.lang.Object, java.lang.Object, java.lang.Object, long, java.lang.Object)'> (0x00000007062d0fa0) 
thrown [s\src\hotspot\share\interpreter\linkResolver.cpp, line 784]
Event: 5.619 Thread 0x000002d3dadd5770 Exception <a 'java/lang/NoSuchMethodError'{0x00000007062d6168}: 'java.lang.Object java.lang.invoke.DirectMethodHandle$Holder.invokeSpecial(java.lang.Object, java.lang.Object, java.lang.Object, java.lang.Object, long, java.lang.Object)'> (0x00000007062d6168) 
thrown [s\src\hotspot\share\interpreter\linkResolver.cpp, line 784]
Event: 5.619 Thread 0x000002d3dadd5770 Exception <a 'java/lang/NoSuchMethodError'{0x00000007062da9c0}: 'java.lang.Object java.lang.invoke.Invokers$Holder.linkToTargetMethod(java.lang.Object, java.lang.Object, long, java.lang.Object, java.lang.Object)'> (0x00000007062da9c0) 
thrown [s\src\hotspot\share\interpreter\linkResolver.cpp, line 784]
Event: 5.656 Thread 0x000002d3dadd5770 Exception <a 'java/lang/NoSuchMethodError'{0x000000070613dd40}: 'java.lang.Object java.lang.invoke.DirectMethodHandle$Holder.newInvokeSpecial(java.lang.Object, java.lang.Object, java.lang.Object, java.lang.Object, java.lang.Object, java.lang.Object, java.lang.Object, java.lang.Object, java.lang.Object, java.lang.Object, java.lang.Object, java.lang.Object, java.lang.Object, java.lang.Object, java.lang.Object, java.lang.Object, java.lang.Object, java.lang.Object, java.lang.Object, java.lang.Object, java.lang
Event: 5.693 Thread 0x000002d3dadd5770 Implicit null exception at 0x000002d3c4bacbfc to 0x000002d3c4baccb4
Event: 5.710 Thread 0x000002d3dadd5770 Exception <a 'java/lang/ClassNotFoundException'{0x0000000705d50cf8}: org/gradle/api/internal/artifacts/dsl/dependencies/DefaultDependencyHandler_DecoratedBeanInfo> (0x0000000705d50cf8) 
thrown [s\src\hotspot\share\classfile\systemDictionary.cpp, line 312]
Event: 5.710 Thread 0x000002d3dadd5770 Exception <a 'java/lang/ClassNotFoundException'{0x0000000705d66a28}: org/gradle/api/internal/artifacts/dsl/dependencies/DefaultDependencyHandlerBeanInfo> (0x0000000705d66a28) 
thrown [s\src\hotspot\share\classfile\systemDictionary.cpp, line 312]
Event: 5.711 Thread 0x000002d3dadd5770 Exception <a 'java/lang/ClassNotFoundException'{0x0000000705d7c718}: org/gradle/api/internal/artifacts/dsl/dependencies/DefaultDependencyHandlerCustomizer> (0x0000000705d7c718) 
thrown [s\src\hotspot\share\classfile\systemDictionary.cpp, line 312]
Event: 5.714 Thread 0x000002d3dadd5770 Exception <a 'java/lang/ClassNotFoundException'{0x0000000705dc7a38}: org/gradle/api/internal/artifacts/dsl/dependencies/DefaultDependencyHandler_DecoratedCustomizer> (0x0000000705dc7a38) 
thrown [s\src\hotspot\share\classfile\systemDictionary.cpp, line 312]
Event: 5.716 Thread 0x000002d3dadd5770 Exception <a 'java/lang/ClassNotFoundException'{0x0000000705a091f0}: sync_studio_tooling1_1z2w1kf6rs57ilskmu0kvshkc$_run_closure1BeanInfo> (0x0000000705a091f0) 
thrown [s\src\hotspot\share\classfile\systemDictionary.cpp, line 312]
Event: 5.717 Thread 0x000002d3dadd5770 Exception <a 'java/lang/ClassNotFoundException'{0x0000000705a113b8}: sync_studio_tooling1_1z2w1kf6rs57ilskmu0kvshkc$_run_closure1Customizer> (0x0000000705a113b8) 
thrown [s\src\hotspot\share\classfile\systemDictionary.cpp, line 312]
Event: 5.753 Thread 0x000002d3dadd5770 Exception <a 'java/lang/NoSuchMethodError'{0x00000007058d57c0}: 'java.lang.Object java.lang.invoke.DirectMethodHandle$Holder.newInvokeSpecial(java.lang.Object, int, java.lang.Object)'> (0x00000007058d57c0) 
thrown [s\src\hotspot\share\interpreter\linkResolver.cpp, line 784]
Event: 5.878 Thread 0x000002d3dadd5770 Exception <a 'java/lang/NoSuchMethodError'{0x0000000707184bb8}: 'java.lang.Object java.lang.invoke.DirectMethodHandle$Holder.invokeSpecial(java.lang.Object, java.lang.Object, long, java.lang.Object, java.lang.Object)'> (0x0000000707184bb8) 
thrown [s\src\hotspot\share\interpreter\linkResolver.cpp, line 784]
Event: 5.934 Thread 0x000002d3dadd5770 Exception <a 'java/lang/NoSuchMethodError'{0x0000000706d84400}: 'int java.lang.invoke.DirectMethodHandle$Holder.invokeInterface(java.lang.Object, java.lang.Object, java.lang.Object, java.lang.Object, java.lang.Object)'> (0x0000000706d84400) 
thrown [s\src\hotspot\share\interpreter\linkResolver.cpp, line 784]
Event: 5.956 Thread 0x000002d3dadd5770 Exception <a 'java/lang/NoSuchMethodError'{0x0000000706aadd88}: 'java.lang.Object java.lang.invoke.DirectMethodHandle$Holder.newInvokeSpecial(java.lang.Object, java.lang.Object, java.lang.Object, java.lang.Object, int, java.lang.Object)'> (0x0000000706aadd88) 
thrown [s\src\hotspot\share\interpreter\linkResolver.cpp, line 784]
Event: 5.957 Thread 0x000002d3dadd5770 Exception <a 'java/lang/NoSuchMethodError'{0x0000000706ab6718}: 'java.lang.Object java.lang.invoke.Invokers$Holder.linkToTargetMethod(java.lang.Object, java.lang.Object, java.lang.Object, int, java.lang.Object, java.lang.Object)'> (0x0000000706ab6718) 
thrown [s\src\hotspot\share\interpreter\linkResolver.cpp, line 784]
Event: 6.019 Thread 0x000002d3dadd5770 Exception <a 'java/lang/NoSuchMethodError'{0x00000007066d6570}: 'java.lang.Object java.lang.invoke.DirectMethodHandle$Holder.invokeSpecialIFC(java.lang.Object, java.lang.Object, java.lang.Object)'> (0x00000007066d6570) 
thrown [s\src\hotspot\share\interpreter\linkResolver.cpp, line 784]
Event: 6.109 Thread 0x000002d3dadd5770 Exception <a 'java/lang/ClassNotFoundException'{0x000000070628a038}: sync_studio_tooling1_1z2w1kf6rs57ilskmu0kvshkcBeanInfo> (0x000000070628a038) 
thrown [s\src\hotspot\share\classfile\systemDictionary.cpp, line 312]
Event: 6.110 Thread 0x000002d3dadd5770 Exception <a 'java/lang/ClassNotFoundException'{0x0000000706291bb8}: sync_studio_tooling1_1z2w1kf6rs57ilskmu0kvshkcCustomizer> (0x0000000706291bb8) 
thrown [s\src\hotspot\share\classfile\systemDictionary.cpp, line 312]

ZGC Phase Switch (0 events):
No events

VM Operations (20 events):
Event: 4.927 Executing VM operation: G1PauseCleanup done
Event: 5.118 Executing VM operation: HandshakeAllThreads (Deoptimize)
Event: 5.119 Executing VM operation: HandshakeAllThreads (Deoptimize) done
Event: 5.349 Executing VM operation: G1CollectForAllocation (G1 Evacuation Pause)
Event: 5.352 Executing VM operation: G1CollectForAllocation (G1 Evacuation Pause) done
Event: 5.509 Executing VM operation: HandshakeAllThreads (Deoptimize)
Event: 5.509 Executing VM operation: HandshakeAllThreads (Deoptimize) done
Event: 5.563 Executing VM operation: HandshakeAllThreads (Deoptimize)
Event: 5.563 Executing VM operation: HandshakeAllThreads (Deoptimize) done
Event: 5.767 Executing VM operation: G1CollectForAllocation (G1 Evacuation Pause)
Event: 5.771 Executing VM operation: G1CollectForAllocation (G1 Evacuation Pause) done
Event: 5.797 Executing VM operation: G1PauseRemark
Event: 5.800 Executing VM operation: G1PauseRemark done
Event: 5.806 Executing VM operation: G1PauseCleanup
Event: 5.806 Executing VM operation: G1PauseCleanup done
Event: 5.856 Executing VM operation: HandshakeAllThreads (Deoptimize)
Event: 5.856 Executing VM operation: HandshakeAllThreads (Deoptimize) done
Event: 5.939 Executing VM operation: HandshakeAllThreads (Deoptimize)
Event: 5.939 Executing VM operation: HandshakeAllThreads (Deoptimize) done
Event: 6.118 Executing VM operation: G1TryInitiateConcMark (G1 Humongous Allocation)

Memory protections (0 events):
No events

Nmethod flushes (20 events):
Event: 4.921 Thread 0x000002d3d409b9d0 flushing  nmethod 0x000002d3bd397890
Event: 4.921 Thread 0x000002d3d409b9d0 flushing  nmethod 0x000002d3bd46f590
Event: 5.799 Thread 0x000002d3d409b9d0 flushing  nmethod 0x000002d3bd248510
Event: 5.799 Thread 0x000002d3d409b9d0 flushing  nmethod 0x000002d3c4b94d10
Event: 5.799 Thread 0x000002d3d409b9d0 flushing  nmethod 0x000002d3bd1caf90
Event: 5.799 Thread 0x000002d3d409b9d0 flushing  nmethod 0x000002d3bd2afd90
Event: 5.799 Thread 0x000002d3d409b9d0 flushing  nmethod 0x000002d3bd140310
Event: 5.799 Thread 0x000002d3d409b9d0 flushing  nmethod 0x000002d3bd0b1490
Event: 5.799 Thread 0x000002d3d409b9d0 flushing  nmethod 0x000002d3bd2bd810
Event: 5.799 Thread 0x000002d3d409b9d0 flushing  nmethod 0x000002d3bd4d1610
Event: 5.799 Thread 0x000002d3d409b9d0 flushing  nmethod 0x000002d3c4b24b90
Event: 5.799 Thread 0x000002d3d409b9d0 flushing  nmethod 0x000002d3bd041e10
Event: 5.799 Thread 0x000002d3d409b9d0 flushing  nmethod 0x000002d3bd045b90
Event: 5.799 Thread 0x000002d3d409b9d0 flushing  nmethod 0x000002d3bd0e4890
Event: 5.799 Thread 0x000002d3d409b9d0 flushing  nmethod 0x000002d3bcf6bd10
Event: 5.799 Thread 0x000002d3d409b9d0 flushing  nmethod 0x000002d3bd28a090
Event: 5.799 Thread 0x000002d3d409b9d0 flushing  nmethod 0x000002d3bd36ba10
Event: 5.799 Thread 0x000002d3d409b9d0 flushing  nmethod 0x000002d3bd541c90
Event: 5.799 Thread 0x000002d3d409b9d0 flushing  nmethod 0x000002d3bcf7d090
Event: 5.799 Thread 0x000002d3d409b9d0 flushing  nmethod 0x000002d3bcf81c10

Events (20 events):
Event: 3.586 Thread 0x000002d3dadd5770 Thread added: 0x000002d3dc6adef0
Event: 3.586 Thread 0x000002d3dadd5770 Thread added: 0x000002d3dc6ad860
Event: 3.586 Thread 0x000002d3dadd5770 Thread added: 0x000002d3dc6ac4b0
Event: 3.586 Thread 0x000002d3dadd5770 Thread added: 0x000002d3dc6ab790
Event: 3.586 Thread 0x000002d3dadd5770 Thread added: 0x000002d3dc6ae580
Event: 3.587 Thread 0x000002d3dadd5770 Thread added: 0x000002d3dc6acb40
Event: 3.587 Thread 0x000002d3dadd5770 Thread added: 0x000002d3dc6ad1d0
Event: 3.587 Thread 0x000002d3dadd5770 Thread added: 0x000002d3dd4896a0
Event: 3.587 Thread 0x000002d3dadd5770 Thread added: 0x000002d3dd4882f0
Event: 3.587 Thread 0x000002d3dadd5770 Thread added: 0x000002d3dd483ac0
Event: 3.587 Thread 0x000002d3dadd5770 Thread added: 0x000002d3dd488980
Event: 3.587 Thread 0x000002d3dadd5770 Thread added: 0x000002d3dd4847e0
Event: 4.772 Thread 0x000002d3dadd5770 Thread added: 0x000002d3dd484e70
Event: 4.795 Thread 0x000002d3dadd5770 Thread added: 0x000002d3dd484150
Event: 5.301 Thread 0x000002d3dadd5770 Thread added: 0x000002d3dd4875d0
Event: 5.349 Thread 0x000002d3dadd5770 Thread added: 0x000002d3dd485b90
Event: 5.975 Thread 0x000002d3dadd5770 Thread added: 0x000002d3dd4868b0
Event: 5.975 Thread 0x000002d3dadd5770 Thread added: 0x000002d3dd486220
Event: 6.019 Thread 0x000002d3dadd5770 Thread added: 0x000002d3dd486f40
Event: 6.020 Thread 0x000002d3dadd5770 Thread added: 0x000002d3dd483430


Dynamic libraries:
0x00007ff6ebb80000 - 0x00007ff6ebb8a000 	D:\Android Studio\jbr\bin\java.exe
0x00007ffb1eb30000 - 0x00007ffb1ed47000 	C:\windows\SYSTEM32\ntdll.dll
0x00007ffb1c7c0000 - 0x00007ffb1c884000 	C:\windows\System32\KERNEL32.DLL
0x00007ffb1c060000 - 0x00007ffb1c432000 	C:\windows\System32\KERNELBASE.dll
0x00007ffb1c670000 - 0x00007ffb1c781000 	C:\windows\System32\ucrtbase.dll
0x00007ffb087e0000 - 0x00007ffb087f8000 	D:\Android Studio\jbr\bin\jli.dll
0x00007ffac2fd0000 - 0x00007ffac2feb000 	D:\Android Studio\jbr\bin\VCRUNTIME140.dll
0x00007ffb1cfe0000 - 0x00007ffb1d191000 	C:\windows\System32\USER32.dll
0x00007ffb1c790000 - 0x00007ffb1c7b6000 	C:\windows\System32\win32u.dll
0x00007ffb01cb0000 - 0x00007ffb01f4b000 	C:\windows\WinSxS\amd64_microsoft.windows.common-controls_6595b64144ccf1df_6.0.22621.5547_none_27104afb73855772\COMCTL32.dll
0x00007ffb1cb00000 - 0x00007ffb1cb29000 	C:\windows\System32\GDI32.dll
0x00007ffb1cb70000 - 0x00007ffb1cc17000 	C:\windows\System32\msvcrt.dll
0x00007ffb1bf30000 - 0x00007ffb1c053000 	C:\windows\System32\gdi32full.dll
0x00007ffb1bcd0000 - 0x00007ffb1bd6a000 	C:\windows\System32\msvcp_win.dll
0x00007ffb1cb30000 - 0x00007ffb1cb61000 	C:\windows\System32\IMM32.DLL
0x00007ffb088c0000 - 0x00007ffb088cc000 	D:\Android Studio\jbr\bin\vcruntime140_1.dll
0x00007ffac2d30000 - 0x00007ffac2dbd000 	D:\Android Studio\jbr\bin\msvcp140.dll
0x00007ffac0e50000 - 0x00007ffac1ade000 	D:\Android Studio\jbr\bin\server\jvm.dll
0x00007ffb1e170000 - 0x00007ffb1e221000 	C:\windows\System32\ADVAPI32.dll
0x00007ffb1d1c0000 - 0x00007ffb1d268000 	C:\windows\System32\sechost.dll
0x00007ffb1bca0000 - 0x00007ffb1bcc8000 	C:\windows\System32\bcrypt.dll
0x00007ffb1e230000 - 0x00007ffb1e344000 	C:\windows\System32\RPCRT4.dll
0x00007ffb1ca30000 - 0x00007ffb1caa1000 	C:\windows\System32\WS2_32.dll
0x00007ffb1b4e0000 - 0x00007ffb1b52d000 	C:\windows\SYSTEM32\POWRPROF.dll
0x00007ffb11d70000 - 0x00007ffb11d7a000 	C:\windows\SYSTEM32\VERSION.dll
0x00007ffb17680000 - 0x00007ffb176b4000 	C:\windows\SYSTEM32\WINMM.dll
0x00007ffb1b470000 - 0x00007ffb1b483000 	C:\windows\SYSTEM32\UMPDC.dll
0x00007ffb1ac20000 - 0x00007ffb1ac38000 	C:\windows\SYSTEM32\kernel.appcore.dll
0x00007ffadfd90000 - 0x00007ffadfd9a000 	D:\Android Studio\jbr\bin\jimage.dll
0x00007ffb19690000 - 0x00007ffb198c3000 	C:\windows\SYSTEM32\DBGHELP.DLL
0x00007ffb1e600000 - 0x00007ffb1e993000 	C:\windows\System32\combase.dll
0x00007ffb1d270000 - 0x00007ffb1d347000 	C:\windows\System32\OLEAUT32.dll
0x00007ffb00d30000 - 0x00007ffb00d62000 	C:\windows\SYSTEM32\dbgcore.DLL
0x00007ffb1bc20000 - 0x00007ffb1bc9b000 	C:\windows\System32\bcryptPrimitives.dll
0x00007ffb08790000 - 0x00007ffb0879e000 	D:\Android Studio\jbr\bin\instrument.dll
0x00007ffac27c0000 - 0x00007ffac27e0000 	D:\Android Studio\jbr\bin\java.dll
0x00007ffac2520000 - 0x00007ffac2538000 	D:\Android Studio\jbr\bin\zip.dll
0x00007ffb1d840000 - 0x00007ffb1e0e2000 	C:\windows\System32\SHELL32.dll
0x00007ffb1bd70000 - 0x00007ffb1beaf000 	C:\windows\System32\wintypes.dll
0x00007ffb19b00000 - 0x00007ffb1a41d000 	C:\windows\SYSTEM32\windows.storage.dll
0x00007ffb1c890000 - 0x00007ffb1c99c000 	C:\windows\System32\SHCORE.dll
0x00007ffb1d350000 - 0x00007ffb1d3b9000 	C:\windows\System32\shlwapi.dll
0x00007ffb1bb50000 - 0x00007ffb1bb7b000 	C:\windows\SYSTEM32\profapi.dll
0x00007ffade430000 - 0x00007ffade440000 	D:\Android Studio\jbr\bin\net.dll
0x00007ffb18610000 - 0x00007ffb1873c000 	C:\windows\SYSTEM32\WINHTTP.dll
0x00007ffb1b100000 - 0x00007ffb1b169000 	C:\windows\system32\mswsock.dll
0x00007ffac2310000 - 0x00007ffac2326000 	D:\Android Studio\jbr\bin\nio.dll
0x00007ffad38e0000 - 0x00007ffad38f0000 	D:\Android Studio\jbr\bin\verify.dll
0x00007ffafd1d0000 - 0x00007ffafd1f7000 	C:\Users\ikhwa\.gradle\native\1def1411415f61bf3af743bc5b6707747c0891f09f0c88961ee8f79bc544acac\windows-amd64\native-platform.dll
0x00007ffac2cb0000 - 0x00007ffac2d28000 	C:\Users\ikhwa\.gradle\native\0.2.7\x86_64-windows-gnu\gradle-fileevents.dll
0x00007ffad8230000 - 0x00007ffad8239000 	D:\Android Studio\jbr\bin\management.dll
0x00007ffad7e30000 - 0x00007ffad7e3b000 	D:\Android Studio\jbr\bin\management_ext.dll
0x00007ffb1e0f0000 - 0x00007ffb1e0f8000 	C:\windows\System32\PSAPI.DLL
0x00007ffb1a670000 - 0x00007ffb1a69d000 	C:\windows\SYSTEM32\IPHLPAPI.DLL
0x00007ffb1cf70000 - 0x00007ffb1cf79000 	C:\windows\System32\NSI.dll
0x00007ffad8ad0000 - 0x00007ffad8ad9000 	D:\Android Studio\jbr\bin\extnet.dll
0x00007ffb1b350000 - 0x00007ffb1b36b000 	C:\windows\SYSTEM32\CRYPTSP.dll
0x00007ffb1ab80000 - 0x00007ffb1abb7000 	C:\windows\system32\rsaenh.dll
0x00007ffb1b1d0000 - 0x00007ffb1b1f8000 	C:\windows\SYSTEM32\USERENV.dll
0x00007ffb1b340000 - 0x00007ffb1b34c000 	C:\windows\SYSTEM32\CRYPTBASE.dll
0x00007ffac3d20000 - 0x00007ffac3d28000 	C:\windows\system32\wshunix.dll

dbghelp: loaded successfully - version: 4.0.5 - missing functions: none
symbol engine: initialized successfully - sym options: 0x614 - pdb path: .;D:\Android Studio\jbr\bin;C:\windows\SYSTEM32;C:\windows\WinSxS\amd64_microsoft.windows.common-controls_6595b64144ccf1df_6.0.22621.5547_none_27104afb73855772;D:\Android Studio\jbr\bin\server;C:\Users\ikhwa\.gradle\native\1def1411415f61bf3af743bc5b6707747c0891f09f0c88961ee8f79bc544acac\windows-amd64;C:\Users\ikhwa\.gradle\native\0.2.7\x86_64-windows-gnu

VM Arguments:
jvm_args: --add-opens=java.base/java.lang=ALL-UNNAMED --add-opens=java.base/java.lang.invoke=ALL-UNNAMED --add-opens=java.base/java.util=ALL-UNNAMED --add-opens=java.prefs/java.util.prefs=ALL-UNNAMED --add-exports=jdk.compiler/com.sun.tools.javac.api=ALL-UNNAMED --add-exports=jdk.compiler/com.sun.tools.javac.util=ALL-UNNAMED --add-opens=java.base/java.util=ALL-UNNAMED --add-opens=java.prefs/java.util.prefs=ALL-UNNAMED --add-opens=java.base/java.nio.charset=ALL-UNNAMED --add-opens=java.base/java.net=ALL-UNNAMED --add-opens=java.base/java.util.concurrent.atomic=ALL-UNNAMED --add-opens=java.xml/javax.xml.namespace=ALL-UNNAMED -Xmx4g -Dfile.encoding=UTF-8 -Duser.country=ID -Duser.language=en -Duser.variant -javaagent:C:\Users\ikhwa\.gradle\wrapper\dists\gradle-8.13-bin\5xuhj0ry160q40clulazy9h7d\gradle-8.13\lib\agents\gradle-instrumentation-agent-8.13.jar 
java_command: org.gradle.launcher.daemon.bootstrap.GradleDaemon 8.13
java_class_path (initial): C:\Users\ikhwa\.gradle\wrapper\dists\gradle-8.13-bin\5xuhj0ry160q40clulazy9h7d\gradle-8.13\lib\gradle-daemon-main-8.13.jar
Launcher Type: SUN_STANDARD

[Global flags]
     intx CICompilerCount                          = 4                                         {product} {ergonomic}
     uint ConcGCThreads                            = 3                                         {product} {ergonomic}
     uint G1ConcRefinementThreads                  = 10                                        {product} {ergonomic}
   size_t G1HeapRegionSize                         = 2097152                                   {product} {ergonomic}
    uintx GCDrainStackTargetSize                   = 64                                        {product} {ergonomic}
   size_t InitialHeapSize                          = 123731968                                 {product} {ergonomic}
   size_t MarkStackSize                            = 4194304                                   {product} {ergonomic}
   size_t MaxHeapSize                              = 4294967296                                {product} {command line}
   size_t MaxNewSize                               = 2575302656                                {product} {ergonomic}
   size_t MinHeapDeltaBytes                        = 2097152                                   {product} {ergonomic}
   size_t MinHeapSize                              = 8388608                                   {product} {ergonomic}
    uintx NonNMethodCodeHeapSize                   = 5839372                                {pd product} {ergonomic}
    uintx NonProfiledCodeHeapSize                  = 122909434                              {pd product} {ergonomic}
    uintx ProfiledCodeHeapSize                     = 122909434                              {pd product} {ergonomic}
    uintx ReservedCodeCacheSize                    = 251658240                              {pd product} {ergonomic}
     bool SegmentedCodeCache                       = true                                      {product} {ergonomic}
   size_t SoftMaxHeapSize                          = 4294967296                             {manageable} {ergonomic}
     bool UseCompressedOops                        = true                           {product lp64_product} {ergonomic}
     bool UseG1GC                                  = true                                      {product} {ergonomic}
     bool UseLargePagesIndividualAllocation        = false                                  {pd product} {ergonomic}

Logging:
Log output configuration:
 #0: stdout all=warning uptime,level,tags foldmultilines=false
 #1: stderr all=off uptime,level,tags foldmultilines=false

Environment Variables:
PATH=C:\Program Files (x86)\Common Files\Oracle\Java\java8path;C:\Program Files (x86)\Common Files\Oracle\Java\javapath;C:\Python313\Scripts\;C:\Python313\;C:\PROGRA~2\Borland\CBuilder6\Bin;C:\PROGRA~2\Borland\CBuilder6\Projects\Bpl;C:\windows\system32;C:\windows;C:\windows\System32\Wbem;C:\windows\System32\WindowsPowerShell\v1.0\;C:\windows\System32\OpenSSH\;C:\Program Files\nodejs\;C:\ProgramData\chocolatey\bin;E:\Git\cmd;C:\Users\ikhwa\AppData\Local\Programs\Python\Python311\Scripts\;C:\Users\ikhwa\AppData\Local\Programs\Python\Python311\;C:\Users\ikhwa\AppData\Local\Programs\Python\Launcher\;C:\Users\ikhwa\AppData\Local\Microsoft\WindowsApps;;C:\Users\ikhwa\AppData\Local\Programs\Microsoft VS Code\bin;C:\Users\ikhwa\AppData\Roaming\npm
USERNAME=ikhwa
OS=Windows_NT
PROCESSOR_IDENTIFIER=AMD64 Family 25 Model 80 Stepping 0, AuthenticAMD
TMP=C:\Users\ikhwa\AppData\Local\Temp
TEMP=C:\Users\ikhwa\AppData\Local\Temp




Periodic native trim disabled

JNI global refs:
JNI global refs: 26, weak refs: 0

JNI global refs memory usage: 835, weak refs: 833

Process memory usage:
Resident Set Size: 308804K (4% of 7701124K total physical memory with 408256K free physical memory)

OOME stack traces (most recent first):
Classloader memory used:
Loader org.gradle.internal.classloader.VisitableURLClassLoader                         : 26454K
Loader bootstrap                                                                       : 22344K
Loader org.gradle.initialization.MixInLegacyTypesClassLoader                           : 6501K
Loader org.gradle.internal.classloader.VisitableURLClassLoader                         : 731K
Loader jdk.internal.loader.ClassLoaders$PlatformClassLoader                            : 498K
Loader jdk.internal.loader.ClassLoaders$AppClassLoader                                 : 235K
Loader jdk.internal.reflect.DelegatingClassLoader                                      : 164K
Loader org.gradle.groovy.scripts.internal.DefaultScriptCompilationHandler$ScriptClassLoader: 42408B
Loader org.codehaus.groovy.runtime.callsite.CallSiteClassLoader                        : 7200B

Classes loaded by more than one classloader:
Class org.gradle.api.GradleException                                                  : loaded 3 times (x 80B)
Class org.gradle.internal.classloader.FilteringClassLoader                            : loaded 2 times (x 103B)
Class org.gradle.internal.classloader.ClassLoaderHierarchy                            : loaded 2 times (x 68B)
Class org.gradle.api.internal.classpath.ManifestUtil                                  : loaded 2 times (x 69B)
Class org.gradle.internal.operations.MultipleBuildOperationFailures                   : loaded 2 times (x 93B)
Class org.gradle.internal.classloader.DefaultClassLoaderFactory                       : loaded 2 times (x 80B)
Class kotlin.collections.AbstractList$Companion                                       : loaded 2 times (x 69B)
Class org.gradle.internal.classloader.ClassLoaderVisitor                              : loaded 2 times (x 74B)
Class org.gradle.api.internal.classpath.EffectiveClassPath                            : loaded 2 times (x 88B)
Class org.gradle.api.internal.DefaultClassPathProvider                                : loaded 2 times (x 74B)
Class [Lorg.gradle.api.internal.ClassPathProvider;                                    : loaded 2 times (x 67B)
Class org.gradle.api.internal.ClassPathProvider                                       : loaded 2 times (x 68B)
Class org.gradle.internal.service.UnknownServiceException                             : loaded 2 times (x 81B)
Class org.gradle.internal.classpath.TransformedClassPath                              : loaded 2 times (x 94B)
Class org.gradle.internal.classloader.InstrumentingClassLoader                        : loaded 2 times (x 68B)
Class kotlin.enums.EnumEntriesList                                                    : loaded 2 times (x 221B)
Class org.gradle.internal.service.ServiceLocator                                      : loaded 2 times (x 68B)
Class org.gradle.internal.InternalTransformer                                         : loaded 2 times (x 68B)
Class org.gradle.internal.time.DefaultTimer                                           : loaded 2 times (x 78B)
Class org.gradle.internal.classloader.ClasspathUtil$1                                 : loaded 2 times (x 74B)
Class org.gradle.api.internal.classpath.DefaultModuleRegistry$DefaultModule           : loaded 2 times (x 84B)
Class org.gradle.internal.time.DefaultCountdownTimer                                  : loaded 2 times (x 86B)
Class kotlin.Function                                                                 : loaded 2 times (x 68B)
Class org.gradle.api.internal.classpath.Module                                        : loaded 2 times (x 68B)
Class org.gradle.api.internal.classpath.UnknownModuleException                        : loaded 2 times (x 80B)
Class org.gradle.api.internal.DefaultClassPathRegistry                                : loaded 2 times (x 74B)
Class org.gradle.api.internal.ClassPathRegistry                                       : loaded 2 times (x 68B)
Class org.gradle.internal.classpath.DefaultClassPath$ImmutableUniqueList              : loaded 2 times (x 197B)
Class org.gradle.internal.classpath.ClassPath                                         : loaded 2 times (x 68B)
Class org.gradle.api.UncheckedIOException                                             : loaded 2 times (x 80B)
Class kotlin.UninitializedPropertyAccessException                                     : loaded 2 times (x 80B)
Class org.gradle.internal.installation.GradleInstallation$1                           : loaded 2 times (x 73B)
Class org.gradle.api.internal.classpath.ModuleRegistry                                : loaded 2 times (x 68B)
Class org.gradle.api.internal.classpath.DefaultModuleRegistry                         : loaded 2 times (x 84B)
Class org.gradle.internal.time.MonotonicClock                                         : loaded 2 times (x 75B)
Class org.gradle.internal.service.ServiceLookupException                              : loaded 2 times (x 80B)
Class org.gradle.internal.classloader.ClassLoaderFactory                              : loaded 2 times (x 68B)
Class org.gradle.internal.service.CachingServiceLocator                               : loaded 2 times (x 80B)
Class org.gradle.internal.time.TimeSource                                             : loaded 2 times (x 68B)
Class kotlin.enums.EnumEntries                                                        : loaded 2 times (x 68B)
Class org.gradle.internal.exceptions.ResolutionProvider                               : loaded 2 times (x 68B)
Class org.gradle.internal.classloader.ClasspathUtil                                   : loaded 2 times (x 69B)
Class org.gradle.internal.time.TimeSource$1                                           : loaded 2 times (x 75B)
Class org.gradle.api.specs.Spec                                                       : loaded 2 times (x 68B)
Class org.gradle.internal.time.Clock                                                  : loaded 2 times (x 68B)
Class kotlin.collections.AbstractList                                                 : loaded 2 times (x 195B)
Class kotlin.collections.AbstractCollection                                           : loaded 2 times (x 115B)
Class sync_studio_tooling1_1z2w1kf6rs57ilskmu0kvshkc                                  : loaded 2 times (x 177B)
Class org.gradle.internal.classloader.VisitableURLClassLoader$InstrumentingVisitableURLClassLoader: loaded 2 times (x 121B)
Class org.gradle.internal.classloader.VisitableURLClassLoader$Spec                    : loaded 2 times (x 72B)
Class org.gradle.internal.classpath.DefaultClassPath                                  : loaded 2 times (x 88B)
Class org.gradle.internal.classloader.ClassLoaderSpec                                 : loaded 2 times (x 69B)
Class org.gradle.internal.classloader.VisitableURLClassLoader                         : loaded 2 times (x 115B)
Class org.gradle.internal.Cast                                                        : loaded 2 times (x 69B)
Class org.gradle.api.Action                                                           : loaded 2 times (x 68B)
Class kotlin.jvm.functions.Function1                                                  : loaded 2 times (x 68B)
Class org.gradle.internal.classpath.DefaultClassPath$ImmutableUniqueList$Builder      : loaded 2 times (x 73B)
Class kotlin.NotImplementedError                                                      : loaded 2 times (x 80B)
Class org.gradle.internal.exceptions.NonGradleCauseExceptionsHolder                   : loaded 2 times (x 68B)
Class kotlin.enums.EnumEntriesKt                                                      : loaded 2 times (x 69B)
Class org.gradle.internal.IoActions                                                   : loaded 2 times (x 69B)
Class org.gradle.internal.classloader.SystemClassLoaderSpec                           : loaded 2 times (x 69B)
Class org.gradle.internal.exceptions.MultiCauseException                              : loaded 2 times (x 68B)
Class org.gradle.internal.time.CountdownTimer                                         : loaded 2 times (x 68B)
Class kotlin.jvm.internal.Intrinsics                                                  : loaded 2 times (x 69B)
Class org.gradle.tooling.model.ProjectModel                                           : loaded 2 times (x 68B)
Class kotlin.KotlinNullPointerException                                               : loaded 2 times (x 81B)
Class org.gradle.internal.exceptions.DefaultMultiCauseException                       : loaded 2 times (x 93B)
Class org.gradle.internal.time.Time                                                   : loaded 2 times (x 69B)
Class org.gradle.api.internal.classpath.GlobalCacheRootsProvider                      : loaded 2 times (x 68B)
Class org.gradle.internal.time.Timer                                                  : loaded 2 times (x 68B)
Class kotlin.jvm.internal.markers.KMappedMarker                                       : loaded 2 times (x 68B)
Class org.gradle.internal.installation.CurrentGradleInstallationLocator               : loaded 2 times (x 69B)
Class org.gradle.internal.service.DefaultServiceLocator                               : loaded 2 times (x 81B)
Class org.gradle.util.GradleVersion                                                   : loaded 2 times (x 77B)
Class org.gradle.internal.installation.CurrentGradleInstallation                      : loaded 2 times (x 71B)
Class org.gradle.util.internal.GUtil                                                  : loaded 2 times (x 69B)
Class org.gradle.internal.installation.GradleInstallation                             : loaded 2 times (x 73B)

---------------  S Y S T E M  ---------------

OS:
 Windows 11 , 64 bit Build 22621 (10.0.22621.5415)
OS uptime: 0 days 17:12 hours
Hyper-V role detected

CPU: total 12 (initial active 12) (12 cores per cpu, 2 threads per core) family 25 model 80 stepping 0 microcode 0x0, cx8, cmov, fxsr, ht, mmx, 3dnowpref, sse, sse2, sse3, ssse3, sse4a, sse4.1, sse4.2, popcnt, lzcnt, tsc, tscinvbit, avx, avx2, aes, erms, clmul, bmi1, bmi2, adx, sha, fma, vzeroupper, clflush, clflushopt, hv, rdtscp, rdpid, fsrm, f16c, cet_ss
Processor Information for processor 0
  Max Mhz: 2301, Current Mhz: 1798, Mhz Limit: 2301
Processor Information for processor 1
  Max Mhz: 2301, Current Mhz: 1798, Mhz Limit: 2301
Processor Information for processor 2
  Max Mhz: 2301, Current Mhz: 2301, Mhz Limit: 2301
Processor Information for processor 3
  Max Mhz: 2301, Current Mhz: 1798, Mhz Limit: 2301
Processor Information for processor 4
  Max Mhz: 2301, Current Mhz: 1798, Mhz Limit: 2301
Processor Information for processor 5
  Max Mhz: 2301, Current Mhz: 1798, Mhz Limit: 2301
Processor Information for processor 6
  Max Mhz: 2301, Current Mhz: 1798, Mhz Limit: 2301
Processor Information for processor 7
  Max Mhz: 2301, Current Mhz: 1798, Mhz Limit: 2301
Processor Information for processor 8
  Max Mhz: 2301, Current Mhz: 1798, Mhz Limit: 2301
Processor Information for processor 9
  Max Mhz: 2301, Current Mhz: 1798, Mhz Limit: 2301
Processor Information for processor 10
  Max Mhz: 2301, Current Mhz: 1798, Mhz Limit: 2301
Processor Information for processor 11
  Max Mhz: 2301, Current Mhz: 1798, Mhz Limit: 2301

Memory: 4k page, system-wide physical 7520M (398M free)
TotalPageFile size 16761M (AvailPageFile size 19M)
current process WorkingSet (physical memory assigned to process): 301M, peak: 309M
current process commit charge ("private bytes"): 346M, peak: 371M

vm_info: OpenJDK 64-Bit Server VM (21.0.7+-13880790-b1038.58) for windows-amd64 JRE (21.0.7+-13880790-b1038.58), built on 2025-08-04T20:56:21Z by "builder" with MS VC++ 16.10 / 16.11 (VS2019)

END.
