#
# There is insufficient memory for the Java Runtime Environment to continue.
# Native memory allocation (malloc) failed to allocate 1039648 bytes. Error detail: Chunk::new
# Possible reasons:
#   The system is out of physical RAM or swap space
#   This process is running with CompressedOops enabled, and the Java Heap may be blocking the growth of the native heap
# Possible solutions:
#   Reduce memory load on the system
#   Increase physical memory or swap space
#   Check if swap backing store is full
#   Decrease Java heap size (-Xmx/-Xms)
#   Decrease number of Java threads
#   Decrease Java thread stack sizes (-Xss)
#   Set larger code cache with -XX:ReservedCodeCacheSize=
#   JVM is running with Unscaled Compressed Oops mode in which the Java heap is
#     placed in the first 4GB address space. The Java Heap base address is the
#     maximum limit for the native heap growth. Please use -XX:HeapBaseMinAddress
#     to set the Java Heap base and to place the Java Heap above 4GB virtual address.
# This output file may be truncated or incomplete.
#
#  Out of Memory Error (arena.cpp:168), pid=19184, tid=17692
#
# JRE version: OpenJDK Runtime Environment (21.0.7) (build 21.0.7+-13880790-b1038.58)
# Java VM: OpenJDK 64-Bit Server VM (21.0.7+-13880790-b1038.58, mixed mode, tiered, compressed oops, compressed class ptrs, g1 gc, windows-amd64)
# No core dump will be written. Minidumps are not enabled by default on client versions of Windows
#

---------------  S U M M A R Y ------------

Command Line: org.jetbrains.kotlin.cli.jvm.K2JVMCompiler @D:\Andalib_PTB\app\build\20251108_17506938971022545376.compiler.options

Host: AMD Ryzen 5 5625U with Radeon Graphics         , 12 cores, 7G,  Windows 11 , 64 bit Build 22621 (10.0.22621.5415)
Time: Sat Nov  8 16:25:35 2025 SE Asia Standard Time elapsed time: 17.272523 seconds (0d 0h 0m 17s)

---------------  T H R E A D  ---------------

Current thread (0x000002842dec25b0):  JavaThread "C2 CompilerThread1" daemon [_thread_in_native, id=17692, stack(0x00000084f7300000,0x00000084f7400000) (1024K)]


Current CompileTask:
C2:17272 22331       4       org.jetbrains.kotlin.codegen.optimization.temporaryVals.TemporaryValsAnalyzer::analyze (1247 bytes)

Stack: [0x00000084f7300000,0x00000084f7400000]
Native frames: (J=compiled Java code, j=interpreted, Vv=VM code, C=native code)
V  [jvm.dll+0x6d25c9]
V  [jvm.dll+0x860923]
V  [jvm.dll+0x862e7e]
V  [jvm.dll+0x863563]
V  [jvm.dll+0x27f156]
V  [jvm.dll+0xc002d]
V  [jvm.dll+0xc0563]
V  [jvm.dll+0x3b6d3b]
V  [jvm.dll+0x1de734]
V  [jvm.dll+0x247fc4]
V  [jvm.dll+0x247441]
V  [jvm.dll+0x1c5fb4]
V  [jvm.dll+0x256bac]
V  [jvm.dll+0x2550f6]
V  [jvm.dll+0x3f1d16]
V  [jvm.dll+0x808d08]
V  [jvm.dll+0x6d0e1d]
C  [ucrtbase.dll+0x29333]
C  [KERNEL32.DLL+0x1259d]
C  [ntdll.dll+0x5af78]


---------------  P R O C E S S  ---------------

Threads class SMR info:
_java_thread_list=0x000002843612c960, length=12, elements={
0x0000028413f3fdd0, 0x000002842dc55710, 0x000002842dc5f830, 0x000002842dc6da60,
0x000002842dc764d0, 0x000002842dc8b1f0, 0x000002842dc8cc60, 0x000002842dc91720,
0x000002842dc934c0, 0x000002842dc996e0, 0x000002842de15a80, 0x000002842dec25b0
}

Java Threads: ( => current thread )
  0x0000028413f3fdd0 JavaThread "main"                              [_thread_in_Java, id=1320, stack(0x00000084f6100000,0x00000084f6200000) (1024K)]
  0x000002842dc55710 JavaThread "Common-Cleaner"             daemon [_thread_blocked, id=13704, stack(0x00000084f6900000,0x00000084f6a00000) (1024K)]
  0x000002842dc5f830 JavaThread "Reference Handler"          daemon [_thread_blocked, id=19308, stack(0x00000084f6a00000,0x00000084f6b00000) (1024K)]
  0x000002842dc6da60 JavaThread "Finalizer"                  daemon [_thread_blocked, id=21252, stack(0x00000084f6b00000,0x00000084f6c00000) (1024K)]
  0x000002842dc764d0 JavaThread "Signal Dispatcher"          daemon [_thread_blocked, id=12996, stack(0x00000084f6c00000,0x00000084f6d00000) (1024K)]
  0x000002842dc8b1f0 JavaThread "Attach Listener"            daemon [_thread_blocked, id=18036, stack(0x00000084f6d00000,0x00000084f6e00000) (1024K)]
  0x000002842dc8cc60 JavaThread "Service Thread"             daemon [_thread_blocked, id=20952, stack(0x00000084f6e00000,0x00000084f6f00000) (1024K)]
  0x000002842dc91720 JavaThread "Monitor Deflation Thread"   daemon [_thread_blocked, id=18888, stack(0x00000084f6f00000,0x00000084f7000000) (1024K)]
  0x000002842dc934c0 JavaThread "C2 CompilerThread0"         daemon [_thread_in_native, id=19064, stack(0x00000084f7000000,0x00000084f7100000) (1024K)]
  0x000002842dc996e0 JavaThread "C1 CompilerThread0"         daemon [_thread_blocked, id=18412, stack(0x00000084f7100000,0x00000084f7200000) (1024K)]
  0x000002842de15a80 JavaThread "Notification Thread"        daemon [_thread_blocked, id=3704, stack(0x00000084f7200000,0x00000084f7300000) (1024K)]
=>0x000002842dec25b0 JavaThread "C2 CompilerThread1"         daemon [_thread_in_native, id=17692, stack(0x00000084f7300000,0x00000084f7400000) (1024K)]
Total: 12

Other Threads:
  0x0000028413f1de60 VMThread "VM Thread"                           [id=7876, stack(0x00000084f6800000,0x00000084f6900000) (1024K)]
  0x000002842da42780 WatcherThread "VM Periodic Task Thread"        [id=18848, stack(0x00000084f6700000,0x00000084f6800000) (1024K)]
  0x0000028413f1dac0 WorkerThread "GC Thread#0"                     [id=20448, stack(0x00000084f6200000,0x00000084f6300000) (1024K)]
  0x0000028432402db0 WorkerThread "GC Thread#1"                     [id=21140, stack(0x00000084f7500000,0x00000084f7600000) (1024K)]
  0x0000028432404e50 WorkerThread "GC Thread#2"                     [id=17000, stack(0x00000084f7600000,0x00000084f7700000) (1024K)]
  0x0000028432403c30 WorkerThread "GC Thread#3"                     [id=7544, stack(0x00000084f7700000,0x00000084f7800000) (1024K)]
  0x0000028432401450 WorkerThread "GC Thread#4"                     [id=17748, stack(0x00000084f7800000,0x00000084f7900000) (1024K)]
  0x00000284324034f0 WorkerThread "GC Thread#5"                     [id=18932, stack(0x00000084f7900000,0x00000084f7a00000) (1024K)]
  0x0000028432401b90 WorkerThread "GC Thread#6"                     [id=19808, stack(0x00000084f7400000,0x00000084f7500000) (1024K)]
  0x00000284324017f0 WorkerThread "GC Thread#7"                     [id=19988, stack(0x00000084f7a00000,0x00000084f7b00000) (1024K)]
  0x00000284333c32e0 WorkerThread "GC Thread#8"                     [id=19160, stack(0x00000084f7d00000,0x00000084f7e00000) (1024K)]
  0x00000284333c20c0 WorkerThread "GC Thread#9"                     [id=18340, stack(0x00000084f7f00000,0x00000084f8000000) (1024K)]
  0x000002841630cd70 ConcurrentGCThread "G1 Main Marker"            [id=18884, stack(0x00000084f6300000,0x00000084f6400000) (1024K)]
  0x0000028413f1e200 WorkerThread "G1 Conc#0"                       [id=9572, stack(0x00000084f6400000,0x00000084f6500000) (1024K)]
  0x0000028432404370 WorkerThread "G1 Conc#1"                       [id=14484, stack(0x00000084f7b00000,0x00000084f7c00000) (1024K)]
  0x0000028432403890 WorkerThread "G1 Conc#2"                       [id=19376, stack(0x00000084f7c00000,0x00000084f7d00000) (1024K)]
  0x000002841636e970 ConcurrentGCThread "G1 Refine#0"               [id=1732, stack(0x00000084f6500000,0x00000084f6600000) (1024K)]
  0x000002842d9156e0 ConcurrentGCThread "G1 Service"                [id=19672, stack(0x00000084f6600000,0x00000084f6700000) (1024K)]
Total: 18

Threads with active compile tasks:
C2 CompilerThread0  17292 22503       4       org.jetbrains.kotlin.types.AbstractTypeMapper::mapType (561 bytes)
C2 CompilerThread1  17292 22331       4       org.jetbrains.kotlin.codegen.optimization.temporaryVals.TemporaryValsAnalyzer::analyze (1247 bytes)
Total: 2

VM state: not at safepoint (normal execution)

VM Mutex/Monitor currently owned by a thread: None

Heap address: 0x000000008a600000, size: 1882 MB, Compressed Oops mode: 32-bit

CDS archive(s) not mapped
Compressed class space mapped at: 0x0000000100000000-0x0000000140000000, reserved size: 1073741824
Narrow klass base: 0x0000000000000000, Narrow klass shift: 3, Narrow klass range: 0x140000000

GC Precious Log:
 CardTable entry size: 512
 Card Set container configuration: InlinePtr #cards 5 size 8 Array Of Cards #cards 12 size 40 Howl #buckets 4 coarsen threshold 1843 Howl Bitmap #cards 512 size 80 coarsen threshold 460 Card regions per heap region 1 cards per card region 2048
 CPUs: 12 total, 12 available
 Memory: 7520M
 Large Page Support: Disabled
 NUMA Support: Disabled
 Compressed Oops: Enabled (32-bit)
 Heap Region Size: 1M
 Heap Min Capacity: 8M
 Heap Initial Capacity: 118M
 Heap Max Capacity: 1882M
 Pre-touch: Disabled
 Parallel Workers: 10
 Concurrent Workers: 3
 Concurrent Refinement Workers: 10
 Periodic GC: Disabled

Heap:
 garbage-first heap   total 331776K, used 211221K [0x000000008a600000, 0x0000000100000000)
  region size 1024K, 25 young (25600K), 11 survivors (11264K)
 Metaspace       used 98143K, committed 98560K, reserved 1179648K
  class space    used 9835K, committed 10048K, reserved 1048576K

Heap Regions: E=young(eden), S=young(survivor), O=old, HS=humongous(starts), HC=humongous(continues), CS=collection set, F=free, TAMS=top-at-mark-start, PB=parsable bottom
|   0|0x000000008a600000, 0x000000008a700000, 0x000000008a700000|100%|HS|  |TAMS 0x000000008a700000| PB 0x000000008a600000| Complete 
|   1|0x000000008a700000, 0x000000008a800000, 0x000000008a800000|100%|HC|  |TAMS 0x000000008a800000| PB 0x000000008a700000| Complete 
|   2|0x000000008a800000, 0x000000008a900000, 0x000000008a900000|100%|HC|  |TAMS 0x000000008a900000| PB 0x000000008a800000| Complete 
|   3|0x000000008a900000, 0x000000008aa00000, 0x000000008aa00000|100%| O|  |TAMS 0x000000008aa00000| PB 0x000000008a900000| Untracked 
|   4|0x000000008aa00000, 0x000000008ab00000, 0x000000008ab00000|100%| O|  |TAMS 0x000000008ab00000| PB 0x000000008aa00000| Untracked 
|   5|0x000000008ab00000, 0x000000008abf1e00, 0x000000008ac00000| 94%| O|  |TAMS 0x000000008abf1e00| PB 0x000000008ab00000| Updating 
|   6|0x000000008ac00000, 0x000000008ad00000, 0x000000008ad00000|100%| O|  |TAMS 0x000000008ad00000| PB 0x000000008ac00000| Untracked 
|   7|0x000000008ad00000, 0x000000008ae00000, 0x000000008ae00000|100%| O|  |TAMS 0x000000008ae00000| PB 0x000000008ad00000| Untracked 
|   8|0x000000008ae00000, 0x000000008af00000, 0x000000008af00000|100%| O|  |TAMS 0x000000008af00000| PB 0x000000008ae00000| Untracked 
|   9|0x000000008af00000, 0x000000008b000000, 0x000000008b000000|100%| O|  |TAMS 0x000000008b000000| PB 0x000000008af00000| Untracked 
|  10|0x000000008b000000, 0x000000008b100000, 0x000000008b100000|100%| O|  |TAMS 0x000000008b100000| PB 0x000000008b000000| Untracked 
|  11|0x000000008b100000, 0x000000008b200000, 0x000000008b200000|100%| O|  |TAMS 0x000000008b200000| PB 0x000000008b100000| Untracked 
|  12|0x000000008b200000, 0x000000008b300000, 0x000000008b300000|100%| O|  |TAMS 0x000000008b300000| PB 0x000000008b200000| Untracked 
|  13|0x000000008b300000, 0x000000008b400000, 0x000000008b400000|100%| O|  |TAMS 0x000000008b400000| PB 0x000000008b300000| Untracked 
|  14|0x000000008b400000, 0x000000008b500000, 0x000000008b500000|100%| O|  |TAMS 0x000000008b500000| PB 0x000000008b400000| Untracked 
|  15|0x000000008b500000, 0x000000008b600000, 0x000000008b600000|100%| O|  |TAMS 0x000000008b600000| PB 0x000000008b500000| Untracked 
|  16|0x000000008b600000, 0x000000008b700000, 0x000000008b700000|100%| O|  |TAMS 0x000000008b700000| PB 0x000000008b600000| Untracked 
|  17|0x000000008b700000, 0x000000008b800000, 0x000000008b800000|100%| O|  |TAMS 0x000000008b800000| PB 0x000000008b700000| Updating 
|  18|0x000000008b800000, 0x000000008b900000, 0x000000008b900000|100%| O|  |TAMS 0x000000008b900000| PB 0x000000008b800000| Updating 
|  19|0x000000008b900000, 0x000000008ba00000, 0x000000008ba00000|100%| O|  |TAMS 0x000000008ba00000| PB 0x000000008b900000| Untracked 
|  20|0x000000008ba00000, 0x000000008bb00000, 0x000000008bb00000|100%| O|  |TAMS 0x000000008bb00000| PB 0x000000008ba00000| Updating 
|  21|0x000000008bb00000, 0x000000008bc00000, 0x000000008bc00000|100%| O|  |TAMS 0x000000008bc00000| PB 0x000000008bb00000| Untracked 
|  22|0x000000008bc00000, 0x000000008bd00000, 0x000000008bd00000|100%| O|  |TAMS 0x000000008bd00000| PB 0x000000008bc00000| Untracked 
|  23|0x000000008bd00000, 0x000000008be00000, 0x000000008be00000|100%| O|  |TAMS 0x000000008be00000| PB 0x000000008bd00000| Untracked 
|  24|0x000000008be00000, 0x000000008bf00000, 0x000000008bf00000|100%| O|  |TAMS 0x000000008bf00000| PB 0x000000008be00000| Updating 
|  25|0x000000008bf00000, 0x000000008c000000, 0x000000008c000000|100%| O|  |TAMS 0x000000008c000000| PB 0x000000008bf00000| Untracked 
|  26|0x000000008c000000, 0x000000008c100000, 0x000000008c100000|100%| O|  |TAMS 0x000000008c100000| PB 0x000000008c000000| Untracked 
|  27|0x000000008c100000, 0x000000008c200000, 0x000000008c200000|100%| O|  |TAMS 0x000000008c200000| PB 0x000000008c100000| Untracked 
|  28|0x000000008c200000, 0x000000008c300000, 0x000000008c300000|100%| O|  |TAMS 0x000000008c300000| PB 0x000000008c200000| Untracked 
|  29|0x000000008c300000, 0x000000008c400000, 0x000000008c400000|100%| O|  |TAMS 0x000000008c400000| PB 0x000000008c300000| Untracked 
|  30|0x000000008c400000, 0x000000008c500000, 0x000000008c500000|100%| O|  |TAMS 0x000000008c500000| PB 0x000000008c400000| Updating 
|  31|0x000000008c500000, 0x000000008c600000, 0x000000008c600000|100%| O|  |TAMS 0x000000008c600000| PB 0x000000008c500000| Updating 
|  32|0x000000008c600000, 0x000000008c700000, 0x000000008c700000|100%| O|  |TAMS 0x000000008c700000| PB 0x000000008c600000| Untracked 
|  33|0x000000008c700000, 0x000000008c800000, 0x000000008c800000|100%| O|  |TAMS 0x000000008c800000| PB 0x000000008c700000| Untracked 
|  34|0x000000008c800000, 0x000000008c900000, 0x000000008c900000|100%| O|  |TAMS 0x000000008c900000| PB 0x000000008c800000| Untracked 
|  35|0x000000008c900000, 0x000000008ca00000, 0x000000008ca00000|100%| O|  |TAMS 0x000000008ca00000| PB 0x000000008c900000| Untracked 
|  36|0x000000008ca00000, 0x000000008cb00000, 0x000000008cb00000|100%| O|  |TAMS 0x000000008cb00000| PB 0x000000008ca00000| Untracked 
|  37|0x000000008cb00000, 0x000000008cc00000, 0x000000008cc00000|100%| O|  |TAMS 0x000000008cc00000| PB 0x000000008cb00000| Untracked 
|  38|0x000000008cc00000, 0x000000008cd00000, 0x000000008cd00000|100%| O|  |TAMS 0x000000008cd00000| PB 0x000000008cc00000| Untracked 
|  39|0x000000008cd00000, 0x000000008ce00000, 0x000000008ce00000|100%| O|  |TAMS 0x000000008ce00000| PB 0x000000008cd00000| Untracked 
|  40|0x000000008ce00000, 0x000000008cf00000, 0x000000008cf00000|100%| O|  |TAMS 0x000000008cf00000| PB 0x000000008ce00000| Updating 
|  41|0x000000008cf00000, 0x000000008d000000, 0x000000008d000000|100%| O|  |TAMS 0x000000008d000000| PB 0x000000008cf00000| Updating 
|  42|0x000000008d000000, 0x000000008d100000, 0x000000008d100000|100%| O|  |TAMS 0x000000008d100000| PB 0x000000008d000000| Untracked 
|  43|0x000000008d100000, 0x000000008d200000, 0x000000008d200000|100%| O|  |TAMS 0x000000008d200000| PB 0x000000008d100000| Updating 
|  44|0x000000008d200000, 0x000000008d300000, 0x000000008d300000|100%| O|  |TAMS 0x000000008d300000| PB 0x000000008d200000| Untracked 
|  45|0x000000008d300000, 0x000000008d400000, 0x000000008d400000|100%| O|  |TAMS 0x000000008d400000| PB 0x000000008d300000| Untracked 
|  46|0x000000008d400000, 0x000000008d500000, 0x000000008d500000|100%| O|  |TAMS 0x000000008d500000| PB 0x000000008d400000| Updating 
|  47|0x000000008d500000, 0x000000008d600000, 0x000000008d600000|100%| O|  |TAMS 0x000000008d600000| PB 0x000000008d500000| Untracked 
|  48|0x000000008d600000, 0x000000008d700000, 0x000000008d700000|100%| O|  |TAMS 0x000000008d700000| PB 0x000000008d600000| Untracked 
|  49|0x000000008d700000, 0x000000008d800000, 0x000000008d800000|100%| O|  |TAMS 0x000000008d800000| PB 0x000000008d700000| Untracked 
|  50|0x000000008d800000, 0x000000008d900000, 0x000000008d900000|100%| O|  |TAMS 0x000000008d900000| PB 0x000000008d800000| Untracked 
|  51|0x000000008d900000, 0x000000008da00000, 0x000000008da00000|100%| O|  |TAMS 0x000000008da00000| PB 0x000000008d900000| Updating 
|  52|0x000000008da00000, 0x000000008db00000, 0x000000008db00000|100%| O|  |TAMS 0x000000008db00000| PB 0x000000008da00000| Updating 
|  53|0x000000008db00000, 0x000000008dc00000, 0x000000008dc00000|100%| O|  |TAMS 0x000000008dc00000| PB 0x000000008db00000| Untracked 
|  54|0x000000008dc00000, 0x000000008dd00000, 0x000000008dd00000|100%| O|  |TAMS 0x000000008dd00000| PB 0x000000008dc00000| Untracked 
|  55|0x000000008dd00000, 0x000000008de00000, 0x000000008de00000|100%| O|  |TAMS 0x000000008de00000| PB 0x000000008dd00000| Untracked 
|  56|0x000000008de00000, 0x000000008df00000, 0x000000008df00000|100%| O|  |TAMS 0x000000008df00000| PB 0x000000008de00000| Untracked 
|  57|0x000000008df00000, 0x000000008e000000, 0x000000008e000000|100%| O|  |TAMS 0x000000008e000000| PB 0x000000008df00000| Untracked 
|  58|0x000000008e000000, 0x000000008e100000, 0x000000008e100000|100%| O|  |TAMS 0x000000008e100000| PB 0x000000008e000000| Untracked 
|  59|0x000000008e100000, 0x000000008e200000, 0x000000008e200000|100%| O|  |TAMS 0x000000008e200000| PB 0x000000008e100000| Untracked 
|  60|0x000000008e200000, 0x000000008e300000, 0x000000008e300000|100%| O|  |TAMS 0x000000008e300000| PB 0x000000008e200000| Untracked 
|  61|0x000000008e300000, 0x000000008e400000, 0x000000008e400000|100%| O|  |TAMS 0x000000008e400000| PB 0x000000008e300000| Untracked 
|  62|0x000000008e400000, 0x000000008e500000, 0x000000008e500000|100%| O|  |TAMS 0x000000008e500000| PB 0x000000008e400000| Untracked 
|  63|0x000000008e500000, 0x000000008e600000, 0x000000008e600000|100%| O|  |TAMS 0x000000008e600000| PB 0x000000008e500000| Untracked 
|  64|0x000000008e600000, 0x000000008e700000, 0x000000008e700000|100%| O|  |TAMS 0x000000008e700000| PB 0x000000008e600000| Untracked 
|  65|0x000000008e700000, 0x000000008e800000, 0x000000008e800000|100%| O|  |TAMS 0x000000008e800000| PB 0x000000008e700000| Untracked 
|  66|0x000000008e800000, 0x000000008e900000, 0x000000008e900000|100%| O|  |TAMS 0x000000008e900000| PB 0x000000008e800000| Untracked 
|  67|0x000000008e900000, 0x000000008ea00000, 0x000000008ea00000|100%| O|  |TAMS 0x000000008ea00000| PB 0x000000008e900000| Untracked 
|  68|0x000000008ea00000, 0x000000008eb00000, 0x000000008eb00000|100%| O|  |TAMS 0x000000008eb00000| PB 0x000000008ea00000| Untracked 
|  69|0x000000008eb00000, 0x000000008ec00000, 0x000000008ec00000|100%| O|  |TAMS 0x000000008ec00000| PB 0x000000008eb00000| Untracked 
|  70|0x000000008ec00000, 0x000000008ed00000, 0x000000008ed00000|100%| O|  |TAMS 0x000000008ed00000| PB 0x000000008ec00000| Untracked 
|  71|0x000000008ed00000, 0x000000008ee00000, 0x000000008ee00000|100%| O|  |TAMS 0x000000008ee00000| PB 0x000000008ed00000| Untracked 
|  72|0x000000008ee00000, 0x000000008ef00000, 0x000000008ef00000|100%| O|  |TAMS 0x000000008ef00000| PB 0x000000008ee00000| Untracked 
|  73|0x000000008ef00000, 0x000000008f000000, 0x000000008f000000|100%| O|  |TAMS 0x000000008f000000| PB 0x000000008ef00000| Untracked 
|  74|0x000000008f000000, 0x000000008f100000, 0x000000008f100000|100%| O|  |TAMS 0x000000008f100000| PB 0x000000008f000000| Untracked 
|  75|0x000000008f100000, 0x000000008f200000, 0x000000008f200000|100%| O|  |TAMS 0x000000008f200000| PB 0x000000008f100000| Updating 
|  76|0x000000008f200000, 0x000000008f300000, 0x000000008f300000|100%| O|  |TAMS 0x000000008f300000| PB 0x000000008f200000| Updating 
|  77|0x000000008f300000, 0x000000008f400000, 0x000000008f400000|100%| O|  |TAMS 0x000000008f400000| PB 0x000000008f300000| Updating 
|  78|0x000000008f400000, 0x000000008f500000, 0x000000008f500000|100%| O|  |TAMS 0x000000008f500000| PB 0x000000008f400000| Updating 
|  79|0x000000008f500000, 0x000000008f600000, 0x000000008f600000|100%| O|  |TAMS 0x000000008f600000| PB 0x000000008f500000| Untracked 
|  80|0x000000008f600000, 0x000000008f700000, 0x000000008f700000|100%| O|  |TAMS 0x000000008f700000| PB 0x000000008f600000| Untracked 
|  81|0x000000008f700000, 0x000000008f800000, 0x000000008f800000|100%| O|  |TAMS 0x000000008f800000| PB 0x000000008f700000| Untracked 
|  82|0x000000008f800000, 0x000000008f900000, 0x000000008f900000|100%| O|  |TAMS 0x000000008f900000| PB 0x000000008f800000| Untracked 
|  83|0x000000008f900000, 0x000000008fa00000, 0x000000008fa00000|100%| O|  |TAMS 0x000000008fa00000| PB 0x000000008f900000| Untracked 
|  84|0x000000008fa00000, 0x000000008fb00000, 0x000000008fb00000|100%| O|  |TAMS 0x000000008fb00000| PB 0x000000008fa00000| Untracked 
|  85|0x000000008fb00000, 0x000000008fc00000, 0x000000008fc00000|100%| O|  |TAMS 0x000000008fc00000| PB 0x000000008fb00000| Untracked 
|  86|0x000000008fc00000, 0x000000008fd00000, 0x000000008fd00000|100%| O|  |TAMS 0x000000008fd00000| PB 0x000000008fc00000| Untracked 
|  87|0x000000008fd00000, 0x000000008fe00000, 0x000000008fe00000|100%| O|  |TAMS 0x000000008fe00000| PB 0x000000008fd00000| Untracked 
|  88|0x000000008fe00000, 0x000000008ff00000, 0x000000008ff00000|100%| O|  |TAMS 0x000000008ff00000| PB 0x000000008fe00000| Untracked 
|  89|0x000000008ff00000, 0x0000000090000000, 0x0000000090000000|100%| O|  |TAMS 0x0000000090000000| PB 0x000000008ff00000| Untracked 
|  90|0x0000000090000000, 0x0000000090100000, 0x0000000090100000|100%| O|  |TAMS 0x0000000090100000| PB 0x0000000090000000| Untracked 
|  91|0x0000000090100000, 0x0000000090200000, 0x0000000090200000|100%| O|  |TAMS 0x0000000090200000| PB 0x0000000090100000| Untracked 
|  92|0x0000000090200000, 0x0000000090300000, 0x0000000090300000|100%| O|  |TAMS 0x0000000090300000| PB 0x0000000090200000| Untracked 
|  93|0x0000000090300000, 0x0000000090400000, 0x0000000090400000|100%| O|  |TAMS 0x0000000090400000| PB 0x0000000090300000| Untracked 
|  94|0x0000000090400000, 0x0000000090500000, 0x0000000090500000|100%| O|  |TAMS 0x0000000090500000| PB 0x0000000090400000| Untracked 
|  95|0x0000000090500000, 0x0000000090600000, 0x0000000090600000|100%| O|  |TAMS 0x0000000090600000| PB 0x0000000090500000| Untracked 
|  96|0x0000000090600000, 0x0000000090700000, 0x0000000090700000|100%| O|  |TAMS 0x0000000090700000| PB 0x0000000090600000| Updating 
|  97|0x0000000090700000, 0x0000000090800000, 0x0000000090800000|100%| O|  |TAMS 0x0000000090800000| PB 0x0000000090700000| Untracked 
|  98|0x0000000090800000, 0x0000000090900000, 0x0000000090900000|100%| O|  |TAMS 0x0000000090900000| PB 0x0000000090800000| Untracked 
|  99|0x0000000090900000, 0x0000000090a00000, 0x0000000090a00000|100%| O|  |TAMS 0x0000000090a00000| PB 0x0000000090900000| Untracked 
| 100|0x0000000090a00000, 0x0000000090b00000, 0x0000000090b00000|100%| O|  |TAMS 0x0000000090b00000| PB 0x0000000090a00000| Untracked 
| 101|0x0000000090b00000, 0x0000000090c00000, 0x0000000090c00000|100%| O|  |TAMS 0x0000000090c00000| PB 0x0000000090b00000| Untracked 
| 102|0x0000000090c00000, 0x0000000090d00000, 0x0000000090d00000|100%| O|  |TAMS 0x0000000090d00000| PB 0x0000000090c00000| Updating 
| 103|0x0000000090d00000, 0x0000000090e00000, 0x0000000090e00000|100%| O|  |TAMS 0x0000000090e00000| PB 0x0000000090d00000| Untracked 
| 104|0x0000000090e00000, 0x0000000090f00000, 0x0000000090f00000|100%| O|  |TAMS 0x0000000090f00000| PB 0x0000000090e00000| Untracked 
| 105|0x0000000090f00000, 0x0000000091000000, 0x0000000091000000|100%| O|  |TAMS 0x0000000091000000| PB 0x0000000090f00000| Untracked 
| 106|0x0000000091000000, 0x0000000091100000, 0x0000000091100000|100%| O|  |TAMS 0x0000000091100000| PB 0x0000000091000000| Untracked 
| 107|0x0000000091100000, 0x0000000091200000, 0x0000000091200000|100%| O|  |TAMS 0x0000000091200000| PB 0x0000000091100000| Untracked 
| 108|0x0000000091200000, 0x0000000091300000, 0x0000000091300000|100%| O|  |TAMS 0x0000000091300000| PB 0x0000000091200000| Untracked 
| 109|0x0000000091300000, 0x0000000091400000, 0x0000000091400000|100%| O|  |TAMS 0x0000000091400000| PB 0x0000000091300000| Untracked 
| 110|0x0000000091400000, 0x0000000091500000, 0x0000000091500000|100%| O|  |TAMS 0x0000000091500000| PB 0x0000000091400000| Untracked 
| 111|0x0000000091500000, 0x0000000091600000, 0x0000000091600000|100%| O|  |TAMS 0x0000000091600000| PB 0x0000000091600000| Untracked 
| 112|0x0000000091600000, 0x0000000091700000, 0x0000000091700000|100%| O|  |TAMS 0x0000000091700000| PB 0x0000000091700000| Untracked 
| 113|0x0000000091700000, 0x0000000091800000, 0x0000000091800000|100%| O|  |TAMS 0x0000000091800000| PB 0x0000000091800000| Untracked 
| 114|0x0000000091800000, 0x0000000091900000, 0x0000000091900000|100%| O|  |TAMS 0x0000000091900000| PB 0x0000000091900000| Untracked 
| 115|0x0000000091900000, 0x0000000091a00000, 0x0000000091a00000|100%| O|  |TAMS 0x0000000091a00000| PB 0x0000000091a00000| Untracked 
| 116|0x0000000091a00000, 0x0000000091b00000, 0x0000000091b00000|100%| O|  |TAMS 0x0000000091b00000| PB 0x0000000091b00000| Untracked 
| 117|0x0000000091b00000, 0x0000000091c00000, 0x0000000091c00000|100%| O|  |TAMS 0x0000000091c00000| PB 0x0000000091c00000| Untracked 
| 118|0x0000000091c00000, 0x0000000091d00000, 0x0000000091d00000|100%| O|  |TAMS 0x0000000091d00000| PB 0x0000000091d00000| Untracked 
| 119|0x0000000091d00000, 0x0000000091e00000, 0x0000000091e00000|100%| O|  |TAMS 0x0000000091e00000| PB 0x0000000091e00000| Updating 
| 120|0x0000000091e00000, 0x0000000091f00000, 0x0000000091f00000|100%| O|  |TAMS 0x0000000091f00000| PB 0x0000000091f00000| Untracked 
| 121|0x0000000091f00000, 0x0000000092000000, 0x0000000092000000|100%| O|  |TAMS 0x0000000092000000| PB 0x0000000092000000| Untracked 
| 122|0x0000000092000000, 0x0000000092100000, 0x0000000092100000|100%| O|  |TAMS 0x0000000092100000| PB 0x0000000092100000| Untracked 
| 123|0x0000000092100000, 0x0000000092200000, 0x0000000092200000|100%| O|  |TAMS 0x0000000092200000| PB 0x0000000092200000| Untracked 
| 124|0x0000000092200000, 0x0000000092300000, 0x0000000092300000|100%| O|  |TAMS 0x0000000092300000| PB 0x0000000092300000| Untracked 
| 125|0x0000000092300000, 0x0000000092400000, 0x0000000092400000|100%| O|  |TAMS 0x0000000092400000| PB 0x0000000092400000| Untracked 
| 126|0x0000000092400000, 0x0000000092500000, 0x0000000092500000|100%| O|  |TAMS 0x0000000092500000| PB 0x0000000092500000| Untracked 
| 127|0x0000000092500000, 0x0000000092600000, 0x0000000092600000|100%| O|  |TAMS 0x0000000092600000| PB 0x0000000092600000| Untracked 
| 128|0x0000000092600000, 0x0000000092700000, 0x0000000092700000|100%| O|  |TAMS 0x0000000092700000| PB 0x0000000092700000| Untracked 
| 129|0x0000000092700000, 0x0000000092800000, 0x0000000092800000|100%| O|  |TAMS 0x0000000092800000| PB 0x0000000092800000| Updating 
| 130|0x0000000092800000, 0x0000000092900000, 0x0000000092900000|100%| O|  |TAMS 0x0000000092900000| PB 0x0000000092900000| Untracked 
| 131|0x0000000092900000, 0x0000000092a00000, 0x0000000092a00000|100%| O|  |TAMS 0x0000000092a00000| PB 0x0000000092a00000| Untracked 
| 132|0x0000000092a00000, 0x0000000092b00000, 0x0000000092b00000|100%| O|  |TAMS 0x0000000092b00000| PB 0x0000000092b00000| Updating 
| 133|0x0000000092b00000, 0x0000000092c00000, 0x0000000092c00000|100%| O|  |TAMS 0x0000000092c00000| PB 0x0000000092c00000| Updating 
| 134|0x0000000092c00000, 0x0000000092d00000, 0x0000000092d00000|100%| O|  |TAMS 0x0000000092d00000| PB 0x0000000092d00000| Untracked 
| 135|0x0000000092d00000, 0x0000000092e00000, 0x0000000092e00000|100%| O|  |TAMS 0x0000000092e00000| PB 0x0000000092e00000| Untracked 
| 136|0x0000000092e00000, 0x0000000092f00000, 0x0000000092f00000|100%| O|  |TAMS 0x0000000092f00000| PB 0x0000000092f00000| Untracked 
| 137|0x0000000092f00000, 0x0000000093000000, 0x0000000093000000|100%| O|  |TAMS 0x0000000093000000| PB 0x0000000093000000| Untracked 
| 138|0x0000000093000000, 0x0000000093100000, 0x0000000093100000|100%| O|  |TAMS 0x0000000093100000| PB 0x0000000093100000| Untracked 
| 139|0x0000000093100000, 0x0000000093200000, 0x0000000093200000|100%| O|  |TAMS 0x0000000093200000| PB 0x0000000093200000| Untracked 
| 140|0x0000000093200000, 0x0000000093300000, 0x0000000093300000|100%| O|  |TAMS 0x0000000093300000| PB 0x0000000093300000| Untracked 
| 141|0x0000000093300000, 0x0000000093400000, 0x0000000093400000|100%| O|  |TAMS 0x0000000093400000| PB 0x0000000093400000| Untracked 
| 142|0x0000000093400000, 0x0000000093500000, 0x0000000093500000|100%| O|  |TAMS 0x0000000093500000| PB 0x0000000093500000| Untracked 
| 143|0x0000000093500000, 0x0000000093600000, 0x0000000093600000|100%| O|  |TAMS 0x0000000093600000| PB 0x0000000093600000| Untracked 
| 144|0x0000000093600000, 0x0000000093700000, 0x0000000093700000|100%| O|  |TAMS 0x0000000093700000| PB 0x0000000093700000| Untracked 
| 145|0x0000000093700000, 0x0000000093800000, 0x0000000093800000|100%| O|  |TAMS 0x0000000093800000| PB 0x0000000093800000| Untracked 
| 146|0x0000000093800000, 0x0000000093900000, 0x0000000093900000|100%| O|  |TAMS 0x0000000093900000| PB 0x0000000093900000| Untracked 
| 147|0x0000000093900000, 0x0000000093a00000, 0x0000000093a00000|100%| O|  |TAMS 0x0000000093a00000| PB 0x0000000093a00000| Updating 
| 148|0x0000000093a00000, 0x0000000093b00000, 0x0000000093b00000|100%| O|  |TAMS 0x0000000093a00000| PB 0x0000000093a00000| Untracked 
| 149|0x0000000093b00000, 0x0000000093c00000, 0x0000000093c00000|100%| O|  |TAMS 0x0000000093c00000| PB 0x0000000093c00000| Updating 
| 150|0x0000000093c00000, 0x0000000093d00000, 0x0000000093d00000|100%| O|  |TAMS 0x0000000093c00000| PB 0x0000000093c00000| Untracked 
| 151|0x0000000093d00000, 0x0000000093e00000, 0x0000000093e00000|100%| O|  |TAMS 0x0000000093e00000| PB 0x0000000093e00000| Updating 
| 152|0x0000000093e00000, 0x0000000093f00000, 0x0000000093f00000|100%| O|  |TAMS 0x0000000093f00000| PB 0x0000000093f00000| Untracked 
| 153|0x0000000093f00000, 0x0000000094000000, 0x0000000094000000|100%| O|  |TAMS 0x0000000094000000| PB 0x0000000094000000| Untracked 
| 154|0x0000000094000000, 0x0000000094100000, 0x0000000094100000|100%| O|  |TAMS 0x0000000094100000| PB 0x0000000094100000| Untracked 
| 155|0x0000000094100000, 0x0000000094200000, 0x0000000094200000|100%| O|  |TAMS 0x0000000094200000| PB 0x0000000094200000| Untracked 
| 156|0x0000000094200000, 0x0000000094300000, 0x0000000094300000|100%| O|  |TAMS 0x0000000094300000| PB 0x0000000094300000| Untracked 
| 157|0x0000000094300000, 0x0000000094400000, 0x0000000094400000|100%| O|  |TAMS 0x0000000094400000| PB 0x0000000094400000| Untracked 
| 158|0x0000000094400000, 0x0000000094500000, 0x0000000094500000|100%| O|  |TAMS 0x0000000094500000| PB 0x0000000094500000| Updating 
| 159|0x0000000094500000, 0x0000000094600000, 0x0000000094600000|100%| O|  |TAMS 0x0000000094600000| PB 0x0000000094600000| Untracked 
| 160|0x0000000094600000, 0x0000000094700000, 0x0000000094700000|100%| O|  |TAMS 0x0000000094700000| PB 0x0000000094700000| Updating 
| 161|0x0000000094700000, 0x0000000094800000, 0x0000000094800000|100%| O|  |TAMS 0x0000000094800000| PB 0x0000000094800000| Untracked 
| 162|0x0000000094800000, 0x0000000094900000, 0x0000000094900000|100%| O|  |TAMS 0x0000000094900000| PB 0x0000000094900000| Untracked 
| 163|0x0000000094900000, 0x0000000094a00000, 0x0000000094a00000|100%| O|  |TAMS 0x0000000094a00000| PB 0x0000000094a00000| Updating 
| 164|0x0000000094a00000, 0x0000000094b00000, 0x0000000094b00000|100%| O|  |TAMS 0x0000000094b00000| PB 0x0000000094b00000| Updating 
| 165|0x0000000094b00000, 0x0000000094c00000, 0x0000000094c00000|100%| O|  |TAMS 0x0000000094b00000| PB 0x0000000094b00000| Untracked 
| 166|0x0000000094c00000, 0x0000000094ccdc30, 0x0000000094d00000| 80%| O|  |TAMS 0x0000000094c00000| PB 0x0000000094c00000| Updating 
| 167|0x0000000094d00000, 0x0000000094e00000, 0x0000000094e00000|100%| O|  |TAMS 0x0000000094e00000| PB 0x0000000094e00000| Untracked 
| 168|0x0000000094e00000, 0x0000000094f00000, 0x0000000094f00000|100%| O|  |TAMS 0x0000000094f00000| PB 0x0000000094f00000| Updating 
| 169|0x0000000094f00000, 0x0000000095000000, 0x0000000095000000|100%| O|  |TAMS 0x0000000095000000| PB 0x0000000095000000| Untracked 
| 170|0x0000000095000000, 0x0000000095100000, 0x0000000095100000|100%| O|  |TAMS 0x0000000095100000| PB 0x0000000095100000| Untracked 
| 171|0x0000000095100000, 0x0000000095200000, 0x0000000095200000|100%| O|  |TAMS 0x0000000095200000| PB 0x0000000095200000| Updating 
| 172|0x0000000095200000, 0x0000000095300000, 0x0000000095300000|100%| O|  |TAMS 0x0000000095300000| PB 0x0000000095300000| Updating 
| 173|0x0000000095300000, 0x0000000095400000, 0x0000000095400000|100%| O|  |TAMS 0x0000000095400000| PB 0x0000000095400000| Updating 
| 174|0x0000000095400000, 0x0000000095500000, 0x0000000095500000|100%| O|  |TAMS 0x0000000095500000| PB 0x0000000095500000| Updating 
| 175|0x0000000095500000, 0x0000000095600000, 0x0000000095600000|100%| O|  |TAMS 0x00000000955d5700| PB 0x00000000955d5700| Updating 
| 176|0x0000000095600000, 0x0000000095600000, 0x0000000095700000|  0%| F|  |TAMS 0x0000000095600000| PB 0x0000000095600000| Untracked 
| 177|0x0000000095700000, 0x0000000095700000, 0x0000000095800000|  0%| F|  |TAMS 0x0000000095700000| PB 0x0000000095700000| Untracked 
| 178|0x0000000095800000, 0x0000000095800000, 0x0000000095900000|  0%| F|  |TAMS 0x0000000095800000| PB 0x0000000095800000| Untracked 
| 179|0x0000000095900000, 0x0000000095a00000, 0x0000000095a00000|100%| O|  |TAMS 0x0000000095a00000| PB 0x0000000095a00000| Updating 
| 180|0x0000000095a00000, 0x0000000095b00000, 0x0000000095b00000|100%| O|  |TAMS 0x0000000095b00000| PB 0x0000000095b00000| Updating 
| 181|0x0000000095b00000, 0x0000000095c00000, 0x0000000095c00000|100%| O|  |TAMS 0x0000000095c00000| PB 0x0000000095c00000| Updating 
| 182|0x0000000095c00000, 0x0000000095d00000, 0x0000000095d00000|100%| O|  |TAMS 0x0000000095d00000| PB 0x0000000095d00000| Updating 
| 183|0x0000000095d00000, 0x0000000095e00000, 0x0000000095e00000|100%| O|  |TAMS 0x0000000095e00000| PB 0x0000000095e00000| Updating 
| 184|0x0000000095e00000, 0x0000000095e00000, 0x0000000095f00000|  0%| F|  |TAMS 0x0000000095e00000| PB 0x0000000095e00000| Untracked 
| 185|0x0000000095f00000, 0x0000000095f00000, 0x0000000096000000|  0%| F|  |TAMS 0x0000000095f00000| PB 0x0000000095f00000| Untracked 
| 186|0x0000000096000000, 0x0000000096000000, 0x0000000096100000|  0%| F|  |TAMS 0x0000000096000000| PB 0x0000000096000000| Untracked 
| 187|0x0000000096100000, 0x0000000096100000, 0x0000000096200000|  0%| F|  |TAMS 0x0000000096100000| PB 0x0000000096100000| Untracked 
| 188|0x0000000096200000, 0x0000000096200000, 0x0000000096300000|  0%| F|  |TAMS 0x0000000096200000| PB 0x0000000096200000| Untracked 
| 189|0x0000000096300000, 0x0000000096300000, 0x0000000096400000|  0%| F|  |TAMS 0x0000000096300000| PB 0x0000000096300000| Untracked 
| 190|0x0000000096400000, 0x0000000096400000, 0x0000000096500000|  0%| F|  |TAMS 0x0000000096400000| PB 0x0000000096400000| Untracked 
| 191|0x0000000096500000, 0x0000000096500000, 0x0000000096600000|  0%| F|  |TAMS 0x0000000096500000| PB 0x0000000096500000| Untracked 
| 192|0x0000000096600000, 0x0000000096600000, 0x0000000096700000|  0%| F|  |TAMS 0x0000000096600000| PB 0x0000000096600000| Untracked 
| 193|0x0000000096700000, 0x0000000096785a78, 0x0000000096800000| 52%| S|CS|TAMS 0x0000000096700000| PB 0x0000000096700000| Complete 
| 194|0x0000000096800000, 0x0000000096900000, 0x0000000096900000|100%| S|CS|TAMS 0x0000000096800000| PB 0x0000000096800000| Complete 
| 195|0x0000000096900000, 0x0000000096a00000, 0x0000000096a00000|100%| S|CS|TAMS 0x0000000096900000| PB 0x0000000096900000| Complete 
| 196|0x0000000096a00000, 0x0000000096b00000, 0x0000000096b00000|100%| S|CS|TAMS 0x0000000096a00000| PB 0x0000000096a00000| Complete 
| 197|0x0000000096b00000, 0x0000000096b00000, 0x0000000096c00000|  0%| F|  |TAMS 0x0000000096b00000| PB 0x0000000096b00000| Untracked 
| 198|0x0000000096c00000, 0x0000000096c00000, 0x0000000096d00000|  0%| F|  |TAMS 0x0000000096c00000| PB 0x0000000096c00000| Untracked 
| 199|0x0000000096d00000, 0x0000000096d00000, 0x0000000096e00000|  0%| F|  |TAMS 0x0000000096d00000| PB 0x0000000096d00000| Untracked 
| 200|0x0000000096e00000, 0x0000000096e00000, 0x0000000096f00000|  0%| F|  |TAMS 0x0000000096e00000| PB 0x0000000096e00000| Untracked 
| 201|0x0000000096f00000, 0x0000000096f00000, 0x0000000097000000|  0%| F|  |TAMS 0x0000000096f00000| PB 0x0000000096f00000| Untracked 
| 202|0x0000000097000000, 0x0000000097000000, 0x0000000097100000|  0%| F|  |TAMS 0x0000000097000000| PB 0x0000000097000000| Untracked 
| 203|0x0000000097100000, 0x0000000097100000, 0x0000000097200000|  0%| F|  |TAMS 0x0000000097100000| PB 0x0000000097100000| Untracked 
| 204|0x0000000097200000, 0x0000000097200000, 0x0000000097300000|  0%| F|  |TAMS 0x0000000097200000| PB 0x0000000097200000| Untracked 
| 205|0x0000000097300000, 0x0000000097300000, 0x0000000097400000|  0%| F|  |TAMS 0x0000000097300000| PB 0x0000000097300000| Untracked 
| 206|0x0000000097400000, 0x0000000097400000, 0x0000000097500000|  0%| F|  |TAMS 0x0000000097400000| PB 0x0000000097400000| Untracked 
| 207|0x0000000097500000, 0x0000000097500000, 0x0000000097600000|  0%| F|  |TAMS 0x0000000097500000| PB 0x0000000097500000| Untracked 
| 208|0x0000000097600000, 0x0000000097700000, 0x0000000097700000|100%| S|CS|TAMS 0x0000000097600000| PB 0x0000000097600000| Complete 
| 209|0x0000000097700000, 0x0000000097800000, 0x0000000097800000|100%| S|CS|TAMS 0x0000000097700000| PB 0x0000000097700000| Complete 
| 210|0x0000000097800000, 0x0000000097900000, 0x0000000097900000|100%| S|CS|TAMS 0x0000000097800000| PB 0x0000000097800000| Complete 
| 211|0x0000000097900000, 0x0000000097a00000, 0x0000000097a00000|100%| S|CS|TAMS 0x0000000097900000| PB 0x0000000097900000| Complete 
| 212|0x0000000097a00000, 0x0000000097b00000, 0x0000000097b00000|100%| S|CS|TAMS 0x0000000097a00000| PB 0x0000000097a00000| Complete 
| 213|0x0000000097b00000, 0x0000000097c00000, 0x0000000097c00000|100%| S|CS|TAMS 0x0000000097b00000| PB 0x0000000097b00000| Complete 
| 214|0x0000000097c00000, 0x0000000097d00000, 0x0000000097d00000|100%| S|CS|TAMS 0x0000000097c00000| PB 0x0000000097c00000| Complete 
| 215|0x0000000097d00000, 0x0000000097d00000, 0x0000000097e00000|  0%| F|  |TAMS 0x0000000097d00000| PB 0x0000000097d00000| Untracked 
| 216|0x0000000097e00000, 0x0000000097e00000, 0x0000000097f00000|  0%| F|  |TAMS 0x0000000097e00000| PB 0x0000000097e00000| Untracked 
| 217|0x0000000097f00000, 0x0000000097f00000, 0x0000000098000000|  0%| F|  |TAMS 0x0000000097f00000| PB 0x0000000097f00000| Untracked 
| 218|0x0000000098000000, 0x0000000098000000, 0x0000000098100000|  0%| F|  |TAMS 0x0000000098000000| PB 0x0000000098000000| Untracked 
| 219|0x0000000098100000, 0x0000000098100000, 0x0000000098200000|  0%| F|  |TAMS 0x0000000098100000| PB 0x0000000098100000| Untracked 
| 220|0x0000000098200000, 0x0000000098200000, 0x0000000098300000|  0%| F|  |TAMS 0x0000000098200000| PB 0x0000000098200000| Untracked 
| 221|0x0000000098300000, 0x0000000098300000, 0x0000000098400000|  0%| F|  |TAMS 0x0000000098300000| PB 0x0000000098300000| Untracked 
| 222|0x0000000098400000, 0x0000000098400000, 0x0000000098500000|  0%| F|  |TAMS 0x0000000098400000| PB 0x0000000098400000| Untracked 
| 223|0x0000000098500000, 0x0000000098500000, 0x0000000098600000|  0%| F|  |TAMS 0x0000000098500000| PB 0x0000000098500000| Untracked 
| 224|0x0000000098600000, 0x0000000098600000, 0x0000000098700000|  0%| F|  |TAMS 0x0000000098600000| PB 0x0000000098600000| Untracked 
| 225|0x0000000098700000, 0x0000000098700000, 0x0000000098800000|  0%| F|  |TAMS 0x0000000098700000| PB 0x0000000098700000| Untracked 
| 226|0x0000000098800000, 0x0000000098800000, 0x0000000098900000|  0%| F|  |TAMS 0x0000000098800000| PB 0x0000000098800000| Untracked 
| 227|0x0000000098900000, 0x0000000098900000, 0x0000000098a00000|  0%| F|  |TAMS 0x0000000098900000| PB 0x0000000098900000| Untracked 
| 228|0x0000000098a00000, 0x0000000098a00000, 0x0000000098b00000|  0%| F|  |TAMS 0x0000000098a00000| PB 0x0000000098a00000| Untracked 
| 229|0x0000000098b00000, 0x0000000098b00000, 0x0000000098c00000|  0%| F|  |TAMS 0x0000000098b00000| PB 0x0000000098b00000| Untracked 
| 230|0x0000000098c00000, 0x0000000098c00000, 0x0000000098d00000|  0%| F|  |TAMS 0x0000000098c00000| PB 0x0000000098c00000| Untracked 
| 231|0x0000000098d00000, 0x0000000098d00000, 0x0000000098e00000|  0%| F|  |TAMS 0x0000000098d00000| PB 0x0000000098d00000| Untracked 
| 232|0x0000000098e00000, 0x0000000098e00000, 0x0000000098f00000|  0%| F|  |TAMS 0x0000000098e00000| PB 0x0000000098e00000| Untracked 
| 233|0x0000000098f00000, 0x0000000098f00000, 0x0000000099000000|  0%| F|  |TAMS 0x0000000098f00000| PB 0x0000000098f00000| Untracked 
| 234|0x0000000099000000, 0x0000000099000000, 0x0000000099100000|  0%| F|  |TAMS 0x0000000099000000| PB 0x0000000099000000| Untracked 
| 235|0x0000000099100000, 0x0000000099100000, 0x0000000099200000|  0%| F|  |TAMS 0x0000000099100000| PB 0x0000000099100000| Untracked 
| 236|0x0000000099200000, 0x0000000099200000, 0x0000000099300000|  0%| F|  |TAMS 0x0000000099200000| PB 0x0000000099200000| Untracked 
| 237|0x0000000099300000, 0x0000000099300000, 0x0000000099400000|  0%| F|  |TAMS 0x0000000099300000| PB 0x0000000099300000| Untracked 
| 238|0x0000000099400000, 0x0000000099400000, 0x0000000099500000|  0%| F|  |TAMS 0x0000000099400000| PB 0x0000000099400000| Untracked 
| 239|0x0000000099500000, 0x0000000099500000, 0x0000000099600000|  0%| F|  |TAMS 0x0000000099500000| PB 0x0000000099500000| Untracked 
| 240|0x0000000099600000, 0x0000000099600000, 0x0000000099700000|  0%| F|  |TAMS 0x0000000099600000| PB 0x0000000099600000| Untracked 
| 241|0x0000000099700000, 0x0000000099700000, 0x0000000099800000|  0%| F|  |TAMS 0x0000000099700000| PB 0x0000000099700000| Untracked 
| 242|0x0000000099800000, 0x0000000099800000, 0x0000000099900000|  0%| F|  |TAMS 0x0000000099800000| PB 0x0000000099800000| Untracked 
| 243|0x0000000099900000, 0x0000000099900000, 0x0000000099a00000|  0%| F|  |TAMS 0x0000000099900000| PB 0x0000000099900000| Untracked 
| 244|0x0000000099a00000, 0x0000000099a00000, 0x0000000099b00000|  0%| F|  |TAMS 0x0000000099a00000| PB 0x0000000099a00000| Untracked 
| 245|0x0000000099b00000, 0x0000000099b00000, 0x0000000099c00000|  0%| F|  |TAMS 0x0000000099b00000| PB 0x0000000099b00000| Untracked 
| 246|0x0000000099c00000, 0x0000000099c00000, 0x0000000099d00000|  0%| F|  |TAMS 0x0000000099c00000| PB 0x0000000099c00000| Untracked 
| 247|0x0000000099d00000, 0x0000000099d00000, 0x0000000099e00000|  0%| F|  |TAMS 0x0000000099d00000| PB 0x0000000099d00000| Untracked 
| 248|0x0000000099e00000, 0x0000000099e00000, 0x0000000099f00000|  0%| F|  |TAMS 0x0000000099e00000| PB 0x0000000099e00000| Untracked 
| 249|0x0000000099f00000, 0x0000000099f00000, 0x000000009a000000|  0%| F|  |TAMS 0x0000000099f00000| PB 0x0000000099f00000| Untracked 
| 250|0x000000009a000000, 0x000000009a000000, 0x000000009a100000|  0%| F|  |TAMS 0x000000009a000000| PB 0x000000009a000000| Untracked 
| 251|0x000000009a100000, 0x000000009a100000, 0x000000009a200000|  0%| F|  |TAMS 0x000000009a100000| PB 0x000000009a100000| Untracked 
| 252|0x000000009a200000, 0x000000009a200000, 0x000000009a300000|  0%| F|  |TAMS 0x000000009a200000| PB 0x000000009a200000| Untracked 
| 253|0x000000009a300000, 0x000000009a300000, 0x000000009a400000|  0%| F|  |TAMS 0x000000009a300000| PB 0x000000009a300000| Untracked 
| 254|0x000000009a400000, 0x000000009a400000, 0x000000009a500000|  0%| F|  |TAMS 0x000000009a400000| PB 0x000000009a400000| Untracked 
| 255|0x000000009a500000, 0x000000009a500000, 0x000000009a600000|  0%| F|  |TAMS 0x000000009a500000| PB 0x000000009a500000| Untracked 
| 256|0x000000009a600000, 0x000000009a600000, 0x000000009a700000|  0%| F|  |TAMS 0x000000009a600000| PB 0x000000009a600000| Untracked 
| 257|0x000000009a700000, 0x000000009a700000, 0x000000009a800000|  0%| F|  |TAMS 0x000000009a700000| PB 0x000000009a700000| Untracked 
| 258|0x000000009a800000, 0x000000009a800000, 0x000000009a900000|  0%| F|  |TAMS 0x000000009a800000| PB 0x000000009a800000| Untracked 
| 259|0x000000009a900000, 0x000000009a900000, 0x000000009aa00000|  0%| F|  |TAMS 0x000000009a900000| PB 0x000000009a900000| Untracked 
| 260|0x000000009aa00000, 0x000000009aa00000, 0x000000009ab00000|  0%| F|  |TAMS 0x000000009aa00000| PB 0x000000009aa00000| Untracked 
| 261|0x000000009ab00000, 0x000000009ab00000, 0x000000009ac00000|  0%| F|  |TAMS 0x000000009ab00000| PB 0x000000009ab00000| Untracked 
| 262|0x000000009ac00000, 0x000000009ac00000, 0x000000009ad00000|  0%| F|  |TAMS 0x000000009ac00000| PB 0x000000009ac00000| Untracked 
| 263|0x000000009ad00000, 0x000000009ad00000, 0x000000009ae00000|  0%| F|  |TAMS 0x000000009ad00000| PB 0x000000009ad00000| Untracked 
| 264|0x000000009ae00000, 0x000000009ae00000, 0x000000009af00000|  0%| F|  |TAMS 0x000000009ae00000| PB 0x000000009ae00000| Untracked 
| 265|0x000000009af00000, 0x000000009af00000, 0x000000009b000000|  0%| F|  |TAMS 0x000000009af00000| PB 0x000000009af00000| Untracked 
| 266|0x000000009b000000, 0x000000009b000000, 0x000000009b100000|  0%| F|  |TAMS 0x000000009b000000| PB 0x000000009b000000| Untracked 
| 267|0x000000009b100000, 0x000000009b100000, 0x000000009b200000|  0%| F|  |TAMS 0x000000009b100000| PB 0x000000009b100000| Untracked 
| 268|0x000000009b200000, 0x000000009b200000, 0x000000009b300000|  0%| F|  |TAMS 0x000000009b200000| PB 0x000000009b200000| Untracked 
| 269|0x000000009b300000, 0x000000009b300000, 0x000000009b400000|  0%| F|  |TAMS 0x000000009b300000| PB 0x000000009b300000| Untracked 
| 270|0x000000009b400000, 0x000000009b400000, 0x000000009b500000|  0%| F|  |TAMS 0x000000009b400000| PB 0x000000009b400000| Untracked 
| 271|0x000000009b500000, 0x000000009b500000, 0x000000009b600000|  0%| F|  |TAMS 0x000000009b500000| PB 0x000000009b500000| Untracked 
| 272|0x000000009b600000, 0x000000009b600000, 0x000000009b700000|  0%| F|  |TAMS 0x000000009b600000| PB 0x000000009b600000| Untracked 
| 273|0x000000009b700000, 0x000000009b700000, 0x000000009b800000|  0%| F|  |TAMS 0x000000009b700000| PB 0x000000009b700000| Untracked 
| 274|0x000000009b800000, 0x000000009b800000, 0x000000009b900000|  0%| F|  |TAMS 0x000000009b800000| PB 0x000000009b800000| Untracked 
| 275|0x000000009b900000, 0x000000009b900000, 0x000000009ba00000|  0%| F|  |TAMS 0x000000009b900000| PB 0x000000009b900000| Untracked 
| 276|0x000000009ba00000, 0x000000009ba00000, 0x000000009bb00000|  0%| F|  |TAMS 0x000000009ba00000| PB 0x000000009ba00000| Untracked 
| 277|0x000000009bb00000, 0x000000009bb00000, 0x000000009bc00000|  0%| F|  |TAMS 0x000000009bb00000| PB 0x000000009bb00000| Untracked 
| 278|0x000000009bc00000, 0x000000009bc00000, 0x000000009bd00000|  0%| F|  |TAMS 0x000000009bc00000| PB 0x000000009bc00000| Untracked 
| 279|0x000000009bd00000, 0x000000009bd00000, 0x000000009be00000|  0%| F|  |TAMS 0x000000009bd00000| PB 0x000000009bd00000| Untracked 
| 280|0x000000009be00000, 0x000000009be00000, 0x000000009bf00000|  0%| F|  |TAMS 0x000000009be00000| PB 0x000000009be00000| Untracked 
| 281|0x000000009bf00000, 0x000000009bf00000, 0x000000009c000000|  0%| F|  |TAMS 0x000000009bf00000| PB 0x000000009bf00000| Untracked 
| 282|0x000000009c000000, 0x000000009c000000, 0x000000009c100000|  0%| F|  |TAMS 0x000000009c000000| PB 0x000000009c000000| Untracked 
| 283|0x000000009c100000, 0x000000009c100000, 0x000000009c200000|  0%| F|  |TAMS 0x000000009c100000| PB 0x000000009c100000| Untracked 
| 284|0x000000009c200000, 0x000000009c200000, 0x000000009c300000|  0%| F|  |TAMS 0x000000009c200000| PB 0x000000009c200000| Untracked 
| 285|0x000000009c300000, 0x000000009c300000, 0x000000009c400000|  0%| F|  |TAMS 0x000000009c300000| PB 0x000000009c300000| Untracked 
| 286|0x000000009c400000, 0x000000009c400000, 0x000000009c500000|  0%| F|  |TAMS 0x000000009c400000| PB 0x000000009c400000| Untracked 
| 287|0x000000009c500000, 0x000000009c500000, 0x000000009c600000|  0%| F|  |TAMS 0x000000009c500000| PB 0x000000009c500000| Untracked 
| 288|0x000000009c600000, 0x000000009c700000, 0x000000009c700000|100%| E|CS|TAMS 0x000000009c600000| PB 0x000000009c600000| Complete 
| 289|0x000000009c700000, 0x000000009c800000, 0x000000009c800000|100%| E|CS|TAMS 0x000000009c700000| PB 0x000000009c700000| Complete 
| 290|0x000000009c800000, 0x000000009c900000, 0x000000009c900000|100%| E|CS|TAMS 0x000000009c800000| PB 0x000000009c800000| Complete 
| 291|0x000000009c900000, 0x000000009ca00000, 0x000000009ca00000|100%| E|CS|TAMS 0x000000009c900000| PB 0x000000009c900000| Complete 
| 292|0x000000009ca00000, 0x000000009cb00000, 0x000000009cb00000|100%| E|CS|TAMS 0x000000009ca00000| PB 0x000000009ca00000| Complete 
| 293|0x000000009cb00000, 0x000000009cc00000, 0x000000009cc00000|100%| E|CS|TAMS 0x000000009cb00000| PB 0x000000009cb00000| Complete 
| 294|0x000000009cc00000, 0x000000009cd00000, 0x000000009cd00000|100%| E|CS|TAMS 0x000000009cc00000| PB 0x000000009cc00000| Complete 
| 295|0x000000009cd00000, 0x000000009ce00000, 0x000000009ce00000|100%| E|CS|TAMS 0x000000009cd00000| PB 0x000000009cd00000| Complete 
| 296|0x000000009ce00000, 0x000000009cf00000, 0x000000009cf00000|100%| E|CS|TAMS 0x000000009ce00000| PB 0x000000009ce00000| Complete 
| 297|0x000000009cf00000, 0x000000009d000000, 0x000000009d000000|100%| E|CS|TAMS 0x000000009cf00000| PB 0x000000009cf00000| Complete 
| 298|0x000000009d000000, 0x000000009d100000, 0x000000009d100000|100%| E|CS|TAMS 0x000000009d000000| PB 0x000000009d000000| Complete 
| 299|0x000000009d100000, 0x000000009d100000, 0x000000009d200000|  0%| F|  |TAMS 0x000000009d100000| PB 0x000000009d100000| Untracked 
| 300|0x000000009d200000, 0x000000009d200000, 0x000000009d300000|  0%| F|  |TAMS 0x000000009d200000| PB 0x000000009d200000| Untracked 
| 301|0x000000009d300000, 0x000000009d300000, 0x000000009d400000|  0%| F|  |TAMS 0x000000009d300000| PB 0x000000009d300000| Untracked 
| 302|0x000000009d400000, 0x000000009d400000, 0x000000009d500000|  0%| F|  |TAMS 0x000000009d400000| PB 0x000000009d400000| Untracked 
| 303|0x000000009d500000, 0x000000009d500000, 0x000000009d600000|  0%| F|  |TAMS 0x000000009d500000| PB 0x000000009d500000| Untracked 
| 304|0x000000009d600000, 0x000000009d600000, 0x000000009d700000|  0%| F|  |TAMS 0x000000009d600000| PB 0x000000009d600000| Untracked 
| 305|0x000000009d700000, 0x000000009d700000, 0x000000009d800000|  0%| F|  |TAMS 0x000000009d700000| PB 0x000000009d700000| Untracked 
| 306|0x000000009d800000, 0x000000009d800000, 0x000000009d900000|  0%| F|  |TAMS 0x000000009d800000| PB 0x000000009d800000| Untracked 
| 307|0x000000009d900000, 0x000000009d900000, 0x000000009da00000|  0%| F|  |TAMS 0x000000009d900000| PB 0x000000009d900000| Untracked 
| 308|0x000000009da00000, 0x000000009da00000, 0x000000009db00000|  0%| F|  |TAMS 0x000000009da00000| PB 0x000000009da00000| Untracked 
| 309|0x000000009db00000, 0x000000009db00000, 0x000000009dc00000|  0%| F|  |TAMS 0x000000009db00000| PB 0x000000009db00000| Untracked 
| 310|0x000000009dc00000, 0x000000009dc00000, 0x000000009dd00000|  0%| F|  |TAMS 0x000000009dc00000| PB 0x000000009dc00000| Untracked 
| 311|0x000000009dd00000, 0x000000009dd00000, 0x000000009de00000|  0%| F|  |TAMS 0x000000009dd00000| PB 0x000000009dd00000| Untracked 
| 312|0x000000009de00000, 0x000000009de00000, 0x000000009df00000|  0%| F|  |TAMS 0x000000009de00000| PB 0x000000009de00000| Untracked 
| 313|0x000000009df00000, 0x000000009df00000, 0x000000009e000000|  0%| F|  |TAMS 0x000000009df00000| PB 0x000000009df00000| Untracked 
| 314|0x000000009e000000, 0x000000009e000000, 0x000000009e100000|  0%| F|  |TAMS 0x000000009e000000| PB 0x000000009e000000| Untracked 
| 315|0x000000009e100000, 0x000000009e100000, 0x000000009e200000|  0%| F|  |TAMS 0x000000009e100000| PB 0x000000009e100000| Untracked 
| 316|0x000000009e200000, 0x000000009e200000, 0x000000009e300000|  0%| F|  |TAMS 0x000000009e200000| PB 0x000000009e200000| Untracked 
| 317|0x000000009e300000, 0x000000009e300000, 0x000000009e400000|  0%| F|  |TAMS 0x000000009e300000| PB 0x000000009e300000| Untracked 
| 318|0x000000009e400000, 0x000000009e480000, 0x000000009e500000| 50%| E|  |TAMS 0x000000009e400000| PB 0x000000009e400000| Complete 
| 319|0x000000009e500000, 0x000000009e600000, 0x000000009e600000|100%| E|CS|TAMS 0x000000009e500000| PB 0x000000009e500000| Complete 
| 320|0x000000009e600000, 0x000000009e700000, 0x000000009e700000|100%| E|CS|TAMS 0x000000009e600000| PB 0x000000009e600000| Complete 
|1879|0x00000000ffd00000, 0x00000000ffe00000, 0x00000000ffe00000|100%| E|CS|TAMS 0x00000000ffd00000| PB 0x00000000ffd00000| Complete 
|1880|0x00000000ffe00000, 0x00000000fff00000, 0x00000000fff00000|100%| O|  |TAMS 0x00000000fff00000| PB 0x00000000ffe00000| Untracked 
|1881|0x00000000fff00000, 0x0000000100000000, 0x0000000100000000|100%| O|  |TAMS 0x0000000100000000| PB 0x00000000fff00000| Untracked 

Card table byte_map: [0x0000028428d10000,0x00000284290c0000] _byte_map_base: 0x00000284288bd000

Marking Bits: (CMBitMap*) 0x00000284162fc7d0
 Bits: [0x00000284290c0000, 0x000002842ae28000)

Polling page: 0x0000028415a70000

Metaspace:

Usage:
  Non-class:     86.24 MB used.
      Class:      9.61 MB used.
       Both:     95.85 MB used.

Virtual space:
  Non-class space:      128.00 MB reserved,      86.44 MB ( 68%) committed,  2 nodes.
      Class space:        1.00 GB reserved,       9.81 MB ( <1%) committed,  1 nodes.
             Both:        1.12 GB reserved,      96.25 MB (  8%) committed. 

Chunk freelists:
   Non-Class:  9.45 MB
       Class:  6.04 MB
        Both:  15.49 MB

MaxMetaspaceSize: unlimited
CompressedClassSpaceSize: 1.00 GB
Initial GC threshold: 21.00 MB
Current GC threshold: 160.44 MB
CDS: off
 - commit_granule_bytes: 65536.
 - commit_granule_words: 8192.
 - virtual_space_node_default_size: 8388608.
 - enlarge_chunks_in_place: 1.
 - use_allocation_guard: 0.


Internal statistics:

num_allocs_failed_limit: 3.
num_arena_births: 430.
num_arena_deaths: 0.
num_vsnodes_births: 3.
num_vsnodes_deaths: 0.
num_space_committed: 1538.
num_space_uncommitted: 0.
num_chunks_returned_to_freelist: 3.
num_chunks_taken_from_freelist: 3563.
num_chunk_merges: 3.
num_chunk_splits: 2976.
num_chunks_enlarged: 2691.
num_inconsistent_stats: 0.

CodeHeap 'non-profiled nmethods': size=120000Kb used=10289Kb max_used=11622Kb free=109710Kb
 bounds [0x0000028420ed0000, 0x0000028421a30000, 0x0000028428400000]
CodeHeap 'profiled nmethods': size=120000Kb used=64190Kb max_used=69425Kb free=55809Kb
 bounds [0x0000028419400000, 0x000002841d7d0000, 0x0000028420930000]
CodeHeap 'non-nmethods': size=5760Kb used=1851Kb max_used=1910Kb free=3908Kb
 bounds [0x0000028420930000, 0x0000028420ba0000, 0x0000028420ed0000]
 total_blobs=19001 nmethods=18160 adapters=740
 compilation: enabled
              stopped_count=0, restarted_count=0
 full_count=0

Compilation events (20 events):
Event: 17.212 Thread 0x000002842dc996e0 22565       3       org.jetbrains.kotlin.resolve.InlineClassesUtilsKt::isInlineClass (34 bytes)
Event: 17.213 Thread 0x000002842dc996e0 nmethod 22565 0x000002841d7c5890 code [0x000002841d7c5ae0, 0x000002841d7c6458]
Event: 17.213 Thread 0x000002842dc996e0 22566       2       org.jetbrains.kotlin.codegen.inline.InlineScopesGeneratorKt::getLabelToLineNumberMap (103 bytes)
Event: 17.213 Thread 0x000002842dc996e0 nmethod 22566 0x000002841d7c6710 code [0x000002841d7c6920, 0x000002841d7c6f68]
Event: 17.215 Thread 0x000002842dc996e0 22567       2       org.jetbrains.kotlin.backend.jvm.codegen.ExpressionCodegen::genOrGetLocal$backend_jvm_codegen (120 bytes)
Event: 17.216 Thread 0x000002842dc996e0 nmethod 22567 0x000002841d7c7390 code [0x000002841d7c76e0, 0x000002841d7c8148]
Event: 17.216 Thread 0x000002842dc996e0 22568       1       org.jetbrains.kotlin.codegen.inline.CapturedParamInfo::setSynthetic (6 bytes)
Event: 17.216 Thread 0x000002842dc996e0 nmethod 22568 0x0000028421a29690 code [0x0000028421a29820, 0x0000028421a298f0]
Event: 17.218 Thread 0x000002842dc996e0 22569       2       org.jetbrains.kotlin.codegen.inline.SourceMapCopyingMethodVisitor$visitLocalVariable$1::invoke (12 bytes)
Event: 17.218 Thread 0x000002842dc996e0 nmethod 22569 0x000002841d7c8890 code [0x000002841d7c8a60, 0x000002841d7c8c58]
Event: 17.218 Thread 0x000002842dc996e0 22570       2       org.jetbrains.kotlin.codegen.inline.SourceMapCopyingMethodVisitor$visitLocalVariable$1::invoke (15 bytes)
Event: 17.218 Thread 0x000002842dc996e0 nmethod 22570 0x000002841d7c8d90 code [0x000002841d7c8f40, 0x000002841d7c9148]
Event: 17.218 Thread 0x000002842dc996e0 22571       3       org.jetbrains.kotlin.codegen.optimization.LabelNormalizationMethodTransformer$TransformerForMethod::rewriteLabels (30 bytes)
Event: 17.219 Thread 0x000002842dc996e0 nmethod 22571 0x000002841d7c9290 code [0x000002841d7c94a0, 0x000002841d7c9b30]
Event: 17.243 Thread 0x000002842dc996e0 22572 %     3       org.jetbrains.kotlin.codegen.optimization.ConstantConditionEliminationMethodTransformer$ConstantConditionsOptimization::collectRewriteActions @ 70 (262 bytes)
Event: 17.245 Thread 0x000002842dc996e0 nmethod 22572% 0x000002841d7c9d90 code [0x000002841d7ca140, 0x000002841d7cbeb8]
Event: 17.267 Thread 0x000002842dc996e0 22576       3       kotlin.collections.SetsKt__SetsKt::linkedSetOf (29 bytes)
Event: 17.268 Thread 0x000002842dc996e0 nmethod 22576 0x0000028419400010 code [0x00000284194002a0, 0x0000028419400a78]
Event: 17.269 Thread 0x000002842dc996e0 22577       2       org.jetbrains.kotlin.codegen.optimization.temporaryVals.TemporaryVal::<init> (32 bytes)
Event: 17.269 Thread 0x000002842dc996e0 nmethod 22577 0x0000028419435e90 code [0x00000284194360c0, 0x00000284194365c0]

GC Heap History (20 events):
Event: 8.497 GC heap before
{Heap before GC invocations=32 (full 0):
 garbage-first heap   total 231424K, used 197981K [0x000000008a600000, 0x0000000100000000)
  region size 1024K, 78 young (79872K), 7 survivors (7168K)
 Metaspace       used 63023K, committed 63296K, reserved 1114112K
  class space    used 7024K, committed 7168K, reserved 1048576K
}
Event: 8.506 GC heap after
{Heap after GC invocations=33 (full 0):
 garbage-first heap   total 231424K, used 131813K [0x000000008a600000, 0x0000000100000000)
  region size 1024K, 6 young (6144K), 6 survivors (6144K)
 Metaspace       used 63023K, committed 63296K, reserved 1114112K
  class space    used 7024K, committed 7168K, reserved 1048576K
}
Event: 9.756 GC heap before
{Heap before GC invocations=34 (full 0):
 garbage-first heap   total 231424K, used 202469K [0x000000008a600000, 0x0000000100000000)
  region size 1024K, 76 young (77824K), 6 survivors (6144K)
 Metaspace       used 67048K, committed 67328K, reserved 1114112K
  class space    used 7338K, committed 7488K, reserved 1048576K
}
Event: 9.768 GC heap after
{Heap after GC invocations=35 (full 0):
 garbage-first heap   total 231424K, used 136906K [0x000000008a600000, 0x0000000100000000)
  region size 1024K, 7 young (7168K), 7 survivors (7168K)
 Metaspace       used 67048K, committed 67328K, reserved 1114112K
  class space    used 7338K, committed 7488K, reserved 1048576K
}
Event: 10.591 GC heap before
{Heap before GC invocations=35 (full 0):
 garbage-first heap   total 231424K, used 205514K [0x000000008a600000, 0x0000000100000000)
  region size 1024K, 75 young (76800K), 7 survivors (7168K)
 Metaspace       used 71043K, committed 71296K, reserved 1114112K
  class space    used 7664K, committed 7808K, reserved 1048576K
}
Event: 10.605 GC heap after
{Heap after GC invocations=36 (full 0):
 garbage-first heap   total 231424K, used 146062K [0x000000008a600000, 0x0000000100000000)
  region size 1024K, 10 young (10240K), 10 survivors (10240K)
 Metaspace       used 71043K, committed 71296K, reserved 1114112K
  class space    used 7664K, committed 7808K, reserved 1048576K
}
Event: 11.496 GC heap before
{Heap before GC invocations=36 (full 0):
 garbage-first heap   total 231424K, used 207502K [0x000000008a600000, 0x0000000100000000)
  region size 1024K, 70 young (71680K), 10 survivors (10240K)
 Metaspace       used 76667K, committed 76992K, reserved 1179648K
  class space    used 8123K, committed 8256K, reserved 1048576K
}
Event: 11.513 GC heap after
{Heap after GC invocations=37 (full 0):
 garbage-first heap   total 231424K, used 155591K [0x000000008a600000, 0x0000000100000000)
  region size 1024K, 9 young (9216K), 9 survivors (9216K)
 Metaspace       used 76667K, committed 76992K, reserved 1179648K
  class space    used 8123K, committed 8256K, reserved 1048576K
}
Event: 12.269 GC heap before
{Heap before GC invocations=38 (full 0):
 garbage-first heap   total 260096K, used 207815K [0x000000008a600000, 0x0000000100000000)
  region size 1024K, 60 young (61440K), 9 survivors (9216K)
 Metaspace       used 79336K, committed 79616K, reserved 1179648K
  class space    used 8378K, committed 8512K, reserved 1048576K
}
Event: 12.282 GC heap after
{Heap after GC invocations=39 (full 0):
 garbage-first heap   total 260096K, used 165112K [0x000000008a600000, 0x0000000100000000)
  region size 1024K, 8 young (8192K), 8 survivors (8192K)
 Metaspace       used 79336K, committed 79616K, reserved 1179648K
  class space    used 8378K, committed 8512K, reserved 1048576K
}
Event: 12.945 GC heap before
{Heap before GC invocations=39 (full 0):
 garbage-first heap   total 260096K, used 231672K [0x000000008a600000, 0x0000000100000000)
  region size 1024K, 73 young (74752K), 8 survivors (8192K)
 Metaspace       used 80928K, committed 81216K, reserved 1179648K
  class space    used 8505K, committed 8640K, reserved 1048576K
}
Event: 12.961 GC heap after
{Heap after GC invocations=40 (full 0):
 garbage-first heap   total 260096K, used 178949K [0x000000008a600000, 0x0000000100000000)
  region size 1024K, 10 young (10240K), 10 survivors (10240K)
 Metaspace       used 80928K, committed 81216K, reserved 1179648K
  class space    used 8505K, committed 8640K, reserved 1048576K
}
Event: 13.868 GC heap before
{Heap before GC invocations=40 (full 0):
 garbage-first heap   total 260096K, used 232197K [0x000000008a600000, 0x0000000100000000)
  region size 1024K, 62 young (63488K), 10 survivors (10240K)
 Metaspace       used 87995K, committed 88384K, reserved 1179648K
  class space    used 9167K, committed 9344K, reserved 1048576K
}
Event: 13.880 GC heap after
{Heap after GC invocations=41 (full 0):
 garbage-first heap   total 260096K, used 184667K [0x000000008a600000, 0x0000000100000000)
  region size 1024K, 5 young (5120K), 5 survivors (5120K)
 Metaspace       used 87995K, committed 88384K, reserved 1179648K
  class space    used 9167K, committed 9344K, reserved 1048576K
}
Event: 15.075 GC heap before
{Heap before GC invocations=42 (full 0):
 garbage-first heap   total 309248K, used 235867K [0x000000008a600000, 0x0000000100000000)
  region size 1024K, 55 young (56320K), 5 survivors (5120K)
 Metaspace       used 90514K, committed 90880K, reserved 1179648K
  class space    used 9285K, committed 9472K, reserved 1048576K
}
Event: 15.082 GC heap after
{Heap after GC invocations=43 (full 0):
 garbage-first heap   total 309248K, used 189310K [0x000000008a600000, 0x0000000100000000)
  region size 1024K, 5 young (5120K), 5 survivors (5120K)
 Metaspace       used 90514K, committed 90880K, reserved 1179648K
  class space    used 9285K, committed 9472K, reserved 1048576K
}
Event: 16.635 GC heap before
{Heap before GC invocations=43 (full 0):
 garbage-first heap   total 309248K, used 278398K [0x000000008a600000, 0x0000000100000000)
  region size 1024K, 92 young (94208K), 5 survivors (5120K)
 Metaspace       used 97666K, committed 98112K, reserved 1179648K
  class space    used 9832K, committed 10048K, reserved 1048576K
}
Event: 16.644 GC heap after
{Heap after GC invocations=44 (full 0):
 garbage-first heap   total 309248K, used 193805K [0x000000008a600000, 0x0000000100000000)
  region size 1024K, 11 young (11264K), 11 survivors (11264K)
 Metaspace       used 97666K, committed 98112K, reserved 1179648K
  class space    used 9832K, committed 10048K, reserved 1048576K
}
Event: 17.134 GC heap before
{Heap before GC invocations=44 (full 0):
 garbage-first heap   total 309248K, used 280845K [0x000000008a600000, 0x0000000100000000)
  region size 1024K, 96 young (98304K), 11 survivors (11264K)
 Metaspace       used 98118K, committed 98560K, reserved 1179648K
  class space    used 9835K, committed 10048K, reserved 1048576K
}
Event: 17.143 GC heap after
{Heap after GC invocations=45 (full 0):
 garbage-first heap   total 309248K, used 197909K [0x000000008a600000, 0x0000000100000000)
  region size 1024K, 11 young (11264K), 11 survivors (11264K)
 Metaspace       used 98118K, committed 98560K, reserved 1179648K
  class space    used 9835K, committed 10048K, reserved 1048576K
}

Dll operation events (3 events):
Event: 0.014 Loaded shared library D:\Android Studio\jbr\bin\java.dll
Event: 0.021 Loaded shared library D:\Android Studio\jbr\bin\zip.dll
Event: 1.103 Loaded shared library D:\Android Studio\jbr\bin\verify.dll

Deoptimization events (20 events):
Event: 17.120 Thread 0x0000028413f3fdd0 DEOPT PACKING pc=0x000002841d28168b sp=0x00000084f61f6290
Event: 17.120 Thread 0x0000028413f3fdd0 DEOPT UNPACKING pc=0x0000028420984e42 sp=0x00000084f61f5900 mode 0
Event: 17.132 Thread 0x0000028413f3fdd0 DEOPT PACKING pc=0x000002841d693d2e sp=0x00000084f61f88c0
Event: 17.132 Thread 0x0000028413f3fdd0 DEOPT UNPACKING pc=0x0000028420984e42 sp=0x00000084f61f7de0 mode 0
Event: 17.155 Thread 0x0000028413f3fdd0 DEOPT PACKING pc=0x000002841d28168b sp=0x00000084f61f7230
Event: 17.155 Thread 0x0000028413f3fdd0 DEOPT UNPACKING pc=0x0000028420984e42 sp=0x00000084f61f68a0 mode 0
Event: 17.167 Thread 0x0000028413f3fdd0 DEOPT PACKING pc=0x000002841d28168b sp=0x00000084f61f87d0
Event: 17.167 Thread 0x0000028413f3fdd0 DEOPT UNPACKING pc=0x0000028420984e42 sp=0x00000084f61f7e40 mode 0
Event: 17.169 Thread 0x0000028413f3fdd0 DEOPT PACKING pc=0x000002841d2c911b sp=0x00000084f61f8a10
Event: 17.169 Thread 0x0000028413f3fdd0 DEOPT UNPACKING pc=0x0000028420984e42 sp=0x00000084f61f7f98 mode 0
Event: 17.184 Thread 0x0000028413f3fdd0 DEOPT PACKING pc=0x000002841d693d2e sp=0x00000084f61fb220
Event: 17.184 Thread 0x0000028413f3fdd0 DEOPT UNPACKING pc=0x0000028420984e42 sp=0x00000084f61fa740 mode 0
Event: 17.213 Thread 0x0000028413f3fdd0 DEOPT PACKING pc=0x000002841d28168b sp=0x00000084f61f8230
Event: 17.213 Thread 0x0000028413f3fdd0 DEOPT UNPACKING pc=0x0000028420984e42 sp=0x00000084f61f78a0 mode 0
Event: 17.222 Thread 0x0000028413f3fdd0 DEOPT PACKING pc=0x000002841d693d2e sp=0x00000084f61fb220
Event: 17.222 Thread 0x0000028413f3fdd0 DEOPT UNPACKING pc=0x0000028420984e42 sp=0x00000084f61fa740 mode 0
Event: 17.244 Thread 0x0000028413f3fdd0 DEOPT PACKING pc=0x000002841d28168b sp=0x00000084f61fb130
Event: 17.244 Thread 0x0000028413f3fdd0 DEOPT UNPACKING pc=0x0000028420984e42 sp=0x00000084f61fa7a0 mode 0
Event: 17.270 Thread 0x0000028413f3fdd0 DEOPT PACKING pc=0x000002841d118196 sp=0x00000084f61fb2d0
Event: 17.270 Thread 0x0000028413f3fdd0 DEOPT UNPACKING pc=0x0000028420984e42 sp=0x00000084f61fa7f8 mode 0

Classes loaded (20 events):
Event: 14.121 Loading class sun/security/jca/GetInstance$Instance
Event: 14.121 Loading class sun/security/jca/GetInstance$Instance done
Event: 14.121 Loading class java/security/MessageDigest$Delegate
Event: 14.121 Loading class sun/security/util/MessageDigestSpi2
Event: 14.121 Loading class sun/security/util/MessageDigestSpi2 done
Event: 14.121 Loading class java/security/MessageDigest$Delegate done
Event: 14.121 Loading class java/security/MessageDigest$Delegate$CloneableDelegate
Event: 14.121 Loading class java/security/MessageDigest$Delegate$CloneableDelegate done
Event: 14.121 Loading class sun/security/provider/ByteArrayAccess$LE
Event: 14.122 Loading class sun/security/provider/ByteArrayAccess$LE done
Event: 14.122 Loading class sun/security/provider/ByteArrayAccess
Event: 14.122 Loading class sun/security/provider/ByteArrayAccess done
Event: 14.122 Loading class java/util/Base64
Event: 14.122 Loading class java/util/Base64 done
Event: 14.122 Loading class java/util/Base64$Encoder
Event: 14.123 Loading class java/util/Base64$Encoder done
Event: 15.474 Loading class java/lang/TypeNotPresentException
Event: 15.474 Loading class java/lang/TypeNotPresentException done
Event: 15.592 Loading class java/util/Vector$Itr
Event: 15.592 Loading class java/util/Vector$Itr done

Classes unloaded (0 events):
No events

Classes redefined (0 events):
No events

Internal exceptions (20 events):
Event: 12.814 Thread 0x0000028413f3fdd0 Exception <a 'java/lang/NoSuchMethodError'{0x0000000096573068}: 'java.lang.Object java.lang.invoke.DirectMethodHandle$Holder.invokeStatic(java.lang.Object, java.lang.Object, java.lang.Object, java.lang.Object, java.lang.Object, int, java.lang.Object, java.lang.Object)'> (0x0000000096573068) 
thrown [s\src\hotspot\share\interpreter\linkResolver.cpp, line 784]
Event: 13.198 Thread 0x0000028413f3fdd0 Exception <a 'java/lang/NoSuchMethodError'{0x0000000098f8ed08}: 'java.lang.Object java.lang.invoke.DirectMethodHandle$Holder.newInvokeSpecial(java.lang.Object, int, java.lang.Object, int)'> (0x0000000098f8ed08) 
thrown [s\src\hotspot\share\interpreter\linkResolver.cpp, line 784]
Event: 13.537 Thread 0x0000028413f3fdd0 Implicit null exception at 0x000002842172c28e to 0x000002842172cad0
Event: 14.075 Thread 0x0000028413f3fdd0 Exception <a 'java/lang/NoSuchMethodError'{0x000000009d030a58}: 'java.lang.Object java.lang.invoke.DirectMethodHandle$Holder.invokeStatic(java.lang.Object, java.lang.Object, java.lang.Object, java.lang.Object, int, java.lang.Object)'> (0x000000009d030a58) 
thrown [s\src\hotspot\share\interpreter\linkResolver.cpp, line 784]
Event: 14.226 Thread 0x0000028413f3fdd0 Exception <a 'java/lang/NoSuchMethodError'{0x000000009cdd8db0}: 'java.lang.Object java.lang.invoke.DirectMethodHandle$Holder.invokeStatic(java.lang.Object, java.lang.Object, java.lang.Object, java.lang.Object, java.lang.Object, java.lang.Object, java.lang.Object, int, java.lang.Object, java.lang.Object)'> (0x000000009cdd8db0) 
thrown [s\src\hotspot\share\interpreter\linkResolver.cpp, line 784]
Event: 14.246 Thread 0x0000028413f3fdd0 Exception <a 'java/lang/NoSuchMethodError'{0x000000009cc58408}: 'java.lang.Object java.lang.invoke.DirectMethodHandle$Holder.newInvokeSpecial(java.lang.Object, java.lang.Object, int, java.lang.Object)'> (0x000000009cc58408) 
thrown [s\src\hotspot\share\interpreter\linkResolver.cpp, line 784]
Event: 14.246 Thread 0x0000028413f3fdd0 Exception <a 'java/lang/NoSuchMethodError'{0x000000009cc5c4e0}: 'java.lang.Object java.lang.invoke.DirectMethodHandle$Holder.invokeSpecial(java.lang.Object, java.lang.Object, java.lang.Object, int, java.lang.Object)'> (0x000000009cc5c4e0) 
thrown [s\src\hotspot\share\interpreter\linkResolver.cpp, line 784]
Event: 14.246 Thread 0x0000028413f3fdd0 Exception <a 'java/lang/NoSuchMethodError'{0x000000009cc5feb0}: 'java.lang.Object java.lang.invoke.Invokers$Holder.linkToTargetMethod(java.lang.Object, int, java.lang.Object, java.lang.Object)'> (0x000000009cc5feb0) 
thrown [s\src\hotspot\share\interpreter\linkResolver.cpp, line 784]
Event: 14.251 Thread 0x0000028413f3fdd0 Implicit null exception at 0x000002842176745d to 0x00000284217674f0
Event: 14.251 Thread 0x0000028413f3fdd0 Implicit null exception at 0x00000284216d59e0 to 0x00000284216d5af5
Event: 15.548 Thread 0x0000028413f3fdd0 Exception <a 'java/lang/NoSuchMethodError'{0x000000009b893ea8}: 'java.lang.Object java.lang.invoke.DirectMethodHandle$Holder.invokeStatic(java.lang.Object, int, int)'> (0x000000009b893ea8) 
thrown [s\src\hotspot\share\interpreter\linkResolver.cpp, line 784]
Event: 15.673 Thread 0x0000028413f3fdd0 Exception <a 'java/lang/NoSuchMethodError'{0x000000009b37aef8}: 'java.lang.Object java.lang.invoke.DirectMethodHandle$Holder.newInvokeSpecial(java.lang.Object, java.lang.Object, java.lang.Object, java.lang.Object, java.lang.Object, int, java.lang.Object)'> (0x000000009b37aef8) 
thrown [s\src\hotspot\share\interpreter\linkResolver.cpp, line 784]
Event: 15.674 Thread 0x0000028413f3fdd0 Exception <a 'java/lang/NoSuchMethodError'{0x000000009b37f158}: 'java.lang.Object java.lang.invoke.DirectMethodHandle$Holder.invokeSpecial(java.lang.Object, java.lang.Object, java.lang.Object, java.lang.Object, java.lang.Object, java.lang.Object, int, java.lang.Object)'> (0x000000009b37f158) 
thrown [s\src\hotspot\share\interpreter\linkResolver.cpp, line 784]
Event: 15.674 Thread 0x0000028413f3fdd0 Exception <a 'java/lang/NoSuchMethodError'{0x000000009b3828c8}: 'java.lang.Object java.lang.invoke.Invokers$Holder.linkToTargetMethod(java.lang.Object, java.lang.Object, java.lang.Object, java.lang.Object, int, java.lang.Object, java.lang.Object)'> (0x000000009b3828c8) 
thrown [s\src\hotspot\share\interpreter\linkResolver.cpp, line 784]
Event: 15.711 Thread 0x0000028413f3fdd0 Exception <a 'java/lang/NoSuchMethodError'{0x000000009b153d70}: 'java.lang.Object java.lang.invoke.DirectMethodHandle$Holder.newInvokeSpecial(java.lang.Object, java.lang.Object, java.lang.Object, java.lang.Object, int, java.lang.Object)'> (0x000000009b153d70) 
thrown [s\src\hotspot\share\interpreter\linkResolver.cpp, line 784]
Event: 15.711 Thread 0x0000028413f3fdd0 Exception <a 'java/lang/NoSuchMethodError'{0x000000009b1580a0}: 'java.lang.Object java.lang.invoke.DirectMethodHandle$Holder.invokeSpecial(java.lang.Object, java.lang.Object, java.lang.Object, java.lang.Object, java.lang.Object, int, java.lang.Object)'> (0x000000009b1580a0) 
thrown [s\src\hotspot\share\interpreter\linkResolver.cpp, line 784]
Event: 15.711 Thread 0x0000028413f3fdd0 Exception <a 'java/lang/NoSuchMethodError'{0x000000009b15bc78}: 'java.lang.Object java.lang.invoke.Invokers$Holder.linkToTargetMethod(java.lang.Object, java.lang.Object, java.lang.Object, int, java.lang.Object, java.lang.Object)'> (0x000000009b15bc78) 
thrown [s\src\hotspot\share\interpreter\linkResolver.cpp, line 784]
Event: 16.173 Thread 0x0000028413f3fdd0 Exception <a 'java/lang/NoSuchMethodError'{0x00000000995258e8}: 'java.lang.Object java.lang.invoke.DirectMethodHandle$Holder.newInvokeSpecial(java.lang.Object, int, int, java.lang.Object)'> (0x00000000995258e8) 
thrown [s\src\hotspot\share\interpreter\linkResolver.cpp, line 784]
Event: 16.174 Thread 0x0000028413f3fdd0 Exception <a 'java/lang/NoSuchMethodError'{0x00000000995360c0}: 'java.lang.Object java.lang.invoke.DirectMethodHandle$Holder.invokeStatic(java.lang.Object, java.lang.Object, int, int, java.lang.Object)'> (0x00000000995360c0) 
thrown [s\src\hotspot\share\interpreter\linkResolver.cpp, line 784]
Event: 16.382 Thread 0x0000028413f3fdd0 Exception <a 'java/lang/NoSuchMethodError'{0x00000000989ae7b8}: 'java.lang.Object java.lang.invoke.DirectMethodHandle$Holder.invokeStatic(java.lang.Object, java.lang.Object, java.lang.Object, java.lang.Object, java.lang.Object, int)'> (0x00000000989ae7b8) 
thrown [s\src\hotspot\share\interpreter\linkResolver.cpp, line 784]

ZGC Phase Switch (0 events):
No events

VM Operations (20 events):
Event: 16.289 Executing VM operation: HandshakeAllThreads (Deoptimize)
Event: 16.289 Executing VM operation: HandshakeAllThreads (Deoptimize) done
Event: 16.320 Executing VM operation: ICBufferFull
Event: 16.321 Executing VM operation: ICBufferFull done
Event: 16.349 Executing VM operation: HandshakeAllThreads (Deoptimize)
Event: 16.349 Executing VM operation: HandshakeAllThreads (Deoptimize) done
Event: 16.413 Executing VM operation: ICBufferFull
Event: 16.413 Executing VM operation: ICBufferFull done
Event: 16.588 Executing VM operation: ICBufferFull
Event: 16.588 Executing VM operation: ICBufferFull done
Event: 16.635 Executing VM operation: G1CollectForAllocation (G1 Evacuation Pause)
Event: 16.644 Executing VM operation: G1CollectForAllocation (G1 Evacuation Pause) done
Event: 16.861 Executing VM operation: ICBufferFull
Event: 16.861 Executing VM operation: ICBufferFull done
Event: 17.062 Executing VM operation: ICBufferFull
Event: 17.062 Executing VM operation: ICBufferFull done
Event: 17.134 Executing VM operation: G1CollectForAllocation (G1 Evacuation Pause)
Event: 17.143 Executing VM operation: G1CollectForAllocation (G1 Evacuation Pause) done
Event: 17.252 Executing VM operation: G1PauseRemark
Event: 17.266 Executing VM operation: G1PauseRemark done

Memory protections (0 events):
No events

Nmethod flushes (20 events):
Event: 17.265 Thread 0x0000028413f1de60 flushing  nmethod 0x000002841c13c410
Event: 17.265 Thread 0x0000028413f1de60 flushing  nmethod 0x000002841c13d810
Event: 17.265 Thread 0x0000028413f1de60 flushing  nmethod 0x000002841c13ed10
Event: 17.265 Thread 0x0000028413f1de60 flushing  nmethod 0x000002841c13f410
Event: 17.265 Thread 0x0000028413f1de60 flushing  nmethod 0x000002841c141310
Event: 17.265 Thread 0x0000028413f1de60 flushing  nmethod 0x000002841c1a0310
Event: 17.265 Thread 0x0000028413f1de60 flushing  nmethod 0x000002841c1a1890
Event: 17.265 Thread 0x0000028413f1de60 flushing  nmethod 0x000002841c1a2d90
Event: 17.265 Thread 0x0000028413f1de60 flushing  nmethod 0x000002841c1a3890
Event: 17.265 Thread 0x0000028413f1de60 flushing  nmethod 0x000002841c2f4390
Event: 17.265 Thread 0x0000028413f1de60 flushing  nmethod 0x000002841c3bc190
Event: 17.265 Thread 0x0000028413f1de60 flushing  nmethod 0x000002841c4db990
Event: 17.265 Thread 0x0000028413f1de60 flushing  nmethod 0x000002841c4fa210
Event: 17.265 Thread 0x0000028413f1de60 flushing  nmethod 0x000002841c58d790
Event: 17.265 Thread 0x0000028413f1de60 flushing  nmethod 0x000002841c5a5090
Event: 17.265 Thread 0x0000028413f1de60 flushing  nmethod 0x000002841c65ba90
Event: 17.265 Thread 0x0000028413f1de60 flushing  nmethod 0x000002841c65cd10
Event: 17.265 Thread 0x0000028413f1de60 flushing  nmethod 0x000002841c65e590
Event: 17.265 Thread 0x0000028413f1de60 flushing  nmethod 0x000002841c666e10
Event: 17.265 Thread 0x0000028413f1de60 flushing  nmethod 0x000002841c787290

Events (20 events):
Event: 0.079 Thread 0x0000028413f3fdd0 Thread added: 0x000002842dc5f830
Event: 0.079 Thread 0x0000028413f3fdd0 Thread added: 0x000002842dc6da60
Event: 0.081 Thread 0x0000028413f3fdd0 Thread added: 0x000002842dc764d0
Event: 0.081 Thread 0x0000028413f3fdd0 Thread added: 0x000002842dc8b1f0
Event: 0.081 Thread 0x0000028413f3fdd0 Thread added: 0x000002842dc8cc60
Event: 0.081 Thread 0x0000028413f3fdd0 Thread added: 0x000002842dc91720
Event: 0.081 Thread 0x0000028413f3fdd0 Thread added: 0x000002842dc934c0
Event: 0.081 Thread 0x0000028413f3fdd0 Thread added: 0x000002842dc996e0
Event: 0.123 Thread 0x0000028413f3fdd0 Thread added: 0x000002842de15a80
Event: 0.138 Loaded shared library D:\Android Studio\jbr\bin\net.dll
Event: 0.141 Loaded shared library D:\Android Studio\jbr\bin\nio.dll
Event: 0.161 Thread 0x000002842dc934c0 Thread added: 0x000002842dec25b0
Event: 0.161 Thread 0x000002842dc934c0 Thread added: 0x000002842dec2c60
Event: 0.171 Loaded shared library D:\Android Studio\jbr\bin\zip.dll
Event: 0.210 Loaded shared library D:\Android Studio\jbr\bin\jimage.dll
Event: 0.844 Thread 0x000002842dec2c60 Thread exited: 0x000002842dec2c60
Event: 1.231 Thread 0x000002842dec25b0 Thread added: 0x00000284333c4e60
Event: 2.143 Thread 0x00000284333c4e60 Thread exited: 0x00000284333c4e60
Event: 2.215 Thread 0x000002842dc996e0 Thread added: 0x0000028433da1710
Event: 2.930 Thread 0x0000028433da1710 Thread exited: 0x0000028433da1710


Dynamic libraries:
0x00007ff6133d0000 - 0x00007ff6133da000 	D:\Android Studio\jbr\bin\java.exe
0x00007ffae2a90000 - 0x00007ffae2ca7000 	C:\windows\SYSTEM32\ntdll.dll
0x00007ffae1c00000 - 0x00007ffae1cc4000 	C:\windows\System32\KERNEL32.DLL
0x00007ffae0080000 - 0x00007ffae0452000 	C:\windows\System32\KERNELBASE.dll
0x00007ffadfd70000 - 0x00007ffadfe81000 	C:\windows\System32\ucrtbase.dll
0x00007ffadaaf0000 - 0x00007ffadab08000 	D:\Android Studio\jbr\bin\jli.dll
0x00007ffad8580000 - 0x00007ffad859b000 	D:\Android Studio\jbr\bin\VCRUNTIME140.dll
0x00007ffae1830000 - 0x00007ffae19e1000 	C:\windows\System32\USER32.dll
0x00007ffae0460000 - 0x00007ffae0486000 	C:\windows\System32\win32u.dll
0x00007ffac46f0000 - 0x00007ffac498b000 	C:\windows\WinSxS\amd64_microsoft.windows.common-controls_6595b64144ccf1df_6.0.22621.5547_none_27104afb73855772\COMCTL32.dll
0x00007ffae0730000 - 0x00007ffae0759000 	C:\windows\System32\GDI32.dll
0x00007ffae2400000 - 0x00007ffae24a7000 	C:\windows\System32\msvcrt.dll
0x00007ffadff50000 - 0x00007ffae0073000 	C:\windows\System32\gdi32full.dll
0x00007ffae0600000 - 0x00007ffae069a000 	C:\windows\System32\msvcp_win.dll
0x00007ffae19f0000 - 0x00007ffae1a21000 	C:\windows\System32\IMM32.DLL
0x00007ffad8570000 - 0x00007ffad857c000 	D:\Android Studio\jbr\bin\vcruntime140_1.dll
0x00007ffabf3d0000 - 0x00007ffabf45d000 	D:\Android Studio\jbr\bin\msvcp140.dll
0x00007ffa38840000 - 0x00007ffa394ce000 	D:\Android Studio\jbr\bin\server\jvm.dll
0x00007ffae2070000 - 0x00007ffae2121000 	C:\windows\System32\ADVAPI32.dll
0x00007ffae1780000 - 0x00007ffae1828000 	C:\windows\System32\sechost.dll
0x00007ffae05d0000 - 0x00007ffae05f8000 	C:\windows\System32\bcrypt.dll
0x00007ffae0db0000 - 0x00007ffae0ec4000 	C:\windows\System32\RPCRT4.dll
0x00007ffae1a30000 - 0x00007ffae1aa1000 	C:\windows\System32\WS2_32.dll
0x00007ffadf3f0000 - 0x00007ffadf43d000 	C:\windows\SYSTEM32\POWRPROF.dll
0x00007ffad6ff0000 - 0x00007ffad6ffa000 	C:\windows\SYSTEM32\VERSION.dll
0x00007ffadb110000 - 0x00007ffadb144000 	C:\windows\SYSTEM32\WINMM.dll
0x00007ffadf3d0000 - 0x00007ffadf3e3000 	C:\windows\SYSTEM32\UMPDC.dll
0x00007ffadeb80000 - 0x00007ffadeb98000 	C:\windows\SYSTEM32\kernel.appcore.dll
0x00007ffac5ea0000 - 0x00007ffac5eaa000 	D:\Android Studio\jbr\bin\jimage.dll
0x00007ffadd640000 - 0x00007ffadd873000 	C:\windows\SYSTEM32\DBGHELP.DLL
0x00007ffae0930000 - 0x00007ffae0cc3000 	C:\windows\System32\combase.dll
0x00007ffae0cd0000 - 0x00007ffae0da7000 	C:\windows\System32\OLEAUT32.dll
0x00007ffac1c80000 - 0x00007ffac1cb2000 	C:\windows\SYSTEM32\dbgcore.DLL
0x00007ffae06a0000 - 0x00007ffae071b000 	C:\windows\System32\bcryptPrimitives.dll
0x00007ffac42b0000 - 0x00007ffac42d0000 	D:\Android Studio\jbr\bin\java.dll
0x00007ffac2f90000 - 0x00007ffac2fa8000 	D:\Android Studio\jbr\bin\zip.dll
0x00007ffae0ed0000 - 0x00007ffae1772000 	C:\windows\System32\SHELL32.dll
0x00007ffae0490000 - 0x00007ffae05cf000 	C:\windows\System32\wintypes.dll
0x00007ffadda60000 - 0x00007ffade37d000 	C:\windows\SYSTEM32\windows.storage.dll
0x00007ffae2190000 - 0x00007ffae229c000 	C:\windows\System32\SHCORE.dll
0x00007ffae29e0000 - 0x00007ffae2a49000 	C:\windows\System32\shlwapi.dll
0x00007ffadfab0000 - 0x00007ffadfadb000 	C:\windows\SYSTEM32\profapi.dll
0x00007ffac42a0000 - 0x00007ffac42b0000 	D:\Android Studio\jbr\bin\net.dll
0x00007ffadc610000 - 0x00007ffadc73c000 	C:\windows\SYSTEM32\WINHTTP.dll
0x00007ffadf070000 - 0x00007ffadf0d9000 	C:\windows\system32\mswsock.dll
0x00007ffac2f10000 - 0x00007ffac2f26000 	D:\Android Studio\jbr\bin\nio.dll
0x00007ffac1e10000 - 0x00007ffac1e20000 	D:\Android Studio\jbr\bin\verify.dll

dbghelp: loaded successfully - version: 4.0.5 - missing functions: none
symbol engine: initialized successfully - sym options: 0x614 - pdb path: .;D:\Android Studio\jbr\bin;C:\windows\SYSTEM32;C:\windows\WinSxS\amd64_microsoft.windows.common-controls_6595b64144ccf1df_6.0.22621.5547_none_27104afb73855772;D:\Android Studio\jbr\bin\server

VM Arguments:
java_command: org.jetbrains.kotlin.cli.jvm.K2JVMCompiler @D:\Andalib_PTB\app\build\20251108_17506938971022545376.compiler.options
java_class_path (initial): C:\Users\ikhwa\.gradle\caches\modules-2\files-2.1\org.jetbrains.kotlin\kotlin-compiler-embeddable\2.0.21\79346ed53db48b18312a472602eb5c057070c54d\kotlin-compiler-embeddable-2.0.21.jar;C:\Users\ikhwa\.gradle\caches\modules-2\files-2.1\org.jetbrains.kotlin\kotlin-stdlib\2.0.21\618b539767b4899b4660a83006e052b63f1db551\kotlin-stdlib-2.0.21.jar;C:\Users\ikhwa\.gradle\caches\modules-2\files-2.1\org.jetbrains.kotlin\kotlin-script-runtime\2.0.21\c9b044380ad41f89aa89aa896c2d32a8c0b2129d\kotlin-script-runtime-2.0.21.jar;C:\Users\ikhwa\.gradle\caches\modules-2\files-2.1\org.jetbrains.kotlin\kotlin-reflect\1.6.10\1cbe9c92c12a94eea200d23c2bbaedaf3daf5132\kotlin-reflect-1.6.10.jar;C:\Users\ikhwa\.gradle\caches\modules-2\files-2.1\org.jetbrains.kotlin\kotlin-daemon-embeddable\2.0.21\c9e933b23287de9b5a17e2116b4657bb91aea72c\kotlin-daemon-embeddable-2.0.21.jar;C:\Users\ikhwa\.gradle\caches\modules-2\files-2.1\org.jetbrains.intellij.deps\trove4j\1.0.20200330\3afb14d5f9ceb459d724e907a21145e8ff394f02\trove4j-1.0.20200330.jar;C:\Users\ikhwa\.gradle\caches\modules-2\files-2.1\org.jetbrains.kotlinx\kotlinx-coroutines-core-jvm\1.6.4\2c997cd1c0ef33f3e751d3831929aeff1390cb30\kotlinx-coroutines-core-jvm-1.6.4.jar;C:\Users\ikhwa\.gradle\caches\modules-2\files-2.1\org.jetbrains\annotations\13.0\919f0dfe192fb4e063e7dacadee7f8bb9a2672a9\annotations-13.0.jar
Launcher Type: SUN_STANDARD

[Global flags]
     intx CICompilerCount                          = 4                                         {product} {ergonomic}
     uint ConcGCThreads                            = 3                                         {product} {ergonomic}
     uint G1ConcRefinementThreads                  = 10                                        {product} {ergonomic}
   size_t G1HeapRegionSize                         = 1048576                                   {product} {ergonomic}
    uintx GCDrainStackTargetSize                   = 64                                        {product} {ergonomic}
   size_t InitialHeapSize                          = 123731968                                 {product} {ergonomic}
   size_t MarkStackSize                            = 4194304                                   {product} {ergonomic}
   size_t MaxHeapSize                              = 1973420032                                {product} {ergonomic}
   size_t MaxNewSize                               = 1183842304                                {product} {ergonomic}
   size_t MinHeapDeltaBytes                        = 1048576                                   {product} {ergonomic}
   size_t MinHeapSize                              = 8388608                                   {product} {ergonomic}
    uintx NonNMethodCodeHeapSize                   = 5839372                                {pd product} {ergonomic}
    uintx NonProfiledCodeHeapSize                  = 122909434                              {pd product} {ergonomic}
    uintx ProfiledCodeHeapSize                     = 122909434                              {pd product} {ergonomic}
    uintx ReservedCodeCacheSize                    = 251658240                              {pd product} {ergonomic}
     bool SegmentedCodeCache                       = true                                      {product} {ergonomic}
   size_t SoftMaxHeapSize                          = 1973420032                             {manageable} {ergonomic}
     bool UseCompressedOops                        = true                           {product lp64_product} {ergonomic}
     bool UseG1GC                                  = true                                      {product} {ergonomic}
     bool UseLargePagesIndividualAllocation        = false                                  {pd product} {ergonomic}

Logging:
Log output configuration:
 #0: stdout all=warning uptime,level,tags foldmultilines=false
 #1: stderr all=off uptime,level,tags foldmultilines=false

Environment Variables:
PATH=C:\Program Files (x86)\Common Files\Oracle\Java\java8path;C:\Program Files (x86)\Common Files\Oracle\Java\javapath;C:\Python313\Scripts\;C:\Python313\;C:\PROGRA~2\Borland\CBuilder6\Bin;C:\PROGRA~2\Borland\CBuilder6\Projects\Bpl;C:\windows\system32;C:\windows;C:\windows\System32\Wbem;C:\windows\System32\WindowsPowerShell\v1.0\;C:\windows\System32\OpenSSH\;C:\Program Files\nodejs\;C:\ProgramData\chocolatey\bin;E:\Git\cmd;C:\Users\ikhwa\AppData\Local\Programs\Python\Python311\Scripts\;C:\Users\ikhwa\AppData\Local\Programs\Python\Python311\;C:\Users\ikhwa\AppData\Local\Programs\Python\Launcher\;C:\Users\ikhwa\AppData\Local\Microsoft\WindowsApps;;C:\Users\ikhwa\AppData\Local\Programs\Microsoft VS Code\bin;C:\Users\ikhwa\AppData\Roaming\npm
USERNAME=ikhwa
OS=Windows_NT
PROCESSOR_IDENTIFIER=AMD64 Family 25 Model 80 Stepping 0, AuthenticAMD
TMP=C:\Users\ikhwa\AppData\Local\Temp
TEMP=C:\Users\ikhwa\AppData\Local\Temp




Periodic native trim disabled

JNI global refs:
JNI global refs: 12, weak refs: 26

JNI global refs memory usage: 835, weak refs: 833

Process memory usage:
Resident Set Size: 652828K (8% of 7701124K total physical memory with 315144K free physical memory)

OOME stack traces (most recent first):
Classloader memory used:
Loader jdk.internal.loader.ClassLoaders$AppClassLoader                                 : 83556K
Loader bootstrap                                                                       : 11859K
Loader java.net.URLClassLoader                                                         : 2734K

---------------  S Y S T E M  ---------------

OS:
 Windows 11 , 64 bit Build 22621 (10.0.22621.5415)
OS uptime: 0 days 8:45 hours
Hyper-V role detected

CPU: total 12 (initial active 12) (12 cores per cpu, 2 threads per core) family 25 model 80 stepping 0 microcode 0x0, cx8, cmov, fxsr, ht, mmx, 3dnowpref, sse, sse2, sse3, ssse3, sse4a, sse4.1, sse4.2, popcnt, lzcnt, tsc, tscinvbit, avx, avx2, aes, erms, clmul, bmi1, bmi2, adx, sha, fma, vzeroupper, clflush, clflushopt, hv, rdtscp, rdpid, fsrm, f16c, cet_ss
Processor Information for processor 0
  Max Mhz: 2301, Current Mhz: 2010, Mhz Limit: 2301
Processor Information for processor 1
  Max Mhz: 2301, Current Mhz: 2010, Mhz Limit: 2301
Processor Information for processor 2
  Max Mhz: 2301, Current Mhz: 2301, Mhz Limit: 2301
Processor Information for processor 3
  Max Mhz: 2301, Current Mhz: 2010, Mhz Limit: 2301
Processor Information for processor 4
  Max Mhz: 2301, Current Mhz: 2010, Mhz Limit: 2301
Processor Information for processor 5
  Max Mhz: 2301, Current Mhz: 2010, Mhz Limit: 2301
Processor Information for processor 6
  Max Mhz: 2301, Current Mhz: 2010, Mhz Limit: 2301
Processor Information for processor 7
  Max Mhz: 2301, Current Mhz: 2010, Mhz Limit: 2301
Processor Information for processor 8
  Max Mhz: 2301, Current Mhz: 2301, Mhz Limit: 2301
Processor Information for processor 9
  Max Mhz: 2301, Current Mhz: 2010, Mhz Limit: 2301
Processor Information for processor 10
  Max Mhz: 2301, Current Mhz: 2010, Mhz Limit: 2301
Processor Information for processor 11
  Max Mhz: 2301, Current Mhz: 2010, Mhz Limit: 2301

Memory: 4k page, system-wide physical 7520M (306M free)
TotalPageFile size 19527M (AvailPageFile size 5M)
current process WorkingSet (physical memory assigned to process): 642M, peak: 642M
current process commit charge ("private bytes"): 683M, peak: 685M

vm_info: OpenJDK 64-Bit Server VM (21.0.7+-13880790-b1038.58) for windows-amd64 JRE (21.0.7+-13880790-b1038.58), built on 2025-08-04T20:56:21Z by "builder" with MS VC++ 16.10 / 16.11 (VS2019)

END.
