#
# There is insufficient memory for the Java Runtime Environment to continue.
# Native memory allocation (malloc) failed to allocate 2040912 bytes. Error detail: Chunk::new
# Possible reasons:
#   The system is out of physical RAM or swap space
#   This process is running with CompressedOops enabled, and the Java Heap may be blocking the growth of the native heap
# Possible solutions:
#   Reduce memory load on the system
#   Increase physical memory or swap space
#   Check if swap backing store is full
#   Decrease Java heap size (-Xmx/-Xms)
#   Decrease number of Java threads
#   Decrease Java thread stack sizes (-Xss)
#   Set larger code cache with -XX:ReservedCodeCacheSize=
#   JVM is running with Zero Based Compressed Oops mode in which the Java heap is
#     placed in the first 32GB address space. The Java Heap base address is the
#     maximum limit for the native heap growth. Please use -XX:HeapBaseMinAddress
#     to set the Java Heap base and to place the Java Heap above 32GB virtual address.
# This output file may be truncated or incomplete.
#
#  Out of Memory Error (arena.cpp:168), pid=4592, tid=16396
#
# JRE version: OpenJDK Runtime Environment (21.0.7) (build 21.0.7+-13880790-b1038.58)
# Java VM: OpenJDK 64-Bit Server VM (21.0.7+-13880790-b1038.58, mixed mode, tiered, compressed oops, compressed class ptrs, g1 gc, windows-amd64)
# No core dump will be written. Minidumps are not enabled by default on client versions of Windows
#

---------------  S U M M A R Y ------------

Command Line: --add-opens=java.base/java.lang=ALL-UNNAMED --add-opens=java.base/java.lang.invoke=ALL-UNNAMED --add-opens=java.base/java.util=ALL-UNNAMED --add-opens=java.prefs/java.util.prefs=ALL-UNNAMED --add-exports=jdk.compiler/com.sun.tools.javac.api=ALL-UNNAMED --add-exports=jdk.compiler/com.sun.tools.javac.util=ALL-UNNAMED --add-opens=java.base/java.util=ALL-UNNAMED --add-opens=java.prefs/java.util.prefs=ALL-UNNAMED --add-opens=java.base/java.nio.charset=ALL-UNNAMED --add-opens=java.base/java.net=ALL-UNNAMED --add-opens=java.base/java.util.concurrent.atomic=ALL-UNNAMED --add-opens=java.xml/javax.xml.namespace=ALL-UNNAMED -Xmx4g -Dfile.encoding=UTF-8 -Duser.country=ID -Duser.language=en -Duser.variant -javaagent:C:\Users\ikhwa\.gradle\wrapper\dists\gradle-8.13-bin\5xuhj0ry160q40clulazy9h7d\gradle-8.13\lib\agents\gradle-instrumentation-agent-8.13.jar org.gradle.launcher.daemon.bootstrap.GradleDaemon 8.13

Host: AMD Ryzen 5 5625U with Radeon Graphics         , 12 cores, 7G,  Windows 11 , 64 bit Build 22621 (10.0.22621.5415)
Time: Thu Dec 18 23:25:16 2025 SE Asia Standard Time elapsed time: 4.565873 seconds (0d 0h 0m 4s)

---------------  T H R E A D  ---------------

Current thread (0x000001be21135750):  JavaThread "C2 CompilerThread1" daemon [_thread_in_native, id=16396, stack(0x0000004b49b00000,0x0000004b49c00000) (1024K)]


Current CompileTask:
C2:4565 3488   !   4       java.lang.ClassLoader::loadClass (121 bytes)

Stack: [0x0000004b49b00000,0x0000004b49c00000]
Native frames: (J=compiled Java code, j=interpreted, Vv=VM code, C=native code)
V  [jvm.dll+0x6d25c9]
V  [jvm.dll+0x860923]
V  [jvm.dll+0x862e7e]
V  [jvm.dll+0x863563]
V  [jvm.dll+0x27f156]
V  [jvm.dll+0xc002d]
V  [jvm.dll+0xc0563]
V  [jvm.dll+0x3b6d3b]
V  [jvm.dll+0x382c27]
V  [jvm.dll+0x38209a]
V  [jvm.dll+0x247e72]
V  [jvm.dll+0x247441]
V  [jvm.dll+0x1c5fb4]
V  [jvm.dll+0x256bac]
V  [jvm.dll+0x2550f6]
V  [jvm.dll+0x3f1d16]
V  [jvm.dll+0x808d08]
V  [jvm.dll+0x6d0e1d]
C  [ucrtbase.dll+0x29333]
C  [KERNEL32.DLL+0x1259d]
C  [ntdll.dll+0x5af78]


---------------  P R O C E S S  ---------------

Threads class SMR info:
_java_thread_list=0x000001be24a9e290, length=42, elements={
0x000001be01fd9d60, 0x000001be1c48bf90, 0x000001be1c48e080, 0x000001be1c499100,
0x000001be1c4c1f90, 0x000001be1c4b7ec0, 0x000001be1c4acd80, 0x000001be1c4b7650,
0x000001be1c4c7c70, 0x000001be1c4ebb40, 0x000001be1c81a3a0, 0x000001be21135750,
0x000001be2280c150, 0x000001be21c81c90, 0x000001be22b73c30, 0x000001be229fe8d0,
0x000001be22b03ea0, 0x000001be229f97a0, 0x000001be229c0b50, 0x000001be229c2c20,
0x000001be229bf7a0, 0x000001be229c1870, 0x000001be229bfe30, 0x000001be229c1f00,
0x000001be229c11e0, 0x000001be2448b6c0, 0x000001be229c2590, 0x000001be24ca5230,
0x000001be24ca7990, 0x000001be24ca8020, 0x000001be24ca65e0, 0x000001be24ca5f50,
0x000001be24ca3160, 0x000001be24ca1720, 0x000001be24ca4ba0, 0x000001be24ca1db0,
0x000001be24ca6c70, 0x000001be24ca37f0, 0x000001be24ca7300, 0x000001be24ca58c0,
0x000001be24ca1090, 0x000001be24ca2440
}

Java Threads: ( => current thread )
  0x000001be01fd9d60 JavaThread "main"                              [_thread_blocked, id=18516, stack(0x0000004b48900000,0x0000004b48a00000) (1024K)]
  0x000001be1c48bf90 JavaThread "Common-Cleaner"             daemon [_thread_blocked, id=4420, stack(0x0000004b49100000,0x0000004b49200000) (1024K)]
  0x000001be1c48e080 JavaThread "Reference Handler"          daemon [_thread_blocked, id=20132, stack(0x0000004b49200000,0x0000004b49300000) (1024K)]
  0x000001be1c499100 JavaThread "Finalizer"                  daemon [_thread_blocked, id=20268, stack(0x0000004b49300000,0x0000004b49400000) (1024K)]
  0x000001be1c4c1f90 JavaThread "Signal Dispatcher"          daemon [_thread_blocked, id=18488, stack(0x0000004b49400000,0x0000004b49500000) (1024K)]
  0x000001be1c4b7ec0 JavaThread "Attach Listener"            daemon [_thread_blocked, id=20136, stack(0x0000004b49500000,0x0000004b49600000) (1024K)]
  0x000001be1c4acd80 JavaThread "Service Thread"             daemon [_thread_blocked, id=8504, stack(0x0000004b49600000,0x0000004b49700000) (1024K)]
  0x000001be1c4b7650 JavaThread "Monitor Deflation Thread"   daemon [_thread_blocked, id=19940, stack(0x0000004b49700000,0x0000004b49800000) (1024K)]
  0x000001be1c4c7c70 JavaThread "C2 CompilerThread0"         daemon [_thread_blocked, id=20704, stack(0x0000004b49800000,0x0000004b49900000) (1024K)]
  0x000001be1c4ebb40 JavaThread "C1 CompilerThread0"         daemon [_thread_blocked, id=20576, stack(0x0000004b49900000,0x0000004b49a00000) (1024K)]
  0x000001be1c81a3a0 JavaThread "Notification Thread"        daemon [_thread_blocked, id=13296, stack(0x0000004b49a00000,0x0000004b49b00000) (1024K)]
=>0x000001be21135750 JavaThread "C2 CompilerThread1"         daemon [_thread_in_native, id=16396, stack(0x0000004b49b00000,0x0000004b49c00000) (1024K)]
  0x000001be2280c150 JavaThread "Daemon health stats"               [_thread_blocked, id=17364, stack(0x0000004b4a000000,0x0000004b4a100000) (1024K)]
  0x000001be21c81c90 JavaThread "Incoming local TCP Connector on port 9019"        [_thread_in_native, id=8308, stack(0x0000004b4a100000,0x0000004b4a200000) (1024K)]
  0x000001be22b73c30 JavaThread "Daemon periodic checks"            [_thread_blocked, id=10756, stack(0x0000004b4a700000,0x0000004b4a800000) (1024K)]
  0x000001be229fe8d0 JavaThread "Daemon"                            [_thread_blocked, id=17056, stack(0x0000004b4a800000,0x0000004b4a900000) (1024K)]
  0x000001be22b03ea0 JavaThread "Handler for socket connection from /127.0.0.1:9019 to /127.0.0.1:9020"        [_thread_in_native, id=10280, stack(0x0000004b4a900000,0x0000004b4aa00000) (1024K)]
  0x000001be229f97a0 JavaThread "Cancel handler"                    [_thread_blocked, id=7412, stack(0x0000004b4aa00000,0x0000004b4ab00000) (1024K)]
  0x000001be229c0b50 JavaThread "Daemon worker"                     [_thread_blocked, id=3144, stack(0x0000004b4ab00000,0x0000004b4ac00000) (1024K)]
  0x000001be229c2c20 JavaThread "Asynchronous log dispatcher for DefaultDaemonConnection: socket connection from /127.0.0.1:9019 to /127.0.0.1:9020"        [_thread_blocked, id=16516, stack(0x0000004b4ac00000,0x0000004b4ad00000) (1024K)]
  0x000001be229bf7a0 JavaThread "Stdin handler"                     [_thread_blocked, id=20128, stack(0x0000004b4ad00000,0x0000004b4ae00000) (1024K)]
  0x000001be229c1870 JavaThread "Daemon client event forwarder"        [_thread_blocked, id=20272, stack(0x0000004b4ae00000,0x0000004b4af00000) (1024K)]
  0x000001be229bfe30 JavaThread "Cache worker for journal cache (C:\Users\ikhwa\.gradle\caches\journal-1)"        [_thread_blocked, id=19140, stack(0x0000004b4b100000,0x0000004b4b200000) (1024K)]
  0x000001be229c1f00 JavaThread "File lock request listener"        [_thread_in_native, id=19752, stack(0x0000004b4b200000,0x0000004b4b300000) (1024K)]
  0x000001be229c11e0 JavaThread "Cache worker for file hash cache (C:\Users\ikhwa\.gradle\caches\8.13\fileHashes)"        [_thread_blocked, id=19484, stack(0x0000004b4b300000,0x0000004b4b400000) (1024K)]
  0x000001be2448b6c0 JavaThread "C2 CompilerThread2"         daemon [_thread_blocked, id=13028, stack(0x0000004b4b400000,0x0000004b4b500000) (1024K)]
  0x000001be229c2590 JavaThread "Cache worker for file hash cache (D:\Andalib_PTB\.gradle\8.13\fileHashes)"        [_thread_blocked, id=21000, stack(0x0000004b4b500000,0x0000004b4b600000) (1024K)]
  0x000001be24ca5230 JavaThread "Cache worker for Build Output Cleanup Cache (D:\Andalib_PTB\.gradle\buildOutputCleanup)"        [_thread_blocked, id=20076, stack(0x0000004b4b600000,0x0000004b4b700000) (1024K)]
  0x000001be24ca7990 JavaThread "File watcher server"        daemon [_thread_in_native, id=13996, stack(0x0000004b4b700000,0x0000004b4b800000) (1024K)]
  0x000001be24ca8020 JavaThread "File watcher consumer"      daemon [_thread_blocked, id=19744, stack(0x0000004b4b800000,0x0000004b4b900000) (1024K)]
  0x000001be24ca65e0 JavaThread "jar transforms"                    [_thread_blocked, id=20060, stack(0x0000004b4b900000,0x0000004b4ba00000) (1024K)]
  0x000001be24ca5f50 JavaThread "jar transforms Thread 2"           [_thread_blocked, id=15388, stack(0x0000004b4ba00000,0x0000004b4bb00000) (1024K)]
  0x000001be24ca3160 JavaThread "jar transforms Thread 3"           [_thread_blocked, id=12848, stack(0x0000004b4bb00000,0x0000004b4bc00000) (1024K)]
  0x000001be24ca1720 JavaThread "jar transforms Thread 4"           [_thread_blocked, id=8580, stack(0x0000004b4bc00000,0x0000004b4bd00000) (1024K)]
  0x000001be24ca4ba0 JavaThread "jar transforms Thread 5"           [_thread_blocked, id=18056, stack(0x0000004b4bd00000,0x0000004b4be00000) (1024K)]
  0x000001be24ca1db0 JavaThread "jar transforms Thread 6"           [_thread_blocked, id=20308, stack(0x0000004b4be00000,0x0000004b4bf00000) (1024K)]
  0x000001be24ca6c70 JavaThread "jar transforms Thread 7"           [_thread_blocked, id=1008, stack(0x0000004b4bf00000,0x0000004b4c000000) (1024K)]
  0x000001be24ca37f0 JavaThread "jar transforms Thread 8"           [_thread_blocked, id=11904, stack(0x0000004b4c000000,0x0000004b4c100000) (1024K)]
  0x000001be24ca7300 JavaThread "jar transforms Thread 9"           [_thread_blocked, id=21368, stack(0x0000004b4c100000,0x0000004b4c200000) (1024K)]
  0x000001be24ca58c0 JavaThread "jar transforms Thread 10"          [_thread_blocked, id=21412, stack(0x0000004b4c200000,0x0000004b4c300000) (1024K)]
  0x000001be24ca1090 JavaThread "jar transforms Thread 11"          [_thread_blocked, id=18644, stack(0x0000004b4c300000,0x0000004b4c400000) (1024K)]
  0x000001be24ca2440 JavaThread "jar transforms Thread 12"          [_thread_blocked, id=21500, stack(0x0000004b4c400000,0x0000004b4c500000) (1024K)]
Total: 42

Other Threads:
  0x000001be1c30dd10 VMThread "VM Thread"                           [id=16388, stack(0x0000004b49000000,0x0000004b49100000) (1024K)]
  0x000001be1c27cf80 WatcherThread "VM Periodic Task Thread"        [id=8204, stack(0x0000004b48f00000,0x0000004b49000000) (1024K)]
  0x000001be02045ee0 WorkerThread "GC Thread#0"                     [id=18776, stack(0x0000004b48a00000,0x0000004b48b00000) (1024K)]
  0x000001be21101e30 WorkerThread "GC Thread#1"                     [id=13852, stack(0x0000004b49d00000,0x0000004b49e00000) (1024K)]
  0x000001be210ce590 WorkerThread "GC Thread#2"                     [id=4436, stack(0x0000004b49e00000,0x0000004b49f00000) (1024K)]
  0x000001be21ce1b10 WorkerThread "GC Thread#3"                     [id=12424, stack(0x0000004b49c00000,0x0000004b49d00000) (1024K)]
  0x000001be21f1a750 WorkerThread "GC Thread#4"                     [id=8376, stack(0x0000004b49f00000,0x0000004b4a000000) (1024K)]
  0x000001be21e35e00 WorkerThread "GC Thread#5"                     [id=21240, stack(0x0000004b4a200000,0x0000004b4a300000) (1024K)]
  0x000001be22807120 WorkerThread "GC Thread#6"                     [id=19012, stack(0x0000004b4a300000,0x0000004b4a400000) (1024K)]
  0x000001be228074c0 WorkerThread "GC Thread#7"                     [id=16856, stack(0x0000004b4a400000,0x0000004b4a500000) (1024K)]
  0x000001be228ac420 WorkerThread "GC Thread#8"                     [id=2080, stack(0x0000004b4a500000,0x0000004b4a600000) (1024K)]
  0x000001be228ad9e0 WorkerThread "GC Thread#9"                     [id=18528, stack(0x0000004b4a600000,0x0000004b4a700000) (1024K)]
  0x000001be02056dd0 ConcurrentGCThread "G1 Main Marker"            [id=20108, stack(0x0000004b48b00000,0x0000004b48c00000) (1024K)]
  0x000001be02058160 WorkerThread "G1 Conc#0"                       [id=19996, stack(0x0000004b48c00000,0x0000004b48d00000) (1024K)]
  0x000001be228acb60 WorkerThread "G1 Conc#1"                       [id=19984, stack(0x0000004b4af00000,0x0000004b4b000000) (1024K)]
  0x000001be228ac7c0 WorkerThread "G1 Conc#2"                       [id=10732, stack(0x0000004b4b000000,0x0000004b4b100000) (1024K)]
  0x000001be0209e4c0 ConcurrentGCThread "G1 Refine#0"               [id=19896, stack(0x0000004b48d00000,0x0000004b48e00000) (1024K)]
  0x000001be1c14f510 ConcurrentGCThread "G1 Service"                [id=17524, stack(0x0000004b48e00000,0x0000004b48f00000) (1024K)]
Total: 18

Threads with active compile tasks:
C2 CompilerThread1  4599 3488   !   4       java.lang.ClassLoader::loadClass (121 bytes)
Total: 1

VM state: not at safepoint (normal execution)

VM Mutex/Monitor currently owned by a thread: None

Heap address: 0x0000000700000000, size: 4096 MB, Compressed Oops mode: Zero based, Oop shift amount: 3

CDS archive(s) not mapped
Compressed class space mapped at: 0x0000000800000000-0x0000000840000000, reserved size: 1073741824
Narrow klass base: 0x0000000800000000, Narrow klass shift: 0, Narrow klass range: 0x40000000

GC Precious Log:
 CardTable entry size: 512
 Card Set container configuration: InlinePtr #cards 4 size 8 Array Of Cards #cards 16 size 48 Howl #buckets 8 coarsen threshold 3686 Howl Bitmap #cards 512 size 80 coarsen threshold 460 Card regions per heap region 1 cards per card region 4096
 CPUs: 12 total, 12 available
 Memory: 7520M
 Large Page Support: Disabled
 NUMA Support: Disabled
 Compressed Oops: Enabled (Zero based)
 Heap Region Size: 2M
 Heap Min Capacity: 8M
 Heap Initial Capacity: 118M
 Heap Max Capacity: 4G
 Pre-touch: Disabled
 Parallel Workers: 10
 Concurrent Workers: 3
 Concurrent Refinement Workers: 10
 Periodic GC: Disabled

Heap:
 garbage-first heap   total 98304K, used 54348K [0x0000000700000000, 0x0000000800000000)
  region size 2048K, 4 young (8192K), 3 survivors (6144K)
 Metaspace       used 36316K, committed 37184K, reserved 1114112K
  class space    used 5002K, committed 5440K, reserved 1048576K

Heap Regions: E=young(eden), S=young(survivor), O=old, HS=humongous(starts), HC=humongous(continues), CS=collection set, F=free, TAMS=top-at-mark-start, PB=parsable bottom
|   0|0x0000000700000000, 0x0000000700200000, 0x0000000700200000|100%|HS|  |TAMS 0x0000000700200000| PB 0x0000000700000000| Complete 
|   1|0x0000000700200000, 0x0000000700400000, 0x0000000700400000|100%|HC|  |TAMS 0x0000000700400000| PB 0x0000000700200000| Complete 
|   2|0x0000000700400000, 0x0000000700600000, 0x0000000700600000|100%| O|  |TAMS 0x0000000700600000| PB 0x0000000700400000| Untracked 
|   3|0x0000000700600000, 0x0000000700800000, 0x0000000700800000|100%| O|  |TAMS 0x0000000700800000| PB 0x0000000700600000| Untracked 
|   4|0x0000000700800000, 0x0000000700a00000, 0x0000000700a00000|100%| O|  |TAMS 0x0000000700a00000| PB 0x0000000700800000| Untracked 
|   5|0x0000000700a00000, 0x0000000700c00000, 0x0000000700c00000|100%| O|  |TAMS 0x0000000700c00000| PB 0x0000000700a00000| Untracked 
|   6|0x0000000700c00000, 0x0000000700e00000, 0x0000000700e00000|100%| O|  |TAMS 0x0000000700e00000| PB 0x0000000700c00000| Untracked 
|   7|0x0000000700e00000, 0x0000000701000000, 0x0000000701000000|100%| O|  |TAMS 0x0000000701000000| PB 0x0000000700e00000| Untracked 
|   8|0x0000000701000000, 0x0000000701200000, 0x0000000701200000|100%| O|  |TAMS 0x0000000701200000| PB 0x0000000701000000| Untracked 
|   9|0x0000000701200000, 0x0000000701400000, 0x0000000701400000|100%|HS|  |TAMS 0x0000000701400000| PB 0x0000000701200000| Complete 
|  10|0x0000000701400000, 0x0000000701600000, 0x0000000701600000|100%| O|  |TAMS 0x0000000701600000| PB 0x0000000701400000| Untracked 
|  11|0x0000000701600000, 0x0000000701800000, 0x0000000701800000|100%|HS|  |TAMS 0x0000000701800000| PB 0x0000000701600000| Complete 
|  12|0x0000000701800000, 0x0000000701a00000, 0x0000000701a00000|100%|HC|  |TAMS 0x0000000701a00000| PB 0x0000000701800000| Complete 
|  13|0x0000000701a00000, 0x0000000701c00000, 0x0000000701c00000|100%|HC|  |TAMS 0x0000000701c00000| PB 0x0000000701a00000| Complete 
|  14|0x0000000701c00000, 0x0000000701e00000, 0x0000000701e00000|100%|HS|  |TAMS 0x0000000701e00000| PB 0x0000000701c00000| Complete 
|  15|0x0000000701e00000, 0x0000000702000000, 0x0000000702000000|100%|HC|  |TAMS 0x0000000702000000| PB 0x0000000701e00000| Complete 
|  16|0x0000000702000000, 0x0000000702200000, 0x0000000702200000|100%| O|  |TAMS 0x0000000702200000| PB 0x0000000702000000| Untracked 
|  17|0x0000000702200000, 0x0000000702400000, 0x0000000702400000|100%| O|  |TAMS 0x00000007022bb770| PB 0x0000000702200000| Untracked 
|  18|0x0000000702400000, 0x0000000702600000, 0x0000000702600000|100%|HS|  |TAMS 0x0000000702600000| PB 0x0000000702400000| Complete 
|  19|0x0000000702600000, 0x0000000702800000, 0x0000000702800000|100%|HC|  |TAMS 0x0000000702800000| PB 0x0000000702600000| Complete 
|  20|0x0000000702800000, 0x0000000702a00000, 0x0000000702a00000|100%|HC|  |TAMS 0x0000000702a00000| PB 0x0000000702800000| Complete 
|  21|0x0000000702a00000, 0x0000000702b7bb08, 0x0000000702c00000| 74%| O|  |TAMS 0x0000000702a00000| PB 0x0000000702a00000| Untracked 
|  22|0x0000000702c00000, 0x0000000702e00000, 0x0000000702e00000|100%|HS|  |TAMS 0x0000000702c00000| PB 0x0000000702c00000| Complete 
|  23|0x0000000702e00000, 0x0000000703000000, 0x0000000703000000|100%|HC|  |TAMS 0x0000000702e00000| PB 0x0000000702e00000| Complete 
|  24|0x0000000703000000, 0x0000000703000000, 0x0000000703200000|  0%| F|  |TAMS 0x0000000703000000| PB 0x0000000703000000| Untracked 
|  25|0x0000000703200000, 0x0000000703200000, 0x0000000703400000|  0%| F|  |TAMS 0x0000000703200000| PB 0x0000000703200000| Untracked 
|  26|0x0000000703400000, 0x0000000703400000, 0x0000000703600000|  0%| F|  |TAMS 0x0000000703400000| PB 0x0000000703400000| Untracked 
|  27|0x0000000703600000, 0x0000000703600000, 0x0000000703800000|  0%| F|  |TAMS 0x0000000703600000| PB 0x0000000703600000| Untracked 
|  28|0x0000000703800000, 0x0000000703800000, 0x0000000703a00000|  0%| F|  |TAMS 0x0000000703800000| PB 0x0000000703800000| Untracked 
|  29|0x0000000703a00000, 0x0000000703a00000, 0x0000000703c00000|  0%| F|  |TAMS 0x0000000703a00000| PB 0x0000000703a00000| Untracked 
|  30|0x0000000703c00000, 0x0000000703c00000, 0x0000000703e00000|  0%| F|  |TAMS 0x0000000703c00000| PB 0x0000000703c00000| Untracked 
|  31|0x0000000703e00000, 0x0000000703e00000, 0x0000000704000000|  0%| F|  |TAMS 0x0000000703e00000| PB 0x0000000703e00000| Untracked 
|  32|0x0000000704000000, 0x0000000704000000, 0x0000000704200000|  0%| F|  |TAMS 0x0000000704000000| PB 0x0000000704000000| Untracked 
|  33|0x0000000704200000, 0x0000000704200000, 0x0000000704400000|  0%| F|  |TAMS 0x0000000704200000| PB 0x0000000704200000| Untracked 
|  34|0x0000000704400000, 0x0000000704400000, 0x0000000704600000|  0%| F|  |TAMS 0x0000000704400000| PB 0x0000000704400000| Untracked 
|  35|0x0000000704600000, 0x0000000704600000, 0x0000000704800000|  0%| F|  |TAMS 0x0000000704600000| PB 0x0000000704600000| Untracked 
|  36|0x0000000704800000, 0x0000000704997630, 0x0000000704a00000| 79%| S|CS|TAMS 0x0000000704800000| PB 0x0000000704800000| Complete 
|  37|0x0000000704a00000, 0x0000000704c00000, 0x0000000704c00000|100%| S|CS|TAMS 0x0000000704a00000| PB 0x0000000704a00000| Complete 
|  38|0x0000000704c00000, 0x0000000704e00000, 0x0000000704e00000|100%| S|CS|TAMS 0x0000000704c00000| PB 0x0000000704c00000| Complete 
|  39|0x0000000704e00000, 0x0000000704e00000, 0x0000000705000000|  0%| F|  |TAMS 0x0000000704e00000| PB 0x0000000704e00000| Untracked 
|  40|0x0000000705000000, 0x0000000705000000, 0x0000000705200000|  0%| F|  |TAMS 0x0000000705000000| PB 0x0000000705000000| Untracked 
|  41|0x0000000705200000, 0x0000000705200000, 0x0000000705400000|  0%| F|  |TAMS 0x0000000705200000| PB 0x0000000705200000| Untracked 
|  42|0x0000000705400000, 0x0000000705400000, 0x0000000705600000|  0%| F|  |TAMS 0x0000000705400000| PB 0x0000000705400000| Untracked 
|  43|0x0000000705600000, 0x0000000705600000, 0x0000000705800000|  0%| F|  |TAMS 0x0000000705600000| PB 0x0000000705600000| Untracked 
|  44|0x0000000705800000, 0x0000000705800000, 0x0000000705a00000|  0%| F|  |TAMS 0x0000000705800000| PB 0x0000000705800000| Untracked 
|  45|0x0000000705a00000, 0x0000000705a00000, 0x0000000705c00000|  0%| F|  |TAMS 0x0000000705a00000| PB 0x0000000705a00000| Untracked 
|  52|0x0000000706800000, 0x0000000706800000, 0x0000000706a00000|  0%| F|  |TAMS 0x0000000706800000| PB 0x0000000706800000| Untracked 
|  58|0x0000000707400000, 0x0000000707410758, 0x0000000707600000|  3%| E|  |TAMS 0x0000000707400000| PB 0x0000000707400000| Complete 

Card table byte_map: [0x000001be14e80000,0x000001be15680000] _byte_map_base: 0x000001be11680000

Marking Bits: (CMBitMap*) 0x000001be020464f0
 Bits: [0x000001be15680000, 0x000001be19680000)

Polling page: 0x000001be017a0000

Metaspace:

Usage:
  Non-class:     30.58 MB used.
      Class:      4.89 MB used.
       Both:     35.47 MB used.

Virtual space:
  Non-class space:       64.00 MB reserved,      31.00 MB ( 48%) committed,  1 nodes.
      Class space:        1.00 GB reserved,       5.31 MB ( <1%) committed,  1 nodes.
             Both:        1.06 GB reserved,      36.31 MB (  3%) committed. 

Chunk freelists:
   Non-Class:  139.00 KB
       Class:  10.69 MB
        Both:  10.82 MB

MaxMetaspaceSize: unlimited
CompressedClassSpaceSize: 1.00 GB
Initial GC threshold: 21.00 MB
Current GC threshold: 59.19 MB
CDS: off
 - commit_granule_bytes: 65536.
 - commit_granule_words: 8192.
 - virtual_space_node_default_size: 8388608.
 - enlarge_chunks_in_place: 1.
 - use_allocation_guard: 0.


Internal statistics:

num_allocs_failed_limit: 9.
num_arena_births: 1506.
num_arena_deaths: 0.
num_vsnodes_births: 2.
num_vsnodes_deaths: 0.
num_space_committed: 581.
num_space_uncommitted: 0.
num_chunks_returned_to_freelist: 9.
num_chunks_taken_from_freelist: 2736.
num_chunk_merges: 9.
num_chunk_splits: 1742.
num_chunks_enlarged: 1057.
num_inconsistent_stats: 0.

CodeHeap 'non-profiled nmethods': size=120000Kb used=1871Kb max_used=2069Kb free=118128Kb
 bounds [0x000001be0cc00000, 0x000001be0ce70000, 0x000001be14130000]
CodeHeap 'profiled nmethods': size=120000Kb used=6106Kb max_used=6908Kb free=113893Kb
 bounds [0x000001be05130000, 0x000001be057f0000, 0x000001be0c660000]
CodeHeap 'non-nmethods': size=5760Kb used=1491Kb max_used=1584Kb free=4268Kb
 bounds [0x000001be0c660000, 0x000001be0c8d0000, 0x000001be0cc00000]
 total_blobs=3770 nmethods=3186 adapters=488
 compilation: enabled
              stopped_count=0, restarted_count=0
 full_count=0

Compilation events (20 events):
Event: 4.534 Thread 0x000001be1c4ebb40 nmethod 3622 0x000001be05187090 code [0x000001be051872a0, 0x000001be051877d0]
Event: 4.534 Thread 0x000001be1c4ebb40 3625       3       java.lang.reflect.AccessibleObject::verifyAccess (55 bytes)
Event: 4.535 Thread 0x000001be1c4ebb40 nmethod 3625 0x000001be0513de10 code [0x000001be0513e060, 0x000001be0513ebe0]
Event: 4.535 Thread 0x000001be1c4ebb40 3626       3       java.lang.reflect.AccessibleObject::isAccessChecked (25 bytes)
Event: 4.535 Thread 0x000001be1c4ebb40 nmethod 3626 0x000001be051db110 code [0x000001be051db2e0, 0x000001be051db7b0]
Event: 4.537 Thread 0x000001be1c4ebb40 3627       3       java.io.ObjectStreamClass::getMethodSignature (61 bytes)
Event: 4.537 Thread 0x000001be1c4ebb40 nmethod 3627 0x000001be0518bc90 code [0x000001be0518bf00, 0x000001be0518c630]
Event: 4.549 Thread 0x000001be1c4ebb40 3631       3       org.gradle.internal.util.Trie::find (135 bytes)
Event: 4.549 Thread 0x000001be1c4ebb40 nmethod 3631 0x000001be0534ec10 code [0x000001be0534ee40, 0x000001be0534f5e0]
Event: 4.551 Thread 0x000001be2448b6c0 nmethod 3595 0x000001be0cc83e10 code [0x000001be0cc83fe0, 0x000001be0cc84d20]
Event: 4.551 Thread 0x000001be2448b6c0 3612 %     4       java.net.URI::normalizedHash @ 4 (84 bytes)
Event: 4.553 Thread 0x000001be1c4ebb40 3632       3       org.gradle.internal.classloader.FilteringClassLoader$TrieSet::find (9 bytes)
Event: 4.553 Thread 0x000001be1c4ebb40 nmethod 3632 0x000001be052dee10 code [0x000001be052defc0, 0x000001be052df128]
Event: 4.557 Thread 0x000001be2448b6c0 nmethod 3612% 0x000001be0cc54c10 code [0x000001be0cc54de0, 0x000001be0cc55178]
Event: 4.557 Thread 0x000001be2448b6c0 3554       4       java.net.URI::toLower (19 bytes)
Event: 4.557 Thread 0x000001be2448b6c0 nmethod 3554 0x000001be0cc54810 code [0x000001be0cc549a0, 0x000001be0cc54a30]
Event: 4.557 Thread 0x000001be2448b6c0 3593       4       java.net.URI$Parser::checkChars (44 bytes)
Event: 4.561 Thread 0x000001be2448b6c0 nmethod 3593 0x000001be0ccfbf90 code [0x000001be0ccfc160, 0x000001be0ccfc538]
Event: 4.561 Thread 0x000001be2448b6c0 3624       4       jdk.internal.reflect.ClassFileAssembler::emitShort (24 bytes)
Event: 4.564 Thread 0x000001be2448b6c0 nmethod 3624 0x000001be0cca3510 code [0x000001be0cca36e0, 0x000001be0cca39a0]

GC Heap History (14 events):
Event: 0.686 GC heap before
{Heap before GC invocations=0 (full 0):
 garbage-first heap   total 120832K, used 20480K [0x0000000700000000, 0x0000000800000000)
  region size 2048K, 11 young (22528K), 0 survivors (0K)
 Metaspace       used 7772K, committed 7936K, reserved 1114112K
  class space    used 707K, committed 768K, reserved 1048576K
}
Event: 0.695 GC heap after
{Heap after GC invocations=1 (full 0):
 garbage-first heap   total 120832K, used 1489K [0x0000000700000000, 0x0000000800000000)
  region size 2048K, 1 young (2048K), 1 survivors (2048K)
 Metaspace       used 7772K, committed 7936K, reserved 1114112K
  class space    used 707K, committed 768K, reserved 1048576K
}
Event: 1.577 GC heap before
{Heap before GC invocations=1 (full 0):
 garbage-first heap   total 120832K, used 48593K [0x0000000700000000, 0x0000000800000000)
  region size 2048K, 23 young (47104K), 1 survivors (2048K)
 Metaspace       used 12338K, committed 12544K, reserved 1114112K
  class space    used 1320K, committed 1408K, reserved 1048576K
}
Event: 1.590 GC heap after
{Heap after GC invocations=2 (full 0):
 garbage-first heap   total 120832K, used 11879K [0x0000000700000000, 0x0000000800000000)
  region size 2048K, 3 young (6144K), 3 survivors (6144K)
 Metaspace       used 12338K, committed 12544K, reserved 1114112K
  class space    used 1320K, committed 1408K, reserved 1048576K
}
Event: 2.348 GC heap before
{Heap before GC invocations=2 (full 0):
 garbage-first heap   total 120832K, used 63079K [0x0000000700000000, 0x0000000800000000)
  region size 2048K, 29 young (59392K), 3 survivors (6144K)
 Metaspace       used 18362K, committed 18624K, reserved 1114112K
  class space    used 2120K, committed 2240K, reserved 1048576K
}
Event: 2.358 GC heap after
{Heap after GC invocations=3 (full 0):
 garbage-first heap   total 120832K, used 19266K [0x0000000700000000, 0x0000000800000000)
  region size 2048K, 4 young (8192K), 4 survivors (8192K)
 Metaspace       used 18362K, committed 18624K, reserved 1114112K
  class space    used 2120K, committed 2240K, reserved 1048576K
}
Event: 2.601 GC heap before
{Heap before GC invocations=3 (full 0):
 garbage-first heap   total 120832K, used 29506K [0x0000000700000000, 0x0000000800000000)
  region size 2048K, 10 young (20480K), 4 survivors (8192K)
 Metaspace       used 21239K, committed 21504K, reserved 1114112K
  class space    used 2463K, committed 2624K, reserved 1048576K
}
Event: 2.609 GC heap after
{Heap after GC invocations=4 (full 0):
 garbage-first heap   total 120832K, used 20584K [0x0000000700000000, 0x0000000800000000)
  region size 2048K, 1 young (2048K), 1 survivors (2048K)
 Metaspace       used 21239K, committed 21504K, reserved 1114112K
  class space    used 2463K, committed 2624K, reserved 1048576K
}
Event: 3.590 GC heap before
{Heap before GC invocations=5 (full 0):
 garbage-first heap   total 75776K, used 73832K [0x0000000700000000, 0x0000000800000000)
  region size 2048K, 27 young (55296K), 1 survivors (2048K)
 Metaspace       used 29789K, committed 30400K, reserved 1114112K
  class space    used 3857K, committed 4160K, reserved 1048576K
}
Event: 3.594 GC heap after
{Heap after GC invocations=6 (full 0):
 garbage-first heap   total 98304K, used 23682K [0x0000000700000000, 0x0000000800000000)
  region size 2048K, 3 young (6144K), 3 survivors (6144K)
 Metaspace       used 29789K, committed 30400K, reserved 1114112K
  class space    used 3857K, committed 4160K, reserved 1048576K
}
Event: 4.275 GC heap before
{Heap before GC invocations=6 (full 0):
 garbage-first heap   total 98304K, used 62594K [0x0000000700000000, 0x0000000800000000)
  region size 2048K, 23 young (47104K), 3 survivors (6144K)
 Metaspace       used 35156K, committed 35968K, reserved 1114112K
  class space    used 4796K, committed 5184K, reserved 1048576K
}
Event: 4.280 GC heap after
{Heap after GC invocations=7 (full 0):
 garbage-first heap   total 98304K, used 26040K [0x0000000700000000, 0x0000000800000000)
  region size 2048K, 3 young (6144K), 3 survivors (6144K)
 Metaspace       used 35156K, committed 35968K, reserved 1114112K
  class space    used 4796K, committed 5184K, reserved 1048576K
}
Event: 4.396 GC heap before
{Heap before GC invocations=7 (full 0):
 garbage-first heap   total 98304K, used 42424K [0x0000000700000000, 0x0000000800000000)
  region size 2048K, 7 young (14336K), 3 survivors (6144K)
 Metaspace       used 35518K, committed 36288K, reserved 1114112K
  class space    used 4862K, committed 5248K, reserved 1048576K
}
Event: 4.400 GC heap after
{Heap after GC invocations=8 (full 0):
 garbage-first heap   total 98304K, used 41237K [0x0000000700000000, 0x0000000800000000)
  region size 2048K, 3 young (6144K), 3 survivors (6144K)
 Metaspace       used 35518K, committed 36288K, reserved 1114112K
  class space    used 4862K, committed 5248K, reserved 1048576K
}

Dll operation events (3 events):
Event: 0.009 Loaded shared library D:\Android Studio\jbr\bin\java.dll
Event: 0.015 Loaded shared library D:\Android Studio\jbr\bin\zip.dll
Event: 1.032 Loaded shared library D:\Android Studio\jbr\bin\verify.dll

Deoptimization events (20 events):
Event: 4.363 Thread 0x000001be229c0b50 Uncommon trap: trap_request=0xffffff45 fr.pc=0x000001be0cdc7bec relative=0x000000000000668c
Event: 4.363 Thread 0x000001be229c0b50 Uncommon trap: reason=unstable_if action=reinterpret pc=0x000001be0cdc7bec method=java.net.URLClassLoader.getAndVerifyPackage(Ljava/lang/String;Ljava/util/jar/Manifest;Ljava/net/URL;)Ljava/lang/Package; @ 62 c2
Event: 4.363 Thread 0x000001be229c0b50 DEOPT PACKING pc=0x000001be0cdc7bec sp=0x0000004b4abfb8e0
Event: 4.364 Thread 0x000001be229c0b50 DEOPT UNPACKING pc=0x000001be0c6b46a2 sp=0x0000004b4abfb668 mode 2
Event: 4.365 Thread 0x000001be229c0b50 Uncommon trap: trap_request=0xffffff45 fr.pc=0x000001be0cda109c relative=0x000000000000603c
Event: 4.365 Thread 0x000001be229c0b50 Uncommon trap: reason=unstable_if action=reinterpret pc=0x000001be0cda109c method=java.util.zip.ZipFile.getInputStream(Ljava/util/zip/ZipEntry;)Ljava/io/InputStream; @ 101 c2
Event: 4.365 Thread 0x000001be229c0b50 DEOPT PACKING pc=0x000001be0cda109c sp=0x0000004b4abf7b80
Event: 4.365 Thread 0x000001be229c0b50 DEOPT UNPACKING pc=0x000001be0c6b46a2 sp=0x0000004b4abf7860 mode 2
Event: 4.407 Thread 0x000001be229c0b50 Uncommon trap: trap_request=0xffffff45 fr.pc=0x000001be0cc99774 relative=0x00000000000013f4
Event: 4.407 Thread 0x000001be229c0b50 Uncommon trap: reason=unstable_if action=reinterpret pc=0x000001be0cc99774 method=java.util.jar.JarFile.getVersionedEntry(Ljava/lang/String;Ljava/util/jar/JarEntry;)Ljava/util/jar/JarEntry; @ 31 c2
Event: 4.407 Thread 0x000001be229c0b50 DEOPT PACKING pc=0x000001be0cc99774 sp=0x0000004b4abf77e0
Event: 4.407 Thread 0x000001be229c0b50 DEOPT UNPACKING pc=0x000001be0c6b46a2 sp=0x0000004b4abf77e8 mode 2
Event: 4.453 Thread 0x000001be229c0b50 DEOPT PACKING pc=0x000001be0576f763 sp=0x0000004b4abfad00
Event: 4.453 Thread 0x000001be229c0b50 DEOPT UNPACKING pc=0x000001be0c6b4e42 sp=0x0000004b4abfa1b0 mode 0
Event: 4.461 Thread 0x000001be229c0b50 DEOPT PACKING pc=0x000001be053ddd5d sp=0x0000004b4abf99e0
Event: 4.461 Thread 0x000001be229c0b50 DEOPT UNPACKING pc=0x000001be0c6b4e42 sp=0x0000004b4abf8f50 mode 0
Event: 4.504 Thread 0x000001be229c0b50 DEOPT PACKING pc=0x000001be053ddd5d sp=0x0000004b4abf9790
Event: 4.504 Thread 0x000001be229c0b50 DEOPT UNPACKING pc=0x000001be0c6b4e42 sp=0x0000004b4abf8d00 mode 0
Event: 4.509 Thread 0x000001be229c0b50 DEOPT PACKING pc=0x000001be0556d3a5 sp=0x0000004b4abfab90
Event: 4.509 Thread 0x000001be229c0b50 DEOPT UNPACKING pc=0x000001be0c6b4e42 sp=0x0000004b4abfa028 mode 0

Classes loaded (20 events):
Event: 4.252 Loading class java/nio/charset/CharacterCodingException
Event: 4.252 Loading class java/nio/charset/CharacterCodingException done
Event: 4.253 Loading class java/lang/Short$ShortCache
Event: 4.253 Loading class java/lang/Short$ShortCache done
Event: 4.334 Loading class sun/nio/fs/WindowsPath$1
Event: 4.334 Loading class sun/nio/fs/WindowsPath$1 done
Event: 4.550 Loading class java/util/concurrent/locks/ReentrantReadWriteLock
Event: 4.551 Loading class java/util/concurrent/locks/ReadWriteLock
Event: 4.551 Loading class java/util/concurrent/locks/ReadWriteLock done
Event: 4.551 Loading class java/util/concurrent/locks/ReentrantReadWriteLock done
Event: 4.551 Loading class java/util/concurrent/locks/ReentrantReadWriteLock$NonfairSync
Event: 4.551 Loading class java/util/concurrent/locks/ReentrantReadWriteLock$Sync
Event: 4.551 Loading class java/util/concurrent/locks/ReentrantReadWriteLock$Sync done
Event: 4.551 Loading class java/util/concurrent/locks/ReentrantReadWriteLock$NonfairSync done
Event: 4.551 Loading class java/util/concurrent/locks/ReentrantReadWriteLock$Sync$ThreadLocalHoldCounter
Event: 4.551 Loading class java/util/concurrent/locks/ReentrantReadWriteLock$Sync$ThreadLocalHoldCounter done
Event: 4.551 Loading class java/util/concurrent/locks/ReentrantReadWriteLock$ReadLock
Event: 4.551 Loading class java/util/concurrent/locks/ReentrantReadWriteLock$ReadLock done
Event: 4.551 Loading class java/util/concurrent/locks/ReentrantReadWriteLock$WriteLock
Event: 4.551 Loading class java/util/concurrent/locks/ReentrantReadWriteLock$WriteLock done

Classes unloaded (0 events):
No events

Classes redefined (0 events):
No events

Internal exceptions (20 events):
Event: 4.511 Thread 0x000001be229c0b50 Exception <a 'java/lang/NoSuchMethodError'{0x0000000705b9cb20}: static Lorg/jetbrains/plugins/gradle/model/DependencyAccessorsModel;.<clinit>()V> (0x0000000705b9cb20) 
thrown [s\src\hotspot\share\prims\jni.cpp, line 1144]
Event: 4.514 Thread 0x000001be229c0b50 Exception <a 'java/lang/NoSuchMethodError'{0x0000000705bc9b78}: static Lcom/intellij/gradle/toolingExtension/impl/model/taskModel/GradleTaskModelProvider;.<clinit>()V> (0x0000000705bc9b78) 
thrown [s\src\hotspot\share\prims\jni.cpp, line 1144]
Event: 4.516 Thread 0x000001be229c0b50 Exception <a 'java/lang/NoSuchMethodError'{0x0000000705be0b48}: static Lcom/intellij/gradle/toolingExtension/impl/model/buildScriptClasspathModel/GradleBuildScriptClasspathModelProvider;.<clinit>()V> (0x0000000705be0b48) 
thrown [s\src\hotspot\share\prims\jni.cpp, line 1144]
Event: 4.517 Thread 0x000001be229c0b50 Exception <a 'java/lang/NoSuchMethodError'{0x0000000705bf7798}: static Lcom/intellij/gradle/toolingExtension/impl/model/warmUp/GradleTaskWarmUpModelProvider;.<clinit>()V> (0x0000000705bf7798) 
thrown [s\src\hotspot\share\prims\jni.cpp, line 1144]
Event: 4.519 Thread 0x000001be229c0b50 Exception <a 'java/lang/NoSuchMethodError'{0x00000007058a47a8}: static Lcom/intellij/gradle/toolingExtension/impl/model/sourceSetModel/GradleSourceSetModelProvider;.<clinit>()V> (0x00000007058a47a8) 
thrown [s\src\hotspot\share\prims\jni.cpp, line 1144]
Event: 4.521 Thread 0x000001be229c0b50 Exception <a 'java/lang/NoSuchMethodError'{0x00000007058bcee8}: static Lcom/intellij/gradle/toolingExtension/impl/model/sourceSetDependencyModel/GradleSourceSetDependencyModelProvider;.<clinit>()V> (0x00000007058bcee8) 
thrown [s\src\hotspot\share\prims\jni.cpp, line 1144]
Event: 4.524 Thread 0x000001be229c0b50 Exception <a 'java/lang/NoSuchMethodError'{0x00000007058e48b0}: static Lorg/jetbrains/plugins/gradle/model/ExternalProjectDependency;.<clinit>()V> (0x00000007058e48b0) 
thrown [s\src\hotspot\share\prims\jni.cpp, line 1144]
Event: 4.525 Thread 0x000001be229c0b50 Exception <a 'java/lang/NoSuchMethodError'{0x00000007058f43c8}: static Lorg/jetbrains/plugins/gradle/model/ExternalLibraryDependency;.<clinit>()V> (0x00000007058f43c8) 
thrown [s\src\hotspot\share\prims\jni.cpp, line 1144]
Event: 4.526 Thread 0x000001be229c0b50 Exception <a 'java/lang/NoSuchMethodError'{0x00000007059038b0}: static Lorg/jetbrains/plugins/gradle/model/FileCollectionDependency;.<clinit>()V> (0x00000007059038b0) 
thrown [s\src\hotspot\share\prims\jni.cpp, line 1144]
Event: 4.527 Thread 0x000001be229c0b50 Exception <a 'java/lang/NoSuchMethodError'{0x00000007059128f8}: static Lorg/jetbrains/plugins/gradle/model/UnresolvedExternalDependency;.<clinit>()V> (0x00000007059128f8) 
thrown [s\src\hotspot\share\prims\jni.cpp, line 1144]
Event: 4.536 Thread 0x000001be229c0b50 Exception <a 'java/lang/NoSuchMethodError'{0x00000007059d08e0}: static Lorg/gradle/tooling/internal/consumer/versioning/VersionDetails;.<clinit>()V> (0x00000007059d08e0) 
thrown [s\src\hotspot\share\prims\jni.cpp, line 1144]
Event: 4.537 Thread 0x000001be229c0b50 Exception <a 'java/lang/NoSuchMethodError'{0x00000007059d3550}: static Lorg/gradle/tooling/internal/consumer/versioning/VersionDetails$R26VersionDetails;.<clinit>()V> (0x00000007059d3550) 
thrown [s\src\hotspot\share\prims\jni.cpp, line 1144]
Event: 4.537 Thread 0x000001be229c0b50 Exception <a 'java/lang/NoSuchMethodError'{0x00000007059d4be8}: static Lorg/gradle/tooling/internal/consumer/versioning/VersionDetails$R28VersionDetails;.<clinit>()V> (0x00000007059d4be8) 
thrown [s\src\hotspot\share\prims\jni.cpp, line 1144]
Event: 4.537 Thread 0x000001be229c0b50 Exception <a 'java/lang/NoSuchMethodError'{0x00000007059d6190}: static Lorg/gradle/tooling/internal/consumer/versioning/VersionDetails$R35VersionDetails;.<clinit>()V> (0x00000007059d6190) 
thrown [s\src\hotspot\share\prims\jni.cpp, line 1144]
Event: 4.537 Thread 0x000001be229c0b50 Exception <a 'java/lang/NoSuchMethodError'{0x00000007059d7900}: static Lorg/gradle/tooling/internal/consumer/versioning/VersionDetails$R44VersionDetails;.<clinit>()V> (0x00000007059d7900) 
thrown [s\src\hotspot\share\prims\jni.cpp, line 1144]
Event: 4.537 Thread 0x000001be229c0b50 Exception <a 'java/lang/NoSuchMethodError'{0x00000007059d8fa8}: static Lorg/gradle/tooling/internal/consumer/versioning/VersionDetails$R48VersionDetails;.<clinit>()V> (0x00000007059d8fa8) 
thrown [s\src\hotspot\share\prims\jni.cpp, line 1144]
Event: 4.537 Thread 0x000001be229c0b50 Exception <a 'java/lang/NoSuchMethodError'{0x00000007059da240}: static Lorg/gradle/tooling/internal/consumer/versioning/VersionDetails$R51VersionDetails;.<clinit>()V> (0x00000007059da240) 
thrown [s\src\hotspot\share\prims\jni.cpp, line 1144]
Event: 4.540 Thread 0x000001be229c0b50 Exception <a 'java/lang/NoSuchMethodError'{0x00000007059fe480}: 'java.lang.Object java.lang.invoke.DirectMethodHandle$Holder.newInvokeSpecial(java.lang.Object, java.lang.Object, java.lang.Object, int)'> (0x00000007059fe480) 
thrown [s\src\hotspot\share\interpreter\linkResolver.cpp, line 784]
Event: 4.541 Thread 0x000001be229c0b50 Exception <a 'java/lang/NoSuchMethodError'{0x0000000705002bd8}: 'java.lang.Object java.lang.invoke.DirectMethodHandle$Holder.invokeSpecial(java.lang.Object, java.lang.Object, java.lang.Object, java.lang.Object, int)'> (0x0000000705002bd8) 
thrown [s\src\hotspot\share\interpreter\linkResolver.cpp, line 784]
Event: 4.541 Thread 0x000001be229c0b50 Exception <a 'java/lang/NoSuchMethodError'{0x00000007050067e0}: 'java.lang.Object java.lang.invoke.Invokers$Holder.linkToTargetMethod(java.lang.Object, java.lang.Object, int, java.lang.Object)'> (0x00000007050067e0) 
thrown [s\src\hotspot\share\interpreter\linkResolver.cpp, line 784]

ZGC Phase Switch (0 events):
No events

VM Operations (20 events):
Event: 3.259 Executing VM operation: HandshakeAllThreads (Deoptimize)
Event: 3.260 Executing VM operation: HandshakeAllThreads (Deoptimize) done
Event: 3.260 Executing VM operation: HandshakeAllThreads (Deoptimize)
Event: 3.260 Executing VM operation: HandshakeAllThreads (Deoptimize) done
Event: 3.427 Executing VM operation: ICBufferFull
Event: 3.427 Executing VM operation: ICBufferFull done
Event: 3.590 Executing VM operation: G1CollectForAllocation (G1 Evacuation Pause)
Event: 3.594 Executing VM operation: G1CollectForAllocation (G1 Evacuation Pause) done
Event: 4.017 Executing VM operation: ICBufferFull
Event: 4.017 Executing VM operation: ICBufferFull done
Event: 4.273 Executing VM operation: HandshakeAllThreads (Deoptimize)
Event: 4.273 Executing VM operation: HandshakeAllThreads (Deoptimize) done
Event: 4.275 Executing VM operation: CollectForMetadataAllocation (Metadata GC Threshold)
Event: 4.280 Executing VM operation: CollectForMetadataAllocation (Metadata GC Threshold) done
Event: 4.396 Executing VM operation: CollectForMetadataAllocation (Metadata GC Threshold)
Event: 4.400 Executing VM operation: CollectForMetadataAllocation (Metadata GC Threshold) done
Event: 4.410 Executing VM operation: G1PauseRemark
Event: 4.413 Executing VM operation: G1PauseRemark done
Event: 4.415 Executing VM operation: G1PauseCleanup
Event: 4.416 Executing VM operation: G1PauseCleanup done

Memory protections (0 events):
No events

Nmethod flushes (20 events):
Event: 4.412 Thread 0x000001be1c30dd10 flushing  nmethod 0x000001be051bfd10
Event: 4.412 Thread 0x000001be1c30dd10 flushing  nmethod 0x000001be051c1990
Event: 4.412 Thread 0x000001be1c30dd10 flushing  nmethod 0x000001be0523ab90
Event: 4.412 Thread 0x000001be1c30dd10 flushing  nmethod 0x000001be052a2390
Event: 4.412 Thread 0x000001be1c30dd10 flushing  nmethod 0x000001be052a2710
Event: 4.412 Thread 0x000001be1c30dd10 flushing  nmethod 0x000001be052a3110
Event: 4.412 Thread 0x000001be1c30dd10 flushing  nmethod 0x000001be052a3810
Event: 4.412 Thread 0x000001be1c30dd10 flushing  nmethod 0x000001be052a3e10
Event: 4.412 Thread 0x000001be1c30dd10 flushing  nmethod 0x000001be052a5090
Event: 4.412 Thread 0x000001be1c30dd10 flushing  nmethod 0x000001be052a5690
Event: 4.412 Thread 0x000001be1c30dd10 flushing  nmethod 0x000001be052a8990
Event: 4.412 Thread 0x000001be1c30dd10 flushing  nmethod 0x000001be0530f290
Event: 4.412 Thread 0x000001be1c30dd10 flushing  nmethod 0x000001be05354c10
Event: 4.412 Thread 0x000001be1c30dd10 flushing  nmethod 0x000001be05357210
Event: 4.412 Thread 0x000001be1c30dd10 flushing  nmethod 0x000001be053aa510
Event: 4.412 Thread 0x000001be1c30dd10 flushing  nmethod 0x000001be0541e990
Event: 4.412 Thread 0x000001be1c30dd10 flushing  nmethod 0x000001be054be610
Event: 4.412 Thread 0x000001be1c30dd10 flushing  nmethod 0x000001be054bea10
Event: 4.412 Thread 0x000001be1c30dd10 flushing  nmethod 0x000001be054c4b10
Event: 4.412 Thread 0x000001be1c30dd10 flushing  nmethod 0x000001be0557c290

Events (20 events):
Event: 3.014 Thread 0x000001be229c0b50 Thread added: 0x000001be229bfe30
Event: 3.025 Thread 0x000001be229c0b50 Thread added: 0x000001be229c1f00
Event: 3.062 Thread 0x000001be229c0b50 Thread added: 0x000001be229c11e0
Event: 3.241 Thread 0x000001be1c4ebb40 Thread added: 0x000001be2448b6c0
Event: 3.996 Thread 0x000001be229c0b50 Thread added: 0x000001be229c2590
Event: 4.006 Thread 0x000001be229c0b50 Thread added: 0x000001be24ca5230
Event: 4.231 Thread 0x000001be229c0b50 Thread added: 0x000001be24ca7990
Event: 4.236 Thread 0x000001be229c0b50 Thread added: 0x000001be24ca8020
Event: 4.333 Thread 0x000001be229c0b50 Thread added: 0x000001be24ca65e0
Event: 4.334 Thread 0x000001be229c0b50 Thread added: 0x000001be24ca5f50
Event: 4.334 Thread 0x000001be229c0b50 Thread added: 0x000001be24ca3160
Event: 4.334 Thread 0x000001be229c0b50 Thread added: 0x000001be24ca1720
Event: 4.334 Thread 0x000001be229c0b50 Thread added: 0x000001be24ca4ba0
Event: 4.334 Thread 0x000001be229c0b50 Thread added: 0x000001be24ca1db0
Event: 4.334 Thread 0x000001be229c0b50 Thread added: 0x000001be24ca6c70
Event: 4.334 Thread 0x000001be229c0b50 Thread added: 0x000001be24ca37f0
Event: 4.334 Thread 0x000001be229c0b50 Thread added: 0x000001be24ca7300
Event: 4.334 Thread 0x000001be229c0b50 Thread added: 0x000001be24ca58c0
Event: 4.335 Thread 0x000001be229c0b50 Thread added: 0x000001be24ca1090
Event: 4.335 Thread 0x000001be229c0b50 Thread added: 0x000001be24ca2440


Dynamic libraries:
0x00007ff70acb0000 - 0x00007ff70acba000 	D:\Android Studio\jbr\bin\java.exe
0x00007ffb1eb30000 - 0x00007ffb1ed47000 	C:\windows\SYSTEM32\ntdll.dll
0x00007ffb1c7c0000 - 0x00007ffb1c884000 	C:\windows\System32\KERNEL32.DLL
0x00007ffb1c060000 - 0x00007ffb1c432000 	C:\windows\System32\KERNELBASE.dll
0x00007ffb1c670000 - 0x00007ffb1c781000 	C:\windows\System32\ucrtbase.dll
0x00007ffac2fd0000 - 0x00007ffac2feb000 	D:\Android Studio\jbr\bin\VCRUNTIME140.dll
0x00007ffb087e0000 - 0x00007ffb087f8000 	D:\Android Studio\jbr\bin\jli.dll
0x00007ffb1cfe0000 - 0x00007ffb1d191000 	C:\windows\System32\USER32.dll
0x00007ffb01cb0000 - 0x00007ffb01f4b000 	C:\windows\WinSxS\amd64_microsoft.windows.common-controls_6595b64144ccf1df_6.0.22621.5547_none_27104afb73855772\COMCTL32.dll
0x00007ffb1c790000 - 0x00007ffb1c7b6000 	C:\windows\System32\win32u.dll
0x00007ffb1cb70000 - 0x00007ffb1cc17000 	C:\windows\System32\msvcrt.dll
0x00007ffb1cb00000 - 0x00007ffb1cb29000 	C:\windows\System32\GDI32.dll
0x00007ffb1bf30000 - 0x00007ffb1c053000 	C:\windows\System32\gdi32full.dll
0x00007ffb1bcd0000 - 0x00007ffb1bd6a000 	C:\windows\System32\msvcp_win.dll
0x00007ffb1cb30000 - 0x00007ffb1cb61000 	C:\windows\System32\IMM32.DLL
0x00007ffb088c0000 - 0x00007ffb088cc000 	D:\Android Studio\jbr\bin\vcruntime140_1.dll
0x00007ffac2d30000 - 0x00007ffac2dbd000 	D:\Android Studio\jbr\bin\msvcp140.dll
0x00007ffac0e50000 - 0x00007ffac1ade000 	D:\Android Studio\jbr\bin\server\jvm.dll
0x00007ffb1e170000 - 0x00007ffb1e221000 	C:\windows\System32\ADVAPI32.dll
0x00007ffb1d1c0000 - 0x00007ffb1d268000 	C:\windows\System32\sechost.dll
0x00007ffb1bca0000 - 0x00007ffb1bcc8000 	C:\windows\System32\bcrypt.dll
0x00007ffb1e230000 - 0x00007ffb1e344000 	C:\windows\System32\RPCRT4.dll
0x00007ffb1ca30000 - 0x00007ffb1caa1000 	C:\windows\System32\WS2_32.dll
0x00007ffb1b4e0000 - 0x00007ffb1b52d000 	C:\windows\SYSTEM32\POWRPROF.dll
0x00007ffb11d70000 - 0x00007ffb11d7a000 	C:\windows\SYSTEM32\VERSION.dll
0x00007ffb17680000 - 0x00007ffb176b4000 	C:\windows\SYSTEM32\WINMM.dll
0x00007ffb1b470000 - 0x00007ffb1b483000 	C:\windows\SYSTEM32\UMPDC.dll
0x00007ffb1ac20000 - 0x00007ffb1ac38000 	C:\windows\SYSTEM32\kernel.appcore.dll
0x00007ffadfd90000 - 0x00007ffadfd9a000 	D:\Android Studio\jbr\bin\jimage.dll
0x00007ffb19690000 - 0x00007ffb198c3000 	C:\windows\SYSTEM32\DBGHELP.DLL
0x00007ffb1e600000 - 0x00007ffb1e993000 	C:\windows\System32\combase.dll
0x00007ffb1d270000 - 0x00007ffb1d347000 	C:\windows\System32\OLEAUT32.dll
0x00007ffb00d30000 - 0x00007ffb00d62000 	C:\windows\SYSTEM32\dbgcore.DLL
0x00007ffb1bc20000 - 0x00007ffb1bc9b000 	C:\windows\System32\bcryptPrimitives.dll
0x00007ffb08790000 - 0x00007ffb0879e000 	D:\Android Studio\jbr\bin\instrument.dll
0x00007ffac27c0000 - 0x00007ffac27e0000 	D:\Android Studio\jbr\bin\java.dll
0x00007ffac2520000 - 0x00007ffac2538000 	D:\Android Studio\jbr\bin\zip.dll
0x00007ffb1d840000 - 0x00007ffb1e0e2000 	C:\windows\System32\SHELL32.dll
0x00007ffb1bd70000 - 0x00007ffb1beaf000 	C:\windows\System32\wintypes.dll
0x00007ffb19b00000 - 0x00007ffb1a41d000 	C:\windows\SYSTEM32\windows.storage.dll
0x00007ffb1c890000 - 0x00007ffb1c99c000 	C:\windows\System32\SHCORE.dll
0x00007ffb1d350000 - 0x00007ffb1d3b9000 	C:\windows\System32\shlwapi.dll
0x00007ffb1bb50000 - 0x00007ffb1bb7b000 	C:\windows\SYSTEM32\profapi.dll
0x00007ffade430000 - 0x00007ffade440000 	D:\Android Studio\jbr\bin\net.dll
0x00007ffb18610000 - 0x00007ffb1873c000 	C:\windows\SYSTEM32\WINHTTP.dll
0x00007ffb1b100000 - 0x00007ffb1b169000 	C:\windows\system32\mswsock.dll
0x00007ffac2310000 - 0x00007ffac2326000 	D:\Android Studio\jbr\bin\nio.dll
0x00007ffad38e0000 - 0x00007ffad38f0000 	D:\Android Studio\jbr\bin\verify.dll
0x00007ffafd1d0000 - 0x00007ffafd1f7000 	C:\Users\ikhwa\.gradle\native\1def1411415f61bf3af743bc5b6707747c0891f09f0c88961ee8f79bc544acac\windows-amd64\native-platform.dll
0x00007ffac2cb0000 - 0x00007ffac2d28000 	C:\Users\ikhwa\.gradle\native\0.2.7\x86_64-windows-gnu\gradle-fileevents.dll
0x00007ffad8230000 - 0x00007ffad8239000 	D:\Android Studio\jbr\bin\management.dll
0x00007ffad7e30000 - 0x00007ffad7e3b000 	D:\Android Studio\jbr\bin\management_ext.dll
0x00007ffb1e0f0000 - 0x00007ffb1e0f8000 	C:\windows\System32\PSAPI.DLL
0x00007ffb1a670000 - 0x00007ffb1a69d000 	C:\windows\SYSTEM32\IPHLPAPI.DLL
0x00007ffb1cf70000 - 0x00007ffb1cf79000 	C:\windows\System32\NSI.dll
0x00007ffad8ad0000 - 0x00007ffad8ad9000 	D:\Android Studio\jbr\bin\extnet.dll
0x00007ffb1b350000 - 0x00007ffb1b36b000 	C:\windows\SYSTEM32\CRYPTSP.dll
0x00007ffb1ab80000 - 0x00007ffb1abb7000 	C:\windows\system32\rsaenh.dll
0x00007ffb1b1d0000 - 0x00007ffb1b1f8000 	C:\windows\SYSTEM32\USERENV.dll
0x00007ffb1b340000 - 0x00007ffb1b34c000 	C:\windows\SYSTEM32\CRYPTBASE.dll
0x00007ffac3d20000 - 0x00007ffac3d28000 	C:\windows\system32\wshunix.dll

dbghelp: loaded successfully - version: 4.0.5 - missing functions: none
symbol engine: initialized successfully - sym options: 0x614 - pdb path: .;D:\Android Studio\jbr\bin;C:\windows\SYSTEM32;C:\windows\WinSxS\amd64_microsoft.windows.common-controls_6595b64144ccf1df_6.0.22621.5547_none_27104afb73855772;D:\Android Studio\jbr\bin\server;C:\Users\ikhwa\.gradle\native\1def1411415f61bf3af743bc5b6707747c0891f09f0c88961ee8f79bc544acac\windows-amd64;C:\Users\ikhwa\.gradle\native\0.2.7\x86_64-windows-gnu

VM Arguments:
jvm_args: --add-opens=java.base/java.lang=ALL-UNNAMED --add-opens=java.base/java.lang.invoke=ALL-UNNAMED --add-opens=java.base/java.util=ALL-UNNAMED --add-opens=java.prefs/java.util.prefs=ALL-UNNAMED --add-exports=jdk.compiler/com.sun.tools.javac.api=ALL-UNNAMED --add-exports=jdk.compiler/com.sun.tools.javac.util=ALL-UNNAMED --add-opens=java.base/java.util=ALL-UNNAMED --add-opens=java.prefs/java.util.prefs=ALL-UNNAMED --add-opens=java.base/java.nio.charset=ALL-UNNAMED --add-opens=java.base/java.net=ALL-UNNAMED --add-opens=java.base/java.util.concurrent.atomic=ALL-UNNAMED --add-opens=java.xml/javax.xml.namespace=ALL-UNNAMED -Xmx4g -Dfile.encoding=UTF-8 -Duser.country=ID -Duser.language=en -Duser.variant -javaagent:C:\Users\ikhwa\.gradle\wrapper\dists\gradle-8.13-bin\5xuhj0ry160q40clulazy9h7d\gradle-8.13\lib\agents\gradle-instrumentation-agent-8.13.jar 
java_command: org.gradle.launcher.daemon.bootstrap.GradleDaemon 8.13
java_class_path (initial): C:\Users\ikhwa\.gradle\wrapper\dists\gradle-8.13-bin\5xuhj0ry160q40clulazy9h7d\gradle-8.13\lib\gradle-daemon-main-8.13.jar
Launcher Type: SUN_STANDARD

[Global flags]
     intx CICompilerCount                          = 4                                         {product} {ergonomic}
     uint ConcGCThreads                            = 3                                         {product} {ergonomic}
     uint G1ConcRefinementThreads                  = 10                                        {product} {ergonomic}
   size_t G1HeapRegionSize                         = 2097152                                   {product} {ergonomic}
    uintx GCDrainStackTargetSize                   = 64                                        {product} {ergonomic}
   size_t InitialHeapSize                          = 123731968                                 {product} {ergonomic}
   size_t MarkStackSize                            = 4194304                                   {product} {ergonomic}
   size_t MaxHeapSize                              = 4294967296                                {product} {command line}
   size_t MaxNewSize                               = 2575302656                                {product} {ergonomic}
   size_t MinHeapDeltaBytes                        = 2097152                                   {product} {ergonomic}
   size_t MinHeapSize                              = 8388608                                   {product} {ergonomic}
    uintx NonNMethodCodeHeapSize                   = 5839372                                {pd product} {ergonomic}
    uintx NonProfiledCodeHeapSize                  = 122909434                              {pd product} {ergonomic}
    uintx ProfiledCodeHeapSize                     = 122909434                              {pd product} {ergonomic}
    uintx ReservedCodeCacheSize                    = 251658240                              {pd product} {ergonomic}
     bool SegmentedCodeCache                       = true                                      {product} {ergonomic}
   size_t SoftMaxHeapSize                          = 4294967296                             {manageable} {ergonomic}
     bool UseCompressedOops                        = true                           {product lp64_product} {ergonomic}
     bool UseG1GC                                  = true                                      {product} {ergonomic}
     bool UseLargePagesIndividualAllocation        = false                                  {pd product} {ergonomic}

Logging:
Log output configuration:
 #0: stdout all=warning uptime,level,tags foldmultilines=false
 #1: stderr all=off uptime,level,tags foldmultilines=false

Environment Variables:
PATH=C:\Program Files (x86)\Common Files\Oracle\Java\java8path;C:\Program Files (x86)\Common Files\Oracle\Java\javapath;C:\Python313\Scripts\;C:\Python313\;C:\PROGRA~2\Borland\CBuilder6\Bin;C:\PROGRA~2\Borland\CBuilder6\Projects\Bpl;C:\windows\system32;C:\windows;C:\windows\System32\Wbem;C:\windows\System32\WindowsPowerShell\v1.0\;C:\windows\System32\OpenSSH\;C:\Program Files\nodejs\;C:\ProgramData\chocolatey\bin;E:\Git\cmd;C:\Users\ikhwa\AppData\Local\Programs\Python\Python311\Scripts\;C:\Users\ikhwa\AppData\Local\Programs\Python\Python311\;C:\Users\ikhwa\AppData\Local\Programs\Python\Launcher\;C:\Users\ikhwa\AppData\Local\Microsoft\WindowsApps;;C:\Users\ikhwa\AppData\Local\Programs\Microsoft VS Code\bin;C:\Users\ikhwa\AppData\Roaming\npm
USERNAME=ikhwa
OS=Windows_NT
PROCESSOR_IDENTIFIER=AMD64 Family 25 Model 80 Stepping 0, AuthenticAMD
TMP=C:\Users\ikhwa\AppData\Local\Temp
TEMP=C:\Users\ikhwa\AppData\Local\Temp




Periodic native trim disabled

JNI global refs:
JNI global refs: 25, weak refs: 0

JNI global refs memory usage: 835, weak refs: 833

Process memory usage:
Resident Set Size: 259088K (3% of 7701124K total physical memory with 882684K free physical memory)

OOME stack traces (most recent first):
Classloader memory used:
Loader bootstrap                                                                       : 17823K
Loader org.gradle.internal.classloader.VisitableURLClassLoader                         : 15352K
Loader org.gradle.initialization.MixInLegacyTypesClassLoader                           : 2076K
Loader org.gradle.internal.classloader.VisitableURLClassLoader                         : 558K
Loader jdk.internal.loader.ClassLoaders$AppClassLoader                                 : 235K
Loader jdk.internal.reflect.DelegatingClassLoader                                      : 154K
Loader jdk.internal.loader.ClassLoaders$PlatformClassLoader                            : 115K

Classes loaded by more than one classloader:
Class org.gradle.api.GradleException                                                  : loaded 3 times (x 80B)
Class org.gradle.internal.classloader.ClassLoaderHierarchy                            : loaded 2 times (x 68B)
Class org.gradle.api.internal.classpath.ManifestUtil                                  : loaded 2 times (x 69B)
Class org.gradle.internal.operations.MultipleBuildOperationFailures                   : loaded 2 times (x 93B)
Class org.gradle.internal.classloader.DefaultClassLoaderFactory                       : loaded 2 times (x 80B)
Class org.gradle.internal.classloader.ClassLoaderVisitor                              : loaded 2 times (x 74B)
Class org.gradle.api.internal.classpath.EffectiveClassPath                            : loaded 2 times (x 88B)
Class org.gradle.api.internal.DefaultClassPathProvider                                : loaded 2 times (x 74B)
Class [Lorg.gradle.api.internal.ClassPathProvider;                                    : loaded 2 times (x 67B)
Class org.gradle.api.internal.ClassPathProvider                                       : loaded 2 times (x 68B)
Class org.gradle.internal.service.UnknownServiceException                             : loaded 2 times (x 81B)
Class org.gradle.internal.classpath.TransformedClassPath                              : loaded 2 times (x 94B)
Class org.gradle.internal.classloader.InstrumentingClassLoader                        : loaded 2 times (x 68B)
Class org.gradle.internal.service.ServiceLocator                                      : loaded 2 times (x 68B)
Class org.gradle.internal.InternalTransformer                                         : loaded 2 times (x 68B)
Class org.gradle.internal.time.DefaultTimer                                           : loaded 2 times (x 78B)
Class org.gradle.internal.classloader.ClasspathUtil$1                                 : loaded 2 times (x 74B)
Class org.gradle.api.internal.classpath.DefaultModuleRegistry$DefaultModule           : loaded 2 times (x 84B)
Class org.gradle.internal.time.DefaultCountdownTimer                                  : loaded 2 times (x 86B)
Class kotlin.Function                                                                 : loaded 2 times (x 68B)
Class org.gradle.api.internal.classpath.Module                                        : loaded 2 times (x 68B)
Class org.gradle.api.internal.classpath.UnknownModuleException                        : loaded 2 times (x 80B)
Class org.gradle.api.internal.DefaultClassPathRegistry                                : loaded 2 times (x 74B)
Class org.gradle.api.internal.ClassPathRegistry                                       : loaded 2 times (x 68B)
Class org.gradle.internal.classpath.DefaultClassPath$ImmutableUniqueList              : loaded 2 times (x 197B)
Class org.gradle.internal.classpath.ClassPath                                         : loaded 2 times (x 68B)
Class org.gradle.api.UncheckedIOException                                             : loaded 2 times (x 80B)
Class kotlin.UninitializedPropertyAccessException                                     : loaded 2 times (x 80B)
Class org.gradle.internal.installation.GradleInstallation$1                           : loaded 2 times (x 73B)
Class org.gradle.api.internal.classpath.ModuleRegistry                                : loaded 2 times (x 68B)
Class org.gradle.api.internal.classpath.DefaultModuleRegistry                         : loaded 2 times (x 84B)
Class org.gradle.internal.time.MonotonicClock                                         : loaded 2 times (x 75B)
Class org.gradle.internal.service.ServiceLookupException                              : loaded 2 times (x 80B)
Class org.gradle.internal.classloader.ClassLoaderFactory                              : loaded 2 times (x 68B)
Class org.gradle.internal.service.CachingServiceLocator                               : loaded 2 times (x 80B)
Class org.gradle.internal.time.TimeSource                                             : loaded 2 times (x 68B)
Class org.gradle.internal.exceptions.ResolutionProvider                               : loaded 2 times (x 68B)
Class org.gradle.internal.classloader.ClasspathUtil                                   : loaded 2 times (x 69B)
Class org.gradle.internal.time.TimeSource$1                                           : loaded 2 times (x 75B)
Class org.gradle.api.specs.Spec                                                       : loaded 2 times (x 68B)
Class org.gradle.internal.time.Clock                                                  : loaded 2 times (x 68B)
Class org.gradle.internal.classloader.VisitableURLClassLoader$InstrumentingVisitableURLClassLoader: loaded 2 times (x 121B)
Class org.gradle.internal.classloader.VisitableURLClassLoader$Spec                    : loaded 2 times (x 72B)
Class org.gradle.internal.classpath.DefaultClassPath                                  : loaded 2 times (x 88B)
Class org.gradle.internal.classloader.ClassLoaderSpec                                 : loaded 2 times (x 69B)
Class org.gradle.internal.classloader.VisitableURLClassLoader                         : loaded 2 times (x 115B)
Class org.gradle.internal.Cast                                                        : loaded 2 times (x 69B)
Class org.gradle.api.Action                                                           : loaded 2 times (x 68B)
Class kotlin.jvm.functions.Function1                                                  : loaded 2 times (x 68B)
Class org.gradle.internal.classpath.DefaultClassPath$ImmutableUniqueList$Builder      : loaded 2 times (x 73B)
Class org.gradle.internal.classloader.FilteringClassLoader                            : loaded 2 times (x 103B)
Class org.gradle.internal.exceptions.NonGradleCauseExceptionsHolder                   : loaded 2 times (x 68B)
Class org.gradle.internal.IoActions                                                   : loaded 2 times (x 69B)
Class org.gradle.internal.classloader.SystemClassLoaderSpec                           : loaded 2 times (x 69B)
Class org.gradle.internal.exceptions.MultiCauseException                              : loaded 2 times (x 68B)
Class org.gradle.internal.time.CountdownTimer                                         : loaded 2 times (x 68B)
Class kotlin.jvm.internal.Intrinsics                                                  : loaded 2 times (x 69B)
Class kotlin.KotlinNullPointerException                                               : loaded 2 times (x 81B)
Class org.gradle.internal.exceptions.DefaultMultiCauseException                       : loaded 2 times (x 93B)
Class org.gradle.internal.time.Time                                                   : loaded 2 times (x 69B)
Class org.gradle.api.internal.classpath.GlobalCacheRootsProvider                      : loaded 2 times (x 68B)
Class org.gradle.internal.time.Timer                                                  : loaded 2 times (x 68B)
Class org.gradle.internal.installation.CurrentGradleInstallationLocator               : loaded 2 times (x 69B)
Class org.gradle.internal.service.DefaultServiceLocator                               : loaded 2 times (x 81B)
Class org.gradle.util.GradleVersion                                                   : loaded 2 times (x 77B)
Class org.gradle.internal.installation.CurrentGradleInstallation                      : loaded 2 times (x 71B)
Class org.gradle.util.internal.GUtil                                                  : loaded 2 times (x 69B)
Class org.gradle.internal.installation.GradleInstallation                             : loaded 2 times (x 73B)

---------------  S Y S T E M  ---------------

OS:
 Windows 11 , 64 bit Build 22621 (10.0.22621.5415)
OS uptime: 0 days 17:13 hours
Hyper-V role detected

CPU: total 12 (initial active 12) (12 cores per cpu, 2 threads per core) family 25 model 80 stepping 0 microcode 0x0, cx8, cmov, fxsr, ht, mmx, 3dnowpref, sse, sse2, sse3, ssse3, sse4a, sse4.1, sse4.2, popcnt, lzcnt, tsc, tscinvbit, avx, avx2, aes, erms, clmul, bmi1, bmi2, adx, sha, fma, vzeroupper, clflush, clflushopt, hv, rdtscp, rdpid, fsrm, f16c, cet_ss
Processor Information for processor 0
  Max Mhz: 2301, Current Mhz: 1798, Mhz Limit: 2301
Processor Information for processor 1
  Max Mhz: 2301, Current Mhz: 2301, Mhz Limit: 2301
Processor Information for processor 2
  Max Mhz: 2301, Current Mhz: 2301, Mhz Limit: 2301
Processor Information for processor 3
  Max Mhz: 2301, Current Mhz: 1798, Mhz Limit: 2301
Processor Information for processor 4
  Max Mhz: 2301, Current Mhz: 1798, Mhz Limit: 2301
Processor Information for processor 5
  Max Mhz: 2301, Current Mhz: 1798, Mhz Limit: 2301
Processor Information for processor 6
  Max Mhz: 2301, Current Mhz: 1798, Mhz Limit: 2301
Processor Information for processor 7
  Max Mhz: 2301, Current Mhz: 1798, Mhz Limit: 2301
Processor Information for processor 8
  Max Mhz: 2301, Current Mhz: 2301, Mhz Limit: 2301
Processor Information for processor 9
  Max Mhz: 2301, Current Mhz: 1798, Mhz Limit: 2301
Processor Information for processor 10
  Max Mhz: 2301, Current Mhz: 1798, Mhz Limit: 2301
Processor Information for processor 11
  Max Mhz: 2301, Current Mhz: 1798, Mhz Limit: 2301

Memory: 4k page, system-wide physical 7520M (862M free)
TotalPageFile size 16761M (AvailPageFile size 5M)
current process WorkingSet (physical memory assigned to process): 253M, peak: 253M
current process commit charge ("private bytes"): 297M, peak: 300M

vm_info: OpenJDK 64-Bit Server VM (21.0.7+-13880790-b1038.58) for windows-amd64 JRE (21.0.7+-13880790-b1038.58), built on 2025-08-04T20:56:21Z by "builder" with MS VC++ 16.10 / 16.11 (VS2019)

END.
