#
# There is insufficient memory for the Java Runtime Environment to continue.
# Native memory allocation (mmap) failed to map 260046848 bytes. Error detail: G1 virtual space
# Possible reasons:
#   The system is out of physical RAM or swap space
#   This process is running with CompressedOops enabled, and the Java Heap may be blocking the growth of the native heap
# Possible solutions:
#   Reduce memory load on the system
#   Increase physical memory or swap space
#   Check if swap backing store is full
#   Decrease Java heap size (-Xmx/-Xms)
#   Decrease number of Java threads
#   Decrease Java thread stack sizes (-Xss)
#   Set larger code cache with -XX:ReservedCodeCacheSize=
#   JVM is running with Zero Based Compressed Oops mode in which the Java heap is
#     placed in the first 32GB address space. The Java Heap base address is the
#     maximum limit for the native heap growth. Please use -XX:HeapBaseMinAddress
#     to set the Java Heap base and to place the Java Heap above 32GB virtual address.
# This output file may be truncated or incomplete.
#
#  Out of Memory Error (os_windows.cpp:3898), pid=17796, tid=932
#
# JRE version: OpenJDK Runtime Environment (21.0.7) (build 21.0.7+-13880790-b1038.58)
# Java VM: OpenJDK 64-Bit Server VM (21.0.7+-13880790-b1038.58, mixed mode, tiered, compressed oops, compressed class ptrs, g1 gc, windows-amd64)
# No core dump will be written. Minidumps are not enabled by default on client versions of Windows
#

---------------  S U M M A R Y ------------

Command Line: --add-opens=java.base/java.lang=ALL-UNNAMED --add-opens=java.base/java.lang.invoke=ALL-UNNAMED --add-opens=java.base/java.util=ALL-UNNAMED --add-opens=java.prefs/java.util.prefs=ALL-UNNAMED --add-exports=jdk.compiler/com.sun.tools.javac.api=ALL-UNNAMED --add-exports=jdk.compiler/com.sun.tools.javac.util=ALL-UNNAMED --add-opens=java.base/java.util=ALL-UNNAMED --add-opens=java.prefs/java.util.prefs=ALL-UNNAMED --add-opens=java.base/java.nio.charset=ALL-UNNAMED --add-opens=java.base/java.net=ALL-UNNAMED --add-opens=java.base/java.util.concurrent.atomic=ALL-UNNAMED --add-opens=java.xml/javax.xml.namespace=ALL-UNNAMED -Xmx4g -Dfile.encoding=UTF-8 -Duser.country=ID -Duser.language=en -Duser.variant -javaagent:C:\Users\ikhwa\.gradle\wrapper\dists\gradle-8.13-bin\5xuhj0ry160q40clulazy9h7d\gradle-8.13\lib\agents\gradle-instrumentation-agent-8.13.jar org.gradle.launcher.daemon.bootstrap.GradleDaemon 8.13

Host: AMD Ryzen 5 5625U with Radeon Graphics         , 12 cores, 7G,  Windows 11 , 64 bit Build 22621 (10.0.22621.5415)
Time: Fri Dec  5 03:28:08 2025 SE Asia Standard Time elapsed time: 15.104807 seconds (0d 0h 0m 15s)

---------------  T H R E A D  ---------------

Current thread (0x00000258d4ca1f40):  VMThread "VM Thread"          [id=932, stack(0x0000006486100000,0x0000006486200000) (1024K)]

Stack: [0x0000006486100000,0x0000006486200000]
Native frames: (J=compiled Java code, j=interpreted, Vv=VM code, C=native code)
V  [jvm.dll+0x6d25c9]
V  [jvm.dll+0x860923]
V  [jvm.dll+0x862e7e]
V  [jvm.dll+0x863563]
V  [jvm.dll+0x27f156]
V  [jvm.dll+0x6ceee5]
V  [jvm.dll+0x6c29aa]
V  [jvm.dll+0x355ebb]
V  [jvm.dll+0x35db16]
V  [jvm.dll+0x3afb16]
V  [jvm.dll+0x3afde8]
V  [jvm.dll+0x32855c]
V  [jvm.dll+0x3285e7]
V  [jvm.dll+0x36e47c]
V  [jvm.dll+0x36cc2e]
V  [jvm.dll+0x327cb1]
V  [jvm.dll+0x36c330]
V  [jvm.dll+0x8692e8]
V  [jvm.dll+0x86a664]
V  [jvm.dll+0x86aba0]
V  [jvm.dll+0x86ae33]
V  [jvm.dll+0x808d08]
V  [jvm.dll+0x6d0e1d]
C  [ucrtbase.dll+0x29333]
C  [KERNEL32.DLL+0x1259d]
C  [ntdll.dll+0x5af78]

VM_Operation (0x0000006487cf2a80): G1CollectForAllocation, mode: safepoint, requested by thread 0x00000258db0982f0


---------------  P R O C E S S  ---------------

Threads class SMR info:
_java_thread_list=0x00000258dcc28780, length=86, elements={
0x00000258ba9ab580, 0x00000258d903b200, 0x00000258d903c180, 0x00000258d903cfa0,
0x00000258d905a3b0, 0x00000258d9063220, 0x00000258d9063c80, 0x00000258d90646e0,
0x00000258d9075d80, 0x00000258d9079980, 0x00000258d9364730, 0x00000258da21eaf0,
0x00000258da0379a0, 0x00000258dac274c0, 0x00000258dabdf8b0, 0x00000258dad254d0,
0x00000258db08dca0, 0x00000258db0982f0, 0x00000258db0909b0, 0x00000258db0916d0,
0x00000258db0923f0, 0x00000258db091d60, 0x00000258db092a80, 0x00000258db091040,
0x00000258db0937a0, 0x00000258db090320, 0x00000258de2744d0, 0x00000258de272400,
0x00000258de272a90, 0x00000258de273120, 0x00000258de274b60, 0x00000258de2751f0,
0x00000258de275880, 0x00000258dcb202a0, 0x00000258dcb1f580, 0x00000258dcb1c790,
0x00000258dcb1c100, 0x00000258dcb20930, 0x00000258dcb1d4b0, 0x00000258dcb1db40,
0x00000258dcb1ce20, 0x00000258dcb23720, 0x00000258dcb20fc0, 0x00000258dcb21650,
0x00000258dcb1e1d0, 0x00000258dcb21ce0, 0x00000258dcb1e860, 0x00000258dcb1eef0,
0x00000258dcb23090, 0x00000258dcb22370, 0x00000258dcb22a00, 0x00000258dc1753c0,
0x00000258e87412b0, 0x00000258db6a10a0, 0x00000258db6a3800, 0x00000258db69efd0,
0x00000258db6a0380, 0x00000258dfd0c770, 0x00000258dfd0eed0, 0x00000258dfd0db20,
0x00000258dfd08c60, 0x00000258dfd0d490, 0x00000258dfd0e1b0, 0x00000258dfd0a6a0,
0x00000258dfd07f40, 0x00000258dfd09980, 0x00000258dfd0f560, 0x00000258dfd0e840,
0x00000258dfd0ad30, 0x00000258dfd0ba50, 0x00000258dfd0ce00, 0x00000258dfd092f0,
0x00000258dfd085d0, 0x00000258dfd0a010, 0x00000258dfd0b3c0, 0x00000258db6a0a10,
0x00000258db69f660, 0x00000258db6a2ae0, 0x00000258db69fcf0, 0x00000258db6a2450,
0x00000258db6a3170, 0x00000258db6a3e90, 0x00000258db6a1730, 0x00000258db6a58d0,
0x00000258db6a1dc0, 0x00000258db6a4520
}

Java Threads: ( => current thread )
  0x00000258ba9ab580 JavaThread "main"                              [_thread_blocked, id=9632, stack(0x0000006485a00000,0x0000006485b00000) (1024K)]
  0x00000258d903b200 JavaThread "Common-Cleaner"             daemon [_thread_blocked, id=13980, stack(0x0000006486200000,0x0000006486300000) (1024K)]
  0x00000258d903c180 JavaThread "Reference Handler"          daemon [_thread_blocked, id=19644, stack(0x0000006486300000,0x0000006486400000) (1024K)]
  0x00000258d903cfa0 JavaThread "Finalizer"                  daemon [_thread_blocked, id=20000, stack(0x0000006486400000,0x0000006486500000) (1024K)]
  0x00000258d905a3b0 JavaThread "Signal Dispatcher"          daemon [_thread_blocked, id=16948, stack(0x0000006486500000,0x0000006486600000) (1024K)]
  0x00000258d9063220 JavaThread "Attach Listener"            daemon [_thread_blocked, id=9056, stack(0x0000006486600000,0x0000006486700000) (1024K)]
  0x00000258d9063c80 JavaThread "Service Thread"             daemon [_thread_blocked, id=16256, stack(0x0000006486700000,0x0000006486800000) (1024K)]
  0x00000258d90646e0 JavaThread "Monitor Deflation Thread"   daemon [_thread_blocked, id=3672, stack(0x0000006486800000,0x0000006486900000) (1024K)]
  0x00000258d9075d80 JavaThread "C2 CompilerThread0"         daemon [_thread_blocked, id=14552, stack(0x0000006486900000,0x0000006486a00000) (1024K)]
  0x00000258d9079980 JavaThread "C1 CompilerThread0"         daemon [_thread_blocked, id=17488, stack(0x0000006486a00000,0x0000006486b00000) (1024K)]
  0x00000258d9364730 JavaThread "Notification Thread"        daemon [_thread_blocked, id=17980, stack(0x0000006486b00000,0x0000006486c00000) (1024K)]
  0x00000258da21eaf0 JavaThread "Daemon health stats"               [_thread_blocked, id=928, stack(0x0000006487100000,0x0000006487200000) (1024K)]
  0x00000258da0379a0 JavaThread "Incoming local TCP Connector on port 44107"        [_thread_in_native, id=18184, stack(0x0000006487200000,0x0000006487300000) (1024K)]
  0x00000258dac274c0 JavaThread "Daemon periodic checks"            [_thread_blocked, id=15880, stack(0x0000006487300000,0x0000006487400000) (1024K)]
  0x00000258dabdf8b0 JavaThread "Daemon"                            [_thread_blocked, id=17000, stack(0x0000006487400000,0x0000006487500000) (1024K)]
  0x00000258dad254d0 JavaThread "Handler for socket connection from /127.0.0.1:44107 to /127.0.0.1:44108"        [_thread_in_native, id=14880, stack(0x0000006487500000,0x0000006487600000) (1024K)]
  0x00000258db08dca0 JavaThread "Cancel handler"                    [_thread_blocked, id=18152, stack(0x0000006487b00000,0x0000006487c00000) (1024K)]
  0x00000258db0982f0 JavaThread "Daemon worker"                     [_thread_blocked, id=19136, stack(0x0000006487c00000,0x0000006487d00000) (1024K)]
  0x00000258db0909b0 JavaThread "Asynchronous log dispatcher for DefaultDaemonConnection: socket connection from /127.0.0.1:44107 to /127.0.0.1:44108"        [_thread_blocked, id=16916, stack(0x0000006487d00000,0x0000006487e00000) (1024K)]
  0x00000258db0916d0 JavaThread "Stdin handler"                     [_thread_blocked, id=18784, stack(0x0000006487e00000,0x0000006487f00000) (1024K)]
  0x00000258db0923f0 JavaThread "Daemon client event forwarder"        [_thread_blocked, id=17052, stack(0x0000006487f00000,0x0000006488000000) (1024K)]
  0x00000258db091d60 JavaThread "Cache worker for journal cache (C:\Users\ikhwa\.gradle\caches\journal-1)"        [_thread_blocked, id=14936, stack(0x0000006488200000,0x0000006488300000) (1024K)]
  0x00000258db092a80 JavaThread "File lock request listener"        [_thread_in_native, id=4960, stack(0x0000006488300000,0x0000006488400000) (1024K)]
  0x00000258db091040 JavaThread "Cache worker for file hash cache (C:\Users\ikhwa\.gradle\caches\8.13\fileHashes)"        [_thread_blocked, id=18996, stack(0x0000006488400000,0x0000006488500000) (1024K)]
  0x00000258db0937a0 JavaThread "Cache worker for file hash cache (D:\Andalib_PTB\.gradle\8.13\fileHashes)"        [_thread_blocked, id=14140, stack(0x0000006488500000,0x0000006488600000) (1024K)]
  0x00000258db090320 JavaThread "Cache worker for Build Output Cleanup Cache (D:\Andalib_PTB\.gradle\buildOutputCleanup)"        [_thread_blocked, id=15568, stack(0x0000006488600000,0x0000006488700000) (1024K)]
  0x00000258de2744d0 JavaThread "File watcher server"        daemon [_thread_in_native, id=8024, stack(0x0000006488700000,0x0000006488800000) (1024K)]
  0x00000258de272400 JavaThread "File watcher consumer"      daemon [_thread_blocked, id=11536, stack(0x0000006488800000,0x0000006488900000) (1024K)]
  0x00000258de272a90 JavaThread "jar transforms"                    [_thread_blocked, id=17096, stack(0x0000006488900000,0x0000006488a00000) (1024K)]
  0x00000258de273120 JavaThread "jar transforms Thread 2"           [_thread_blocked, id=17816, stack(0x0000006488a00000,0x0000006488b00000) (1024K)]
  0x00000258de274b60 JavaThread "Cache worker for checksums cache (D:\Andalib_PTB\.gradle\8.13\checksums)"        [_thread_blocked, id=9528, stack(0x0000006488b00000,0x0000006488c00000) (1024K)]
  0x00000258de2751f0 JavaThread "Cache worker for file content cache (C:\Users\ikhwa\.gradle\caches\8.13\fileContent)"        [_thread_blocked, id=1904, stack(0x0000006488c00000,0x0000006488d00000) (1024K)]
  0x00000258de275880 JavaThread "jar transforms Thread 3"           [_thread_blocked, id=20096, stack(0x0000006488d00000,0x0000006488e00000) (1024K)]
  0x00000258dcb202a0 JavaThread "Cache worker for cache directory md-supplier (C:\Users\ikhwa\.gradle\caches\8.13\md-supplier)"        [_thread_blocked, id=14712, stack(0x0000006488e00000,0x0000006488f00000) (1024K)]
  0x00000258dcb1f580 JavaThread "Cache worker for cache directory md-rule (C:\Users\ikhwa\.gradle\caches\8.13\md-rule)"        [_thread_blocked, id=9128, stack(0x0000006488f00000,0x0000006489000000) (1024K)]
  0x00000258dcb1c790 JavaThread "Unconstrained build operations"        [_thread_blocked, id=19940, stack(0x0000006489000000,0x0000006489100000) (1024K)]
  0x00000258dcb1c100 JavaThread "Unconstrained build operations Thread 2"        [_thread_blocked, id=15696, stack(0x0000006489100000,0x0000006489200000) (1024K)]
  0x00000258dcb20930 JavaThread "Unconstrained build operations Thread 3"        [_thread_blocked, id=18180, stack(0x0000006489200000,0x0000006489300000) (1024K)]
  0x00000258dcb1d4b0 JavaThread "Unconstrained build operations Thread 4"        [_thread_blocked, id=19416, stack(0x0000006489300000,0x0000006489400000) (1024K)]
  0x00000258dcb1db40 JavaThread "Unconstrained build operations Thread 5"        [_thread_blocked, id=4896, stack(0x0000006489400000,0x0000006489500000) (1024K)]
  0x00000258dcb1ce20 JavaThread "Unconstrained build operations Thread 6"        [_thread_blocked, id=16836, stack(0x0000006489500000,0x0000006489600000) (1024K)]
  0x00000258dcb23720 JavaThread "Unconstrained build operations Thread 7"        [_thread_blocked, id=19656, stack(0x0000006489600000,0x0000006489700000) (1024K)]
  0x00000258dcb20fc0 JavaThread "Unconstrained build operations Thread 8"        [_thread_blocked, id=18744, stack(0x0000006489700000,0x0000006489800000) (1024K)]
  0x00000258dcb21650 JavaThread "jar transforms Thread 4"           [_thread_blocked, id=19528, stack(0x0000006489800000,0x0000006489900000) (1024K)]
  0x00000258dcb1e1d0 JavaThread "jar transforms Thread 5"           [_thread_blocked, id=17568, stack(0x0000006489900000,0x0000006489a00000) (1024K)]
  0x00000258dcb21ce0 JavaThread "Unconstrained build operations Thread 9"        [_thread_blocked, id=6648, stack(0x0000006489a00000,0x0000006489b00000) (1024K)]
  0x00000258dcb1e860 JavaThread "Unconstrained build operations Thread 10"        [_thread_blocked, id=8644, stack(0x0000006489b00000,0x0000006489c00000) (1024K)]
  0x00000258dcb1eef0 JavaThread "Unconstrained build operations Thread 11"        [_thread_blocked, id=19060, stack(0x0000006489c00000,0x0000006489d00000) (1024K)]
  0x00000258dcb23090 JavaThread "Unconstrained build operations Thread 12"        [_thread_blocked, id=6996, stack(0x0000006489d00000,0x0000006489e00000) (1024K)]
  0x00000258dcb22370 JavaThread "jar transforms Thread 6"           [_thread_blocked, id=19536, stack(0x0000006489e00000,0x0000006489f00000) (1024K)]
  0x00000258dcb22a00 JavaThread "jar transforms Thread 7"           [_thread_blocked, id=15964, stack(0x0000006489f00000,0x000000648a000000) (1024K)]
  0x00000258dc1753c0 JavaThread "jar transforms Thread 8"           [_thread_blocked, id=7896, stack(0x000000648a000000,0x000000648a100000) (1024K)]
  0x00000258e87412b0 JavaThread "Kotlin DSL Writer"                 [_thread_blocked, id=14844, stack(0x0000006486c00000,0x0000006486d00000) (1024K)]
  0x00000258db6a10a0 JavaThread "Unconstrained build operations Thread 13"        [_thread_blocked, id=20340, stack(0x000000648a200000,0x000000648a300000) (1024K)]
  0x00000258db6a3800 JavaThread "Unconstrained build operations Thread 14"        [_thread_blocked, id=18460, stack(0x000000648a300000,0x000000648a400000) (1024K)]
  0x00000258db69efd0 JavaThread "Unconstrained build operations Thread 15"        [_thread_blocked, id=5380, stack(0x000000648a400000,0x000000648a500000) (1024K)]
  0x00000258db6a0380 JavaThread "Unconstrained build operations Thread 16"        [_thread_blocked, id=16204, stack(0x000000648a500000,0x000000648a600000) (1024K)]
  0x00000258dfd0c770 JavaThread "Unconstrained build operations Thread 17"        [_thread_blocked, id=15656, stack(0x000000648a600000,0x000000648a700000) (1024K)]
  0x00000258dfd0eed0 JavaThread "Unconstrained build operations Thread 18"        [_thread_blocked, id=14616, stack(0x000000648a700000,0x000000648a800000) (1024K)]
  0x00000258dfd0db20 JavaThread "Unconstrained build operations Thread 19"        [_thread_blocked, id=17180, stack(0x000000648a800000,0x000000648a900000) (1024K)]
  0x00000258dfd08c60 JavaThread "Unconstrained build operations Thread 20"        [_thread_blocked, id=20332, stack(0x000000648a900000,0x000000648aa00000) (1024K)]
  0x00000258dfd0d490 JavaThread "Unconstrained build operations Thread 21"        [_thread_blocked, id=20468, stack(0x000000648aa00000,0x000000648ab00000) (1024K)]
  0x00000258dfd0e1b0 JavaThread "Unconstrained build operations Thread 22"        [_thread_blocked, id=7008, stack(0x000000648ab00000,0x000000648ac00000) (1024K)]
  0x00000258dfd0a6a0 JavaThread "Unconstrained build operations Thread 23"        [_thread_blocked, id=16528, stack(0x000000648ac00000,0x000000648ad00000) (1024K)]
  0x00000258dfd07f40 JavaThread "Unconstrained build operations Thread 24"        [_thread_blocked, id=13856, stack(0x000000648ad00000,0x000000648ae00000) (1024K)]
  0x00000258dfd09980 JavaThread "Unconstrained build operations Thread 25"        [_thread_blocked, id=9616, stack(0x000000648ae00000,0x000000648af00000) (1024K)]
  0x00000258dfd0f560 JavaThread "Unconstrained build operations Thread 26"        [_thread_blocked, id=20412, stack(0x000000648af00000,0x000000648b000000) (1024K)]
  0x00000258dfd0e840 JavaThread "Unconstrained build operations Thread 27"        [_thread_blocked, id=19856, stack(0x000000648b000000,0x000000648b100000) (1024K)]
  0x00000258dfd0ad30 JavaThread "Unconstrained build operations Thread 28"        [_thread_blocked, id=16540, stack(0x000000648b100000,0x000000648b200000) (1024K)]
  0x00000258dfd0ba50 JavaThread "Unconstrained build operations Thread 29"        [_thread_blocked, id=11916, stack(0x000000648b200000,0x000000648b300000) (1024K)]
  0x00000258dfd0ce00 JavaThread "Unconstrained build operations Thread 30"        [_thread_blocked, id=12236, stack(0x000000648b300000,0x000000648b400000) (1024K)]
  0x00000258dfd092f0 JavaThread "Unconstrained build operations Thread 31"        [_thread_blocked, id=19996, stack(0x000000648b400000,0x000000648b500000) (1024K)]
  0x00000258dfd085d0 JavaThread "Unconstrained build operations Thread 32"        [_thread_blocked, id=19248, stack(0x000000648b500000,0x000000648b600000) (1024K)]
  0x00000258dfd0a010 JavaThread "Unconstrained build operations Thread 33"        [_thread_blocked, id=18488, stack(0x000000648b600000,0x000000648b700000) (1024K)]
  0x00000258dfd0b3c0 JavaThread "Unconstrained build operations Thread 34"        [_thread_blocked, id=9884, stack(0x000000648b700000,0x000000648b800000) (1024K)]
  0x00000258db6a0a10 JavaThread "Unconstrained build operations Thread 35"        [_thread_blocked, id=3804, stack(0x000000648b800000,0x000000648b900000) (1024K)]
  0x00000258db69f660 JavaThread "Unconstrained build operations Thread 36"        [_thread_blocked, id=16908, stack(0x000000648b900000,0x000000648ba00000) (1024K)]
  0x00000258db6a2ae0 JavaThread "Unconstrained build operations Thread 37"        [_thread_blocked, id=20364, stack(0x000000648ba00000,0x000000648bb00000) (1024K)]
  0x00000258db69fcf0 JavaThread "Unconstrained build operations Thread 38"        [_thread_blocked, id=16964, stack(0x000000648bb00000,0x000000648bc00000) (1024K)]
  0x00000258db6a2450 JavaThread "Unconstrained build operations Thread 39"        [_thread_blocked, id=17440, stack(0x000000648bc00000,0x000000648bd00000) (1024K)]
  0x00000258db6a3170 JavaThread "Unconstrained build operations Thread 40"        [_thread_blocked, id=9656, stack(0x000000648bd00000,0x000000648be00000) (1024K)]
  0x00000258db6a3e90 JavaThread "Unconstrained build operations Thread 41"        [_thread_blocked, id=16572, stack(0x000000648be00000,0x000000648bf00000) (1024K)]
  0x00000258db6a1730 JavaThread "Unconstrained build operations Thread 42"        [_thread_blocked, id=9704, stack(0x000000648bf00000,0x000000648c000000) (1024K)]
  0x00000258db6a58d0 JavaThread "Unconstrained build operations Thread 43"        [_thread_blocked, id=10004, stack(0x000000648c000000,0x000000648c100000) (1024K)]
  0x00000258db6a1dc0 JavaThread "Unconstrained build operations Thread 44"        [_thread_blocked, id=17904, stack(0x000000648c100000,0x000000648c200000) (1024K)]
  0x00000258db6a4520 JavaThread "Unconstrained build operations Thread 45"        [_thread_blocked, id=7596, stack(0x000000648c200000,0x000000648c300000) (1024K)]
Total: 86

Other Threads:
=>0x00000258d4ca1f40 VMThread "VM Thread"                           [id=932, stack(0x0000006486100000,0x0000006486200000) (1024K)]
  0x00000258d4c5be30 WatcherThread "VM Periodic Task Thread"        [id=20464, stack(0x0000006486000000,0x0000006486100000) (1024K)]
  0x00000258baa15ec0 WorkerThread "GC Thread#0"                     [id=2764, stack(0x0000006485b00000,0x0000006485c00000) (1024K)]
  0x00000258d93f5500 WorkerThread "GC Thread#1"                     [id=15960, stack(0x0000006486d00000,0x0000006486e00000) (1024K)]
  0x00000258d936e060 WorkerThread "GC Thread#2"                     [id=9240, stack(0x0000006486e00000,0x0000006486f00000) (1024K)]
  0x00000258d9aea4a0 WorkerThread "GC Thread#3"                     [id=10300, stack(0x0000006486f00000,0x0000006487000000) (1024K)]
  0x00000258da38f910 WorkerThread "GC Thread#4"                     [id=4536, stack(0x0000006487000000,0x0000006487100000) (1024K)]
  0x00000258dae92290 WorkerThread "GC Thread#5"                     [id=4492, stack(0x0000006487600000,0x0000006487700000) (1024K)]
  0x00000258dae929d0 WorkerThread "GC Thread#6"                     [id=8428, stack(0x0000006487700000,0x0000006487800000) (1024K)]
  0x00000258dae91ef0 WorkerThread "GC Thread#7"                     [id=2136, stack(0x0000006487800000,0x0000006487900000) (1024K)]
  0x00000258dae92630 WorkerThread "GC Thread#8"                     [id=16868, stack(0x0000006487900000,0x0000006487a00000) (1024K)]
  0x00000258dae91070 WorkerThread "GC Thread#9"                     [id=8216, stack(0x0000006487a00000,0x0000006487b00000) (1024K)]
  0x00000258baa28020 ConcurrentGCThread "G1 Main Marker"            [id=3968, stack(0x0000006485c00000,0x0000006485d00000) (1024K)]
  0x00000258baa28b20 WorkerThread "G1 Conc#0"                       [id=11256, stack(0x0000006485d00000,0x0000006485e00000) (1024K)]
  0x00000258dae91410 WorkerThread "G1 Conc#1"                       [id=19052, stack(0x0000006488000000,0x0000006488100000) (1024K)]
  0x00000258dae917b0 WorkerThread "G1 Conc#2"                       [id=16636, stack(0x0000006488100000,0x0000006488200000) (1024K)]
  0x00000258baa6ea10 ConcurrentGCThread "G1 Refine#0"               [id=18228, stack(0x0000006485e00000,0x0000006485f00000) (1024K)]
  0x00000258d4b30b60 ConcurrentGCThread "G1 Service"                [id=836, stack(0x0000006485f00000,0x0000006486000000) (1024K)]
Total: 18

Threads with active compile tasks:
C2 CompilerThread0  15147 16424       4       org.objectweb.asm.ClassReader::readCode (5117 bytes)
C1 CompilerThread0  15147 16862       3       org.gradle.internal.logging.progress.DefaultProgressLoggerFactory$ProgressLoggerImpl::<init> (69 bytes)
Total: 2

VM state: at safepoint (normal execution)

VM Mutex/Monitor currently owned by a thread:  ([mutex/lock_event])
[0x00007ffb2eb31468] Threads_lock - owner thread: 0x00000258d4ca1f40
[0x00007ffb2eb31568] Heap_lock - owner thread: 0x00000258db0982f0

Heap address: 0x0000000700000000, size: 4096 MB, Compressed Oops mode: Zero based, Oop shift amount: 3

CDS archive(s) not mapped
Compressed class space mapped at: 0x0000000800000000-0x0000000840000000, reserved size: 1073741824
Narrow klass base: 0x0000000800000000, Narrow klass shift: 0, Narrow klass range: 0x40000000

GC Precious Log:
 CardTable entry size: 512
 Card Set container configuration: InlinePtr #cards 4 size 8 Array Of Cards #cards 16 size 48 Howl #buckets 8 coarsen threshold 3686 Howl Bitmap #cards 512 size 80 coarsen threshold 460 Card regions per heap region 1 cards per card region 4096
 CPUs: 12 total, 12 available
 Memory: 7520M
 Large Page Support: Disabled
 NUMA Support: Disabled
 Compressed Oops: Enabled (Zero based)
 Heap Region Size: 2M
 Heap Min Capacity: 8M
 Heap Initial Capacity: 118M
 Heap Max Capacity: 4G
 Pre-touch: Disabled
 Parallel Workers: 10
 Concurrent Workers: 3
 Concurrent Refinement Workers: 10
 Periodic GC: Disabled

Heap:
 garbage-first heap   total 317440K, used 153714K [0x0000000700000000, 0x0000000800000000)
  region size 2048K, 3 young (6144K), 3 survivors (6144K)
 Metaspace       used 154318K, committed 156608K, reserved 1245184K
  class space    used 19805K, committed 20928K, reserved 1048576K

Heap Regions: E=young(eden), S=young(survivor), O=old, HS=humongous(starts), HC=humongous(continues), CS=collection set, F=free, TAMS=top-at-mark-start, PB=parsable bottom
|   0|0x0000000700000000, 0x0000000700200000, 0x0000000700200000|100%|HS|  |TAMS 0x0000000700000000| PB 0x0000000700000000| Complete 
|   1|0x0000000700200000, 0x0000000700400000, 0x0000000700400000|100%|HC|  |TAMS 0x0000000700200000| PB 0x0000000700200000| Complete 
|   2|0x0000000700400000, 0x0000000700600000, 0x0000000700600000|100%| O|  |TAMS 0x0000000700400000| PB 0x0000000700400000| Untracked 
|   3|0x0000000700600000, 0x0000000700800000, 0x0000000700800000|100%| O|  |TAMS 0x0000000700600000| PB 0x0000000700600000| Untracked 
|   4|0x0000000700800000, 0x0000000700a00000, 0x0000000700a00000|100%| O|  |TAMS 0x0000000700800000| PB 0x0000000700800000| Untracked 
|   5|0x0000000700a00000, 0x0000000700c00000, 0x0000000700c00000|100%| O|  |TAMS 0x0000000700a00000| PB 0x0000000700a00000| Untracked 
|   6|0x0000000700c00000, 0x0000000700e00000, 0x0000000700e00000|100%| O|  |TAMS 0x0000000700c00000| PB 0x0000000700c00000| Untracked 
|   7|0x0000000700e00000, 0x0000000701000000, 0x0000000701000000|100%| O|  |TAMS 0x0000000700e00000| PB 0x0000000700e00000| Untracked 
|   8|0x0000000701000000, 0x0000000701200000, 0x0000000701200000|100%| O|  |TAMS 0x0000000701000000| PB 0x0000000701000000| Untracked 
|   9|0x0000000701200000, 0x00000007013f2d68, 0x0000000701400000| 97%| O|  |TAMS 0x0000000701200000| PB 0x0000000701200000| Untracked 
|  10|0x0000000701400000, 0x0000000701600000, 0x0000000701600000|100%| O|  |TAMS 0x0000000701400000| PB 0x0000000701400000| Untracked 
|  11|0x0000000701600000, 0x0000000701800000, 0x0000000701800000|100%| O|  |TAMS 0x0000000701600000| PB 0x0000000701600000| Untracked 
|  12|0x0000000701800000, 0x0000000701a00000, 0x0000000701a00000|100%| O|  |TAMS 0x0000000701800000| PB 0x0000000701800000| Untracked 
|  13|0x0000000701a00000, 0x0000000701c00000, 0x0000000701c00000|100%| O|  |TAMS 0x0000000701a00000| PB 0x0000000701a00000| Untracked 
|  14|0x0000000701c00000, 0x0000000701e00000, 0x0000000701e00000|100%| O|  |TAMS 0x0000000701c00000| PB 0x0000000701c00000| Untracked 
|  15|0x0000000701e00000, 0x0000000702000000, 0x0000000702000000|100%| O|  |TAMS 0x0000000701e00000| PB 0x0000000701e00000| Untracked 
|  16|0x0000000702000000, 0x0000000702200000, 0x0000000702200000|100%| O|  |TAMS 0x0000000702000000| PB 0x0000000702000000| Untracked 
|  17|0x0000000702200000, 0x0000000702400000, 0x0000000702400000|100%| O|  |TAMS 0x0000000702200000| PB 0x0000000702200000| Untracked 
|  18|0x0000000702400000, 0x0000000702600000, 0x0000000702600000|100%| O|  |TAMS 0x0000000702400000| PB 0x0000000702400000| Untracked 
|  19|0x0000000702600000, 0x0000000702800000, 0x0000000702800000|100%| O|  |TAMS 0x0000000702600000| PB 0x0000000702600000| Untracked 
|  20|0x0000000702800000, 0x0000000702a00000, 0x0000000702a00000|100%| O|  |TAMS 0x0000000702800000| PB 0x0000000702800000| Untracked 
|  21|0x0000000702a00000, 0x0000000702c00000, 0x0000000702c00000|100%| O|  |TAMS 0x0000000702a00000| PB 0x0000000702a00000| Untracked 
|  22|0x0000000702c00000, 0x0000000702e00000, 0x0000000702e00000|100%| O|  |TAMS 0x0000000702c00000| PB 0x0000000702c00000| Untracked 
|  23|0x0000000702e00000, 0x0000000703000000, 0x0000000703000000|100%| O|  |TAMS 0x0000000702e00000| PB 0x0000000702e00000| Untracked 
|  24|0x0000000703000000, 0x0000000703200000, 0x0000000703200000|100%| O|  |TAMS 0x0000000703000000| PB 0x0000000703000000| Untracked 
|  25|0x0000000703200000, 0x0000000703400000, 0x0000000703400000|100%| O|  |TAMS 0x0000000703200000| PB 0x0000000703200000| Untracked 
|  26|0x0000000703400000, 0x0000000703600000, 0x0000000703600000|100%|HS|  |TAMS 0x0000000703400000| PB 0x0000000703400000| Complete 
|  27|0x0000000703600000, 0x0000000703800000, 0x0000000703800000|100%|HC|  |TAMS 0x0000000703600000| PB 0x0000000703600000| Complete 
|  28|0x0000000703800000, 0x0000000703a00000, 0x0000000703a00000|100%|HC|  |TAMS 0x0000000703800000| PB 0x0000000703800000| Complete 
|  29|0x0000000703a00000, 0x0000000703c00000, 0x0000000703c00000|100%| O|  |TAMS 0x0000000703a00000| PB 0x0000000703a00000| Untracked 
|  30|0x0000000703c00000, 0x0000000703e00000, 0x0000000703e00000|100%| O|  |TAMS 0x0000000703c00000| PB 0x0000000703c00000| Untracked 
|  31|0x0000000703e00000, 0x0000000704000000, 0x0000000704000000|100%| O|  |TAMS 0x0000000703e00000| PB 0x0000000703e00000| Untracked 
|  32|0x0000000704000000, 0x0000000704200000, 0x0000000704200000|100%| O|  |TAMS 0x0000000704000000| PB 0x0000000704000000| Untracked 
|  33|0x0000000704200000, 0x0000000704400000, 0x0000000704400000|100%| O|  |TAMS 0x0000000704200000| PB 0x0000000704200000| Untracked 
|  34|0x0000000704400000, 0x0000000704600000, 0x0000000704600000|100%| O|  |TAMS 0x0000000704400000| PB 0x0000000704400000| Untracked 
|  35|0x0000000704600000, 0x0000000704800000, 0x0000000704800000|100%| O|  |TAMS 0x0000000704600000| PB 0x0000000704600000| Untracked 
|  36|0x0000000704800000, 0x0000000704a00000, 0x0000000704a00000|100%| O|  |TAMS 0x0000000704800000| PB 0x0000000704800000| Untracked 
|  37|0x0000000704a00000, 0x0000000704c00000, 0x0000000704c00000|100%| O|  |TAMS 0x0000000704a00000| PB 0x0000000704a00000| Untracked 
|  38|0x0000000704c00000, 0x0000000704e00000, 0x0000000704e00000|100%| O|  |TAMS 0x0000000704c00000| PB 0x0000000704c00000| Untracked 
|  39|0x0000000704e00000, 0x0000000705000000, 0x0000000705000000|100%| O|  |TAMS 0x0000000704e00000| PB 0x0000000704e00000| Untracked 
|  40|0x0000000705000000, 0x0000000705200000, 0x0000000705200000|100%| O|  |TAMS 0x0000000705000000| PB 0x0000000705000000| Untracked 
|  41|0x0000000705200000, 0x0000000705400000, 0x0000000705400000|100%| O|  |TAMS 0x0000000705200000| PB 0x0000000705200000| Untracked 
|  42|0x0000000705400000, 0x0000000705600000, 0x0000000705600000|100%| O|  |TAMS 0x0000000705400000| PB 0x0000000705400000| Untracked 
|  43|0x0000000705600000, 0x0000000705800000, 0x0000000705800000|100%| O|  |TAMS 0x0000000705600000| PB 0x0000000705600000| Untracked 
|  44|0x0000000705800000, 0x0000000705800000, 0x0000000705a00000|  0%| F|  |TAMS 0x0000000705800000| PB 0x0000000705800000| Untracked 
|  45|0x0000000705a00000, 0x0000000705c00000, 0x0000000705c00000|100%| O|  |TAMS 0x0000000705a00000| PB 0x0000000705a00000| Untracked 
|  46|0x0000000705c00000, 0x0000000705e00000, 0x0000000705e00000|100%| O|  |TAMS 0x0000000705c00000| PB 0x0000000705c00000| Untracked 
|  47|0x0000000705e00000, 0x0000000706000000, 0x0000000706000000|100%| O|  |TAMS 0x0000000705e00000| PB 0x0000000705e00000| Untracked 
|  48|0x0000000706000000, 0x0000000706200000, 0x0000000706200000|100%| O|  |TAMS 0x0000000706000000| PB 0x0000000706000000| Untracked 
|  49|0x0000000706200000, 0x0000000706400000, 0x0000000706400000|100%| O|  |TAMS 0x0000000706200000| PB 0x0000000706200000| Untracked 
|  50|0x0000000706400000, 0x0000000706600000, 0x0000000706600000|100%| O|  |TAMS 0x0000000706400000| PB 0x0000000706400000| Untracked 
|  51|0x0000000706600000, 0x0000000706800000, 0x0000000706800000|100%| O|  |TAMS 0x0000000706600000| PB 0x0000000706600000| Untracked 
|  52|0x0000000706800000, 0x0000000706a00000, 0x0000000706a00000|100%| O|  |TAMS 0x0000000706800000| PB 0x0000000706800000| Untracked 
|  53|0x0000000706a00000, 0x0000000706c00000, 0x0000000706c00000|100%| O|  |TAMS 0x0000000706a00000| PB 0x0000000706a00000| Untracked 
|  54|0x0000000706c00000, 0x0000000706e00000, 0x0000000706e00000|100%| O|  |TAMS 0x0000000706c00000| PB 0x0000000706c00000| Untracked 
|  55|0x0000000706e00000, 0x0000000707000000, 0x0000000707000000|100%| O|  |TAMS 0x0000000706e00000| PB 0x0000000706e00000| Untracked 
|  56|0x0000000707000000, 0x0000000707200000, 0x0000000707200000|100%| O|  |TAMS 0x0000000707000000| PB 0x0000000707000000| Untracked 
|  57|0x0000000707200000, 0x0000000707400000, 0x0000000707400000|100%| O|  |TAMS 0x0000000707200000| PB 0x0000000707200000| Untracked 
|  58|0x0000000707400000, 0x0000000707600000, 0x0000000707600000|100%| O|  |TAMS 0x0000000707400000| PB 0x0000000707400000| Untracked 
|  59|0x0000000707600000, 0x0000000707800000, 0x0000000707800000|100%| O|  |TAMS 0x0000000707600000| PB 0x0000000707600000| Untracked 
|  60|0x0000000707800000, 0x0000000707a00000, 0x0000000707a00000|100%| O|  |TAMS 0x0000000707800000| PB 0x0000000707800000| Untracked 
|  61|0x0000000707a00000, 0x0000000707c00000, 0x0000000707c00000|100%| O|  |TAMS 0x0000000707a00000| PB 0x0000000707a00000| Untracked 
|  62|0x0000000707c00000, 0x0000000707e00000, 0x0000000707e00000|100%| O|  |TAMS 0x0000000707c00000| PB 0x0000000707c00000| Untracked 
|  63|0x0000000707e00000, 0x0000000708000000, 0x0000000708000000|100%| O|  |TAMS 0x0000000707e00000| PB 0x0000000707e00000| Untracked 
|  64|0x0000000708000000, 0x0000000708200000, 0x0000000708200000|100%| O|  |TAMS 0x0000000708000000| PB 0x0000000708000000| Untracked 
|  65|0x0000000708200000, 0x0000000708352a60, 0x0000000708400000| 66%| O|  |TAMS 0x0000000708200000| PB 0x0000000708200000| Untracked 
|  66|0x0000000708400000, 0x0000000708600000, 0x0000000708600000|100%| O|  |TAMS 0x0000000708400000| PB 0x0000000708400000| Untracked 
|  67|0x0000000708600000, 0x0000000708800000, 0x0000000708800000|100%| O|  |TAMS 0x0000000708600000| PB 0x0000000708600000| Untracked 
|  68|0x0000000708800000, 0x0000000708800000, 0x0000000708a00000|  0%| F|  |TAMS 0x0000000708800000| PB 0x0000000708800000| Untracked 
|  69|0x0000000708a00000, 0x0000000708a00000, 0x0000000708c00000|  0%| F|  |TAMS 0x0000000708a00000| PB 0x0000000708a00000| Untracked 
|  70|0x0000000708c00000, 0x0000000708c00000, 0x0000000708e00000|  0%| F|  |TAMS 0x0000000708c00000| PB 0x0000000708c00000| Untracked 
|  71|0x0000000708e00000, 0x0000000709000000, 0x0000000709000000|100%| O|  |TAMS 0x0000000708e00000| PB 0x0000000708e00000| Untracked 
|  72|0x0000000709000000, 0x0000000709200000, 0x0000000709200000|100%| O|  |TAMS 0x0000000709000000| PB 0x0000000709000000| Untracked 
|  73|0x0000000709200000, 0x0000000709200000, 0x0000000709400000|  0%| F|  |TAMS 0x0000000709200000| PB 0x0000000709200000| Untracked 
|  74|0x0000000709400000, 0x0000000709400000, 0x0000000709600000|  0%| F|  |TAMS 0x0000000709400000| PB 0x0000000709400000| Untracked 
|  75|0x0000000709600000, 0x0000000709600000, 0x0000000709800000|  0%| F|  |TAMS 0x0000000709600000| PB 0x0000000709600000| Untracked 
|  76|0x0000000709800000, 0x0000000709800000, 0x0000000709a00000|  0%| F|  |TAMS 0x0000000709800000| PB 0x0000000709800000| Untracked 
|  77|0x0000000709a00000, 0x0000000709a00000, 0x0000000709c00000|  0%| F|  |TAMS 0x0000000709a00000| PB 0x0000000709a00000| Untracked 
|  78|0x0000000709c00000, 0x0000000709c00000, 0x0000000709e00000|  0%| F|  |TAMS 0x0000000709c00000| PB 0x0000000709c00000| Untracked 
|  79|0x0000000709e00000, 0x0000000709e00000, 0x000000070a000000|  0%| F|  |TAMS 0x0000000709e00000| PB 0x0000000709e00000| Untracked 
|  80|0x000000070a000000, 0x000000070a000000, 0x000000070a200000|  0%| F|  |TAMS 0x000000070a000000| PB 0x000000070a000000| Untracked 
|  81|0x000000070a200000, 0x000000070a200000, 0x000000070a400000|  0%| F|  |TAMS 0x000000070a200000| PB 0x000000070a200000| Untracked 
|  82|0x000000070a400000, 0x000000070a400000, 0x000000070a600000|  0%| F|  |TAMS 0x000000070a400000| PB 0x000000070a400000| Untracked 
|  83|0x000000070a600000, 0x000000070a6d70e0, 0x000000070a800000| 42%| S|CS|TAMS 0x000000070a600000| PB 0x000000070a600000| Complete 
|  84|0x000000070a800000, 0x000000070aa00000, 0x000000070aa00000|100%| S|CS|TAMS 0x000000070a800000| PB 0x000000070a800000| Complete 
|  85|0x000000070aa00000, 0x000000070ac00000, 0x000000070ac00000|100%| S|CS|TAMS 0x000000070aa00000| PB 0x000000070aa00000| Complete 
|  86|0x000000070ac00000, 0x000000070ac00000, 0x000000070ae00000|  0%| F|  |TAMS 0x000000070ac00000| PB 0x000000070ac00000| Untracked 
|  87|0x000000070ae00000, 0x000000070ae00000, 0x000000070b000000|  0%| F|  |TAMS 0x000000070ae00000| PB 0x000000070ae00000| Untracked 
|  88|0x000000070b000000, 0x000000070b000000, 0x000000070b200000|  0%| F|  |TAMS 0x000000070b000000| PB 0x000000070b000000| Untracked 
|  89|0x000000070b200000, 0x000000070b200000, 0x000000070b400000|  0%| F|  |TAMS 0x000000070b200000| PB 0x000000070b200000| Untracked 
|  90|0x000000070b400000, 0x000000070b400000, 0x000000070b600000|  0%| F|  |TAMS 0x000000070b400000| PB 0x000000070b400000| Untracked 
|  91|0x000000070b600000, 0x000000070b600000, 0x000000070b800000|  0%| F|  |TAMS 0x000000070b600000| PB 0x000000070b600000| Untracked 
|  92|0x000000070b800000, 0x000000070b800000, 0x000000070ba00000|  0%| F|  |TAMS 0x000000070b800000| PB 0x000000070b800000| Untracked 
|  93|0x000000070ba00000, 0x000000070ba00000, 0x000000070bc00000|  0%| F|  |TAMS 0x000000070ba00000| PB 0x000000070ba00000| Untracked 
|  94|0x000000070bc00000, 0x000000070bc00000, 0x000000070be00000|  0%| F|  |TAMS 0x000000070bc00000| PB 0x000000070bc00000| Untracked 
|  95|0x000000070be00000, 0x000000070be00000, 0x000000070c000000|  0%| F|  |TAMS 0x000000070be00000| PB 0x000000070be00000| Untracked 
|  96|0x000000070c000000, 0x000000070c000000, 0x000000070c200000|  0%| F|  |TAMS 0x000000070c000000| PB 0x000000070c000000| Untracked 
|  97|0x000000070c200000, 0x000000070c200000, 0x000000070c400000|  0%| F|  |TAMS 0x000000070c200000| PB 0x000000070c200000| Untracked 
|  98|0x000000070c400000, 0x000000070c400000, 0x000000070c600000|  0%| F|  |TAMS 0x000000070c400000| PB 0x000000070c400000| Untracked 
|  99|0x000000070c600000, 0x000000070c600000, 0x000000070c800000|  0%| F|  |TAMS 0x000000070c600000| PB 0x000000070c600000| Untracked 
| 100|0x000000070c800000, 0x000000070c800000, 0x000000070ca00000|  0%| F|  |TAMS 0x000000070c800000| PB 0x000000070c800000| Untracked 
| 101|0x000000070ca00000, 0x000000070ca00000, 0x000000070cc00000|  0%| F|  |TAMS 0x000000070ca00000| PB 0x000000070ca00000| Untracked 
| 102|0x000000070cc00000, 0x000000070cc00000, 0x000000070ce00000|  0%| F|  |TAMS 0x000000070cc00000| PB 0x000000070cc00000| Untracked 
| 103|0x000000070ce00000, 0x000000070ce00000, 0x000000070d000000|  0%| F|  |TAMS 0x000000070ce00000| PB 0x000000070ce00000| Untracked 
| 104|0x000000070d000000, 0x000000070d000000, 0x000000070d200000|  0%| F|  |TAMS 0x000000070d000000| PB 0x000000070d000000| Untracked 
| 105|0x000000070d200000, 0x000000070d200000, 0x000000070d400000|  0%| F|  |TAMS 0x000000070d200000| PB 0x000000070d200000| Untracked 
| 106|0x000000070d400000, 0x000000070d400000, 0x000000070d600000|  0%| F|  |TAMS 0x000000070d400000| PB 0x000000070d400000| Untracked 
| 107|0x000000070d600000, 0x000000070d600000, 0x000000070d800000|  0%| F|  |TAMS 0x000000070d600000| PB 0x000000070d600000| Untracked 
| 108|0x000000070d800000, 0x000000070d800000, 0x000000070da00000|  0%| F|  |TAMS 0x000000070d800000| PB 0x000000070d800000| Untracked 
| 109|0x000000070da00000, 0x000000070da00000, 0x000000070dc00000|  0%| F|  |TAMS 0x000000070da00000| PB 0x000000070da00000| Untracked 
| 110|0x000000070dc00000, 0x000000070dc00000, 0x000000070de00000|  0%| F|  |TAMS 0x000000070dc00000| PB 0x000000070dc00000| Untracked 
| 111|0x000000070de00000, 0x000000070de00000, 0x000000070e000000|  0%| F|  |TAMS 0x000000070de00000| PB 0x000000070de00000| Untracked 
| 112|0x000000070e000000, 0x000000070e000000, 0x000000070e200000|  0%| F|  |TAMS 0x000000070e000000| PB 0x000000070e000000| Untracked 
| 113|0x000000070e200000, 0x000000070e200000, 0x000000070e400000|  0%| F|  |TAMS 0x000000070e200000| PB 0x000000070e200000| Untracked 
| 114|0x000000070e400000, 0x000000070e400000, 0x000000070e600000|  0%| F|  |TAMS 0x000000070e400000| PB 0x000000070e400000| Untracked 
| 115|0x000000070e600000, 0x000000070e600000, 0x000000070e800000|  0%| F|  |TAMS 0x000000070e600000| PB 0x000000070e600000| Untracked 
| 116|0x000000070e800000, 0x000000070e800000, 0x000000070ea00000|  0%| F|  |TAMS 0x000000070e800000| PB 0x000000070e800000| Untracked 
| 117|0x000000070ea00000, 0x000000070ea00000, 0x000000070ec00000|  0%| F|  |TAMS 0x000000070ea00000| PB 0x000000070ea00000| Untracked 
| 118|0x000000070ec00000, 0x000000070ec00000, 0x000000070ee00000|  0%| F|  |TAMS 0x000000070ec00000| PB 0x000000070ec00000| Untracked 
| 119|0x000000070ee00000, 0x000000070ee00000, 0x000000070f000000|  0%| F|  |TAMS 0x000000070ee00000| PB 0x000000070ee00000| Untracked 
| 120|0x000000070f000000, 0x000000070f000000, 0x000000070f200000|  0%| F|  |TAMS 0x000000070f000000| PB 0x000000070f000000| Untracked 
| 121|0x000000070f200000, 0x000000070f200000, 0x000000070f400000|  0%| F|  |TAMS 0x000000070f200000| PB 0x000000070f200000| Untracked 
| 122|0x000000070f400000, 0x000000070f400000, 0x000000070f600000|  0%| F|  |TAMS 0x000000070f400000| PB 0x000000070f400000| Untracked 
| 123|0x000000070f600000, 0x000000070f600000, 0x000000070f800000|  0%| F|  |TAMS 0x000000070f600000| PB 0x000000070f600000| Untracked 
| 124|0x000000070f800000, 0x000000070f800000, 0x000000070fa00000|  0%| F|  |TAMS 0x000000070f800000| PB 0x000000070f800000| Untracked 
| 125|0x000000070fa00000, 0x000000070fa00000, 0x000000070fc00000|  0%| F|  |TAMS 0x000000070fa00000| PB 0x000000070fa00000| Untracked 
| 126|0x000000070fc00000, 0x000000070fc00000, 0x000000070fe00000|  0%| F|  |TAMS 0x000000070fc00000| PB 0x000000070fc00000| Untracked 
| 127|0x000000070fe00000, 0x000000070fe00000, 0x0000000710000000|  0%| F|  |TAMS 0x000000070fe00000| PB 0x000000070fe00000| Untracked 
| 128|0x0000000710000000, 0x0000000710000000, 0x0000000710200000|  0%| F|  |TAMS 0x0000000710000000| PB 0x0000000710000000| Untracked 
| 129|0x0000000710200000, 0x0000000710200000, 0x0000000710400000|  0%| F|  |TAMS 0x0000000710200000| PB 0x0000000710200000| Untracked 
| 130|0x0000000710400000, 0x0000000710400000, 0x0000000710600000|  0%| F|  |TAMS 0x0000000710400000| PB 0x0000000710400000| Untracked 
| 131|0x0000000710600000, 0x0000000710600000, 0x0000000710800000|  0%| F|  |TAMS 0x0000000710600000| PB 0x0000000710600000| Untracked 
| 132|0x0000000710800000, 0x0000000710800000, 0x0000000710a00000|  0%| F|  |TAMS 0x0000000710800000| PB 0x0000000710800000| Untracked 
| 133|0x0000000710a00000, 0x0000000710a00000, 0x0000000710c00000|  0%| F|  |TAMS 0x0000000710a00000| PB 0x0000000710a00000| Untracked 
| 134|0x0000000710c00000, 0x0000000710c00000, 0x0000000710e00000|  0%| F|  |TAMS 0x0000000710c00000| PB 0x0000000710c00000| Untracked 
| 135|0x0000000710e00000, 0x0000000710e00000, 0x0000000711000000|  0%| F|  |TAMS 0x0000000710e00000| PB 0x0000000710e00000| Untracked 
| 136|0x0000000711000000, 0x0000000711000000, 0x0000000711200000|  0%| F|  |TAMS 0x0000000711000000| PB 0x0000000711000000| Untracked 
| 137|0x0000000711200000, 0x0000000711200000, 0x0000000711400000|  0%| F|  |TAMS 0x0000000711200000| PB 0x0000000711200000| Untracked 
| 138|0x0000000711400000, 0x0000000711400000, 0x0000000711600000|  0%| F|  |TAMS 0x0000000711400000| PB 0x0000000711400000| Untracked 
| 139|0x0000000711600000, 0x0000000711600000, 0x0000000711800000|  0%| F|  |TAMS 0x0000000711600000| PB 0x0000000711600000| Untracked 
| 140|0x0000000711800000, 0x0000000711800000, 0x0000000711a00000|  0%| F|  |TAMS 0x0000000711800000| PB 0x0000000711800000| Untracked 
| 141|0x0000000711a00000, 0x0000000711a00000, 0x0000000711c00000|  0%| F|  |TAMS 0x0000000711a00000| PB 0x0000000711a00000| Untracked 
| 142|0x0000000711c00000, 0x0000000711c00000, 0x0000000711e00000|  0%| F|  |TAMS 0x0000000711c00000| PB 0x0000000711c00000| Untracked 
| 143|0x0000000711e00000, 0x0000000711e00000, 0x0000000712000000|  0%| F|  |TAMS 0x0000000711e00000| PB 0x0000000711e00000| Untracked 
| 144|0x0000000712000000, 0x0000000712000000, 0x0000000712200000|  0%| F|  |TAMS 0x0000000712000000| PB 0x0000000712000000| Untracked 
| 145|0x0000000712200000, 0x0000000712200000, 0x0000000712400000|  0%| F|  |TAMS 0x0000000712200000| PB 0x0000000712200000| Untracked 
| 146|0x0000000712400000, 0x0000000712400000, 0x0000000712600000|  0%| F|  |TAMS 0x0000000712400000| PB 0x0000000712400000| Untracked 
| 147|0x0000000712600000, 0x0000000712600000, 0x0000000712800000|  0%| F|  |TAMS 0x0000000712600000| PB 0x0000000712600000| Untracked 
| 148|0x0000000712800000, 0x0000000712800000, 0x0000000712a00000|  0%| F|  |TAMS 0x0000000712800000| PB 0x0000000712800000| Untracked 
|2042|0x00000007ff400000, 0x00000007ff600000, 0x00000007ff600000|100%| O|  |TAMS 0x00000007ff400000| PB 0x00000007ff400000| Untracked 
|2043|0x00000007ff600000, 0x00000007ff600000, 0x00000007ff800000|  0%| F|  |TAMS 0x00000007ff600000| PB 0x00000007ff600000| Untracked 
|2044|0x00000007ff800000, 0x00000007ffa00000, 0x00000007ffa00000|100%| O|  |TAMS 0x00000007ff800000| PB 0x00000007ff800000| Untracked 
|2045|0x00000007ffa00000, 0x00000007ffc00000, 0x00000007ffc00000|100%| O|  |TAMS 0x00000007ffa00000| PB 0x00000007ffa00000| Untracked 
|2046|0x00000007ffc00000, 0x00000007ffc00000, 0x00000007ffe00000|  0%| F|  |TAMS 0x00000007ffc00000| PB 0x00000007ffc00000| Untracked 
|2047|0x00000007ffe00000, 0x0000000800000000, 0x0000000800000000|100%| O|  |TAMS 0x00000007ffe00000| PB 0x00000007ffe00000| Untracked 

Card table byte_map: [0x00000258cd850000,0x00000258ce050000] _byte_map_base: 0x00000258ca050000

Marking Bits: (CMBitMap*) 0x00000258baa165c0
 Bits: [0x00000258ce050000, 0x00000258d2050000)

Polling page: 0x00000258b8810000

Metaspace:

Usage:
  Non-class:    131.36 MB used.
      Class:     19.34 MB used.
       Both:    150.70 MB used.

Virtual space:
  Non-class space:      192.00 MB reserved,     132.50 MB ( 69%) committed,  3 nodes.
      Class space:        1.00 GB reserved,      20.44 MB (  2%) committed,  1 nodes.
             Both:        1.19 GB reserved,     152.94 MB ( 13%) committed. 

Chunk freelists:
   Non-Class:  10.77 MB
       Class:  11.47 MB
        Both:  22.23 MB

MaxMetaspaceSize: unlimited
CompressedClassSpaceSize: 1.00 GB
Initial GC threshold: 21.00 MB
Current GC threshold: 254.69 MB
CDS: off
 - commit_granule_bytes: 65536.
 - commit_granule_words: 8192.
 - virtual_space_node_default_size: 8388608.
 - enlarge_chunks_in_place: 1.
 - use_allocation_guard: 0.


Internal statistics:

num_allocs_failed_limit: 9.
num_arena_births: 4302.
num_arena_deaths: 0.
num_vsnodes_births: 4.
num_vsnodes_deaths: 0.
num_space_committed: 2445.
num_space_uncommitted: 0.
num_chunks_returned_to_freelist: 9.
num_chunks_taken_from_freelist: 10122.
num_chunk_merges: 9.
num_chunk_splits: 7203.
num_chunks_enlarged: 5133.
num_inconsistent_stats: 0.

CodeHeap 'non-profiled nmethods': size=120000Kb used=6440Kb max_used=6599Kb free=113559Kb
 bounds [0x00000258c55d0000, 0x00000258c5c70000, 0x00000258ccb00000]
CodeHeap 'profiled nmethods': size=120000Kb used=28123Kb max_used=28123Kb free=91876Kb
 bounds [0x00000258bdb00000, 0x00000258bf690000, 0x00000258c5030000]
CodeHeap 'non-nmethods': size=5760Kb used=3138Kb max_used=3189Kb free=2621Kb
 bounds [0x00000258c5030000, 0x00000258c5360000, 0x00000258c55d0000]
 total_blobs=15326 nmethods=14143 adapters=1084
 compilation: enabled
              stopped_count=0, restarted_count=0
 full_count=0

Compilation events (20 events):
Event: 15.075 Thread 0x00000258d9079980 nmethod 16851 0x00000258bf498a90 code [0x00000258bf498c80, 0x00000258bf498f88]
Event: 15.075 Thread 0x00000258d9079980 16852       2       org.gradle.internal.watch.registry.impl.SnapshotCollectingDiffListener$$Lambda/0x0000000801084a20::<init> (10 bytes)
Event: 15.075 Thread 0x00000258d9079980 nmethod 16852 0x00000258bf498510 code [0x00000258bf4986a0, 0x00000258bf4987f8]
Event: 15.078 Thread 0x00000258d9079980 16854       3       com.google.common.collect.ImmutableSortedMap$Builder::buildOrThrow (90 bytes)
Event: 15.079 Thread 0x00000258d9079980 nmethod 16854 0x00000258bf49b890 code [0x00000258bf49bbc0, 0x00000258bf49d000]
Event: 15.082 Thread 0x00000258d9079980 16855       2       com.google.common.cache.LocalCache$Segment::expand (282 bytes)
Event: 15.086 Thread 0x00000258d9079980 nmethod 16855 0x00000258bf688810 code [0x00000258bf688ce0, 0x00000258bf68acb0]
Event: 15.086 Thread 0x00000258d9079980 16856   !   2       java.nio.ByteBuffer::putArray (122 bytes)
Event: 15.087 Thread 0x00000258d9079980 nmethod 16856 0x00000258be18ca90 code [0x00000258be18ccc0, 0x00000258be18d1a0]
Event: 15.087 Thread 0x00000258d9079980 16857       2       java.util.Locale::getDefault (63 bytes)
Event: 15.087 Thread 0x00000258d9079980 nmethod 16857 0x00000258be18c110 code [0x00000258be18c300, 0x00000258be18c898]
Event: 15.087 Thread 0x00000258d9079980 16858       2       org.gradle.internal.instrumentation.reporting.listener.MethodInterceptionListener$$Lambda/0x000000080106cea8::onInterceptedMethodInstruction (15 bytes)
Event: 15.088 Thread 0x00000258d9079980 nmethod 16858 0x00000258bf49b490 code [0x00000258bf49b620, 0x00000258bf49b728]
Event: 15.090 Thread 0x00000258d9079980 16859       2       java.lang.String::format (16 bytes)
Event: 15.091 Thread 0x00000258d9079980 nmethod 16859 0x00000258be18b910 code [0x00000258be18bb00, 0x00000258be18bee8]
Event: 15.092 Thread 0x00000258d9079980 16860       3       org.objectweb.asm.Type::getObjectType (31 bytes)
Event: 15.092 Thread 0x00000258d9079980 nmethod 16860 0x00000258be246f10 code [0x00000258be247140, 0x00000258be247990]
Event: 15.093 Thread 0x00000258d9079980 16861       2       org.gradle.api.internal.provider.DefaultProperty::value (7 bytes)
Event: 15.093 Thread 0x00000258d9079980 nmethod 16861 0x00000258be18b390 code [0x00000258be18b540, 0x00000258be18b680]
Event: 15.095 Thread 0x00000258d9079980 16862       3       org.gradle.internal.logging.progress.DefaultProgressLoggerFactory$ProgressLoggerImpl::<init> (69 bytes)

GC Heap History (20 events):
Event: 10.893 GC heap after
{Heap after GC invocations=39 (full 0):
 garbage-first heap   total 204800K, used 112479K [0x0000000700000000, 0x0000000800000000)
  region size 2048K, 6 young (12288K), 6 survivors (12288K)
 Metaspace       used 142644K, committed 144960K, reserved 1179648K
  class space    used 18460K, committed 19584K, reserved 1048576K
}
Event: 11.434 GC heap before
{Heap before GC invocations=39 (full 0):
 garbage-first heap   total 204800K, used 180063K [0x0000000700000000, 0x0000000800000000)
  region size 2048K, 40 young (81920K), 6 survivors (12288K)
 Metaspace       used 147725K, committed 150016K, reserved 1179648K
  class space    used 19034K, committed 20160K, reserved 1048576K
}
Event: 11.444 GC heap after
{Heap after GC invocations=40 (full 0):
 garbage-first heap   total 204800K, used 120294K [0x0000000700000000, 0x0000000800000000)
  region size 2048K, 4 young (8192K), 4 survivors (8192K)
 Metaspace       used 147725K, committed 150016K, reserved 1179648K
  class space    used 19034K, committed 20160K, reserved 1048576K
}
Event: 13.365 GC heap before
{Heap before GC invocations=41 (full 0):
 garbage-first heap   total 204800K, used 181734K [0x0000000700000000, 0x0000000800000000)
  region size 2048K, 36 young (73728K), 4 survivors (8192K)
 Metaspace       used 152471K, committed 154816K, reserved 1245184K
  class space    used 19674K, committed 20800K, reserved 1048576K
}
Event: 13.372 GC heap after
{Heap after GC invocations=42 (full 0):
 garbage-first heap   total 204800K, used 131011K [0x0000000700000000, 0x0000000800000000)
  region size 2048K, 5 young (10240K), 5 survivors (10240K)
 Metaspace       used 152471K, committed 154816K, reserved 1245184K
  class space    used 19674K, committed 20800K, reserved 1048576K
}
Event: 13.439 GC heap before
{Heap before GC invocations=42 (full 0):
 garbage-first heap   total 204800K, used 182211K [0x0000000700000000, 0x0000000800000000)
  region size 2048K, 31 young (63488K), 5 survivors (10240K)
 Metaspace       used 152662K, committed 154944K, reserved 1245184K
  class space    used 19690K, committed 20800K, reserved 1048576K
}
Event: 13.445 GC heap after
{Heap after GC invocations=43 (full 0):
 garbage-first heap   total 204800K, used 118234K [0x0000000700000000, 0x0000000800000000)
  region size 2048K, 2 young (4096K), 2 survivors (4096K)
 Metaspace       used 152662K, committed 154944K, reserved 1245184K
  class space    used 19690K, committed 20800K, reserved 1048576K
}
Event: 13.545 GC heap before
{Heap before GC invocations=43 (full 0):
 garbage-first heap   total 204800K, used 181722K [0x0000000700000000, 0x0000000800000000)
  region size 2048K, 34 young (69632K), 2 survivors (4096K)
 Metaspace       used 152824K, committed 155136K, reserved 1245184K
  class space    used 19691K, committed 20800K, reserved 1048576K
}
Event: 13.548 GC heap after
{Heap after GC invocations=44 (full 0):
 garbage-first heap   total 204800K, used 120885K [0x0000000700000000, 0x0000000800000000)
  region size 2048K, 4 young (8192K), 4 survivors (8192K)
 Metaspace       used 152824K, committed 155136K, reserved 1245184K
  class space    used 19691K, committed 20800K, reserved 1048576K
}
Event: 13.632 GC heap before
{Heap before GC invocations=44 (full 0):
 garbage-first heap   total 204800K, used 182325K [0x0000000700000000, 0x0000000800000000)
  region size 2048K, 35 young (71680K), 4 survivors (8192K)
 Metaspace       used 152891K, committed 155200K, reserved 1245184K
  class space    used 19691K, committed 20800K, reserved 1048576K
}
Event: 13.635 GC heap after
{Heap after GC invocations=45 (full 0):
 garbage-first heap   total 311296K, used 122811K [0x0000000700000000, 0x0000000800000000)
  region size 2048K, 4 young (8192K), 4 survivors (8192K)
 Metaspace       used 152891K, committed 155200K, reserved 1245184K
  class space    used 19691K, committed 20800K, reserved 1048576K
}
Event: 13.795 GC heap before
{Heap before GC invocations=46 (full 0):
 garbage-first heap   total 311296K, used 266171K [0x0000000700000000, 0x0000000800000000)
  region size 2048K, 75 young (153600K), 4 survivors (8192K)
 Metaspace       used 152900K, committed 155200K, reserved 1245184K
  class space    used 19691K, committed 20800K, reserved 1048576K
}
Event: 13.807 GC heap after
{Heap after GC invocations=47 (full 0):
 garbage-first heap   total 311296K, used 126488K [0x0000000700000000, 0x0000000800000000)
  region size 2048K, 6 young (12288K), 6 survivors (12288K)
 Metaspace       used 152900K, committed 155200K, reserved 1245184K
  class space    used 19691K, committed 20800K, reserved 1048576K
}
Event: 14.213 GC heap before
{Heap before GC invocations=47 (full 0):
 garbage-first heap   total 311296K, used 273944K [0x0000000700000000, 0x0000000800000000)
  region size 2048K, 79 young (161792K), 6 survivors (12288K)
 Metaspace       used 153031K, committed 155264K, reserved 1245184K
  class space    used 19697K, committed 20800K, reserved 1048576K
}
Event: 14.239 GC heap after
{Heap after GC invocations=48 (full 0):
 garbage-first heap   total 317440K, used 139388K [0x0000000700000000, 0x0000000800000000)
  region size 2048K, 10 young (20480K), 10 survivors (20480K)
 Metaspace       used 153031K, committed 155264K, reserved 1245184K
  class space    used 19697K, committed 20800K, reserved 1048576K
}
Event: 14.610 GC heap before
{Heap before GC invocations=48 (full 0):
 garbage-first heap   total 317440K, used 270460K [0x0000000700000000, 0x0000000800000000)
  region size 2048K, 75 young (153600K), 10 survivors (20480K)
 Metaspace       used 154095K, committed 156416K, reserved 1245184K
  class space    used 19803K, committed 20928K, reserved 1048576K
}
Event: 14.627 GC heap after
{Heap after GC invocations=49 (full 0):
 garbage-first heap   total 317440K, used 153834K [0x0000000700000000, 0x0000000800000000)
  region size 2048K, 8 young (16384K), 8 survivors (16384K)
 Metaspace       used 154095K, committed 156416K, reserved 1245184K
  class space    used 19803K, committed 20928K, reserved 1048576K
}
Event: 14.869 GC heap before
{Heap before GC invocations=50 (full 0):
 garbage-first heap   total 317440K, used 276714K [0x0000000700000000, 0x0000000800000000)
  region size 2048K, 69 young (141312K), 8 survivors (16384K)
 Metaspace       used 154209K, committed 156544K, reserved 1245184K
  class space    used 19804K, committed 20928K, reserved 1048576K
}
Event: 14.875 GC heap after
{Heap after GC invocations=51 (full 0):
 garbage-first heap   total 317440K, used 154832K [0x0000000700000000, 0x0000000800000000)
  region size 2048K, 2 young (4096K), 2 survivors (4096K)
 Metaspace       used 154209K, committed 156544K, reserved 1245184K
  class space    used 19804K, committed 20928K, reserved 1048576K
}
Event: 15.096 GC heap before
{Heap before GC invocations=51 (full 0):
 garbage-first heap   total 317440K, used 279760K [0x0000000700000000, 0x0000000800000000)
  region size 2048K, 64 young (131072K), 2 survivors (4096K)
 Metaspace       used 154318K, committed 156608K, reserved 1245184K
  class space    used 19805K, committed 20928K, reserved 1048576K
}

Dll operation events (3 events):
Event: 0.009 Loaded shared library D:\Android Studio\jbr\bin\java.dll
Event: 0.013 Loaded shared library D:\Android Studio\jbr\bin\zip.dll
Event: 0.414 Loaded shared library D:\Android Studio\jbr\bin\verify.dll

Deoptimization events (20 events):
Event: 14.516 Thread 0x00000258db6a58d0 Uncommon trap: trap_request=0xffffff45 fr.pc=0x00000258c5a0e9f4 relative=0x0000000000000214
Event: 14.516 Thread 0x00000258db6a58d0 Uncommon trap: reason=unstable_if action=reinterpret pc=0x00000258c5a0e9f4 method=java.io.BufferedOutputStream.implWrite([BII)V @ 5 c2
Event: 14.516 Thread 0x00000258db6a58d0 DEOPT PACKING pc=0x00000258c5a0e9f4 sp=0x000000648c0fb290
Event: 14.516 Thread 0x00000258db6a58d0 DEOPT UNPACKING pc=0x00000258c50846a2 sp=0x000000648c0fb238 mode 2
Event: 14.584 Thread 0x00000258db6a1dc0 DEOPT PACKING pc=0x00000258be15ffc4 sp=0x000000648c1fa210
Event: 14.584 Thread 0x00000258db6a1dc0 DEOPT UNPACKING pc=0x00000258c5084e42 sp=0x000000648c1f96f8 mode 0
Event: 14.648 Thread 0x00000258db6a3170 Uncommon trap: trap_request=0xffffff45 fr.pc=0x00000258c58520f0 relative=0x0000000000000b90
Event: 14.648 Thread 0x00000258db6a3170 Uncommon trap: reason=unstable_if action=reinterpret pc=0x00000258c58520f0 method=org.objectweb.asm.SymbolTable.addConstantUtf8Reference(ILjava/lang/String;)Lorg/objectweb/asm/Symbol; @ 45 c2
Event: 14.648 Thread 0x00000258db6a3170 DEOPT PACKING pc=0x00000258c58520f0 sp=0x000000648bdf9d20
Event: 14.648 Thread 0x00000258db6a3170 DEOPT UNPACKING pc=0x00000258c50846a2 sp=0x000000648bdf9ce8 mode 2
Event: 14.720 Thread 0x00000258db6a2ae0 DEOPT PACKING pc=0x00000258bf595373 sp=0x000000648bafaac0
Event: 14.720 Thread 0x00000258db6a2ae0 DEOPT UNPACKING pc=0x00000258c5084e42 sp=0x000000648bafa110 mode 0
Event: 14.723 Thread 0x00000258db6a3e90 Uncommon trap: trap_request=0xffffff45 fr.pc=0x00000258c5a29f08 relative=0x0000000000000d88
Event: 14.723 Thread 0x00000258db6a3e90 Uncommon trap: reason=unstable_if action=reinterpret pc=0x00000258c5a29f08 method=org.objectweb.asm.SymbolTable.addConstantUtf8(Ljava/lang/String;)I @ 40 c2
Event: 14.723 Thread 0x00000258db6a3e90 DEOPT PACKING pc=0x00000258c5a29f08 sp=0x000000648bef9d00
Event: 14.723 Thread 0x00000258db6a3e90 DEOPT UNPACKING pc=0x00000258c50846a2 sp=0x000000648bef9ce0 mode 2
Event: 14.753 Thread 0x00000258db69f660 Uncommon trap: trap_request=0xffffff45 fr.pc=0x00000258c5c55cc8 relative=0x00000000000066c8
Event: 14.753 Thread 0x00000258db69f660 Uncommon trap: reason=unstable_if action=reinterpret pc=0x00000258c5c55cc8 method=org.gradle.internal.serialize.SetSerializer.createCollection(I)Ljava/util/Set; @ 1 c2
Event: 14.753 Thread 0x00000258db69f660 DEOPT PACKING pc=0x00000258c5c55cc8 sp=0x000000648b9fac70
Event: 14.753 Thread 0x00000258db69f660 DEOPT UNPACKING pc=0x00000258c50846a2 sp=0x000000648b9fabf8 mode 2

Classes loaded (20 events):
Event: 12.860 Loading class sun/security/ssl/PreSharedKeyExtension$SHPreSharedKeySpec
Event: 12.861 Loading class sun/security/ssl/PreSharedKeyExtension$SHPreSharedKeySpec done
Event: 13.189 Loading class java/util/Collections$ReverseComparator
Event: 13.190 Loading class java/util/Collections$ReverseComparator done
Event: 13.190 Loading class java/util/Collections$ReverseComparator2
Event: 13.190 Loading class java/util/Collections$ReverseComparator2 done
Event: 13.274 Loading class java/util/LinkedList$LLSpliterator
Event: 13.274 Loading class java/util/LinkedList$LLSpliterator done
Event: 13.375 Loading class sun/security/ssl/Alert
Event: 13.376 Loading class sun/security/ssl/Alert done
Event: 13.376 Loading class sun/security/ssl/Alert$AlertConsumer
Event: 13.376 Loading class sun/security/ssl/Alert$AlertConsumer done
Event: 13.376 Loading class sun/security/ssl/Alert$Level
Event: 13.376 Loading class sun/security/ssl/Alert$Level done
Event: 14.365 Loading class java/util/Collections$UnmodifiableSortedMap
Event: 14.366 Loading class java/util/Collections$UnmodifiableSortedMap done
Event: 14.367 Loading class java/util/zip/Deflater
Event: 14.368 Loading class java/util/zip/Deflater done
Event: 14.369 Loading class java/util/zip/Deflater$DeflaterZStreamRef
Event: 14.369 Loading class java/util/zip/Deflater$DeflaterZStreamRef done

Classes unloaded (0 events):
No events

Classes redefined (0 events):
No events

Internal exceptions (20 events):
Event: 14.342 Thread 0x00000258db69fcf0 Exception <a 'sun/nio/fs/WindowsException'{0x000000070fa43ef8}> (0x000000070fa43ef8) 
thrown [s\src\hotspot\share\prims\jni.cpp, line 537]
Event: 14.342 Thread 0x00000258db6a4520 Exception <a 'sun/nio/fs/WindowsException'{0x000000070fc8e118}> (0x000000070fc8e118) 
thrown [s\src\hotspot\share\prims\jni.cpp, line 537]
Event: 14.342 Thread 0x00000258db6a58d0 Exception <a 'sun/nio/fs/WindowsException'{0x000000070fecf238}> (0x000000070fecf238) 
thrown [s\src\hotspot\share\prims\jni.cpp, line 537]
Event: 14.342 Thread 0x00000258db6a2ae0 Exception <a 'sun/nio/fs/WindowsException'{0x00000007123d28d0}> (0x00000007123d28d0) 
thrown [s\src\hotspot\share\prims\jni.cpp, line 537]
Event: 14.342 Thread 0x00000258db6a1730 Exception <a 'sun/nio/fs/WindowsException'{0x000000070ffdff38}> (0x000000070ffdff38) 
thrown [s\src\hotspot\share\prims\jni.cpp, line 537]
Event: 14.342 Thread 0x00000258db0982f0 Exception <a 'sun/nio/fs/WindowsException'{0x00000007107ccc08}> (0x00000007107ccc08) 
thrown [s\src\hotspot\share\prims\jni.cpp, line 537]
Event: 14.373 Thread 0x00000258db6a3e90 Exception <a 'sun/nio/fs/WindowsException'{0x000000070f333690}> (0x000000070f333690) 
thrown [s\src\hotspot\share\prims\jni.cpp, line 537]
Event: 14.381 Thread 0x00000258db6a3170 Exception <a 'sun/nio/fs/WindowsException'{0x000000070f3ea5a0}> (0x000000070f3ea5a0) 
thrown [s\src\hotspot\share\prims\jni.cpp, line 537]
Event: 14.385 Thread 0x00000258db6a2450 Exception <a 'sun/nio/fs/WindowsException'{0x000000070ee92a18}> (0x000000070ee92a18) 
thrown [s\src\hotspot\share\prims\jni.cpp, line 537]
Event: 14.385 Thread 0x00000258db69f660 Exception <a 'sun/nio/fs/WindowsException'{0x000000070ec6b6a0}> (0x000000070ec6b6a0) 
thrown [s\src\hotspot\share\prims\jni.cpp, line 537]
Event: 14.392 Thread 0x00000258db6a0a10 Exception <a 'sun/nio/fs/WindowsException'{0x000000070e8a5ae8}> (0x000000070e8a5ae8) 
thrown [s\src\hotspot\share\prims\jni.cpp, line 537]
Event: 14.518 Thread 0x00000258db69f660 Exception <a 'sun/nio/fs/WindowsException'{0x000000070c3c0910}> (0x000000070c3c0910) 
thrown [s\src\hotspot\share\prims\jni.cpp, line 537]
Event: 14.694 Thread 0x00000258db6a58d0 Exception <a 'sun/nio/fs/WindowsException'{0x0000000711f3dd90}> (0x0000000711f3dd90) 
thrown [s\src\hotspot\share\prims\jni.cpp, line 537]
Event: 14.918 Thread 0x00000258db69f660 Exception <a 'sun/nio/fs/WindowsException'{0x0000000711afdf88}> (0x0000000711afdf88) 
thrown [s\src\hotspot\share\prims\jni.cpp, line 537]
Event: 14.933 Thread 0x00000258db6a1730 Exception <a 'sun/nio/fs/WindowsException'{0x00000007116fd328}> (0x00000007116fd328) 
thrown [s\src\hotspot\share\prims\jni.cpp, line 537]
Event: 14.974 Thread 0x00000258db6a58d0 Exception <a 'sun/nio/fs/WindowsException'{0x0000000710236508}> (0x0000000710236508) 
thrown [s\src\hotspot\share\prims\jni.cpp, line 537]
Event: 14.995 Thread 0x00000258db6a2ae0 Exception <a 'sun/nio/fs/WindowsException'{0x0000000710907360}> (0x0000000710907360) 
thrown [s\src\hotspot\share\prims\jni.cpp, line 537]
Event: 15.021 Thread 0x00000258db6a3170 Exception <a 'sun/nio/fs/WindowsException'{0x000000070f43f2e8}> (0x000000070f43f2e8) 
thrown [s\src\hotspot\share\prims\jni.cpp, line 537]
Event: 15.063 Thread 0x00000258db6a4520 Exception <a 'sun/nio/fs/WindowsException'{0x000000070ceeed88}> (0x000000070ceeed88) 
thrown [s\src\hotspot\share\prims\jni.cpp, line 537]
Event: 15.066 Thread 0x00000258db69f660 Exception <a 'sun/nio/fs/WindowsException'{0x000000070caf44f8}> (0x000000070caf44f8) 
thrown [s\src\hotspot\share\prims\jni.cpp, line 537]

ZGC Phase Switch (0 events):
No events

VM Operations (20 events):
Event: 14.239 Executing VM operation: G1CollectForAllocation (G1 Evacuation Pause) done
Event: 14.397 Executing VM operation: HandshakeAllThreads (Deoptimize)
Event: 14.398 Executing VM operation: HandshakeAllThreads (Deoptimize) done
Event: 14.399 Executing VM operation: ICBufferFull
Event: 14.399 Executing VM operation: ICBufferFull done
Event: 14.609 Executing VM operation: ICBufferFull
Event: 14.610 Executing VM operation: ICBufferFull done
Event: 14.610 Executing VM operation: G1CollectForAllocation (G1 Evacuation Pause)
Event: 14.627 Executing VM operation: G1CollectForAllocation (G1 Evacuation Pause) done
Event: 14.665 Executing VM operation: ICBufferFull
Event: 14.666 Executing VM operation: ICBufferFull done
Event: 14.781 Executing VM operation: G1PauseRemark
Event: 14.799 Executing VM operation: G1PauseRemark done
Event: 14.829 Executing VM operation: G1PauseCleanup
Event: 14.829 Executing VM operation: G1PauseCleanup done
Event: 14.847 Executing VM operation: G1CollectForAllocation (G1 Evacuation Pause)
Event: 14.868 Executing VM operation: G1CollectForAllocation (G1 Evacuation Pause) done
Event: 14.869 Executing VM operation: G1CollectForAllocation (GCLocker Initiated GC)
Event: 14.876 Executing VM operation: G1CollectForAllocation (GCLocker Initiated GC) done
Event: 15.095 Executing VM operation: G1CollectForAllocation (G1 Evacuation Pause)

Memory protections (0 events):
No events

Nmethod flushes (20 events):
Event: 14.798 Thread 0x00000258d4ca1f40 flushing osr nmethod 0x00000258be18b390
Event: 14.798 Thread 0x00000258d4ca1f40 flushing  nmethod 0x00000258be44b790
Event: 14.798 Thread 0x00000258d4ca1f40 flushing  nmethod 0x00000258be4d5c90
Event: 14.798 Thread 0x00000258d4ca1f40 flushing  nmethod 0x00000258be616810
Event: 14.798 Thread 0x00000258d4ca1f40 flushing  nmethod 0x00000258bea37c90
Event: 14.798 Thread 0x00000258d4ca1f40 flushing  nmethod 0x00000258bea38010
Event: 14.798 Thread 0x00000258d4ca1f40 flushing  nmethod 0x00000258bf2bd310
Event: 14.798 Thread 0x00000258d4ca1f40 flushing  nmethod 0x00000258bf37d490
Event: 14.798 Thread 0x00000258d4ca1f40 flushing  nmethod 0x00000258bf442e10
Event: 14.798 Thread 0x00000258d4ca1f40 flushing  nmethod 0x00000258bf469690
Event: 14.798 Thread 0x00000258d4ca1f40 flushing  nmethod 0x00000258bf4a1710
Event: 14.798 Thread 0x00000258d4ca1f40 flushing  nmethod 0x00000258bf4a2590
Event: 14.798 Thread 0x00000258d4ca1f40 flushing  nmethod 0x00000258bf4a3210
Event: 14.798 Thread 0x00000258d4ca1f40 flushing  nmethod 0x00000258bf4a3990
Event: 14.798 Thread 0x00000258d4ca1f40 flushing  nmethod 0x00000258bf4a4d90
Event: 14.798 Thread 0x00000258d4ca1f40 flushing  nmethod 0x00000258bf4a5390
Event: 14.798 Thread 0x00000258d4ca1f40 flushing  nmethod 0x00000258bf4a5710
Event: 14.798 Thread 0x00000258d4ca1f40 flushing  nmethod 0x00000258bf4a5c10
Event: 14.798 Thread 0x00000258d4ca1f40 flushing  nmethod 0x00000258bf4a6010
Event: 14.798 Thread 0x00000258d4ca1f40 flushing  nmethod 0x00000258bf4a6890

Events (20 events):
Event: 13.325 Thread 0x00000258db0982f0 Thread added: 0x00000258dfd0f560
Event: 13.326 Thread 0x00000258db0982f0 Thread added: 0x00000258dfd0e840
Event: 13.326 Thread 0x00000258db0982f0 Thread added: 0x00000258dfd0ad30
Event: 13.327 Thread 0x00000258db0982f0 Thread added: 0x00000258dfd0ba50
Event: 13.328 Thread 0x00000258db0982f0 Thread added: 0x00000258dfd0ce00
Event: 13.330 Thread 0x00000258db0982f0 Thread added: 0x00000258dfd092f0
Event: 13.332 Thread 0x00000258db0982f0 Thread added: 0x00000258dfd085d0
Event: 13.333 Thread 0x00000258db0982f0 Thread added: 0x00000258dfd0a010
Event: 13.334 Thread 0x00000258db0982f0 Thread added: 0x00000258dfd0b3c0
Event: 13.882 Thread 0x00000258db0982f0 Thread added: 0x00000258db6a0a10
Event: 13.882 Thread 0x00000258db0982f0 Thread added: 0x00000258db69f660
Event: 13.882 Thread 0x00000258db0982f0 Thread added: 0x00000258db6a2ae0
Event: 13.882 Thread 0x00000258db0982f0 Thread added: 0x00000258db69fcf0
Event: 13.882 Thread 0x00000258db0982f0 Thread added: 0x00000258db6a2450
Event: 13.883 Thread 0x00000258db0982f0 Thread added: 0x00000258db6a3170
Event: 13.883 Thread 0x00000258db0982f0 Thread added: 0x00000258db6a3e90
Event: 13.883 Thread 0x00000258db0982f0 Thread added: 0x00000258db6a1730
Event: 13.883 Thread 0x00000258db0982f0 Thread added: 0x00000258db6a58d0
Event: 13.883 Thread 0x00000258db0982f0 Thread added: 0x00000258db6a1dc0
Event: 13.883 Thread 0x00000258db0982f0 Thread added: 0x00000258db6a4520


Dynamic libraries:
0x00007ff6e5590000 - 0x00007ff6e559a000 	D:\Android Studio\jbr\bin\java.exe
0x00007ffbae650000 - 0x00007ffbae867000 	C:\windows\SYSTEM32\ntdll.dll
0x00007ffbacc10000 - 0x00007ffbaccd4000 	C:\windows\System32\KERNEL32.DLL
0x00007ffbaba30000 - 0x00007ffbabe02000 	C:\windows\System32\KERNELBASE.dll
0x00007ffbabe90000 - 0x00007ffbabfa1000 	C:\windows\System32\ucrtbase.dll
0x00007ffba5f00000 - 0x00007ffba5f1b000 	D:\Android Studio\jbr\bin\VCRUNTIME140.dll
0x00007ffb8ca00000 - 0x00007ffb8ca18000 	D:\Android Studio\jbr\bin\jli.dll
0x00007ffbae0e0000 - 0x00007ffbae291000 	C:\windows\System32\USER32.dll
0x00007ffb8fff0000 - 0x00007ffb9028b000 	C:\windows\WinSxS\amd64_microsoft.windows.common-controls_6595b64144ccf1df_6.0.22621.5547_none_27104afb73855772\COMCTL32.dll
0x00007ffbab930000 - 0x00007ffbab956000 	C:\windows\System32\win32u.dll
0x00007ffbae030000 - 0x00007ffbae0d7000 	C:\windows\System32\msvcrt.dll
0x00007ffbad990000 - 0x00007ffbad9b9000 	C:\windows\System32\GDI32.dll
0x00007ffbab800000 - 0x00007ffbab923000 	C:\windows\System32\gdi32full.dll
0x00007ffbab990000 - 0x00007ffbaba2a000 	C:\windows\System32\msvcp_win.dll
0x00007ffbac6a0000 - 0x00007ffbac6d1000 	C:\windows\System32\IMM32.DLL
0x00007ffba66f0000 - 0x00007ffba66fc000 	D:\Android Studio\jbr\bin\vcruntime140_1.dll
0x00007ffb84190000 - 0x00007ffb8421d000 	D:\Android Studio\jbr\bin\msvcp140.dll
0x00007ffb2df80000 - 0x00007ffb2ec0e000 	D:\Android Studio\jbr\bin\server\jvm.dll
0x00007ffbac7b0000 - 0x00007ffbac861000 	C:\windows\System32\ADVAPI32.dll
0x00007ffbad9e0000 - 0x00007ffbada88000 	C:\windows\System32\sechost.dll
0x00007ffbab960000 - 0x00007ffbab988000 	C:\windows\System32\bcrypt.dll
0x00007ffbad870000 - 0x00007ffbad984000 	C:\windows\System32\RPCRT4.dll
0x00007ffbac730000 - 0x00007ffbac7a1000 	C:\windows\System32\WS2_32.dll
0x00007ffbaafb0000 - 0x00007ffbaaffd000 	C:\windows\SYSTEM32\POWRPROF.dll
0x00007ffba1ef0000 - 0x00007ffba1efa000 	C:\windows\SYSTEM32\VERSION.dll
0x00007ffba6c00000 - 0x00007ffba6c34000 	C:\windows\SYSTEM32\WINMM.dll
0x00007ffbaaf90000 - 0x00007ffbaafa3000 	C:\windows\SYSTEM32\UMPDC.dll
0x00007ffbaa740000 - 0x00007ffbaa758000 	C:\windows\SYSTEM32\kernel.appcore.dll
0x00007ffba5ef0000 - 0x00007ffba5efa000 	D:\Android Studio\jbr\bin\jimage.dll
0x00007ffba8f20000 - 0x00007ffba9153000 	C:\windows\SYSTEM32\DBGHELP.DLL
0x00007ffbac870000 - 0x00007ffbacc03000 	C:\windows\System32\combase.dll
0x00007ffbac4b0000 - 0x00007ffbac587000 	C:\windows\System32\OLEAUT32.dll
0x00007ffb90400000 - 0x00007ffb90432000 	C:\windows\SYSTEM32\dbgcore.DLL
0x00007ffbabfb0000 - 0x00007ffbac02b000 	C:\windows\System32\bcryptPrimitives.dll
0x00007ffb89960000 - 0x00007ffb8996e000 	D:\Android Studio\jbr\bin\instrument.dll
0x00007ffb8c1e0000 - 0x00007ffb8c200000 	D:\Android Studio\jbr\bin\java.dll
0x00007ffb897f0000 - 0x00007ffb89808000 	D:\Android Studio\jbr\bin\zip.dll
0x00007ffbacd70000 - 0x00007ffbad612000 	C:\windows\System32\SHELL32.dll
0x00007ffbac030000 - 0x00007ffbac16f000 	C:\windows\System32\wintypes.dll
0x00007ffba9620000 - 0x00007ffba9f3d000 	C:\windows\SYSTEM32\windows.storage.dll
0x00007ffbada90000 - 0x00007ffbadb9c000 	C:\windows\System32\SHCORE.dll
0x00007ffbac620000 - 0x00007ffbac689000 	C:\windows\System32\shlwapi.dll
0x00007ffbab670000 - 0x00007ffbab69b000 	C:\windows\SYSTEM32\profapi.dll
0x00007ffb91620000 - 0x00007ffb91630000 	D:\Android Studio\jbr\bin\net.dll
0x00007ffba8130000 - 0x00007ffba825c000 	C:\windows\SYSTEM32\WINHTTP.dll
0x00007ffbaac30000 - 0x00007ffbaac99000 	C:\windows\system32\mswsock.dll
0x00007ffb88f70000 - 0x00007ffb88f86000 	D:\Android Studio\jbr\bin\nio.dll
0x00007ffb8d0e0000 - 0x00007ffb8d0f0000 	D:\Android Studio\jbr\bin\verify.dll
0x00007ffb8ca20000 - 0x00007ffb8ca47000 	C:\Users\ikhwa\.gradle\native\1def1411415f61bf3af743bc5b6707747c0891f09f0c88961ee8f79bc544acac\windows-amd64\native-platform.dll
0x00007ffb72410000 - 0x00007ffb72488000 	C:\Users\ikhwa\.gradle\native\0.2.7\x86_64-windows-gnu\gradle-fileevents.dll
0x00007ffb913c0000 - 0x00007ffb913c9000 	D:\Android Studio\jbr\bin\management.dll
0x00007ffb8e860000 - 0x00007ffb8e86b000 	D:\Android Studio\jbr\bin\management_ext.dll
0x00007ffbae2a0000 - 0x00007ffbae2a8000 	C:\windows\System32\PSAPI.DLL
0x00007ffbaa190000 - 0x00007ffbaa1bd000 	C:\windows\SYSTEM32\IPHLPAPI.DLL
0x00007ffbacd60000 - 0x00007ffbacd69000 	C:\windows\System32\NSI.dll
0x00007ffb91600000 - 0x00007ffb91609000 	D:\Android Studio\jbr\bin\extnet.dll
0x00007ffbaae90000 - 0x00007ffbaaeab000 	C:\windows\SYSTEM32\CRYPTSP.dll
0x00007ffbaa6a0000 - 0x00007ffbaa6d7000 	C:\windows\system32\rsaenh.dll
0x00007ffbaad30000 - 0x00007ffbaad58000 	C:\windows\SYSTEM32\USERENV.dll
0x00007ffbaaeb0000 - 0x00007ffbaaebc000 	C:\windows\SYSTEM32\CRYPTBASE.dll
0x00007ffb455b0000 - 0x00007ffb455b8000 	C:\windows\system32\wshunix.dll
0x00007ffbaa1c0000 - 0x00007ffbaa2b8000 	C:\windows\SYSTEM32\DNSAPI.dll
0x00007ffba6ed0000 - 0x00007ffba6eda000 	C:\Windows\System32\rasadhlp.dll
0x00007ffba6ee0000 - 0x00007ffba6f64000 	C:\windows\System32\fwpuclnt.dll

dbghelp: loaded successfully - version: 4.0.5 - missing functions: none
symbol engine: initialized successfully - sym options: 0x614 - pdb path: .;D:\Android Studio\jbr\bin;C:\windows\SYSTEM32;C:\windows\WinSxS\amd64_microsoft.windows.common-controls_6595b64144ccf1df_6.0.22621.5547_none_27104afb73855772;D:\Android Studio\jbr\bin\server;C:\Users\ikhwa\.gradle\native\1def1411415f61bf3af743bc5b6707747c0891f09f0c88961ee8f79bc544acac\windows-amd64;C:\Users\ikhwa\.gradle\native\0.2.7\x86_64-windows-gnu

VM Arguments:
jvm_args: --add-opens=java.base/java.lang=ALL-UNNAMED --add-opens=java.base/java.lang.invoke=ALL-UNNAMED --add-opens=java.base/java.util=ALL-UNNAMED --add-opens=java.prefs/java.util.prefs=ALL-UNNAMED --add-exports=jdk.compiler/com.sun.tools.javac.api=ALL-UNNAMED --add-exports=jdk.compiler/com.sun.tools.javac.util=ALL-UNNAMED --add-opens=java.base/java.util=ALL-UNNAMED --add-opens=java.prefs/java.util.prefs=ALL-UNNAMED --add-opens=java.base/java.nio.charset=ALL-UNNAMED --add-opens=java.base/java.net=ALL-UNNAMED --add-opens=java.base/java.util.concurrent.atomic=ALL-UNNAMED --add-opens=java.xml/javax.xml.namespace=ALL-UNNAMED -Xmx4g -Dfile.encoding=UTF-8 -Duser.country=ID -Duser.language=en -Duser.variant -javaagent:C:\Users\ikhwa\.gradle\wrapper\dists\gradle-8.13-bin\5xuhj0ry160q40clulazy9h7d\gradle-8.13\lib\agents\gradle-instrumentation-agent-8.13.jar 
java_command: org.gradle.launcher.daemon.bootstrap.GradleDaemon 8.13
java_class_path (initial): C:\Users\ikhwa\.gradle\wrapper\dists\gradle-8.13-bin\5xuhj0ry160q40clulazy9h7d\gradle-8.13\lib\gradle-daemon-main-8.13.jar
Launcher Type: SUN_STANDARD

[Global flags]
     intx CICompilerCount                          = 4                                         {product} {ergonomic}
     uint ConcGCThreads                            = 3                                         {product} {ergonomic}
     uint G1ConcRefinementThreads                  = 10                                        {product} {ergonomic}
   size_t G1HeapRegionSize                         = 2097152                                   {product} {ergonomic}
    uintx GCDrainStackTargetSize                   = 64                                        {product} {ergonomic}
   size_t InitialHeapSize                          = 123731968                                 {product} {ergonomic}
   size_t MarkStackSize                            = 4194304                                   {product} {ergonomic}
   size_t MaxHeapSize                              = 4294967296                                {product} {command line}
   size_t MaxNewSize                               = 2575302656                                {product} {ergonomic}
   size_t MinHeapDeltaBytes                        = 2097152                                   {product} {ergonomic}
   size_t MinHeapSize                              = 8388608                                   {product} {ergonomic}
    uintx NonNMethodCodeHeapSize                   = 5839372                                {pd product} {ergonomic}
    uintx NonProfiledCodeHeapSize                  = 122909434                              {pd product} {ergonomic}
    uintx ProfiledCodeHeapSize                     = 122909434                              {pd product} {ergonomic}
    uintx ReservedCodeCacheSize                    = 251658240                              {pd product} {ergonomic}
     bool SegmentedCodeCache                       = true                                      {product} {ergonomic}
   size_t SoftMaxHeapSize                          = 4294967296                             {manageable} {ergonomic}
     bool UseCompressedOops                        = true                           {product lp64_product} {ergonomic}
     bool UseG1GC                                  = true                                      {product} {ergonomic}
     bool UseLargePagesIndividualAllocation        = false                                  {pd product} {ergonomic}

Logging:
Log output configuration:
 #0: stdout all=warning uptime,level,tags foldmultilines=false
 #1: stderr all=off uptime,level,tags foldmultilines=false

Environment Variables:
PATH=C:\Program Files (x86)\Common Files\Oracle\Java\java8path;C:\Program Files (x86)\Common Files\Oracle\Java\javapath;C:\Python313\Scripts\;C:\Python313\;C:\PROGRA~2\Borland\CBuilder6\Bin;C:\PROGRA~2\Borland\CBuilder6\Projects\Bpl;C:\windows\system32;C:\windows;C:\windows\System32\Wbem;C:\windows\System32\WindowsPowerShell\v1.0\;C:\windows\System32\OpenSSH\;C:\Program Files\nodejs\;C:\ProgramData\chocolatey\bin;E:\Git\cmd;C:\Users\ikhwa\AppData\Local\Programs\Python\Python311\Scripts\;C:\Users\ikhwa\AppData\Local\Programs\Python\Python311\;C:\Users\ikhwa\AppData\Local\Programs\Python\Launcher\;C:\Users\ikhwa\AppData\Local\Microsoft\WindowsApps;;C:\Users\ikhwa\AppData\Local\Programs\Microsoft VS Code\bin;C:\Users\ikhwa\AppData\Roaming\npm
USERNAME=ikhwa
OS=Windows_NT
PROCESSOR_IDENTIFIER=AMD64 Family 25 Model 80 Stepping 0, AuthenticAMD
TMP=C:\Users\ikhwa\AppData\Local\Temp
TEMP=C:\Users\ikhwa\AppData\Local\Temp




Periodic native trim disabled

JNI global refs:
JNI global refs: 29, weak refs: 123

JNI global refs memory usage: 835, weak refs: 2097

Process memory usage:
Resident Set Size: 481712K (6% of 7701124K total physical memory with 311464K free physical memory)

OOME stack traces (most recent first):
Classloader memory used:
Loader org.gradle.internal.classloader.VisitableURLClassLoader                         : 100M
Loader bootstrap                                                                       : 30218K
Loader org.gradle.initialization.MixInLegacyTypesClassLoader                           : 11149K
Loader jdk.internal.loader.ClassLoaders$AppClassLoader                                 : 7925K
Loader jdk.internal.loader.ClassLoaders$PlatformClassLoader                            : 979K
Loader jdk.internal.jrtfs.JrtFileSystemProvider$JrtFsLoader                            : 340K
Loader org.gradle.internal.classloader.VisitableURLClassLoader                         : 147K
Loader jdk.internal.reflect.DelegatingClassLoader                                      : 113K
Loader org.gradle.groovy.scripts.internal.DefaultScriptCompilationHandler$ScriptClassLoader: 100160B
Loader org.gradle.internal.classloader.VisitableURLClassLoader$InstrumentingVisitableURLClassLoader: 18368B
Loader org.codehaus.groovy.runtime.callsite.CallSiteClassLoader                        : 10112B

Classes loaded by more than one classloader:
Class Program                                                                         : loaded 3 times (x 70B)
Class jdk.internal.jimage.BasicImageReader                                            : loaded 2 times (x 93B)
Class org.gradle.internal.classloader.ClassLoaderHierarchy                            : loaded 2 times (x 68B)
Class org.gradle.api.internal.classpath.ManifestUtil                                  : loaded 2 times (x 69B)
Class jdk.internal.jimage.decompressor.StringSharingDecompressorFactory               : loaded 2 times (x 72B)
Class org.gradle.internal.classloader.DefaultClassLoaderFactory                       : loaded 2 times (x 80B)
Class org.gradle.internal.classloader.ClassLoaderVisitor                              : loaded 2 times (x 74B)
Class org.gradle.api.internal.classpath.EffectiveClassPath                            : loaded 2 times (x 88B)
Class org.gradle.api.internal.DefaultClassPathProvider                                : loaded 2 times (x 74B)
Class [Lorg.gradle.api.internal.ClassPathProvider;                                    : loaded 2 times (x 67B)
Class org.gradle.api.internal.ClassPathProvider                                       : loaded 2 times (x 68B)
Class jdk.internal.jrtfs.SystemImage                                                  : loaded 2 times (x 72B)
Class org.gradle.internal.service.UnknownServiceException                             : loaded 2 times (x 81B)
Class jdk.internal.jimage.ImageReader$LinkNode                                        : loaded 2 times (x 82B)
Class org.gradle.internal.classpath.TransformedClassPath                              : loaded 2 times (x 94B)
Class org.gradle.internal.classloader.InstrumentingClassLoader                        : loaded 2 times (x 68B)
Class jdk.internal.jrtfs.SystemImage$1                                                : loaded 2 times (x 76B)
Class jdk.internal.jrtfs.SystemImage$2                                                : loaded 2 times (x 74B)
Class org.gradle.internal.service.ServiceLocator                                      : loaded 2 times (x 68B)
Class jdk.internal.jrtfs.JrtFileSystemProvider                                        : loaded 2 times (x 99B)
Class jdk.internal.jimage.ImageLocation                                               : loaded 2 times (x 88B)
Class jdk.internal.jrtfs.JrtDirectoryStream$1                                         : loaded 2 times (x 81B)
Class org.gradle.internal.InternalTransformer                                         : loaded 2 times (x 68B)
Class jdk.internal.jimage.ImageBufferCache$1                                          : loaded 2 times (x 81B)
Class org.gradle.internal.classloader.ClasspathUtil$1                                 : loaded 2 times (x 74B)
Class jdk.internal.jimage.ImageBufferCache$2                                          : loaded 2 times (x 89B)
Class org.gradle.api.internal.classpath.DefaultModuleRegistry$DefaultModule           : loaded 2 times (x 84B)
Class org.gradle.api.internal.classpath.Module                                        : loaded 2 times (x 68B)
Class org.gradle.api.internal.classpath.UnknownModuleException                        : loaded 2 times (x 80B)
Class jdk.internal.jimage.ImageHeader                                                 : loaded 2 times (x 69B)
Class org.gradle.api.internal.DefaultClassPathRegistry                                : loaded 2 times (x 74B)
Class org.gradle.api.internal.ClassPathRegistry                                       : loaded 2 times (x 68B)
Class org.gradle.internal.classpath.DefaultClassPath$ImmutableUniqueList              : loaded 2 times (x 197B)
Class jdk.internal.jimage.decompressor.ResourceDecompressor                           : loaded 2 times (x 68B)
Class org.gradle.internal.classloader.FilteringClassLoader                            : loaded 2 times (x 103B)
Class Settings_gradle$1                                                               : loaded 2 times (x 72B)
Class org.gradle.internal.classpath.ClassPath                                         : loaded 2 times (x 68B)
Class org.gradle.api.UncheckedIOException                                             : loaded 2 times (x 80B)
Class jdk.internal.jimage.ImageStringsReader                                          : loaded 2 times (x 78B)
Class ijKotlinCoroutineJvmDebugInit1_b49tkz50kr2ncprwnif5bx6d6$_run_closure1          : loaded 2 times (x 137B)
Class jdk.internal.jimage.ImageReader                                                 : loaded 2 times (x 73B)
Class jdk.internal.jimage.ImageReader$SharedImageReader                               : loaded 2 times (x 93B)
Class org.gradle.internal.installation.GradleInstallation$1                           : loaded 2 times (x 73B)
Class org.gradle.api.internal.classpath.ModuleRegistry                                : loaded 2 times (x 68B)
Class jdk.internal.jimage.decompressor.ResourceDecompressorFactory                    : loaded 2 times (x 72B)
Class jdk.internal.jimage.ImageReader$Node                                            : loaded 2 times (x 82B)
Class org.gradle.api.internal.classpath.DefaultModuleRegistry                         : loaded 2 times (x 84B)
Class jdk.internal.jimage.BasicImageReader$1                                          : loaded 2 times (x 75B)
Class jdk.internal.jimage.decompressor.Decompressor                                   : loaded 2 times (x 70B)
Class jdk.internal.jimage.ImageReader$Resource                                        : loaded 2 times (x 82B)
Class org.gradle.internal.service.ServiceLookupException                              : loaded 2 times (x 80B)
Class jdk.internal.jrtfs.JrtFileAttributes                                            : loaded 2 times (x 81B)
Class org.gradle.internal.classloader.ClassLoaderFactory                              : loaded 2 times (x 68B)
Class org.gradle.internal.service.CachingServiceLocator                               : loaded 2 times (x 80B)
Class jdk.internal.jimage.ImageBufferCache                                            : loaded 2 times (x 69B)
Class jdk.internal.jrtfs.JrtPath                                                      : loaded 2 times (x 116B)
Class org.gradle.internal.classloader.ClasspathUtil                                   : loaded 2 times (x 69B)
Class org.gradle.api.specs.Spec                                                       : loaded 2 times (x 68B)
Class jdk.internal.jimage.ImageReader$SharedImageReader$LocationVisitor               : loaded 2 times (x 68B)
Class jdk.internal.jimage.decompressor.ResourceDecompressorRepository                 : loaded 2 times (x 69B)
Class jdk.internal.jimage.ImageReader$Directory                                       : loaded 2 times (x 82B)
Class org.gradle.internal.classloader.VisitableURLClassLoader$InstrumentingVisitableURLClassLoader: loaded 2 times (x 121B)
Class org.gradle.internal.classloader.VisitableURLClassLoader$Spec                    : loaded 2 times (x 72B)
Class org.gradle.internal.classpath.DefaultClassPath                                  : loaded 2 times (x 88B)
Class jdk.internal.jimage.decompressor.ZipDecompressorFactory                         : loaded 2 times (x 72B)
Class org.gradle.internal.classloader.ClassLoaderSpec                                 : loaded 2 times (x 69B)
Class Settings_gradle$1$1                                                             : loaded 2 times (x 72B)
Class org.gradle.internal.classloader.VisitableURLClassLoader                         : loaded 2 times (x 115B)
Class Settings_gradle                                                                 : loaded 2 times (x 126B)
Class org.gradle.internal.Cast                                                        : loaded 2 times (x 69B)
Class org.gradle.api.Action                                                           : loaded 2 times (x 68B)
Class jdk.internal.jimage.decompressor.ZipDecompressor                                : loaded 2 times (x 73B)
Class org.gradle.internal.classpath.DefaultClassPath$ImmutableUniqueList$Builder      : loaded 2 times (x 73B)
Class org.gradle.api.GradleException                                                  : loaded 2 times (x 80B)
Class jdk.internal.jimage.ImageStrings                                                : loaded 2 times (x 68B)
Class org.gradle.internal.IoActions                                                   : loaded 2 times (x 69B)
Class org.gradle.internal.classloader.SystemClassLoaderSpec                           : loaded 2 times (x 69B)
Class jdk.internal.jrtfs.JrtFileSystem                                                : loaded 2 times (x 100B)
Class jdk.internal.jimage.decompressor.CompressedResourceHeader                       : loaded 2 times (x 69B)
Class ijJvmDebugger1_88lzjr69eng4k5ojcdocl394u$_run_closure1                          : loaded 2 times (x 137B)
Class ijJvmDebugger1_88lzjr69eng4k5ojcdocl394u                                        : loaded 2 times (x 177B)
Class org.gradle.api.internal.classpath.GlobalCacheRootsProvider                      : loaded 2 times (x 68B)
Class ijKotlinCoroutineJvmDebugInit1_b49tkz50kr2ncprwnif5bx6d6                        : loaded 2 times (x 177B)
Class org.gradle.internal.installation.CurrentGradleInstallationLocator               : loaded 2 times (x 69B)
Class org.gradle.internal.service.DefaultServiceLocator                               : loaded 2 times (x 81B)
Class jdk.internal.jrtfs.JrtDirectoryStream                                           : loaded 2 times (x 87B)
Class org.gradle.internal.installation.CurrentGradleInstallation                      : loaded 2 times (x 71B)
Class org.gradle.util.internal.GUtil                                                  : loaded 2 times (x 69B)
Class org.gradle.internal.installation.GradleInstallation                             : loaded 2 times (x 73B)
Class jdk.internal.jimage.decompressor.ResourceDecompressor$StringsProvider           : loaded 2 times (x 68B)

---------------  S Y S T E M  ---------------

OS:
 Windows 11 , 64 bit Build 22621 (10.0.22621.5415)
OS uptime: 0 days 4:39 hours
Hyper-V role detected

CPU: total 12 (initial active 12) (12 cores per cpu, 2 threads per core) family 25 model 80 stepping 0 microcode 0x0, cx8, cmov, fxsr, ht, mmx, 3dnowpref, sse, sse2, sse3, ssse3, sse4a, sse4.1, sse4.2, popcnt, lzcnt, tsc, tscinvbit, avx, avx2, aes, erms, clmul, bmi1, bmi2, adx, sha, fma, vzeroupper, clflush, clflushopt, hv, rdtscp, rdpid, fsrm, f16c, cet_ss
Processor Information for processor 0
  Max Mhz: 2301, Current Mhz: 2010, Mhz Limit: 2301
Processor Information for processor 1
  Max Mhz: 2301, Current Mhz: 2301, Mhz Limit: 2301
Processor Information for processor 2
  Max Mhz: 2301, Current Mhz: 2010, Mhz Limit: 2301
Processor Information for processor 3
  Max Mhz: 2301, Current Mhz: 2010, Mhz Limit: 2301
Processor Information for processor 4
  Max Mhz: 2301, Current Mhz: 2301, Mhz Limit: 2301
Processor Information for processor 5
  Max Mhz: 2301, Current Mhz: 2010, Mhz Limit: 2301
Processor Information for processor 6
  Max Mhz: 2301, Current Mhz: 2010, Mhz Limit: 2301
Processor Information for processor 7
  Max Mhz: 2301, Current Mhz: 2010, Mhz Limit: 2301
Processor Information for processor 8
  Max Mhz: 2301, Current Mhz: 2010, Mhz Limit: 2301
Processor Information for processor 9
  Max Mhz: 2301, Current Mhz: 2010, Mhz Limit: 2301
Processor Information for processor 10
  Max Mhz: 2301, Current Mhz: 2010, Mhz Limit: 2301
Processor Information for processor 11
  Max Mhz: 2301, Current Mhz: 2010, Mhz Limit: 2301

Memory: 4k page, system-wide physical 7520M (340M free)
TotalPageFile size 18720M (AvailPageFile size 205M)
current process WorkingSet (physical memory assigned to process): 476M, peak: 533M
current process commit charge ("private bytes"): 715M, peak: 965M

vm_info: OpenJDK 64-Bit Server VM (21.0.7+-13880790-b1038.58) for windows-amd64 JRE (21.0.7+-13880790-b1038.58), built on 2025-08-04T20:56:21Z by "builder" with MS VC++ 16.10 / 16.11 (VS2019)

END.
