#
# There is insufficient memory for the Java Runtime Environment to continue.
# Native memory allocation (mmap) failed to map 35651584 bytes. Error detail: G1 virtual space
# Possible reasons:
#   The system is out of physical RAM or swap space
#   This process is running with CompressedOops enabled, and the Java Heap may be blocking the growth of the native heap
# Possible solutions:
#   Reduce memory load on the system
#   Increase physical memory or swap space
#   Check if swap backing store is full
#   Decrease Java heap size (-Xmx/-Xms)
#   Decrease number of Java threads
#   Decrease Java thread stack sizes (-Xss)
#   Set larger code cache with -XX:ReservedCodeCacheSize=
#   JVM is running with Zero Based Compressed Oops mode in which the Java heap is
#     placed in the first 32GB address space. The Java Heap base address is the
#     maximum limit for the native heap growth. Please use -XX:HeapBaseMinAddress
#     to set the Java Heap base and to place the Java Heap above 32GB virtual address.
# This output file may be truncated or incomplete.
#
#  Out of Memory Error (os_windows.cpp:3898), pid=172, tid=13176
#
# JRE version: OpenJDK Runtime Environment (21.0.7) (build 21.0.7+-13880790-b1038.58)
# Java VM: OpenJDK 64-Bit Server VM (21.0.7+-13880790-b1038.58, mixed mode, tiered, compressed oops, compressed class ptrs, g1 gc, windows-amd64)
# No core dump will be written. Minidumps are not enabled by default on client versions of Windows
#

---------------  S U M M A R Y ------------

Command Line: --add-opens=java.base/java.lang=ALL-UNNAMED --add-opens=java.base/java.lang.invoke=ALL-UNNAMED --add-opens=java.base/java.util=ALL-UNNAMED --add-opens=java.prefs/java.util.prefs=ALL-UNNAMED --add-exports=jdk.compiler/com.sun.tools.javac.api=ALL-UNNAMED --add-exports=jdk.compiler/com.sun.tools.javac.util=ALL-UNNAMED --add-opens=java.base/java.util=ALL-UNNAMED --add-opens=java.prefs/java.util.prefs=ALL-UNNAMED --add-opens=java.base/java.nio.charset=ALL-UNNAMED --add-opens=java.base/java.net=ALL-UNNAMED --add-opens=java.base/java.util.concurrent.atomic=ALL-UNNAMED --add-opens=java.xml/javax.xml.namespace=ALL-UNNAMED -Xmx4g -Dfile.encoding=UTF-8 -Duser.country=ID -Duser.language=en -Duser.variant -javaagent:C:\Users\ikhwa\.gradle\wrapper\dists\gradle-8.13-bin\5xuhj0ry160q40clulazy9h7d\gradle-8.13\lib\agents\gradle-instrumentation-agent-8.13.jar org.gradle.launcher.daemon.bootstrap.GradleDaemon 8.13

Host: AMD Ryzen 5 5625U with Radeon Graphics         , 12 cores, 7G,  Windows 11 , 64 bit Build 22621 (10.0.22621.5415)
Time: Sat Dec 20 21:56:03 2025 SE Asia Standard Time elapsed time: 8.523832 seconds (0d 0h 0m 8s)

---------------  T H R E A D  ---------------

Current thread (0x000002a4bc0a20f0):  VMThread "VM Thread"          [id=13176, stack(0x000000ca31b00000,0x000000ca31c00000) (1024K)]

Stack: [0x000000ca31b00000,0x000000ca31c00000]
Native frames: (J=compiled Java code, j=interpreted, Vv=VM code, C=native code)
V  [jvm.dll+0x6d25c9]
V  [jvm.dll+0x860923]
V  [jvm.dll+0x862e7e]
V  [jvm.dll+0x863563]
V  [jvm.dll+0x27f156]
V  [jvm.dll+0x6ceee5]
V  [jvm.dll+0x6c29aa]
V  [jvm.dll+0x355ebb]
V  [jvm.dll+0x35db16]
V  [jvm.dll+0x3afb16]
V  [jvm.dll+0x3afde8]
V  [jvm.dll+0x32855c]
V  [jvm.dll+0x3285e7]
V  [jvm.dll+0x36e47c]
V  [jvm.dll+0x36cc2e]
V  [jvm.dll+0x327cb1]
V  [jvm.dll+0x36c330]
V  [jvm.dll+0x8692e8]
V  [jvm.dll+0x86a664]
V  [jvm.dll+0x86aba0]
V  [jvm.dll+0x86ae33]
V  [jvm.dll+0x808d08]
V  [jvm.dll+0x6d0e1d]
C  [ucrtbase.dll+0x29333]
C  [KERNEL32.DLL+0x1259d]
C  [ntdll.dll+0x5af78]

VM_Operation (0x000000ca375fad90): G1CollectForAllocation, mode: safepoint, requested by thread 0x000002a4c45f4ef0


---------------  P R O C E S S  ---------------

Threads class SMR info:
_java_thread_list=0x000002a4c46f19b0, length=87, elements={
0x000002a4a1d4d810, 0x000002a4bc24e350, 0x000002a4bc25c2a0, 0x000002a4bc25cd00,
0x000002a4bc25d760, 0x000002a4bc271290, 0x000002a4bc27d600, 0x000002a4bc286880,
0x000002a4bc28ba40, 0x000002a4bc28c4e0, 0x000002a4bc5974c0, 0x000002a4bc592d70,
0x000002a4bc76fa40, 0x000002a4bc76f3b0, 0x000002a4bc76c5c0, 0x000002a4bc76d970,
0x000002a4bc76e000, 0x000002a4bc76e690, 0x000002a4bc76ed20, 0x000002a4c2affb40,
0x000002a4c2afe100, 0x000002a4c2afee20, 0x000002a4c2b01580, 0x000002a4c2b001d0,
0x000002a4c2afe790, 0x000002a4c2b00860, 0x000002a4c2b00ef0, 0x000002a4c358d010,
0x000002a4c358e3c0, 0x000002a4c35887e0, 0x000002a4c358a220, 0x000002a4c3589500,
0x000002a4c358dd30, 0x000002a4c358af40, 0x000002a4c358ea50, 0x000002a4c3588150,
0x000002a4c358a8b0, 0x000002a4c358bc60, 0x000002a4c358c2f0, 0x000002a4c358c980,
0x000002a4c358d6a0, 0x000002a4c670a140, 0x000002a4c670bb80, 0x000002a4c6709ab0,
0x000002a4c670a7d0, 0x000002a4c67103b0, 0x000002a4c670fd20, 0x000002a4c670c210,
0x000002a4c670e970, 0x000002a4c670cf30, 0x000002a4c670d5c0, 0x000002a4c670dc50,
0x000002a4c67110d0, 0x000002a4c2f9bd90, 0x000002a4c6642f90, 0x000002a4c6644340,
0x000002a4c6645060, 0x000002a4c6645d80, 0x000002a4c6647130, 0x000002a4c66456f0,
0x000002a4c66477c0, 0x000002a4c6647e50, 0x000002a4c66484e0, 0x000002a4c6648b70,
0x000002a4c6646410, 0x000002a4c6641be0, 0x000002a4c6646aa0, 0x000002a4c6649200,
0x000002a4c6642270, 0x000002a4c6642900, 0x000002a4c6643620, 0x000002a4c6643cb0,
0x000002a4c66449d0, 0x000002a4c45f3b40, 0x000002a4c45f2790, 0x000002a4c45f4860,
0x000002a4c45f5580, 0x000002a4c45f2e20, 0x000002a4c45f1a70, 0x000002a4c45f4ef0,
0x000002a4c45f5c10, 0x000002a4c45f62a0, 0x000002a4c45f34b0, 0x000002a4c45f6930,
0x000002a4c45f2100, 0x000002a4c45f06c0, 0x000002a4c45f6fc0
}

Java Threads: ( => current thread )
  0x000002a4a1d4d810 JavaThread "main"                              [_thread_blocked, id=7228, stack(0x000000ca31400000,0x000000ca31500000) (1024K)]
  0x000002a4bc24e350 JavaThread "Common-Cleaner"             daemon [_thread_blocked, id=16448, stack(0x000000ca31c00000,0x000000ca31d00000) (1024K)]
  0x000002a4bc25c2a0 JavaThread "Reference Handler"          daemon [_thread_blocked, id=6080, stack(0x000000ca31d00000,0x000000ca31e00000) (1024K)]
  0x000002a4bc25cd00 JavaThread "Finalizer"                  daemon [_thread_blocked, id=15936, stack(0x000000ca31e00000,0x000000ca31f00000) (1024K)]
  0x000002a4bc25d760 JavaThread "Signal Dispatcher"          daemon [_thread_blocked, id=7144, stack(0x000000ca31f00000,0x000000ca32000000) (1024K)]
  0x000002a4bc271290 JavaThread "Attach Listener"            daemon [_thread_blocked, id=9748, stack(0x000000ca32000000,0x000000ca32100000) (1024K)]
  0x000002a4bc27d600 JavaThread "Service Thread"             daemon [_thread_blocked, id=3132, stack(0x000000ca32100000,0x000000ca32200000) (1024K)]
  0x000002a4bc286880 JavaThread "Monitor Deflation Thread"   daemon [_thread_blocked, id=3152, stack(0x000000ca32200000,0x000000ca32300000) (1024K)]
  0x000002a4bc28ba40 JavaThread "C2 CompilerThread0"         daemon [_thread_blocked, id=5032, stack(0x000000ca32300000,0x000000ca32400000) (1024K)]
  0x000002a4bc28c4e0 JavaThread "C1 CompilerThread0"         daemon [_thread_blocked, id=11180, stack(0x000000ca32400000,0x000000ca32500000) (1024K)]
  0x000002a4bc5974c0 JavaThread "Notification Thread"        daemon [_thread_blocked, id=8468, stack(0x000000ca32500000,0x000000ca32600000) (1024K)]
  0x000002a4bc592d70 JavaThread "C2 CompilerThread1"         daemon [_thread_blocked, id=2052, stack(0x000000ca32600000,0x000000ca32700000) (1024K)]
  0x000002a4bc76fa40 JavaThread "Daemon health stats"               [_thread_blocked, id=16596, stack(0x000000ca32c00000,0x000000ca32d00000) (1024K)]
  0x000002a4bc76f3b0 JavaThread "Incoming local TCP Connector on port 17696"        [_thread_in_native, id=15692, stack(0x000000ca32d00000,0x000000ca32e00000) (1024K)]
  0x000002a4bc76c5c0 JavaThread "Daemon periodic checks"            [_thread_blocked, id=16488, stack(0x000000ca32e00000,0x000000ca32f00000) (1024K)]
  0x000002a4bc76d970 JavaThread "Daemon"                            [_thread_blocked, id=6200, stack(0x000000ca32f00000,0x000000ca33000000) (1024K)]
  0x000002a4bc76e000 JavaThread "Handler for socket connection from /127.0.0.1:17696 to /127.0.0.1:17697"        [_thread_in_native, id=11016, stack(0x000000ca33000000,0x000000ca33100000) (1024K)]
  0x000002a4bc76e690 JavaThread "Cancel handler"                    [_thread_blocked, id=6724, stack(0x000000ca33600000,0x000000ca33700000) (1024K)]
  0x000002a4bc76ed20 JavaThread "Daemon worker"                     [_thread_blocked, id=12200, stack(0x000000ca33700000,0x000000ca33800000) (1024K)]
  0x000002a4c2affb40 JavaThread "Asynchronous log dispatcher for DefaultDaemonConnection: socket connection from /127.0.0.1:17696 to /127.0.0.1:17697"        [_thread_blocked, id=13796, stack(0x000000ca33800000,0x000000ca33900000) (1024K)]
  0x000002a4c2afe100 JavaThread "Stdin handler"                     [_thread_blocked, id=12232, stack(0x000000ca33900000,0x000000ca33a00000) (1024K)]
  0x000002a4c2afee20 JavaThread "Daemon client event forwarder"        [_thread_blocked, id=13452, stack(0x000000ca33a00000,0x000000ca33b00000) (1024K)]
  0x000002a4c2b01580 JavaThread "Cache worker for journal cache (C:\Users\ikhwa\.gradle\caches\journal-1)"        [_thread_blocked, id=2560, stack(0x000000ca33d00000,0x000000ca33e00000) (1024K)]
  0x000002a4c2b001d0 JavaThread "File lock request listener"        [_thread_in_native, id=12636, stack(0x000000ca33e00000,0x000000ca33f00000) (1024K)]
  0x000002a4c2afe790 JavaThread "Cache worker for file hash cache (C:\Users\ikhwa\.gradle\caches\8.13\fileHashes)"        [_thread_blocked, id=9820, stack(0x000000ca33f00000,0x000000ca34000000) (1024K)]
  0x000002a4c2b00860 JavaThread "Cache worker for file hash cache (D:\Andalib_PTB\.gradle\8.13\fileHashes)"        [_thread_blocked, id=16892, stack(0x000000ca34000000,0x000000ca34100000) (1024K)]
  0x000002a4c2b00ef0 JavaThread "Cache worker for Build Output Cleanup Cache (D:\Andalib_PTB\.gradle\buildOutputCleanup)"        [_thread_blocked, id=16340, stack(0x000000ca34100000,0x000000ca34200000) (1024K)]
  0x000002a4c358d010 JavaThread "File watcher server"        daemon [_thread_in_native, id=10216, stack(0x000000ca34200000,0x000000ca34300000) (1024K)]
  0x000002a4c358e3c0 JavaThread "File watcher consumer"      daemon [_thread_blocked, id=2228, stack(0x000000ca34300000,0x000000ca34400000) (1024K)]
  0x000002a4c35887e0 JavaThread "jar transforms"                    [_thread_blocked, id=12016, stack(0x000000ca34400000,0x000000ca34500000) (1024K)]
  0x000002a4c358a220 JavaThread "jar transforms Thread 2"           [_thread_blocked, id=11192, stack(0x000000ca34500000,0x000000ca34600000) (1024K)]
  0x000002a4c3589500 JavaThread "Cache worker for checksums cache (D:\Andalib_PTB\.gradle\8.13\checksums)"        [_thread_blocked, id=5568, stack(0x000000ca34600000,0x000000ca34700000) (1024K)]
  0x000002a4c358dd30 JavaThread "Cache worker for file content cache (C:\Users\ikhwa\.gradle\caches\8.13\fileContent)"        [_thread_blocked, id=11660, stack(0x000000ca34700000,0x000000ca34800000) (1024K)]
  0x000002a4c358af40 JavaThread "jar transforms Thread 3"           [_thread_blocked, id=12260, stack(0x000000ca34800000,0x000000ca34900000) (1024K)]
  0x000002a4c358ea50 JavaThread "Cache worker for cache directory md-supplier (C:\Users\ikhwa\.gradle\caches\8.13\md-supplier)"        [_thread_blocked, id=14932, stack(0x000000ca34900000,0x000000ca34a00000) (1024K)]
  0x000002a4c3588150 JavaThread "Cache worker for cache directory md-rule (C:\Users\ikhwa\.gradle\caches\8.13\md-rule)"        [_thread_blocked, id=11240, stack(0x000000ca34a00000,0x000000ca34b00000) (1024K)]
  0x000002a4c358a8b0 JavaThread "Unconstrained build operations"        [_thread_blocked, id=11532, stack(0x000000ca34b00000,0x000000ca34c00000) (1024K)]
  0x000002a4c358bc60 JavaThread "Unconstrained build operations Thread 2"        [_thread_blocked, id=15868, stack(0x000000ca34c00000,0x000000ca34d00000) (1024K)]
  0x000002a4c358c2f0 JavaThread "Unconstrained build operations Thread 3"        [_thread_blocked, id=8216, stack(0x000000ca34d00000,0x000000ca34e00000) (1024K)]
  0x000002a4c358c980 JavaThread "Unconstrained build operations Thread 4"        [_thread_blocked, id=16744, stack(0x000000ca34e00000,0x000000ca34f00000) (1024K)]
  0x000002a4c358d6a0 JavaThread "Unconstrained build operations Thread 5"        [_thread_blocked, id=16476, stack(0x000000ca34f00000,0x000000ca35000000) (1024K)]
  0x000002a4c670a140 JavaThread "Unconstrained build operations Thread 6"        [_thread_blocked, id=7544, stack(0x000000ca35000000,0x000000ca35100000) (1024K)]
  0x000002a4c670bb80 JavaThread "Unconstrained build operations Thread 7"        [_thread_blocked, id=11904, stack(0x000000ca35100000,0x000000ca35200000) (1024K)]
  0x000002a4c6709ab0 JavaThread "Unconstrained build operations Thread 8"        [_thread_blocked, id=8484, stack(0x000000ca35200000,0x000000ca35300000) (1024K)]
  0x000002a4c670a7d0 JavaThread "jar transforms Thread 4"           [_thread_blocked, id=7636, stack(0x000000ca35300000,0x000000ca35400000) (1024K)]
  0x000002a4c67103b0 JavaThread "jar transforms Thread 5"           [_thread_blocked, id=13844, stack(0x000000ca35400000,0x000000ca35500000) (1024K)]
  0x000002a4c670fd20 JavaThread "Unconstrained build operations Thread 9"        [_thread_blocked, id=9544, stack(0x000000ca35500000,0x000000ca35600000) (1024K)]
  0x000002a4c670c210 JavaThread "Unconstrained build operations Thread 10"        [_thread_blocked, id=16924, stack(0x000000ca35600000,0x000000ca35700000) (1024K)]
  0x000002a4c670e970 JavaThread "Unconstrained build operations Thread 11"        [_thread_blocked, id=3996, stack(0x000000ca35700000,0x000000ca35800000) (1024K)]
  0x000002a4c670cf30 JavaThread "Unconstrained build operations Thread 12"        [_thread_blocked, id=3760, stack(0x000000ca35800000,0x000000ca35900000) (1024K)]
  0x000002a4c670d5c0 JavaThread "jar transforms Thread 6"           [_thread_blocked, id=10988, stack(0x000000ca35900000,0x000000ca35a00000) (1024K)]
  0x000002a4c670dc50 JavaThread "jar transforms Thread 7"           [_thread_blocked, id=7976, stack(0x000000ca35a00000,0x000000ca35b00000) (1024K)]
  0x000002a4c67110d0 JavaThread "jar transforms Thread 8"           [_thread_blocked, id=12544, stack(0x000000ca35b00000,0x000000ca35c00000) (1024K)]
  0x000002a4c2f9bd90 JavaThread "C2 CompilerThread2"         daemon [_thread_blocked, id=8228, stack(0x000000ca32700000,0x000000ca32800000) (1024K)]
  0x000002a4c6642f90 JavaThread "Unconstrained build operations Thread 13"        [_thread_blocked, id=12720, stack(0x000000ca35c00000,0x000000ca35d00000) (1024K)]
  0x000002a4c6644340 JavaThread "Unconstrained build operations Thread 14"        [_thread_blocked, id=17072, stack(0x000000ca35d00000,0x000000ca35e00000) (1024K)]
  0x000002a4c6645060 JavaThread "Unconstrained build operations Thread 15"        [_thread_blocked, id=5860, stack(0x000000ca35e00000,0x000000ca35f00000) (1024K)]
  0x000002a4c6645d80 JavaThread "Unconstrained build operations Thread 16"        [_thread_blocked, id=13248, stack(0x000000ca35f00000,0x000000ca36000000) (1024K)]
  0x000002a4c6647130 JavaThread "Unconstrained build operations Thread 17"        [_thread_blocked, id=5040, stack(0x000000ca36000000,0x000000ca36100000) (1024K)]
  0x000002a4c66456f0 JavaThread "Unconstrained build operations Thread 18"        [_thread_blocked, id=8208, stack(0x000000ca36100000,0x000000ca36200000) (1024K)]
  0x000002a4c66477c0 JavaThread "Unconstrained build operations Thread 19"        [_thread_blocked, id=3848, stack(0x000000ca36200000,0x000000ca36300000) (1024K)]
  0x000002a4c6647e50 JavaThread "Unconstrained build operations Thread 20"        [_thread_blocked, id=2224, stack(0x000000ca36300000,0x000000ca36400000) (1024K)]
  0x000002a4c66484e0 JavaThread "Unconstrained build operations Thread 21"        [_thread_blocked, id=12836, stack(0x000000ca36400000,0x000000ca36500000) (1024K)]
  0x000002a4c6648b70 JavaThread "Unconstrained build operations Thread 22"        [_thread_blocked, id=12252, stack(0x000000ca36500000,0x000000ca36600000) (1024K)]
  0x000002a4c6646410 JavaThread "Unconstrained build operations Thread 23"        [_thread_blocked, id=6864, stack(0x000000ca36600000,0x000000ca36700000) (1024K)]
  0x000002a4c6641be0 JavaThread "Unconstrained build operations Thread 24"        [_thread_blocked, id=3124, stack(0x000000ca36700000,0x000000ca36800000) (1024K)]
  0x000002a4c6646aa0 JavaThread "Unconstrained build operations Thread 25"        [_thread_blocked, id=14404, stack(0x000000ca36800000,0x000000ca36900000) (1024K)]
  0x000002a4c6649200 JavaThread "Unconstrained build operations Thread 26"        [_thread_blocked, id=14744, stack(0x000000ca36900000,0x000000ca36a00000) (1024K)]
  0x000002a4c6642270 JavaThread "Unconstrained build operations Thread 27"        [_thread_blocked, id=10300, stack(0x000000ca36a00000,0x000000ca36b00000) (1024K)]
  0x000002a4c6642900 JavaThread "Unconstrained build operations Thread 28"        [_thread_blocked, id=16444, stack(0x000000ca36b00000,0x000000ca36c00000) (1024K)]
  0x000002a4c6643620 JavaThread "Unconstrained build operations Thread 29"        [_thread_blocked, id=6784, stack(0x000000ca36c00000,0x000000ca36d00000) (1024K)]
  0x000002a4c6643cb0 JavaThread "Unconstrained build operations Thread 30"        [_thread_blocked, id=16644, stack(0x000000ca36d00000,0x000000ca36e00000) (1024K)]
  0x000002a4c66449d0 JavaThread "Unconstrained build operations Thread 31"        [_thread_blocked, id=15996, stack(0x000000ca36e00000,0x000000ca36f00000) (1024K)]
  0x000002a4c45f3b40 JavaThread "Unconstrained build operations Thread 32"        [_thread_blocked, id=17240, stack(0x000000ca36f00000,0x000000ca37000000) (1024K)]
  0x000002a4c45f2790 JavaThread "Unconstrained build operations Thread 33"        [_thread_blocked, id=8604, stack(0x000000ca37000000,0x000000ca37100000) (1024K)]
  0x000002a4c45f4860 JavaThread "Unconstrained build operations Thread 34"        [_thread_blocked, id=11496, stack(0x000000ca37100000,0x000000ca37200000) (1024K)]
  0x000002a4c45f5580 JavaThread "Unconstrained build operations Thread 35"        [_thread_blocked, id=3256, stack(0x000000ca37200000,0x000000ca37300000) (1024K)]
  0x000002a4c45f2e20 JavaThread "Unconstrained build operations Thread 36"        [_thread_blocked, id=5084, stack(0x000000ca37300000,0x000000ca37400000) (1024K)]
  0x000002a4c45f1a70 JavaThread "Unconstrained build operations Thread 37"        [_thread_blocked, id=9800, stack(0x000000ca37400000,0x000000ca37500000) (1024K)]
  0x000002a4c45f4ef0 JavaThread "Unconstrained build operations Thread 38"        [_thread_blocked, id=6588, stack(0x000000ca37500000,0x000000ca37600000) (1024K)]
  0x000002a4c45f5c10 JavaThread "Unconstrained build operations Thread 39"        [_thread_blocked, id=16844, stack(0x000000ca37600000,0x000000ca37700000) (1024K)]
  0x000002a4c45f62a0 JavaThread "Unconstrained build operations Thread 40"        [_thread_blocked, id=5528, stack(0x000000ca37700000,0x000000ca37800000) (1024K)]
  0x000002a4c45f34b0 JavaThread "Unconstrained build operations Thread 41"        [_thread_blocked, id=8916, stack(0x000000ca37800000,0x000000ca37900000) (1024K)]
  0x000002a4c45f6930 JavaThread "Unconstrained build operations Thread 42"        [_thread_blocked, id=9448, stack(0x000000ca37900000,0x000000ca37a00000) (1024K)]
  0x000002a4c45f2100 JavaThread "Unconstrained build operations Thread 43"        [_thread_blocked, id=2316, stack(0x000000ca37a00000,0x000000ca37b00000) (1024K)]
  0x000002a4c45f06c0 JavaThread "Unconstrained build operations Thread 44"        [_thread_blocked, id=15764, stack(0x000000ca37b00000,0x000000ca37c00000) (1024K)]
  0x000002a4c45f6fc0 JavaThread "Unconstrained build operations Thread 45"        [_thread_blocked, id=15664, stack(0x000000ca37c00000,0x000000ca37d00000) (1024K)]
Total: 87

Other Threads:
=>0x000002a4bc0a20f0 VMThread "VM Thread"                           [id=13176, stack(0x000000ca31b00000,0x000000ca31c00000) (1024K)]
  0x000002a4bc040f80 WatcherThread "VM Periodic Task Thread"        [id=11944, stack(0x000000ca31a00000,0x000000ca31b00000) (1024K)]
  0x000002a4a1db7050 WorkerThread "GC Thread#0"                     [id=10816, stack(0x000000ca31500000,0x000000ca31600000) (1024K)]
  0x000002a4bc79f1e0 WorkerThread "GC Thread#1"                     [id=2060, stack(0x000000ca32800000,0x000000ca32900000) (1024K)]
  0x000002a4bc700f40 WorkerThread "GC Thread#2"                     [id=1660, stack(0x000000ca32900000,0x000000ca32a00000) (1024K)]
  0x000002a4c1a5b6d0 WorkerThread "GC Thread#3"                     [id=10604, stack(0x000000ca32a00000,0x000000ca32b00000) (1024K)]
  0x000002a4c14157f0 WorkerThread "GC Thread#4"                     [id=2176, stack(0x000000ca32b00000,0x000000ca32c00000) (1024K)]
  0x000002a4c25dc230 WorkerThread "GC Thread#5"                     [id=15152, stack(0x000000ca33100000,0x000000ca33200000) (1024K)]
  0x000002a4c25dc970 WorkerThread "GC Thread#6"                     [id=3380, stack(0x000000ca33200000,0x000000ca33300000) (1024K)]
  0x000002a4c25dd0b0 WorkerThread "GC Thread#7"                     [id=17084, stack(0x000000ca33300000,0x000000ca33400000) (1024K)]
  0x000002a4c25dbe90 WorkerThread "GC Thread#8"                     [id=2496, stack(0x000000ca33400000,0x000000ca33500000) (1024K)]
  0x000002a4c25dd450 WorkerThread "GC Thread#9"                     [id=7548, stack(0x000000ca33500000,0x000000ca33600000) (1024K)]
  0x000002a4a1dc8030 ConcurrentGCThread "G1 Main Marker"            [id=5760, stack(0x000000ca31600000,0x000000ca31700000) (1024K)]
  0x000002a4a1dc8ca0 WorkerThread "G1 Conc#0"                       [id=16972, stack(0x000000ca31700000,0x000000ca31800000) (1024K)]
  0x000002a4c25dcd10 WorkerThread "G1 Conc#1"                       [id=9480, stack(0x000000ca33b00000,0x000000ca33c00000) (1024K)]
  0x000002a4c25dbaf0 WorkerThread "G1 Conc#2"                       [id=10656, stack(0x000000ca33c00000,0x000000ca33d00000) (1024K)]
  0x000002a4bbf12140 ConcurrentGCThread "G1 Refine#0"               [id=12160, stack(0x000000ca31800000,0x000000ca31900000) (1024K)]
  0x000002a4bbf12960 ConcurrentGCThread "G1 Service"                [id=2460, stack(0x000000ca31900000,0x000000ca31a00000) (1024K)]
Total: 18

Threads with active compile tasks:
C2 CompilerThread0  8547 8386       4       org.gradle.api.internal.cache.StringInterner::intern (9 bytes)
C2 CompilerThread1  8547 8457       4       java.math.BigInteger::makePositive (259 bytes)
C2 CompilerThread2  8547 8383       4       com.google.common.collect.Interners$InternerImpl::intern (54 bytes)
Total: 3

VM state: at safepoint (normal execution)

VM Mutex/Monitor currently owned by a thread:  ([mutex/lock_event])
[0x00007ffefe561468] Threads_lock - owner thread: 0x000002a4bc0a20f0
[0x00007ffefe561568] Heap_lock - owner thread: 0x000002a4c45f4ef0

Heap address: 0x0000000700000000, size: 4096 MB, Compressed Oops mode: Zero based, Oop shift amount: 3

CDS archive(s) not mapped
Compressed class space mapped at: 0x0000000800000000-0x0000000840000000, reserved size: 1073741824
Narrow klass base: 0x0000000800000000, Narrow klass shift: 0, Narrow klass range: 0x40000000

GC Precious Log:
 CardTable entry size: 512
 Card Set container configuration: InlinePtr #cards 4 size 8 Array Of Cards #cards 16 size 48 Howl #buckets 8 coarsen threshold 3686 Howl Bitmap #cards 512 size 80 coarsen threshold 460 Card regions per heap region 1 cards per card region 4096
 CPUs: 12 total, 12 available
 Memory: 7520M
 Large Page Support: Disabled
 NUMA Support: Disabled
 Compressed Oops: Enabled (Zero based)
 Heap Region Size: 2M
 Heap Min Capacity: 8M
 Heap Initial Capacity: 118M
 Heap Max Capacity: 4G
 Pre-touch: Disabled
 Parallel Workers: 10
 Concurrent Workers: 3
 Concurrent Refinement Workers: 10
 Periodic GC: Disabled

Heap:
 garbage-first heap   total 120832K, used 54334K [0x0000000700000000, 0x0000000800000000)
  region size 2048K, 2 young (4096K), 2 survivors (4096K)
 Metaspace       used 72289K, committed 74048K, reserved 1114112K
  class space    used 9970K, committed 10816K, reserved 1048576K

Heap Regions: E=young(eden), S=young(survivor), O=old, HS=humongous(starts), HC=humongous(continues), CS=collection set, F=free, TAMS=top-at-mark-start, PB=parsable bottom
|   0|0x0000000700000000, 0x0000000700200000, 0x0000000700200000|100%|HS|  |TAMS 0x0000000700000000| PB 0x0000000700000000| Complete 
|   1|0x0000000700200000, 0x0000000700400000, 0x0000000700400000|100%|HC|  |TAMS 0x0000000700200000| PB 0x0000000700200000| Complete 
|   2|0x0000000700400000, 0x0000000700600000, 0x0000000700600000|100%| O|  |TAMS 0x0000000700400000| PB 0x0000000700400000| Untracked 
|   3|0x0000000700600000, 0x0000000700800000, 0x0000000700800000|100%| O|  |TAMS 0x0000000700600000| PB 0x0000000700600000| Untracked 
|   4|0x0000000700800000, 0x0000000700a00000, 0x0000000700a00000|100%| O|  |TAMS 0x0000000700800000| PB 0x0000000700800000| Untracked 
|   5|0x0000000700a00000, 0x0000000700c00000, 0x0000000700c00000|100%| O|  |TAMS 0x0000000700a00000| PB 0x0000000700a00000| Untracked 
|   6|0x0000000700c00000, 0x0000000700e00000, 0x0000000700e00000|100%| O|  |TAMS 0x0000000700c00000| PB 0x0000000700c00000| Untracked 
|   7|0x0000000700e00000, 0x0000000701000000, 0x0000000701000000|100%| O|  |TAMS 0x0000000700e00000| PB 0x0000000700e00000| Untracked 
|   8|0x0000000701000000, 0x0000000701200000, 0x0000000701200000|100%| O|  |TAMS 0x0000000701000000| PB 0x0000000701000000| Untracked 
|   9|0x0000000701200000, 0x0000000701400000, 0x0000000701400000|100%| O|  |TAMS 0x0000000701200000| PB 0x0000000701200000| Untracked 
|  10|0x0000000701400000, 0x0000000701600000, 0x0000000701600000|100%| O|  |TAMS 0x0000000701400000| PB 0x0000000701400000| Untracked 
|  11|0x0000000701600000, 0x0000000701800000, 0x0000000701800000|100%| O|  |TAMS 0x0000000701600000| PB 0x0000000701600000| Untracked 
|  12|0x0000000701800000, 0x0000000701a00000, 0x0000000701a00000|100%| O|  |TAMS 0x0000000701800000| PB 0x0000000701800000| Untracked 
|  13|0x0000000701a00000, 0x0000000701c00000, 0x0000000701c00000|100%| O|  |TAMS 0x0000000701a00000| PB 0x0000000701a00000| Untracked 
|  14|0x0000000701c00000, 0x0000000701e00000, 0x0000000701e00000|100%| O|  |TAMS 0x0000000701c00000| PB 0x0000000701c00000| Untracked 
|  15|0x0000000701e00000, 0x0000000702000000, 0x0000000702000000|100%| O|  |TAMS 0x0000000701e00000| PB 0x0000000701e00000| Untracked 
|  16|0x0000000702000000, 0x0000000702200000, 0x0000000702200000|100%| O|  |TAMS 0x0000000702000000| PB 0x0000000702000000| Untracked 
|  17|0x0000000702200000, 0x0000000702200000, 0x0000000702400000|  0%| F|  |TAMS 0x0000000702200000| PB 0x0000000702200000| Untracked 
|  18|0x0000000702400000, 0x0000000702600000, 0x0000000702600000|100%| O|  |TAMS 0x0000000702400000| PB 0x0000000702400000| Untracked 
|  19|0x0000000702600000, 0x0000000702800000, 0x0000000702800000|100%| O|  |TAMS 0x0000000702600000| PB 0x0000000702600000| Untracked 
|  20|0x0000000702800000, 0x0000000702a00000, 0x0000000702a00000|100%| O|  |TAMS 0x0000000702800000| PB 0x0000000702800000| Untracked 
|  21|0x0000000702a00000, 0x0000000702be42b8, 0x0000000702c00000| 94%| O|  |TAMS 0x0000000702a00000| PB 0x0000000702a00000| Untracked 
|  22|0x0000000702c00000, 0x0000000702e00000, 0x0000000702e00000|100%| O|  |TAMS 0x0000000702c00000| PB 0x0000000702c00000| Untracked 
|  23|0x0000000702e00000, 0x0000000703000000, 0x0000000703000000|100%| O|  |TAMS 0x0000000702e00000| PB 0x0000000702e00000| Untracked 
|  24|0x0000000703000000, 0x0000000703200000, 0x0000000703200000|100%| O|  |TAMS 0x0000000703000000| PB 0x0000000703000000| Untracked 
|  25|0x0000000703200000, 0x0000000703400000, 0x0000000703400000|100%| O|  |TAMS 0x0000000703200000| PB 0x0000000703200000| Untracked 
|  26|0x0000000703400000, 0x0000000703400000, 0x0000000703600000|  0%| F|  |TAMS 0x0000000703400000| PB 0x0000000703400000| Untracked 
|  27|0x0000000703600000, 0x0000000703600000, 0x0000000703800000|  0%| F|  |TAMS 0x0000000703600000| PB 0x0000000703600000| Untracked 
|  28|0x0000000703800000, 0x000000070392b5f8, 0x0000000703a00000| 58%| S|CS|TAMS 0x0000000703800000| PB 0x0000000703800000| Complete 
|  29|0x0000000703a00000, 0x0000000703c00000, 0x0000000703c00000|100%| S|CS|TAMS 0x0000000703a00000| PB 0x0000000703a00000| Complete 
|  30|0x0000000703c00000, 0x0000000703c00000, 0x0000000703e00000|  0%| F|  |TAMS 0x0000000703c00000| PB 0x0000000703c00000| Untracked 
|  31|0x0000000703e00000, 0x0000000703e00000, 0x0000000704000000|  0%| F|  |TAMS 0x0000000703e00000| PB 0x0000000703e00000| Untracked 
|  32|0x0000000704000000, 0x0000000704000000, 0x0000000704200000|  0%| F|  |TAMS 0x0000000704000000| PB 0x0000000704000000| Untracked 
|  33|0x0000000704200000, 0x0000000704200000, 0x0000000704400000|  0%| F|  |TAMS 0x0000000704200000| PB 0x0000000704200000| Untracked 
|  34|0x0000000704400000, 0x0000000704400000, 0x0000000704600000|  0%| F|  |TAMS 0x0000000704400000| PB 0x0000000704400000| Untracked 
|  35|0x0000000704600000, 0x0000000704600000, 0x0000000704800000|  0%| F|  |TAMS 0x0000000704600000| PB 0x0000000704600000| Untracked 
|  36|0x0000000704800000, 0x0000000704800000, 0x0000000704a00000|  0%| F|  |TAMS 0x0000000704800000| PB 0x0000000704800000| Untracked 
|  37|0x0000000704a00000, 0x0000000704a00000, 0x0000000704c00000|  0%| F|  |TAMS 0x0000000704a00000| PB 0x0000000704a00000| Untracked 
|  38|0x0000000704c00000, 0x0000000704c00000, 0x0000000704e00000|  0%| F|  |TAMS 0x0000000704c00000| PB 0x0000000704c00000| Untracked 
|  39|0x0000000704e00000, 0x0000000704e00000, 0x0000000705000000|  0%| F|  |TAMS 0x0000000704e00000| PB 0x0000000704e00000| Untracked 
|  40|0x0000000705000000, 0x0000000705000000, 0x0000000705200000|  0%| F|  |TAMS 0x0000000705000000| PB 0x0000000705000000| Untracked 
|  41|0x0000000705200000, 0x0000000705200000, 0x0000000705400000|  0%| F|  |TAMS 0x0000000705200000| PB 0x0000000705200000| Untracked 
|  42|0x0000000705400000, 0x0000000705400000, 0x0000000705600000|  0%| F|  |TAMS 0x0000000705400000| PB 0x0000000705400000| Untracked 
|  43|0x0000000705600000, 0x0000000705600000, 0x0000000705800000|  0%| F|  |TAMS 0x0000000705600000| PB 0x0000000705600000| Untracked 
|  44|0x0000000705800000, 0x0000000705800000, 0x0000000705a00000|  0%| F|  |TAMS 0x0000000705800000| PB 0x0000000705800000| Untracked 
|  45|0x0000000705a00000, 0x0000000705a00000, 0x0000000705c00000|  0%| F|  |TAMS 0x0000000705a00000| PB 0x0000000705a00000| Untracked 
|  46|0x0000000705c00000, 0x0000000705c00000, 0x0000000705e00000|  0%| F|  |TAMS 0x0000000705c00000| PB 0x0000000705c00000| Untracked 
|  47|0x0000000705e00000, 0x0000000705e00000, 0x0000000706000000|  0%| F|  |TAMS 0x0000000705e00000| PB 0x0000000705e00000| Untracked 
|  48|0x0000000706000000, 0x0000000706000000, 0x0000000706200000|  0%| F|  |TAMS 0x0000000706000000| PB 0x0000000706000000| Untracked 
|  49|0x0000000706200000, 0x0000000706200000, 0x0000000706400000|  0%| F|  |TAMS 0x0000000706200000| PB 0x0000000706200000| Untracked 
|  50|0x0000000706400000, 0x0000000706400000, 0x0000000706600000|  0%| F|  |TAMS 0x0000000706400000| PB 0x0000000706400000| Untracked 
|  51|0x0000000706600000, 0x0000000706600000, 0x0000000706800000|  0%| F|  |TAMS 0x0000000706600000| PB 0x0000000706600000| Untracked 
|  52|0x0000000706800000, 0x0000000706800000, 0x0000000706a00000|  0%| F|  |TAMS 0x0000000706800000| PB 0x0000000706800000| Untracked 
|  53|0x0000000706a00000, 0x0000000706a00000, 0x0000000706c00000|  0%| F|  |TAMS 0x0000000706a00000| PB 0x0000000706a00000| Untracked 
|  54|0x0000000706c00000, 0x0000000706c00000, 0x0000000706e00000|  0%| F|  |TAMS 0x0000000706c00000| PB 0x0000000706c00000| Untracked 
|  55|0x0000000706e00000, 0x0000000706e00000, 0x0000000707000000|  0%| F|  |TAMS 0x0000000706e00000| PB 0x0000000706e00000| Untracked 
|  56|0x0000000707000000, 0x0000000707000000, 0x0000000707200000|  0%| F|  |TAMS 0x0000000707000000| PB 0x0000000707000000| Untracked 
|  57|0x0000000707200000, 0x0000000707200000, 0x0000000707400000|  0%| F|  |TAMS 0x0000000707200000| PB 0x0000000707200000| Untracked 
|  58|0x0000000707400000, 0x0000000707400000, 0x0000000707600000|  0%| F|  |TAMS 0x0000000707400000| PB 0x0000000707400000| Untracked 

Card table byte_map: [0x000002a4b4c10000,0x000002a4b5410000] _byte_map_base: 0x000002a4b1410000

Marking Bits: (CMBitMap*) 0x000002a4a1db7750
 Bits: [0x000002a4b5410000, 0x000002a4b9410000)

Polling page: 0x000002a49fb90000

Metaspace:

Usage:
  Non-class:     60.86 MB used.
      Class:      9.74 MB used.
       Both:     70.60 MB used.

Virtual space:
  Non-class space:       64.00 MB reserved,      61.75 MB ( 96%) committed,  1 nodes.
      Class space:        1.00 GB reserved,      10.56 MB (  1%) committed,  1 nodes.
             Both:        1.06 GB reserved,      72.31 MB (  7%) committed. 

Chunk freelists:
   Non-Class:  2.23 MB
       Class:  5.39 MB
        Both:  7.62 MB

MaxMetaspaceSize: unlimited
CompressedClassSpaceSize: 1.00 GB
Initial GC threshold: 21.00 MB
Current GC threshold: 120.44 MB
CDS: off
 - commit_granule_bytes: 65536.
 - commit_granule_words: 8192.
 - virtual_space_node_default_size: 8388608.
 - enlarge_chunks_in_place: 1.
 - use_allocation_guard: 0.


Internal statistics:

num_allocs_failed_limit: 9.
num_arena_births: 3224.
num_arena_deaths: 0.
num_vsnodes_births: 2.
num_vsnodes_deaths: 0.
num_space_committed: 1157.
num_space_uncommitted: 0.
num_chunks_returned_to_freelist: 9.
num_chunks_taken_from_freelist: 6229.
num_chunk_merges: 9.
num_chunk_splits: 4057.
num_chunks_enlarged: 2491.
num_inconsistent_stats: 0.

CodeHeap 'non-profiled nmethods': size=120000Kb used=3947Kb max_used=4461Kb free=116052Kb
 bounds [0x000002a4ac970000, 0x000002a4acdd0000, 0x000002a4b3ea0000]
CodeHeap 'profiled nmethods': size=120000Kb used=13074Kb max_used=13391Kb free=106925Kb
 bounds [0x000002a4a4ea0000, 0x000002a4a5bc0000, 0x000002a4ac3d0000]
CodeHeap 'non-nmethods': size=5760Kb used=2758Kb max_used=2806Kb free=3001Kb
 bounds [0x000002a4ac3d0000, 0x000002a4ac6a0000, 0x000002a4ac970000]
 total_blobs=8074 nmethods=7176 adapters=802
 compilation: enabled
              stopped_count=0, restarted_count=0
 full_count=0

Compilation events (20 events):
Event: 8.507 Thread 0x000002a4bc28c4e0 8444       3       org.gradle.internal.execution.steps.Result::<init> (13 bytes)
Event: 8.508 Thread 0x000002a4bc28c4e0 nmethod 8444 0x000002a4a53f1c90 code [0x000002a4a53f1e40, 0x000002a4a53f2208]
Event: 8.508 Thread 0x000002a4bc28c4e0 8446       3       sun.nio.fs.WindowsSecurityDescriptor::release (75 bytes)
Event: 8.508 Thread 0x000002a4bc28c4e0 nmethod 8446 0x000002a4a5040a10 code [0x000002a4a5040c40, 0x000002a4a5041378]
Event: 8.508 Thread 0x000002a4bc28c4e0 8454       3       java.io.FileDescriptor::setHandle (33 bytes)
Event: 8.508 Thread 0x000002a4bc28c4e0 nmethod 8454 0x000002a4a549ae90 code [0x000002a4a549b040, 0x000002a4a549b2c8]
Event: 8.508 Thread 0x000002a4bc28c4e0 8450       3       sun.nio.cs.StreamDecoder::forInputStreamReader (11 bytes)
Event: 8.508 Thread 0x000002a4bc28c4e0 nmethod 8450 0x000002a4a53e7090 code [0x000002a4a53e7240, 0x000002a4a53e73e0]
Event: 8.508 Thread 0x000002a4bc28c4e0 8452       3       java.io.InputStreamReader::<init> (33 bytes)
Event: 8.509 Thread 0x000002a4bc28c4e0 nmethod 8452 0x000002a4a5359c10 code [0x000002a4a5359e80, 0x000002a4a535aad8]
Event: 8.509 Thread 0x000002a4bc28c4e0 8456   !   3       sun.nio.ch.FileChannelImpl::size (261 bytes)
Event: 8.511 Thread 0x000002a4bc28c4e0 nmethod 8456 0x000002a4a58cb110 code [0x000002a4a58cb440, 0x000002a4a58cc438]
Event: 8.511 Thread 0x000002a4bc592d70 nmethod 8387 0x000002a4ac9d1c10 code [0x000002a4ac9d1f20, 0x000002a4ac9d3648]
Event: 8.511 Thread 0x000002a4bc28c4e0 8455       3       java.nio.ByteBuffer::put (124 bytes)
Event: 8.511 Thread 0x000002a4bc592d70 8457       4       java.math.BigInteger::makePositive (259 bytes)
Event: 8.511 Thread 0x000002a4bc28c4e0 nmethod 8455 0x000002a4a571b810 code [0x000002a4a571ba60, 0x000002a4a571c288]
Event: 8.511 Thread 0x000002a4bc28c4e0 8420       3       org.gradle.api.internal.artifacts.transform.TransformExecutionResult$Builder$MixedInputAndProducedOutputResult$$Lambda/0x000000080082d910::<init> (10 bytes)
Event: 8.511 Thread 0x000002a4bc28c4e0 nmethod 8420 0x000002a4a53e9c90 code [0x000002a4a53e9e40, 0x000002a4a53ea000]
Event: 8.511 Thread 0x000002a4bc28c4e0 8426       3       org.gradle.api.internal.artifacts.transform.TransformExecutionResult$Builder$EntireInputArtifact::resolveForWorkspace (2 bytes)
Event: 8.512 Thread 0x000002a4bc28c4e0 nmethod 8426 0x000002a4a51db410 code [0x000002a4a51db5a0, 0x000002a4a51db6b0]

GC Heap History (20 events):
Event: 6.159 GC heap after
{Heap after GC invocations=14 (full 0):
 garbage-first heap   total 92160K, used 41059K [0x0000000700000000, 0x0000000800000000)
  region size 2048K, 3 young (6144K), 3 survivors (6144K)
 Metaspace       used 57550K, committed 59072K, reserved 1114112K
  class space    used 7848K, committed 8576K, reserved 1048576K
}
Event: 6.364 GC heap before
{Heap before GC invocations=14 (full 0):
 garbage-first heap   total 92160K, used 67683K [0x0000000700000000, 0x0000000800000000)
  region size 2048K, 17 young (34816K), 3 survivors (6144K)
 Metaspace       used 58831K, committed 60288K, reserved 1114112K
  class space    used 8049K, committed 8768K, reserved 1048576K
}
Event: 6.369 GC heap after
{Heap after GC invocations=15 (full 0):
 garbage-first heap   total 92160K, used 42736K [0x0000000700000000, 0x0000000800000000)
  region size 2048K, 1 young (2048K), 1 survivors (2048K)
 Metaspace       used 58831K, committed 60288K, reserved 1114112K
  class space    used 8049K, committed 8768K, reserved 1048576K
}
Event: 6.906 GC heap before
{Heap before GC invocations=16 (full 0):
 garbage-first heap   total 92160K, used 81648K [0x0000000700000000, 0x0000000800000000)
  region size 2048K, 20 young (40960K), 1 survivors (2048K)
 Metaspace       used 64565K, committed 66176K, reserved 1114112K
  class space    used 8879K, committed 9664K, reserved 1048576K
}
Event: 6.909 GC heap after
{Heap after GC invocations=17 (full 0):
 garbage-first heap   total 92160K, used 44082K [0x0000000700000000, 0x0000000800000000)
  region size 2048K, 2 young (4096K), 2 survivors (4096K)
 Metaspace       used 64565K, committed 66176K, reserved 1114112K
  class space    used 8879K, committed 9664K, reserved 1048576K
}
Event: 7.402 GC heap before
{Heap before GC invocations=17 (full 0):
 garbage-first heap   total 92160K, used 78898K [0x0000000700000000, 0x0000000800000000)
  region size 2048K, 20 young (40960K), 2 survivors (4096K)
 Metaspace       used 68887K, committed 70592K, reserved 1114112K
  class space    used 9602K, committed 10432K, reserved 1048576K
}
Event: 7.407 GC heap after
{Heap after GC invocations=18 (full 0):
 garbage-first heap   total 92160K, used 46137K [0x0000000700000000, 0x0000000800000000)
  region size 2048K, 3 young (6144K), 3 survivors (6144K)
 Metaspace       used 68887K, committed 70592K, reserved 1114112K
  class space    used 9602K, committed 10432K, reserved 1048576K
}
Event: 8.021 GC heap before
{Heap before GC invocations=18 (full 0):
 garbage-first heap   total 92160K, used 78905K [0x0000000700000000, 0x0000000800000000)
  region size 2048K, 19 young (38912K), 3 survivors (6144K)
 Metaspace       used 71642K, committed 73344K, reserved 1114112K
  class space    used 9965K, committed 10816K, reserved 1048576K
}
Event: 8.027 GC heap after
{Heap after GC invocations=19 (full 0):
 garbage-first heap   total 92160K, used 49893K [0x0000000700000000, 0x0000000800000000)
  region size 2048K, 3 young (6144K), 3 survivors (6144K)
 Metaspace       used 71642K, committed 73344K, reserved 1114112K
  class space    used 9965K, committed 10816K, reserved 1048576K
}
Event: 8.165 GC heap before
{Heap before GC invocations=19 (full 0):
 garbage-first heap   total 92160K, used 78565K [0x0000000700000000, 0x0000000800000000)
  region size 2048K, 17 young (34816K), 3 survivors (6144K)
 Metaspace       used 71859K, committed 73600K, reserved 1114112K
  class space    used 9970K, committed 10816K, reserved 1048576K
}
Event: 8.171 GC heap after
{Heap after GC invocations=20 (full 0):
 garbage-first heap   total 92160K, used 53066K [0x0000000700000000, 0x0000000800000000)
  region size 2048K, 2 young (4096K), 2 survivors (4096K)
 Metaspace       used 71859K, committed 73600K, reserved 1114112K
  class space    used 9970K, committed 10816K, reserved 1048576K
}
Event: 8.274 GC heap before
{Heap before GC invocations=21 (full 0):
 garbage-first heap   total 92160K, used 81738K [0x0000000700000000, 0x0000000800000000)
  region size 2048K, 16 young (32768K), 2 survivors (4096K)
 Metaspace       used 71976K, committed 73664K, reserved 1114112K
  class space    used 9970K, committed 10816K, reserved 1048576K
}
Event: 8.276 GC heap after
{Heap after GC invocations=22 (full 0):
 garbage-first heap   total 92160K, used 54024K [0x0000000700000000, 0x0000000800000000)
  region size 2048K, 2 young (4096K), 2 survivors (4096K)
 Metaspace       used 71976K, committed 73664K, reserved 1114112K
  class space    used 9970K, committed 10816K, reserved 1048576K
}
Event: 8.336 GC heap before
{Heap before GC invocations=22 (full 0):
 garbage-first heap   total 92160K, used 78600K [0x0000000700000000, 0x0000000800000000)
  region size 2048K, 15 young (30720K), 2 survivors (4096K)
 Metaspace       used 72139K, committed 73856K, reserved 1114112K
  class space    used 9970K, committed 10816K, reserved 1048576K
}
Event: 8.339 GC heap after
{Heap after GC invocations=23 (full 0):
 garbage-first heap   total 92160K, used 53003K [0x0000000700000000, 0x0000000800000000)
  region size 2048K, 2 young (4096K), 2 survivors (4096K)
 Metaspace       used 72139K, committed 73856K, reserved 1114112K
  class space    used 9970K, committed 10816K, reserved 1048576K
}
Event: 8.394 GC heap before
{Heap before GC invocations=23 (full 0):
 garbage-first heap   total 92160K, used 77579K [0x0000000700000000, 0x0000000800000000)
  region size 2048K, 15 young (30720K), 2 survivors (4096K)
 Metaspace       used 72268K, committed 73984K, reserved 1114112K
  class space    used 9970K, committed 10816K, reserved 1048576K
}
Event: 8.397 GC heap after
{Heap after GC invocations=24 (full 0):
 garbage-first heap   total 92160K, used 53661K [0x0000000700000000, 0x0000000800000000)
  region size 2048K, 2 young (4096K), 2 survivors (4096K)
 Metaspace       used 72268K, committed 73984K, reserved 1114112K
  class space    used 9970K, committed 10816K, reserved 1048576K
}
Event: 8.470 GC heap before
{Heap before GC invocations=25 (full 0):
 garbage-first heap   total 92160K, used 78237K [0x0000000700000000, 0x0000000800000000)
  region size 2048K, 15 young (30720K), 2 survivors (4096K)
 Metaspace       used 72282K, committed 73984K, reserved 1114112K
  class space    used 9970K, committed 10816K, reserved 1048576K
}
Event: 8.472 GC heap after
{Heap after GC invocations=26 (full 0):
 garbage-first heap   total 92160K, used 54255K [0x0000000700000000, 0x0000000800000000)
  region size 2048K, 2 young (4096K), 2 survivors (4096K)
 Metaspace       used 72282K, committed 73984K, reserved 1114112K
  class space    used 9970K, committed 10816K, reserved 1048576K
}
Event: 8.519 GC heap before
{Heap before GC invocations=26 (full 0):
 garbage-first heap   total 92160K, used 80879K [0x0000000700000000, 0x0000000800000000)
  region size 2048K, 15 young (30720K), 2 survivors (4096K)
 Metaspace       used 72289K, committed 74048K, reserved 1114112K
  class space    used 9970K, committed 10816K, reserved 1048576K
}

Dll operation events (3 events):
Event: 0.009 Loaded shared library D:\Android Studio\jbr\bin\java.dll
Event: 0.014 Loaded shared library D:\Android Studio\jbr\bin\zip.dll
Event: 0.558 Loaded shared library D:\Android Studio\jbr\bin\verify.dll

Deoptimization events (20 events):
Event: 8.352 Thread 0x000002a4c45f6930 Uncommon trap: trap_request=0xffffffde fr.pc=0x000002a4acd0d91c relative=0x00000000000002dc
Event: 8.352 Thread 0x000002a4c45f6930 Uncommon trap: reason=class_check action=maybe_recompile pc=0x000002a4acd0d91c method=java.util.concurrent.ConcurrentHashMap.get(Ljava/lang/Object;)Ljava/lang/Object; @ 93 c2
Event: 8.352 Thread 0x000002a4c45f6930 DEOPT PACKING pc=0x000002a4acd0d91c sp=0x000000ca379fe0f0
Event: 8.352 Thread 0x000002a4c45f6930 DEOPT UNPACKING pc=0x000002a4ac4246a2 sp=0x000000ca379fe058 mode 2
Event: 8.468 Thread 0x000002a4c45f34b0 Uncommon trap: trap_request=0xffffffd6 fr.pc=0x000002a4acc5804c relative=0x000000000000036c
Event: 8.468 Thread 0x000002a4c45f34b0 Uncommon trap: reason=array_check action=maybe_recompile pc=0x000002a4acc5804c method=com.google.common.collect.ImmutableMap$Builder.put(Ljava/lang/Object;Ljava/lang/Object;)Lcom/google/common/collect/ImmutableMap$Builder; @ 32 c2
Event: 8.468 Thread 0x000002a4c45f34b0 DEOPT PACKING pc=0x000002a4acc5804c sp=0x000000ca378fd1d0
Event: 8.468 Thread 0x000002a4c45f6930 Uncommon trap: trap_request=0xffffffd6 fr.pc=0x000002a4acc5804c relative=0x000000000000036c
Event: 8.468 Thread 0x000002a4c45f6930 Uncommon trap: reason=array_check action=maybe_recompile pc=0x000002a4acc5804c method=com.google.common.collect.ImmutableMap$Builder.put(Ljava/lang/Object;Ljava/lang/Object;)Lcom/google/common/collect/ImmutableMap$Builder; @ 32 c2
Event: 8.468 Thread 0x000002a4c45f34b0 DEOPT UNPACKING pc=0x000002a4ac4246a2 sp=0x000000ca378fd180 mode 2
Event: 8.468 Thread 0x000002a4c45f6930 DEOPT PACKING pc=0x000002a4acc5804c sp=0x000000ca379fd920
Event: 8.468 Thread 0x000002a4c45f34b0 Uncommon trap: trap_request=0xffffffd6 fr.pc=0x000002a4acc5804c relative=0x000000000000036c
Event: 8.468 Thread 0x000002a4c45f34b0 Uncommon trap: reason=array_check action=maybe_recompile pc=0x000002a4acc5804c method=com.google.common.collect.ImmutableMap$Builder.put(Ljava/lang/Object;Ljava/lang/Object;)Lcom/google/common/collect/ImmutableMap$Builder; @ 32 c2
Event: 8.468 Thread 0x000002a4c45f6930 DEOPT UNPACKING pc=0x000002a4ac4246a2 sp=0x000000ca379fd8d0 mode 2
Event: 8.468 Thread 0x000002a4c45f34b0 DEOPT PACKING pc=0x000002a4acc5804c sp=0x000000ca378fd1d0
Event: 8.468 Thread 0x000002a4c45f34b0 DEOPT UNPACKING pc=0x000002a4ac4246a2 sp=0x000000ca378fd180 mode 2
Event: 8.468 Thread 0x000002a4c45f6930 Uncommon trap: trap_request=0xffffffd6 fr.pc=0x000002a4acc5804c relative=0x000000000000036c
Event: 8.468 Thread 0x000002a4c45f6930 Uncommon trap: reason=array_check action=maybe_recompile pc=0x000002a4acc5804c method=com.google.common.collect.ImmutableMap$Builder.put(Ljava/lang/Object;Ljava/lang/Object;)Lcom/google/common/collect/ImmutableMap$Builder; @ 32 c2
Event: 8.468 Thread 0x000002a4c45f6930 DEOPT PACKING pc=0x000002a4acc5804c sp=0x000000ca379fd920
Event: 8.468 Thread 0x000002a4c45f6930 DEOPT UNPACKING pc=0x000002a4ac4246a2 sp=0x000000ca379fd8d0 mode 2

Classes loaded (20 events):
Event: 7.578 Loading class java/io/ObjectInputFilter$Config$BuiltinFilterFactory
Event: 7.578 Loading class java/io/ObjectInputFilter$Config$BuiltinFilterFactory done
Event: 7.578 Loading class jdk/internal/access/JavaObjectInputFilterAccess
Event: 7.578 Loading class jdk/internal/access/JavaObjectInputFilterAccess done
Event: 7.578 Loading class java/lang/System$Logger$Level
Event: 7.578 Loading class java/lang/System$Logger$Level done
Event: 7.579 Loading class jdk/internal/event/DeserializationEvent
Event: 7.579 Loading class jdk/internal/event/DeserializationEvent done
Event: 7.579 Loading class java/io/ObjectInputStream$FieldValues
Event: 7.579 Loading class java/io/ObjectInputStream$GetField
Event: 7.579 Loading class java/io/ObjectInputStream$GetField done
Event: 7.579 Loading class java/io/ObjectInputStream$FieldValues done
Event: 7.927 Loading class java/util/Collections$ReverseComparator
Event: 7.927 Loading class java/util/Collections$ReverseComparator done
Event: 7.927 Loading class java/util/Collections$ReverseComparator2
Event: 7.927 Loading class java/util/Collections$ReverseComparator2 done
Event: 8.000 Loading class java/util/LinkedList$LLSpliterator
Event: 8.000 Loading class java/util/LinkedList$LLSpliterator done
Event: 8.384 Loading class java/lang/foreign/MemorySegment
Event: 8.385 Loading class java/lang/foreign/MemorySegment done

Classes unloaded (0 events):
No events

Classes redefined (0 events):
No events

Internal exceptions (20 events):
Event: 7.215 Thread 0x000002a4bc76ed20 Exception <a 'java/lang/ClassNotFoundException'{0x000000070409c278}: org/gradle/internal/serialize/codecs/core/ClosureCodec$BrokenScriptCustomizer> (0x000000070409c278) 
thrown [s\src\hotspot\share\classfile\systemDictionary.cpp, line 312]
Event: 7.217 Thread 0x000002a4bc76ed20 Exception <a 'java/lang/ClassNotFoundException'{0x00000007040b6558}: org/gradle/api/invocation/GradleBeanInfo> (0x00000007040b6558) 
thrown [s\src\hotspot\share\classfile\systemDictionary.cpp, line 312]
Event: 7.217 Thread 0x000002a4bc76ed20 Exception <a 'java/lang/ClassNotFoundException'{0x00000007040c2568}: org/gradle/api/invocation/GradleCustomizer> (0x00000007040c2568) 
thrown [s\src\hotspot\share\classfile\systemDictionary.cpp, line 312]
Event: 7.219 Thread 0x000002a4bc76ed20 Exception <a 'java/lang/NoSuchMethodError'{0x00000007040e4b68}: 'void java.lang.invoke.Invokers$Holder.invokeExact_MT(java.lang.Object, java.lang.Object, int, java.lang.Object)'> (0x00000007040e4b68) 
thrown [s\src\hotspot\share\interpreter\linkResolver.cpp, line 784]
Event: 7.222 Thread 0x000002a4bc76ed20 Exception <a 'java/lang/NoSuchMethodError'{0x00000007041163f0}: 'void java.lang.invoke.Invokers$Holder.invokeExact_MT(java.lang.Object, java.lang.Object, long, java.lang.Object)'> (0x00000007041163f0) 
thrown [s\src\hotspot\share\interpreter\linkResolver.cpp, line 784]
Event: 7.346 Thread 0x000002a4bc76ed20 Exception <a 'java/lang/NoSuchMethodError'{0x0000000703868358}: 'long java.lang.invoke.DirectMethodHandle$Holder.invokeStatic(java.lang.Object, long)'> (0x0000000703868358) 
thrown [s\src\hotspot\share\interpreter\linkResolver.cpp, line 784]
Event: 7.391 Thread 0x000002a4bc76ed20 Implicit null exception at 0x000002a4acc35a4e to 0x000002a4acc35d90
Event: 7.425 Thread 0x000002a4bc76ed20 Exception <a 'java/lang/NoSuchMethodError'{0x00000007074e8dd8}: 'java.lang.Object java.lang.invoke.DirectMethodHandle$Holder.invokeVirtual(java.lang.Object, java.lang.Object, java.lang.Object, java.lang.Object, java.lang.Object, java.lang.Object, java.lang.Object, java.lang.Object, java.lang.Object, java.lang.Object, java.lang.Object, java.lang.Object, java.lang.Object, java.lang.Object, java.lang.Object, java.lang.Object, java.lang.Object)'> (0x00000007074e8dd8) 
thrown [s\src\hotspot\share\interpreter\li
Event: 7.425 Thread 0x000002a4bc76ed20 Exception <a 'java/lang/NoSuchMethodError'{0x00000007074eeca8}: 'java.lang.Object java.lang.invoke.DirectMethodHandle$Holder.invokeSpecial(java.lang.Object, java.lang.Object, java.lang.Object, java.lang.Object, java.lang.Object, java.lang.Object, java.lang.Object, java.lang.Object, java.lang.Object, java.lang.Object, java.lang.Object, java.lang.Object, java.lang.Object, java.lang.Object, java.lang.Object, java.lang.Object, java.lang.Object, java.lang.Object)'> (0x00000007074eeca8) 
thrown [s\src\hotspot\sh
Event: 7.425 Thread 0x000002a4bc76ed20 Exception <a 'java/lang/NoSuchMethodError'{0x00000007074f4200}: 'java.lang.Object java.lang.invoke.DelegatingMethodHandle$Holder.reinvoke_L(java.lang.Object, java.lang.Object, java.lang.Object, java.lang.Object, java.lang.Object, java.lang.Object, java.lang.Object, java.lang.Object, java.lang.Object, java.lang.Object, java.lang.Object, java.lang.Object, java.lang.Object, java.lang.Object, java.lang.Object, java.lang.Object, java.lang.Object)'> (0x00000007074f4200) 
thrown [s\src\hotspot\share\interpreter\l
Event: 7.554 Thread 0x000002a4bc76ed20 Exception <a 'java/lang/NoSuchMethodError'{0x000000070505de00}: static Lorg/gradle/api/internal/catalog/DefaultVersionCatalog;.<clinit>()V> (0x000000070505de00) 
thrown [s\src\hotspot\share\prims\jni.cpp, line 1144]
Event: 7.557 Thread 0x000002a4bc76ed20 Exception <a 'java/lang/NoSuchMethodError'{0x00000007050957c0}: static [Ljava/lang/Object;.<clinit>()V> (0x00000007050957c0) 
thrown [s\src\hotspot\share\prims\jni.cpp, line 1144]
Event: 7.562 Thread 0x000002a4bc76ed20 Exception <a 'java/lang/NoSuchMethodError'{0x00000007050bcf10}: static Lorg/gradle/api/internal/catalog/DependencyModel;.<clinit>()V> (0x00000007050bcf10) 
thrown [s\src\hotspot\share\prims\jni.cpp, line 1144]
Event: 7.562 Thread 0x000002a4bc76ed20 Exception <a 'java/lang/NoSuchMethodError'{0x00000007050c0d20}: static Lorg/gradle/api/internal/catalog/AbstractContextAwareModel;.<clinit>()V> (0x00000007050c0d20) 
thrown [s\src\hotspot\share\prims\jni.cpp, line 1144]
Event: 7.563 Thread 0x000002a4bc76ed20 Exception <a 'java/lang/NoSuchMethodError'{0x00000007050da6d0}: static Lorg/gradle/api/internal/artifacts/dependencies/AbstractVersionConstraint;.<clinit>()V> (0x00000007050da6d0) 
thrown [s\src\hotspot\share\prims\jni.cpp, line 1144]
Event: 7.569 Thread 0x000002a4bc76ed20 Exception <a 'java/lang/NoSuchMethodError'{0x000000070513aed8}: static Lorg/gradle/api/internal/catalog/PluginModel;.<clinit>()V> (0x000000070513aed8) 
thrown [s\src\hotspot\share\prims\jni.cpp, line 1144]
Event: 7.571 Thread 0x000002a4bc76ed20 Exception <a 'java/lang/NoSuchMethodError'{0x00000007051525d8}: static Lorg/gradle/api/internal/catalog/VersionModel;.<clinit>()V> (0x00000007051525d8) 
thrown [s\src\hotspot\share\prims\jni.cpp, line 1144]
Event: 7.669 Thread 0x000002a4bc76ed20 Exception <a 'java/lang/NoSuchMethodError'{0x0000000704d4ff88}: 'int java.lang.invoke.DirectMethodHandle$Holder.invokeSpecialIFC(java.lang.Object, java.lang.Object, java.lang.Object)'> (0x0000000704d4ff88) 
thrown [s\src\hotspot\share\interpreter\linkResolver.cpp, line 784]
Event: 7.713 Thread 0x000002a4bc76ed20 Exception <a 'java/lang/NoSuchMethodError'{0x00000007048cbac8}: 'void java.lang.invoke.DirectMethodHandle$Holder.invokeStatic(java.lang.Object, java.lang.Object, java.lang.Object, int, java.lang.Object)'> (0x00000007048cbac8) 
thrown [s\src\hotspot\share\interpreter\linkResolver.cpp, line 784]
Event: 8.001 Thread 0x000002a4bc76ed20 Exception <a 'java/lang/IncompatibleClassChangeError'{0x0000000703aae000}: Found class java.lang.Object, but interface was expected> (0x0000000703aae000) 
thrown [s\src\hotspot\share\interpreter\linkResolver.cpp, line 851]

ZGC Phase Switch (0 events):
No events

VM Operations (20 events):
Event: 8.144 Executing VM operation: ICBufferFull done
Event: 8.165 Executing VM operation: G1CollectForAllocation (G1 Evacuation Pause)
Event: 8.171 Executing VM operation: G1CollectForAllocation (G1 Evacuation Pause) done
Event: 8.207 Executing VM operation: G1PauseRemark
Event: 8.211 Executing VM operation: G1PauseRemark done
Event: 8.225 Executing VM operation: G1PauseCleanup
Event: 8.225 Executing VM operation: G1PauseCleanup done
Event: 8.273 Executing VM operation: G1CollectForAllocation (G1 Evacuation Pause)
Event: 8.276 Executing VM operation: G1CollectForAllocation (G1 Evacuation Pause) done
Event: 8.336 Executing VM operation: G1CollectForAllocation (G1 Evacuation Pause)
Event: 8.339 Executing VM operation: G1CollectForAllocation (G1 Evacuation Pause) done
Event: 8.394 Executing VM operation: G1CollectForAllocation (G1 Evacuation Pause)
Event: 8.397 Executing VM operation: G1CollectForAllocation (G1 Evacuation Pause) done
Event: 8.439 Executing VM operation: G1PauseRemark
Event: 8.442 Executing VM operation: G1PauseRemark done
Event: 8.457 Executing VM operation: G1PauseCleanup
Event: 8.457 Executing VM operation: G1PauseCleanup done
Event: 8.470 Executing VM operation: G1CollectForAllocation (G1 Evacuation Pause)
Event: 8.472 Executing VM operation: G1CollectForAllocation (G1 Evacuation Pause) done
Event: 8.519 Executing VM operation: G1CollectForAllocation (G1 Evacuation Pause)

Memory protections (0 events):
No events

Nmethod flushes (20 events):
Event: 8.441 Thread 0x000002a4bc0a20f0 flushing  nmethod 0x000002a4a574af10
Event: 8.441 Thread 0x000002a4bc0a20f0 flushing  nmethod 0x000002a4a574cf10
Event: 8.441 Thread 0x000002a4bc0a20f0 flushing  nmethod 0x000002a4a574d310
Event: 8.441 Thread 0x000002a4bc0a20f0 flushing  nmethod 0x000002a4a574e110
Event: 8.441 Thread 0x000002a4bc0a20f0 flushing  nmethod 0x000002a4a574ed90
Event: 8.441 Thread 0x000002a4bc0a20f0 flushing  nmethod 0x000002a4a57d0f90
Event: 8.441 Thread 0x000002a4bc0a20f0 flushing  nmethod 0x000002a4a59ca510
Event: 8.441 Thread 0x000002a4bc0a20f0 flushing  nmethod 0x000002a4ac9d1c10
Event: 8.441 Thread 0x000002a4bc0a20f0 flushing  nmethod 0x000002a4acb42510
Event: 8.441 Thread 0x000002a4bc0a20f0 flushing  nmethod 0x000002a4acc93310
Event: 8.441 Thread 0x000002a4bc0a20f0 flushing  nmethod 0x000002a4a4eb9610
Event: 8.441 Thread 0x000002a4bc0a20f0 flushing  nmethod 0x000002a4a4ff5010
Event: 8.441 Thread 0x000002a4bc0a20f0 flushing  nmethod 0x000002a4a50a2d90
Event: 8.441 Thread 0x000002a4bc0a20f0 flushing  nmethod 0x000002a4a52bca90
Event: 8.441 Thread 0x000002a4bc0a20f0 flushing  nmethod 0x000002a4a5495110
Event: 8.441 Thread 0x000002a4bc0a20f0 flushing  nmethod 0x000002a4a5497110
Event: 8.441 Thread 0x000002a4bc0a20f0 flushing  nmethod 0x000002a4a549ae90
Event: 8.441 Thread 0x000002a4bc0a20f0 flushing  nmethod 0x000002a4a5751b10
Event: 8.441 Thread 0x000002a4bc0a20f0 flushing  nmethod 0x000002a4a5b0c710
Event: 8.441 Thread 0x000002a4bc0a20f0 flushing  nmethod 0x000002a4a5b0dc10

Events (20 events):
Event: 8.082 Thread 0x000002a4bc76ed20 Thread added: 0x000002a4c6649200
Event: 8.083 Thread 0x000002a4bc76ed20 Thread added: 0x000002a4c6642270
Event: 8.084 Thread 0x000002a4bc76ed20 Thread added: 0x000002a4c6642900
Event: 8.085 Thread 0x000002a4bc76ed20 Thread added: 0x000002a4c6643620
Event: 8.086 Thread 0x000002a4bc76ed20 Thread added: 0x000002a4c6643cb0
Event: 8.087 Thread 0x000002a4bc76ed20 Thread added: 0x000002a4c66449d0
Event: 8.089 Thread 0x000002a4bc76ed20 Thread added: 0x000002a4c45f3b40
Event: 8.090 Thread 0x000002a4bc76ed20 Thread added: 0x000002a4c45f2790
Event: 8.091 Thread 0x000002a4bc76ed20 Thread added: 0x000002a4c45f4860
Event: 8.244 Thread 0x000002a4bc76ed20 Thread added: 0x000002a4c45f5580
Event: 8.244 Thread 0x000002a4bc76ed20 Thread added: 0x000002a4c45f2e20
Event: 8.245 Thread 0x000002a4bc76ed20 Thread added: 0x000002a4c45f1a70
Event: 8.245 Thread 0x000002a4bc76ed20 Thread added: 0x000002a4c45f4ef0
Event: 8.245 Thread 0x000002a4bc76ed20 Thread added: 0x000002a4c45f5c10
Event: 8.246 Thread 0x000002a4bc76ed20 Thread added: 0x000002a4c45f62a0
Event: 8.246 Thread 0x000002a4bc76ed20 Thread added: 0x000002a4c45f34b0
Event: 8.246 Thread 0x000002a4bc76ed20 Thread added: 0x000002a4c45f6930
Event: 8.247 Thread 0x000002a4bc76ed20 Thread added: 0x000002a4c45f2100
Event: 8.247 Thread 0x000002a4bc76ed20 Thread added: 0x000002a4c45f06c0
Event: 8.248 Thread 0x000002a4bc76ed20 Thread added: 0x000002a4c45f6fc0


Dynamic libraries:
0x00007ff6d7e80000 - 0x00007ff6d7e8a000 	D:\Android Studio\jbr\bin\java.exe
0x00007fff4a350000 - 0x00007fff4a567000 	C:\windows\SYSTEM32\ntdll.dll
0x00007fff48b80000 - 0x00007fff48c44000 	C:\windows\System32\KERNEL32.DLL
0x00007fff47440000 - 0x00007fff47812000 	C:\windows\System32\KERNELBASE.dll
0x00007fff478a0000 - 0x00007fff479b1000 	C:\windows\System32\ucrtbase.dll
0x00007fff421a0000 - 0x00007fff421b8000 	D:\Android Studio\jbr\bin\jli.dll
0x00007fff0b650000 - 0x00007fff0b66b000 	D:\Android Studio\jbr\bin\VCRUNTIME140.dll
0x00007fff48120000 - 0x00007fff482d1000 	C:\windows\System32\USER32.dll
0x00007fff2bd60000 - 0x00007fff2bffb000 	C:\windows\WinSxS\amd64_microsoft.windows.common-controls_6595b64144ccf1df_6.0.22621.5547_none_27104afb73855772\COMCTL32.dll
0x00007fff47d20000 - 0x00007fff47d46000 	C:\windows\System32\win32u.dll
0x00007fff48910000 - 0x00007fff489b7000 	C:\windows\System32\msvcrt.dll
0x00007fff47fe0000 - 0x00007fff48009000 	C:\windows\System32\GDI32.dll
0x00007fff47bf0000 - 0x00007fff47d13000 	C:\windows\System32\gdi32full.dll
0x00007fff47d50000 - 0x00007fff47dea000 	C:\windows\System32\msvcp_win.dll
0x00007fff48010000 - 0x00007fff48041000 	C:\windows\System32\IMM32.DLL
0x00007fff0b640000 - 0x00007fff0b64c000 	D:\Android Studio\jbr\bin\vcruntime140_1.dll
0x00007fff42110000 - 0x00007fff4219d000 	D:\Android Studio\jbr\bin\msvcp140.dll
0x00007ffefd9b0000 - 0x00007ffefe63e000 	D:\Android Studio\jbr\bin\server\jvm.dll
0x00007fff49bd0000 - 0x00007fff49c81000 	C:\windows\System32\ADVAPI32.dll
0x00007fff49aa0000 - 0x00007fff49b48000 	C:\windows\System32\sechost.dll
0x00007fff479c0000 - 0x00007fff479e8000 	C:\windows\System32\bcrypt.dll
0x00007fff482e0000 - 0x00007fff483f4000 	C:\windows\System32\RPCRT4.dll
0x00007fff49990000 - 0x00007fff49a01000 	C:\windows\System32\WS2_32.dll
0x00007fff46cb0000 - 0x00007fff46cfd000 	C:\windows\SYSTEM32\POWRPROF.dll
0x00007fff42950000 - 0x00007fff42984000 	C:\windows\SYSTEM32\WINMM.dll
0x00007fff3dde0000 - 0x00007fff3ddea000 	C:\windows\SYSTEM32\VERSION.dll
0x00007fff46c90000 - 0x00007fff46ca3000 	C:\windows\SYSTEM32\UMPDC.dll
0x00007fff46440000 - 0x00007fff46458000 	C:\windows\SYSTEM32\kernel.appcore.dll
0x00007fff0b630000 - 0x00007fff0b63a000 	D:\Android Studio\jbr\bin\jimage.dll
0x00007fff44ed0000 - 0x00007fff45103000 	C:\windows\SYSTEM32\DBGHELP.DLL
0x00007fff48570000 - 0x00007fff48903000 	C:\windows\System32\combase.dll
0x00007fff4a230000 - 0x00007fff4a307000 	C:\windows\System32\OLEAUT32.dll
0x00007fff2a210000 - 0x00007fff2a242000 	C:\windows\SYSTEM32\dbgcore.DLL
0x00007fff47f60000 - 0x00007fff47fdb000 	C:\windows\System32\bcryptPrimitives.dll
0x00007fff42240000 - 0x00007fff4224e000 	D:\Android Studio\jbr\bin\instrument.dll
0x00007fff0b340000 - 0x00007fff0b360000 	D:\Android Studio\jbr\bin\java.dll
0x00007fff0b320000 - 0x00007fff0b338000 	D:\Android Studio\jbr\bin\zip.dll
0x00007fff490e0000 - 0x00007fff49982000 	C:\windows\System32\SHELL32.dll
0x00007fff47ab0000 - 0x00007fff47bef000 	C:\windows\System32\wintypes.dll
0x00007fff45320000 - 0x00007fff45c3d000 	C:\windows\SYSTEM32\windows.storage.dll
0x00007fff49ca0000 - 0x00007fff49dac000 	C:\windows\System32\SHCORE.dll
0x00007fff480a0000 - 0x00007fff48109000 	C:\windows\System32\shlwapi.dll
0x00007fff47370000 - 0x00007fff4739b000 	C:\windows\SYSTEM32\profapi.dll
0x00007fff0b310000 - 0x00007fff0b320000 	D:\Android Studio\jbr\bin\net.dll
0x00007fff43ed0000 - 0x00007fff43ffc000 	C:\windows\SYSTEM32\WINHTTP.dll
0x00007fff46930000 - 0x00007fff46999000 	C:\windows\system32\mswsock.dll
0x00007fff0b2f0000 - 0x00007fff0b306000 	D:\Android Studio\jbr\bin\nio.dll
0x00007ffeffbb0000 - 0x00007ffeffbc0000 	D:\Android Studio\jbr\bin\verify.dll
0x00007fff343e0000 - 0x00007fff34407000 	C:\Users\ikhwa\.gradle\native\1def1411415f61bf3af743bc5b6707747c0891f09f0c88961ee8f79bc544acac\windows-amd64\native-platform.dll
0x00007fff2af10000 - 0x00007fff2af88000 	C:\Users\ikhwa\.gradle\native\0.2.7\x86_64-windows-gnu\gradle-fileevents.dll
0x00007fff025f0000 - 0x00007fff025f9000 	D:\Android Studio\jbr\bin\management.dll
0x00007fff025e0000 - 0x00007fff025eb000 	D:\Android Studio\jbr\bin\management_ext.dll
0x00007fff48c50000 - 0x00007fff48c58000 	C:\windows\System32\PSAPI.DLL
0x00007fff45e90000 - 0x00007fff45ebd000 	C:\windows\SYSTEM32\IPHLPAPI.DLL
0x00007fff48110000 - 0x00007fff48119000 	C:\windows\System32\NSI.dll
0x00007fff0b2e0000 - 0x00007fff0b2e9000 	D:\Android Studio\jbr\bin\extnet.dll
0x00007fff46b90000 - 0x00007fff46bab000 	C:\windows\SYSTEM32\CRYPTSP.dll
0x00007fff463a0000 - 0x00007fff463d7000 	C:\windows\system32\rsaenh.dll
0x00007fff46a30000 - 0x00007fff46a58000 	C:\windows\SYSTEM32\USERENV.dll
0x00007fff46bb0000 - 0x00007fff46bbc000 	C:\windows\SYSTEM32\CRYPTBASE.dll
0x00007ffee2c50000 - 0x00007ffee2c58000 	C:\windows\system32\wshunix.dll

dbghelp: loaded successfully - version: 4.0.5 - missing functions: none
symbol engine: initialized successfully - sym options: 0x614 - pdb path: .;D:\Android Studio\jbr\bin;C:\windows\SYSTEM32;C:\windows\WinSxS\amd64_microsoft.windows.common-controls_6595b64144ccf1df_6.0.22621.5547_none_27104afb73855772;D:\Android Studio\jbr\bin\server;C:\Users\ikhwa\.gradle\native\1def1411415f61bf3af743bc5b6707747c0891f09f0c88961ee8f79bc544acac\windows-amd64;C:\Users\ikhwa\.gradle\native\0.2.7\x86_64-windows-gnu

VM Arguments:
jvm_args: --add-opens=java.base/java.lang=ALL-UNNAMED --add-opens=java.base/java.lang.invoke=ALL-UNNAMED --add-opens=java.base/java.util=ALL-UNNAMED --add-opens=java.prefs/java.util.prefs=ALL-UNNAMED --add-exports=jdk.compiler/com.sun.tools.javac.api=ALL-UNNAMED --add-exports=jdk.compiler/com.sun.tools.javac.util=ALL-UNNAMED --add-opens=java.base/java.util=ALL-UNNAMED --add-opens=java.prefs/java.util.prefs=ALL-UNNAMED --add-opens=java.base/java.nio.charset=ALL-UNNAMED --add-opens=java.base/java.net=ALL-UNNAMED --add-opens=java.base/java.util.concurrent.atomic=ALL-UNNAMED --add-opens=java.xml/javax.xml.namespace=ALL-UNNAMED -Xmx4g -Dfile.encoding=UTF-8 -Duser.country=ID -Duser.language=en -Duser.variant -javaagent:C:\Users\ikhwa\.gradle\wrapper\dists\gradle-8.13-bin\5xuhj0ry160q40clulazy9h7d\gradle-8.13\lib\agents\gradle-instrumentation-agent-8.13.jar 
java_command: org.gradle.launcher.daemon.bootstrap.GradleDaemon 8.13
java_class_path (initial): C:\Users\ikhwa\.gradle\wrapper\dists\gradle-8.13-bin\5xuhj0ry160q40clulazy9h7d\gradle-8.13\lib\gradle-daemon-main-8.13.jar
Launcher Type: SUN_STANDARD

[Global flags]
     intx CICompilerCount                          = 4                                         {product} {ergonomic}
     uint ConcGCThreads                            = 3                                         {product} {ergonomic}
     uint G1ConcRefinementThreads                  = 10                                        {product} {ergonomic}
   size_t G1HeapRegionSize                         = 2097152                                   {product} {ergonomic}
    uintx GCDrainStackTargetSize                   = 64                                        {product} {ergonomic}
   size_t InitialHeapSize                          = 123731968                                 {product} {ergonomic}
   size_t MarkStackSize                            = 4194304                                   {product} {ergonomic}
   size_t MaxHeapSize                              = 4294967296                                {product} {command line}
   size_t MaxNewSize                               = 2575302656                                {product} {ergonomic}
   size_t MinHeapDeltaBytes                        = 2097152                                   {product} {ergonomic}
   size_t MinHeapSize                              = 8388608                                   {product} {ergonomic}
    uintx NonNMethodCodeHeapSize                   = 5839372                                {pd product} {ergonomic}
    uintx NonProfiledCodeHeapSize                  = 122909434                              {pd product} {ergonomic}
    uintx ProfiledCodeHeapSize                     = 122909434                              {pd product} {ergonomic}
    uintx ReservedCodeCacheSize                    = 251658240                              {pd product} {ergonomic}
     bool SegmentedCodeCache                       = true                                      {product} {ergonomic}
   size_t SoftMaxHeapSize                          = 4294967296                             {manageable} {ergonomic}
     bool UseCompressedOops                        = true                           {product lp64_product} {ergonomic}
     bool UseG1GC                                  = true                                      {product} {ergonomic}
     bool UseLargePagesIndividualAllocation        = false                                  {pd product} {ergonomic}

Logging:
Log output configuration:
 #0: stdout all=warning uptime,level,tags foldmultilines=false
 #1: stderr all=off uptime,level,tags foldmultilines=false

Environment Variables:
PATH=C:\Program Files (x86)\Common Files\Oracle\Java\java8path;C:\Program Files (x86)\Common Files\Oracle\Java\javapath;C:\Python313\Scripts\;C:\Python313\;C:\PROGRA~2\Borland\CBuilder6\Bin;C:\PROGRA~2\Borland\CBuilder6\Projects\Bpl;C:\windows\system32;C:\windows;C:\windows\System32\Wbem;C:\windows\System32\WindowsPowerShell\v1.0\;C:\windows\System32\OpenSSH\;C:\Program Files\nodejs\;C:\ProgramData\chocolatey\bin;E:\Git\cmd;C:\Users\ikhwa\AppData\Local\Programs\Python\Python311\Scripts\;C:\Users\ikhwa\AppData\Local\Programs\Python\Python311\;C:\Users\ikhwa\AppData\Local\Programs\Python\Launcher\;C:\Users\ikhwa\AppData\Local\Microsoft\WindowsApps;;C:\Users\ikhwa\AppData\Local\Programs\Microsoft VS Code\bin;C:\Users\ikhwa\AppData\Roaming\npm
USERNAME=ikhwa
OS=Windows_NT
PROCESSOR_IDENTIFIER=AMD64 Family 25 Model 80 Stepping 0, AuthenticAMD
TMP=C:\Users\ikhwa\AppData\Local\Temp
TEMP=C:\Users\ikhwa\AppData\Local\Temp




Periodic native trim disabled

JNI global refs:
JNI global refs: 29, weak refs: 8

JNI global refs memory usage: 835, weak refs: 833

Process memory usage:
Resident Set Size: 319536K (4% of 7701124K total physical memory with 620164K free physical memory)

OOME stack traces (most recent first):
Classloader memory used:
Loader org.gradle.internal.classloader.VisitableURLClassLoader                         : 36893K
Loader bootstrap                                                                       : 23420K
Loader org.gradle.initialization.MixInLegacyTypesClassLoader                           : 10857K
Loader jdk.internal.loader.ClassLoaders$PlatformClassLoader                            : 495K
Loader jdk.internal.loader.ClassLoaders$AppClassLoader                                 : 235K
Loader org.gradle.internal.classloader.VisitableURLClassLoader                         : 147K
Loader jdk.internal.reflect.DelegatingClassLoader                                      : 113K
Loader org.gradle.groovy.scripts.internal.DefaultScriptCompilationHandler$ScriptClassLoader: 100328B
Loader org.gradle.internal.classloader.VisitableURLClassLoader$InstrumentingVisitableURLClassLoader: 18488B
Loader org.codehaus.groovy.runtime.callsite.CallSiteClassLoader                        : 10112B

Classes loaded by more than one classloader:
Class Program                                                                         : loaded 3 times (x 70B)
Class org.gradle.internal.classloader.ClassLoaderHierarchy                            : loaded 2 times (x 68B)
Class org.gradle.api.internal.classpath.ManifestUtil                                  : loaded 2 times (x 69B)
Class org.gradle.internal.classloader.DefaultClassLoaderFactory                       : loaded 2 times (x 80B)
Class org.gradle.internal.classloader.ClassLoaderVisitor                              : loaded 2 times (x 74B)
Class org.gradle.api.internal.classpath.EffectiveClassPath                            : loaded 2 times (x 88B)
Class org.gradle.api.internal.DefaultClassPathProvider                                : loaded 2 times (x 74B)
Class [Lorg.gradle.api.internal.ClassPathProvider;                                    : loaded 2 times (x 67B)
Class org.gradle.api.internal.ClassPathProvider                                       : loaded 2 times (x 68B)
Class org.gradle.internal.service.UnknownServiceException                             : loaded 2 times (x 81B)
Class org.gradle.internal.classpath.TransformedClassPath                              : loaded 2 times (x 94B)
Class org.gradle.internal.classloader.InstrumentingClassLoader                        : loaded 2 times (x 68B)
Class org.gradle.internal.service.ServiceLocator                                      : loaded 2 times (x 68B)
Class org.gradle.internal.InternalTransformer                                         : loaded 2 times (x 68B)
Class org.gradle.internal.classloader.ClasspathUtil$1                                 : loaded 2 times (x 74B)
Class org.gradle.api.internal.classpath.DefaultModuleRegistry$DefaultModule           : loaded 2 times (x 84B)
Class org.gradle.api.internal.classpath.Module                                        : loaded 2 times (x 68B)
Class org.gradle.api.internal.classpath.UnknownModuleException                        : loaded 2 times (x 80B)
Class org.gradle.api.internal.DefaultClassPathRegistry                                : loaded 2 times (x 74B)
Class org.gradle.api.internal.ClassPathRegistry                                       : loaded 2 times (x 68B)
Class org.gradle.internal.classpath.DefaultClassPath$ImmutableUniqueList              : loaded 2 times (x 197B)
Class org.gradle.internal.classloader.FilteringClassLoader                            : loaded 2 times (x 103B)
Class Settings_gradle$1                                                               : loaded 2 times (x 72B)
Class org.gradle.internal.classpath.ClassPath                                         : loaded 2 times (x 68B)
Class org.gradle.api.UncheckedIOException                                             : loaded 2 times (x 80B)
Class ijKotlinCoroutineJvmDebugInit1_b49tkz50kr2ncprwnif5bx6d6$_run_closure1          : loaded 2 times (x 137B)
Class org.gradle.internal.installation.GradleInstallation$1                           : loaded 2 times (x 73B)
Class org.gradle.api.internal.classpath.ModuleRegistry                                : loaded 2 times (x 68B)
Class org.gradle.api.internal.classpath.DefaultModuleRegistry                         : loaded 2 times (x 84B)
Class org.gradle.internal.service.ServiceLookupException                              : loaded 2 times (x 80B)
Class org.gradle.internal.classloader.ClassLoaderFactory                              : loaded 2 times (x 68B)
Class org.gradle.internal.service.CachingServiceLocator                               : loaded 2 times (x 80B)
Class org.gradle.internal.classloader.ClasspathUtil                                   : loaded 2 times (x 69B)
Class org.gradle.api.specs.Spec                                                       : loaded 2 times (x 68B)
Class org.gradle.internal.classloader.VisitableURLClassLoader$InstrumentingVisitableURLClassLoader: loaded 2 times (x 121B)
Class org.gradle.internal.classloader.VisitableURLClassLoader$Spec                    : loaded 2 times (x 72B)
Class org.gradle.internal.classpath.DefaultClassPath                                  : loaded 2 times (x 88B)
Class org.gradle.internal.classloader.ClassLoaderSpec                                 : loaded 2 times (x 69B)
Class Settings_gradle$1$1                                                             : loaded 2 times (x 72B)
Class org.gradle.internal.classloader.VisitableURLClassLoader                         : loaded 2 times (x 115B)
Class Settings_gradle                                                                 : loaded 2 times (x 126B)
Class org.gradle.internal.Cast                                                        : loaded 2 times (x 69B)
Class org.gradle.api.Action                                                           : loaded 2 times (x 68B)
Class org.gradle.internal.classpath.DefaultClassPath$ImmutableUniqueList$Builder      : loaded 2 times (x 73B)
Class org.gradle.api.GradleException                                                  : loaded 2 times (x 80B)
Class org.gradle.internal.IoActions                                                   : loaded 2 times (x 69B)
Class org.gradle.internal.classloader.SystemClassLoaderSpec                           : loaded 2 times (x 69B)
Class ijJvmDebugger1_88lzjr69eng4k5ojcdocl394u$_run_closure1                          : loaded 2 times (x 137B)
Class ijJvmDebugger1_88lzjr69eng4k5ojcdocl394u                                        : loaded 2 times (x 177B)
Class org.gradle.api.internal.classpath.GlobalCacheRootsProvider                      : loaded 2 times (x 68B)
Class ijKotlinCoroutineJvmDebugInit1_b49tkz50kr2ncprwnif5bx6d6                        : loaded 2 times (x 177B)
Class org.gradle.internal.installation.CurrentGradleInstallationLocator               : loaded 2 times (x 69B)
Class org.gradle.internal.service.DefaultServiceLocator                               : loaded 2 times (x 81B)
Class org.gradle.internal.installation.CurrentGradleInstallation                      : loaded 2 times (x 71B)
Class org.gradle.util.internal.GUtil                                                  : loaded 2 times (x 69B)
Class org.gradle.internal.installation.GradleInstallation                             : loaded 2 times (x 73B)

---------------  S Y S T E M  ---------------

OS:
 Windows 11 , 64 bit Build 22621 (10.0.22621.5415)
OS uptime: 0 days 1:08 hours
Hyper-V role detected

CPU: total 12 (initial active 12) (12 cores per cpu, 2 threads per core) family 25 model 80 stepping 0 microcode 0x0, cx8, cmov, fxsr, ht, mmx, 3dnowpref, sse, sse2, sse3, ssse3, sse4a, sse4.1, sse4.2, popcnt, lzcnt, tsc, tscinvbit, avx, avx2, aes, erms, clmul, bmi1, bmi2, adx, sha, fma, vzeroupper, clflush, clflushopt, hv, rdtscp, rdpid, fsrm, f16c, cet_ss
Processor Information for processor 0
  Max Mhz: 2301, Current Mhz: 1798, Mhz Limit: 2301
Processor Information for processor 1
  Max Mhz: 2301, Current Mhz: 1798, Mhz Limit: 2301
Processor Information for processor 2
  Max Mhz: 2301, Current Mhz: 1798, Mhz Limit: 2301
Processor Information for processor 3
  Max Mhz: 2301, Current Mhz: 2301, Mhz Limit: 2301
Processor Information for processor 4
  Max Mhz: 2301, Current Mhz: 1798, Mhz Limit: 2301
Processor Information for processor 5
  Max Mhz: 2301, Current Mhz: 1798, Mhz Limit: 2301
Processor Information for processor 6
  Max Mhz: 2301, Current Mhz: 1798, Mhz Limit: 2301
Processor Information for processor 7
  Max Mhz: 2301, Current Mhz: 1798, Mhz Limit: 2301
Processor Information for processor 8
  Max Mhz: 2301, Current Mhz: 1798, Mhz Limit: 2301
Processor Information for processor 9
  Max Mhz: 2301, Current Mhz: 1798, Mhz Limit: 2301
Processor Information for processor 10
  Max Mhz: 2301, Current Mhz: 1798, Mhz Limit: 2301
Processor Information for processor 11
  Max Mhz: 2301, Current Mhz: 1798, Mhz Limit: 2301

Memory: 4k page, system-wide physical 7520M (605M free)
TotalPageFile size 17204M (AvailPageFile size 25M)
current process WorkingSet (physical memory assigned to process): 312M, peak: 316M
current process commit charge ("private bytes"): 380M, peak: 415M

vm_info: OpenJDK 64-Bit Server VM (21.0.7+-13880790-b1038.58) for windows-amd64 JRE (21.0.7+-13880790-b1038.58), built on 2025-08-04T20:56:21Z by "builder" with MS VC++ 16.10 / 16.11 (VS2019)

END.
